2024-03-11T16:42:14.365Z - info: Website generation started at 12:42:07 am
2024-03-11T16:42:22.327Z - info: Building assets...
2024-03-11T16:42:27.741Z - info: Assets built
2024-03-11T16:42:27.742Z - info: Generating pages...
2024-03-11T16:42:51.765Z - debug:  
2024-03-11T16:42:52.019Z - debug:  
2024-03-11T16:42:52.178Z - debug:  
2024-03-11T16:42:52.274Z - debug:  
2024-03-11T16:42:52.353Z - debug:  
2024-03-11T16:42:52.354Z - debug:  
2024-03-11T16:42:55.292Z - debug:  
2024-03-11T16:42:55.292Z - debug:  
2024-03-11T16:42:55.292Z - debug:  
2024-03-11T16:42:55.293Z - debug:  
2024-03-11T16:42:55.293Z - debug:  
2024-03-11T16:42:55.293Z - debug:  
2024-03-11T16:42:55.293Z - debug:  
2024-03-11T16:42:55.294Z - debug:  
2024-03-11T16:42:55.294Z - debug:  
2024-03-11T16:42:55.294Z - debug:  
2024-03-11T16:42:55.542Z - debug:  
2024-03-11T16:45:10.537Z - debug:  
2024-03-11T16:45:29.312Z - debug:  
2024-03-11T16:45:29.324Z - debug:  
2024-03-11T16:45:41.003Z - info: Pages built
2024-03-11T16:45:42.178Z - info: Site data built
2024-03-11T16:45:42.178Z - info: Website generation complete! Total build time: 214.248s
2024-03-11T16:45:42.178Z - info: Build success!
2024-03-11T16:51:21.532Z - info: The website has been deployed at: https://nus-cs2103-ay2324s2.github.io/website
