2024-03-07T04:42:03.701Z - info: Website generation started at 12:41:58 pm
2024-03-07T04:42:10.871Z - info: Building assets...
2024-03-07T04:42:16.057Z - info: Assets built
2024-03-07T04:42:16.058Z - info: Generating pages...
2024-03-07T04:42:45.683Z - debug:  
2024-03-07T04:42:45.684Z - debug:  
2024-03-07T04:42:45.686Z - debug:  
2024-03-07T04:42:45.697Z - debug:  
2024-03-07T04:42:45.756Z - debug:  
2024-03-07T04:42:45.919Z - debug:  
2024-03-07T04:42:45.919Z - debug:  
2024-03-07T04:42:45.920Z - debug:  
2024-03-07T04:42:45.920Z - debug:  
2024-03-07T04:42:45.981Z - debug:  
2024-03-07T04:42:46.084Z - debug:  
2024-03-07T04:42:46.139Z - debug:  
2024-03-07T04:42:46.181Z - debug:  
2024-03-07T04:42:46.190Z - debug:  
2024-03-07T04:42:46.353Z - debug:  
2024-03-07T04:42:49.241Z - debug:  
2024-03-07T04:42:49.242Z - debug:  
2024-03-07T04:44:40.634Z - debug:  
2024-03-07T04:44:55.070Z - debug:  
2024-03-07T04:44:55.169Z - debug:  
2024-03-07T04:45:05.340Z - info: Pages built
2024-03-07T04:45:06.270Z - info: Site data built
2024-03-07T04:45:06.271Z - info: Website generation complete! Total build time: 187.808s
2024-03-07T04:45:06.271Z - info: Build success!
2024-03-07T04:46:31.437Z - info: The website has been deployed at: https://nus-cs2103-ay2324s2.github.io/website
2024-03-07T04:47:51.933Z - info: Website generation started at 12:47:47 pm
2024-03-07T04:47:59.281Z - info: Building assets...
