2024-04-23T18:26:08.769Z - info: Website generation (lazy) started at 2:26:00 am
2024-04-23T18:26:20.225Z - info: Building assets...
2024-04-23T18:26:27.578Z - info: Assets built
2024-04-23T18:26:27.579Z - info: Generating landing page...
2024-04-23T18:26:30.001Z - info: Landing page built, other pages will be built as you navigate to them!
2024-04-23T18:26:31.965Z - info: Site data built
2024-04-23T18:26:31.967Z - info: Website generation (lazy) complete! Total build time: 31.624s
2024-04-23T18:26:33.224Z - info: Serving "C:\repos\nus-cs2103\cs2103-website-base\_site" at http://127.0.0.1:53320
2024-04-23T18:26:33.224Z - info: Press CTRL+C to stop ...
2024-04-23T18:26:54.267Z - info: Building C:\repos\nus-cs2103\cs2103-website-base\admin\tp-pe as some of its dependencies were changed since the last visit
2024-04-23T18:26:55.416Z - info: Site data built
2024-04-23T18:26:55.416Z - info: Lazy website regeneration complete! Total build time: 1.15s
2024-04-23T18:31:33.297Z - info: [2:31:33 am] Reload for file change: C:\repos\nus-cs2103\cs2103-website-base\admin\tp-pe-fragment.md
2024-04-23T18:31:33.298Z - info: Synchronizing opened pages list before reload
2024-04-23T18:31:33.299Z - info: Current opened pages, from most-to-least recent:
2024-04-23T18:31:33.299Z - info: 1. admin/tp-pe
2024-04-23T18:31:34.307Z - info: Rebuilding 1 pages
2024-04-23T18:31:35.521Z - info: Site data built
2024-04-23T18:31:35.521Z - info: Pages rebuilt
2024-04-23T18:31:35.521Z - info: Website regeneration complete! Total build time: 1.215s
2024-04-23T18:32:57.961Z - info: [2:32:57 am] Reload for file change: C:\repos\nus-cs2103\cs2103-website-base\admin\tp-pe-fragment.md
2024-04-23T18:32:57.962Z - info: Synchronizing opened pages list before reload
2024-04-23T18:32:57.962Z - info: Current opened pages, from most-to-least recent:
2024-04-23T18:32:57.963Z - info: 1. admin/tp-pe
2024-04-23T18:32:58.980Z - info: Rebuilding 1 pages
2024-04-23T18:32:59.999Z - info: Site data built
2024-04-23T18:32:59.999Z - info: Pages rebuilt
2024-04-23T18:33:00.000Z - info: Website regeneration complete! Total build time: 1.022s
2024-04-23T18:33:58.630Z - info: Website generation started at 2:33:56 am
2024-04-23T18:34:05.432Z - info: Building assets...
2024-04-23T18:34:10.555Z - info: Assets built
2024-04-23T18:34:10.556Z - info: Generating pages...
2024-04-23T18:34:36.986Z - debug:  
2024-04-23T18:34:36.987Z - debug:  
2024-04-23T18:34:36.988Z - debug:  
2024-04-23T18:34:36.989Z - debug:  
2024-04-23T18:34:36.989Z - debug:  
2024-04-23T18:34:36.990Z - debug:  
2024-04-23T18:34:36.991Z - debug:  
2024-04-23T18:34:36.991Z - debug:  
2024-04-23T18:34:36.992Z - debug:  
2024-04-23T18:34:36.992Z - debug:  
2024-04-23T18:34:36.992Z - debug:  
2024-04-23T18:34:36.993Z - debug:  
2024-04-23T18:34:37.305Z - debug:  
2024-04-23T18:34:37.305Z - debug:  
2024-04-23T18:34:40.385Z - debug:  
2024-04-23T18:34:40.385Z - debug:  
2024-04-23T18:34:40.713Z - debug:  
2024-04-23T18:36:40.754Z - debug:  
2024-04-23T18:36:57.173Z - debug:  
2024-04-23T18:36:57.206Z - debug:  
2024-04-23T18:37:08.331Z - info: Pages built
2024-04-23T18:37:09.329Z - info: Site data built
2024-04-23T18:37:09.329Z - info: Website generation complete! Total build time: 192.7s
2024-04-23T18:37:09.330Z - info: Build success!
2024-04-23T18:40:02.751Z - info: The website has been deployed at: https://nus-cs2103-ay2324s2.github.io/website
2024-04-24T07:18:48.239Z - info: Website generation (lazy) started at 3:18:40 pm
2024-04-24T07:18:57.201Z - info: Building assets...
2024-04-24T07:19:02.916Z - info: Assets built
2024-04-24T07:19:02.917Z - info: Generating landing page...
2024-04-24T07:19:03.986Z - info: Landing page built, other pages will be built as you navigate to them!
2024-04-24T07:19:05.009Z - info: Site data built
2024-04-24T07:19:05.010Z - info: Website generation (lazy) complete! Total build time: 24.071s
2024-04-24T07:19:06.105Z - info: Serving "C:\repos\nus-cs2103\cs2103-website-base\_site" at http://127.0.0.1:63586
2024-04-24T07:19:06.105Z - info: Press CTRL+C to stop ...
2024-04-24T07:19:08.233Z - info: [3:19:08 pm] Reload for file change: C:\repos\nus-cs2103\cs2103-website-base\admin\exams.md
2024-04-24T07:19:08.234Z - info: Synchronizing opened pages list before reload
2024-04-24T07:19:08.234Z - info: No pages are currently opened
2024-04-24T07:19:10.298Z - info: No pages needed to be rebuilt
2024-04-24T07:19:15.558Z - info: Building C:\repos\nus-cs2103\cs2103-website-base\admin\exams as some of its dependencies were changed since the last visit
2024-04-24T07:19:16.805Z - info: Site data built
2024-04-24T07:19:16.805Z - info: Lazy website regeneration complete! Total build time: 1.248s
2024-04-24T07:20:45.735Z - info: Website generation started at 3:20:43 pm
2024-04-24T07:20:53.170Z - info: Building assets...
2024-04-24T07:20:58.350Z - info: Assets built
2024-04-24T07:20:58.351Z - info: Generating pages...
2024-04-24T07:21:27.324Z - debug:  
2024-04-24T07:21:27.325Z - debug:  
2024-04-24T07:21:27.326Z - debug:  
2024-04-24T07:21:27.326Z - debug:  
2024-04-24T07:21:27.327Z - debug:  
2024-04-24T07:21:27.327Z - debug:  
2024-04-24T07:21:27.328Z - debug:  
2024-04-24T07:21:27.328Z - debug:  
2024-04-24T07:21:27.735Z - debug:  
2024-04-24T07:21:27.736Z - debug:  
2024-04-24T07:21:27.737Z - debug:  
2024-04-24T07:21:27.742Z - debug:  
2024-04-24T07:21:27.750Z - debug:  
2024-04-24T07:21:27.750Z - debug:  
2024-04-24T07:21:27.776Z - debug:  
2024-04-24T07:21:30.490Z - debug:  
2024-04-24T07:21:30.727Z - debug:  
2024-04-24T07:23:42.040Z - debug:  
2024-04-24T07:24:04.525Z - debug:  
2024-04-24T07:24:04.568Z - debug:  
2024-04-24T07:24:15.903Z - info: Pages built
2024-04-24T07:24:16.903Z - info: Site data built
2024-04-24T07:24:16.903Z - info: Website generation complete! Total build time: 213.141s
2024-04-24T07:24:16.904Z - info: Build success!
2024-04-24T07:29:17.256Z - info: The website has been deployed at: https://nus-cs2103-ay2324s2.github.io/website
