2024-02-26T16:00:37.531Z - info: [12:00:37 am] Reload for file change: C:\repos\nus-cs2103\cs2103-website-base\admin\tp-tasks-fragment.md
2024-02-26T16:00:37.545Z - info: Synchronizing opened pages list before reload
2024-02-26T16:00:37.545Z - info: Current opened pages, from most-to-least recent:
2024-02-26T16:00:37.546Z - info: 1. schedule/week6/project
2024-02-26T16:00:38.560Z - info: Rebuilding 1 pages
2024-02-26T16:00:40.891Z - info: Site data built
2024-02-26T16:00:40.891Z - info: Pages rebuilt
2024-02-26T16:00:40.891Z - info: Website regeneration complete! Total build time: 2.332s
2024-02-26T16:02:12.330Z - info: [12:02:12 am] Reload for file change: C:\repos\nus-cs2103\cs2103-website-base\admin\tp-tasks-fragment.md
2024-02-26T16:02:12.330Z - info: Synchronizing opened pages list before reload
2024-02-26T16:02:12.330Z - info: Current opened pages, from most-to-least recent:
2024-02-26T16:02:12.331Z - info: 1. schedule/week6/project
2024-02-26T16:02:13.345Z - info: Rebuilding 1 pages
2024-02-26T16:02:15.543Z - info: Site data built
2024-02-26T16:02:15.544Z - info: Pages rebuilt
2024-02-26T16:02:15.544Z - info: Website regeneration complete! Total build time: 2.2s
2024-02-26T16:04:46.821Z - info: [12:04:46 am] Reload for file change: C:\repos\nus-cs2103\cs2103-website-base\admin\tp-tasks-fragment.md
2024-02-26T16:04:46.822Z - info: Synchronizing opened pages list before reload
2024-02-26T16:04:46.822Z - info: Current opened pages, from most-to-least recent:
2024-02-26T16:04:46.823Z - info: 1. schedule/week6/project
2024-02-26T16:04:47.830Z - info: Rebuilding 1 pages
2024-02-26T16:04:50.151Z - info: Site data built
2024-02-26T16:04:50.151Z - info: Pages rebuilt
2024-02-26T16:04:50.152Z - info: Website regeneration complete! Total build time: 2.323s
2024-02-26T16:09:42.939Z - info: [12:09:42 am] Reload for file change: C:\repos\nus-cs2103\cs2103-website-base\admin\tp-tasks-fragment.md
2024-02-26T16:09:42.939Z - info: Synchronizing opened pages list before reload
2024-02-26T16:09:42.940Z - info: Current opened pages, from most-to-least recent:
2024-02-26T16:09:42.941Z - info: 1. schedule/week6/project
2024-02-26T16:09:43.958Z - info: Rebuilding 1 pages
2024-02-26T16:09:46.121Z - info: Site data built
2024-02-26T16:09:46.122Z - info: Pages rebuilt
2024-02-26T16:09:46.123Z - info: Website regeneration complete! Total build time: 2.165s
2024-02-26T16:11:00.571Z - info: [12:11:00 am] Reload for file change: C:\repos\nus-cs2103\cs2103-website-base\admin\tp-tasks-fragment.md
2024-02-26T16:11:00.571Z - info: Synchronizing opened pages list before reload
2024-02-26T16:11:00.572Z - info: Current opened pages, from most-to-least recent:
2024-02-26T16:11:00.572Z - info: 1. schedule/week6/project
2024-02-26T16:11:01.577Z - info: Rebuilding 1 pages
2024-02-26T16:11:03.700Z - info: Site data built
2024-02-26T16:11:03.700Z - info: Pages rebuilt
2024-02-26T16:11:03.701Z - info: Website regeneration complete! Total build time: 2.124s
2024-02-26T16:13:39.323Z - info: Website generation started at 12:13:36 am
2024-02-26T16:13:45.890Z - info: Building assets...
