2024-02-03T16:03:57.916Z - info: Website generation (lazy) started at 12:03:51 am
2024-02-03T16:04:07.606Z - info: Building assets...
2024-02-03T16:04:13.811Z - info: Assets built
2024-02-03T16:04:13.812Z - info: Generating landing page...
2024-02-03T16:04:15.137Z - info: Landing page built, other pages will be built as you navigate to them!
2024-02-03T16:04:16.263Z - info: Site data built
2024-02-03T16:04:16.263Z - info: Website generation (lazy) complete! Total build time: 25.101s
2024-02-03T16:04:16.312Z - info: Serving "C:\repos\nus-cs2103\cs2103-website-base\_site" at http://127.0.0.1:8080
2024-02-03T16:04:16.312Z - info: Press CTRL+C to stop ...
2024-02-03T16:04:27.524Z - info: Building C:\repos\nus-cs2103\cs2103-website-base\schedule\week4\project as some of its dependencies were changed since the last visit
2024-02-03T16:04:30.980Z - info: Site data built
2024-02-03T16:04:30.981Z - info: Lazy website regeneration complete! Total build time: 3.457s
2024-02-03T16:06:38.038Z - info: Building C:\repos\nus-cs2103\cs2103-website-base\schedule\week1\index as some of its dependencies were changed since the last visit
2024-02-03T16:06:38.897Z - info: Site data built
2024-02-03T16:06:38.897Z - info: Lazy website regeneration complete! Total build time: 0.859s
2024-02-03T16:06:42.643Z - info: Building C:\repos\nus-cs2103\cs2103-website-base\schedule\week2\index as some of its dependencies were changed since the last visit
2024-02-03T16:06:43.334Z - info: Site data built
2024-02-03T16:06:43.334Z - info: Lazy website regeneration complete! Total build time: 0.691s
2024-02-03T16:06:46.950Z - info: Building C:\repos\nus-cs2103\cs2103-website-base\schedule\week2\project as some of its dependencies were changed since the last visit
2024-02-03T16:06:48.640Z - info: Site data built
2024-02-03T16:06:48.640Z - info: Lazy website regeneration complete! Total build time: 1.69s
2024-02-03T16:08:44.289Z - info: [12:08:44 am] Reload for file change: C:\repos\nus-cs2103\cs2103-website-base\book\projectDuke\text.md
2024-02-03T16:08:44.291Z - info: Synchronizing opened pages list before reload
2024-02-03T16:08:44.292Z - info: Current opened pages, from most-to-least recent:
2024-02-03T16:08:44.293Z - info: 1. schedule/week2/project
2024-02-03T16:08:45.303Z - info: Rebuilding 1 pages
2024-02-03T16:08:46.933Z - info: Site data built
2024-02-03T16:08:46.933Z - info: Pages rebuilt
2024-02-03T16:08:46.933Z - info: Website regeneration complete! Total build time: 1.631s
2024-02-03T16:09:27.846Z - info: [12:09:27 am] Reload for file change: C:\repos\nus-cs2103\cs2103-website-base\book\projectDuke\text.md
2024-02-03T16:09:27.846Z - info: Synchronizing opened pages list before reload
2024-02-03T16:09:27.846Z - info: Current opened pages, from most-to-least recent:
2024-02-03T16:09:27.847Z - info: 1. schedule/week2/project
2024-02-03T16:09:28.852Z - info: Rebuilding 1 pages
2024-02-03T16:09:30.756Z - info: Site data built
2024-02-03T16:09:30.756Z - info: Pages rebuilt
2024-02-03T16:09:30.757Z - info: Website regeneration complete! Total build time: 1.905s
2024-02-03T16:09:52.277Z - info: Building C:\repos\nus-cs2103\cs2103-website-base\admin\tutorials as some of its dependencies were changed since the last visit
2024-02-03T16:09:52.795Z - info: Site data built
2024-02-03T16:09:52.796Z - info: Lazy website regeneration complete! Total build time: 0.519s
2024-02-03T16:11:40.804Z - info: [12:11:40 am] Reload for file change: C:\repos\nus-cs2103\cs2103-website-base\admin\tutorials.md
2024-02-03T16:11:40.805Z - info: Synchronizing opened pages list before reload
2024-02-03T16:11:40.806Z - info: Current opened pages, from most-to-least recent:
2024-02-03T16:11:40.806Z - info: 1. admin/tutorials
2024-02-03T16:11:41.820Z - info: Rebuilding 1 pages
2024-02-03T16:11:42.125Z - info: Site data built
2024-02-03T16:11:42.126Z - info: Pages rebuilt
2024-02-03T16:11:42.126Z - info: Website regeneration complete! Total build time: 0.307s
2024-02-03T16:15:08.700Z - info: [12:15:08 am] Reload for file change: C:\repos\nus-cs2103\cs2103-website-base\admin\tutorials.md
2024-02-03T16:15:08.701Z - info: Synchronizing opened pages list before reload
2024-02-03T16:15:08.701Z - info: Current opened pages, from most-to-least recent:
2024-02-03T16:15:08.701Z - info: 1. admin/tutorials
2024-02-03T16:15:09.709Z - info: Rebuilding 1 pages
2024-02-03T16:15:10.149Z - info: Site data built
2024-02-03T16:15:10.149Z - info: Pages rebuilt
2024-02-03T16:15:10.149Z - info: Website regeneration complete! Total build time: 0.441s
2024-02-03T17:13:39.147Z - info: Website generation started at 1:13:36 am
2024-02-03T17:13:47.577Z - info: Building assets...
2024-02-03T17:13:53.667Z - info: Assets built
2024-02-03T17:13:53.668Z - info: Generating pages...
2024-02-03T17:14:19.960Z - debug:  
2024-02-03T17:14:19.973Z - debug:  
2024-02-03T17:14:20.415Z - debug:  
2024-02-03T17:14:20.455Z - debug:  
2024-02-03T17:14:20.466Z - debug:  
2024-02-03T17:14:20.484Z - debug:  
2024-02-03T17:14:20.506Z - debug:  
2024-02-03T17:14:20.706Z - debug:  
2024-02-03T17:14:20.794Z - debug:  
2024-02-03T17:14:20.813Z - debug:  
2024-02-03T17:14:22.778Z - debug:  
2024-02-03T17:14:22.779Z - debug:  
2024-02-03T17:14:22.779Z - debug:  
2024-02-03T17:14:22.779Z - debug:  
2024-02-03T17:14:22.779Z - debug:  
2024-02-03T17:14:22.780Z - debug:  
2024-02-03T17:14:23.173Z - debug:  
2024-02-03T17:16:19.934Z - debug:  
2024-02-03T17:16:39.298Z - debug:  
2024-02-03T17:16:39.325Z - debug:  
2024-02-03T17:16:48.775Z - info: Pages built
2024-02-03T17:16:49.801Z - info: Site data built
2024-02-03T17:16:49.801Z - info: Website generation complete! Total build time: 193.228s
2024-02-03T17:16:49.801Z - info: Build success!
2024-02-03T17:19:01.694Z - info: The website has been deployed at: https://nus-cs2103-ay2324s2.github.io/website
2024-02-03T17:37:21.721Z - info: Website generation (lazy) started at 1:37:16 am
2024-02-03T17:37:29.803Z - info: Building assets...
2024-02-03T17:37:35.657Z - info: Assets built
2024-02-03T17:37:35.658Z - info: Generating landing page...
2024-02-03T17:37:36.840Z - info: Landing page built, other pages will be built as you navigate to them!
2024-02-03T17:37:37.816Z - info: Site data built
2024-02-03T17:37:37.816Z - info: Website generation (lazy) complete! Total build time: 21.308s
2024-02-03T17:37:37.861Z - info: Serving "C:\repos\nus-cs2103\cs2103-website-base\_site" at http://127.0.0.1:8080
2024-02-03T17:37:37.861Z - info: Press CTRL+C to stop ...
2024-02-03T17:37:54.253Z - info: Building C:\repos\nus-cs2103\cs2103-website-base\admin\index as some of its dependencies were changed since the last visit
2024-02-03T17:37:54.643Z - info: Site data built
2024-02-03T17:37:54.643Z - info: Lazy website regeneration complete! Total build time: 0.391s
2024-02-03T17:38:00.451Z - info: Building C:\repos\nus-cs2103\cs2103-website-base\admin\tools as some of its dependencies were changed since the last visit
2024-02-03T17:38:00.735Z - info: Site data built
2024-02-03T17:38:00.736Z - info: Lazy website regeneration complete! Total build time: 0.285s
2024-02-03T17:39:36.784Z - info: [1:39:36 am] Reload for file change: C:\repos\nus-cs2103\cs2103-website-base\admin\tools.md
2024-02-03T17:39:36.785Z - info: Synchronizing opened pages list before reload
2024-02-03T17:39:36.786Z - info: Current opened pages, from most-to-least recent:
2024-02-03T17:39:36.786Z - info: 1. admin/tools
2024-02-03T17:39:37.808Z - info: Rebuilding 1 pages
2024-02-03T17:39:38.135Z - info: Site data built
2024-02-03T17:39:38.135Z - info: Pages rebuilt
2024-02-03T17:39:38.135Z - info: Website regeneration complete! Total build time: 0.33s
2024-02-03T17:45:06.137Z - info: [1:45:06 am] Reload for file change: C:\repos\nus-cs2103\cs2103-website-base\admin\tools.md
2024-02-03T17:45:06.137Z - info: Synchronizing opened pages list before reload
2024-02-03T17:45:06.138Z - info: Current opened pages, from most-to-least recent:
2024-02-03T17:45:06.138Z - info: 1. admin/tools
2024-02-03T17:45:07.145Z - info: Rebuilding 1 pages
2024-02-03T17:45:07.542Z - info: Site data built
2024-02-03T17:45:07.543Z - info: Pages rebuilt
2024-02-03T17:45:07.544Z - info: Website regeneration complete! Total build time: 0.4s
2024-02-03T17:45:47.081Z - info: [1:45:47 am] Reload for file change: C:\repos\nus-cs2103\cs2103-website-base\admin\tools.md
2024-02-03T17:45:47.081Z - info: Synchronizing opened pages list before reload
2024-02-03T17:45:47.082Z - info: Current opened pages, from most-to-least recent:
2024-02-03T17:45:47.082Z - info: 1. admin/tools
2024-02-03T17:45:48.088Z - info: Rebuilding 1 pages
2024-02-03T17:45:48.327Z - info: Site data built
2024-02-03T17:45:48.328Z - info: Pages rebuilt
2024-02-03T17:45:48.328Z - info: Website regeneration complete! Total build time: 0.241s
2024-02-03T17:47:52.320Z - info: [1:47:52 am] Reload for file change: C:\repos\nus-cs2103\cs2103-website-base\admin\tools.md
2024-02-03T17:47:52.320Z - info: Synchronizing opened pages list before reload
2024-02-03T17:47:52.321Z - info: Current opened pages, from most-to-least recent:
2024-02-03T17:47:52.322Z - info: 1. admin/tools
2024-02-03T17:47:53.328Z - info: Rebuilding 1 pages
2024-02-03T17:47:53.757Z - info: Site data built
2024-02-03T17:47:53.757Z - info: Pages rebuilt
2024-02-03T17:47:53.757Z - info: Website regeneration complete! Total build time: 0.43s
2024-02-03T17:48:07.446Z - info: [1:48:07 am] Reload for file change: C:\repos\nus-cs2103\cs2103-website-base\admin\tools.md
2024-02-03T17:48:07.447Z - info: Synchronizing opened pages list before reload
2024-02-03T17:48:07.447Z - info: Current opened pages, from most-to-least recent:
2024-02-03T17:48:07.448Z - info: 1. admin/tools
2024-02-03T17:48:08.459Z - info: Rebuilding 1 pages
2024-02-03T17:48:08.794Z - info: Site data built
2024-02-03T17:48:08.795Z - info: Pages rebuilt
2024-02-03T17:48:08.795Z - info: Website regeneration complete! Total build time: 0.337s
2024-02-03T17:48:56.648Z - info: [1:48:56 am] Reload for file change: C:\repos\nus-cs2103\cs2103-website-base\admin\tools.md
2024-02-03T17:48:56.649Z - info: Synchronizing opened pages list before reload
2024-02-03T17:48:56.649Z - info: Current opened pages, from most-to-least recent:
2024-02-03T17:48:56.650Z - info: 1. admin/tools
2024-02-03T17:48:57.660Z - info: Rebuilding 1 pages
2024-02-03T17:48:58.064Z - info: Site data built
2024-02-03T17:48:58.064Z - info: Pages rebuilt
2024-02-03T17:48:58.065Z - info: Website regeneration complete! Total build time: 0.405s
2024-02-03T17:49:30.069Z - info: [1:49:30 am] Reload for file change: C:\repos\nus-cs2103\cs2103-website-base\admin\tools.md
2024-02-03T17:49:30.070Z - info: Synchronizing opened pages list before reload
2024-02-03T17:49:30.071Z - info: Current opened pages, from most-to-least recent:
2024-02-03T17:49:30.071Z - info: 1. admin/tools
2024-02-03T17:49:31.083Z - info: Rebuilding 1 pages
2024-02-03T17:49:31.380Z - info: Site data built
2024-02-03T17:49:31.380Z - info: Pages rebuilt
2024-02-03T17:49:31.381Z - info: Website regeneration complete! Total build time: 0.298s
2024-02-03T17:50:53.744Z - info: [1:50:53 am] Reload for file change: C:\repos\nus-cs2103\cs2103-website-base\admin\tools.md
2024-02-03T17:50:53.746Z - info: Synchronizing opened pages list before reload
2024-02-03T17:50:53.746Z - info: Current opened pages, from most-to-least recent:
2024-02-03T17:50:53.747Z - info: 1. admin/tools
2024-02-03T17:50:54.764Z - info: Rebuilding 1 pages
2024-02-03T17:50:55.287Z - info: Site data built
2024-02-03T17:50:55.288Z - info: Pages rebuilt
2024-02-03T17:50:55.288Z - info: Website regeneration complete! Total build time: 0.526s
2024-02-03T17:55:37.576Z - info: [1:55:37 am] Reload for file change: C:\repos\nus-cs2103\cs2103-website-base\book\gitAndGithub\init\text.md
2024-02-03T17:55:37.576Z - info: Synchronizing opened pages list before reload
2024-02-03T17:55:37.577Z - info: Current opened pages, from most-to-least recent:
2024-02-03T17:55:37.577Z - info: 1. admin/tools
2024-02-03T17:55:38.589Z - info: Assets built
2024-02-03T17:56:28.619Z - info: Building C:\repos\nus-cs2103\cs2103-website-base\schedule\week2\index as some of its dependencies were changed since the last visit
2024-02-03T17:56:29.468Z - info: Site data built
2024-02-03T17:56:29.469Z - info: Lazy website regeneration complete! Total build time: 0.851s
2024-02-03T17:56:32.751Z - info: Building C:\repos\nus-cs2103\cs2103-website-base\schedule\week2\topics as some of its dependencies were changed since the last visit
2024-02-03T17:56:34.856Z - info: Site data built
2024-02-03T17:56:34.856Z - info: Lazy website regeneration complete! Total build time: 2.106s
2024-02-03T18:00:19.368Z - info: Website generation started at 2:00:17 am
2024-02-03T18:00:27.271Z - info: Building assets...
