2024-02-17T10:35:50.571Z - info: Website generation started at 6:35:43 pm
2024-02-17T10:35:59.773Z - info: Building assets...
2024-02-17T10:36:05.181Z - info: Assets built
2024-02-17T10:36:05.182Z - info: Generating pages...
2024-02-17T10:36:30.311Z - debug:  
2024-02-17T10:36:30.313Z - debug:  
2024-02-17T10:36:30.313Z - debug:  
2024-02-17T10:36:30.314Z - debug:  
2024-02-17T10:36:30.322Z - debug:  
2024-02-17T10:36:30.324Z - debug:  
2024-02-17T10:36:30.679Z - debug:  
2024-02-17T10:36:30.702Z - debug:  
2024-02-17T10:36:30.720Z - debug:  
2024-02-17T10:36:30.756Z - debug:  
2024-02-17T10:36:30.762Z - debug:  
2024-02-17T10:36:30.835Z - debug:  
2024-02-17T10:36:30.935Z - debug:  
2024-02-17T10:36:30.939Z - debug:  
2024-02-17T10:36:30.940Z - debug:  
2024-02-17T10:36:33.899Z - debug:  
2024-02-17T10:36:34.143Z - debug:  
2024-02-17T10:38:57.216Z - debug:  
2024-02-17T10:39:14.711Z - debug:  
2024-02-17T10:39:14.791Z - debug:  
2024-02-17T10:39:26.785Z - info: Pages built
2024-02-17T10:39:27.964Z - info: Site data built
2024-02-17T10:39:27.965Z - info: Website generation complete! Total build time: 224.058s
2024-02-17T10:39:27.965Z - info: Build success!
2024-02-17T10:42:21.362Z - info: The website has been deployed at: https://nus-cs2103-ay2324s2.github.io/website
