2024-03-06T12:15:44.721Z - info: Website generation started at 8:15:37 pm
2024-03-06T12:16:07.445Z - info: Building assets...
2024-03-06T12:16:18.641Z - info: Assets built
2024-03-06T12:16:18.643Z - info: Generating pages...
2024-03-06T12:16:51.296Z - debug:  
2024-03-06T12:16:51.297Z - debug:  
2024-03-06T12:16:51.299Z - debug:  
2024-03-06T12:16:51.497Z - debug:  
2024-03-06T12:16:51.566Z - debug:  
2024-03-06T12:16:51.579Z - debug:  
2024-03-06T12:16:51.579Z - debug:  
2024-03-06T12:16:51.589Z - debug:  
2024-03-06T12:16:51.603Z - debug:  
2024-03-06T12:16:52.722Z - debug:  
2024-03-06T12:16:52.722Z - debug:  
2024-03-06T12:16:52.722Z - debug:  
2024-03-06T12:16:52.722Z - debug:  
2024-03-06T12:16:52.722Z - debug:  
2024-03-06T12:16:52.723Z - debug:  
2024-03-06T12:16:56.572Z - debug:  
2024-03-06T12:17:27.537Z - debug:  
2024-03-06T12:18:25.892Z - info: Pages built
2024-03-06T12:18:26.860Z - info: Site data built
2024-03-06T12:18:26.860Z - info: Website generation complete! Total build time: 169.778s
2024-03-06T12:18:26.860Z - info: Build success!
2024-03-06T12:20:02.195Z - info: The website has been deployed at: https://nus-tic2002-ay2324s2.github.io/website
