2024-01-07T16:17:52.845Z - info: Website generation (lazy) started at 12:17:48 am
2024-01-07T16:18:01.646Z - info: Building assets...
2024-01-07T16:18:07.128Z - info: Assets built
2024-01-07T16:18:07.129Z - info: Generating landing page...
2024-01-07T16:18:07.631Z - info: Landing page built, other pages will be built as you navigate to them!
2024-01-07T16:18:08.391Z - info: Site data built
2024-01-07T16:18:08.391Z - info: Website generation (lazy) complete! Total build time: 19.658s
2024-01-07T16:18:09.177Z - info: Serving "C:\repos\nus-cs2103\cs2103-website-base\_site" at http://127.0.0.1:8080
2024-01-07T16:18:09.177Z - info: Press CTRL+C to stop ...
2024-01-07T16:28:27.120Z - info: Building C:\repos\nus-cs2103\cs2103-website-base\admin\ip-overview as some of its dependencies were changed since the last visit
2024-01-07T16:28:27.406Z - info: Site data built
2024-01-07T16:28:27.406Z - info: Lazy website regeneration complete! Total build time: 0.288s
2024-01-07T16:28:29.950Z - info: Building C:\repos\nus-cs2103\cs2103-website-base\se-book-adapted\projectDuke\index as some of its dependencies were changed since the last visit
2024-01-07T16:28:30.475Z - info: Site data built
2024-01-07T16:28:30.475Z - info: Lazy website regeneration complete! Total build time: 0.526s
2024-01-07T16:29:24.811Z - info: [12:29:24 am] Reload for file change: C:\repos\nus-cs2103\cs2103-website-base\book\projectDuke\text.md
2024-01-07T16:29:24.812Z - info: Synchronizing opened pages list before reload
2024-01-07T16:29:24.812Z - info: Current opened pages, from most-to-least recent:
2024-01-07T16:29:24.813Z - info: 1. se-book-adapted/projectDuke/index
2024-01-07T16:29:25.826Z - info: Rebuilding 1 pages
2024-01-07T16:29:26.288Z - info: Site data built
2024-01-07T16:29:26.289Z - info: Pages rebuilt
2024-01-07T16:29:26.289Z - info: Website regeneration complete! Total build time: 0.464s
2024-01-07T16:30:15.412Z - info: [12:30:15 am] Reload for file change: C:\repos\nus-cs2103\cs2103-website-base\book\projectDuke\text.md
2024-01-07T16:30:15.413Z - info: Synchronizing opened pages list before reload
2024-01-07T16:30:15.413Z - info: Current opened pages, from most-to-least recent:
2024-01-07T16:30:15.413Z - info: 1. se-book-adapted/projectDuke/index
2024-01-07T16:30:16.423Z - info: Rebuilding 1 pages
2024-01-07T16:30:16.941Z - info: Site data built
2024-01-07T16:30:16.942Z - info: Pages rebuilt
2024-01-07T16:30:16.942Z - info: Website regeneration complete! Total build time: 0.52s
2024-01-07T16:30:37.944Z - info: [12:30:37 am] Reload for file change: C:\repos\nus-cs2103\cs2103-website-base\book\projectDuke\text.md
2024-01-07T16:30:37.944Z - info: Synchronizing opened pages list before reload
2024-01-07T16:30:37.944Z - info: Current opened pages, from most-to-least recent:
2024-01-07T16:30:37.944Z - info: 1. se-book-adapted/projectDuke/index
2024-01-07T16:30:38.947Z - info: Rebuilding 1 pages
2024-01-07T16:30:39.349Z - info: Site data built
2024-01-07T16:30:39.349Z - info: Pages rebuilt
2024-01-07T16:30:39.350Z - info: Website regeneration complete! Total build time: 0.403s
2024-01-07T16:30:42.703Z - info: [12:30:42 am] Reload for file change: C:\repos\nus-cs2103\cs2103-website-base\book\projectDuke\text.md
2024-01-07T16:30:42.703Z - info: Synchronizing opened pages list before reload
2024-01-07T16:30:42.703Z - info: Current opened pages, from most-to-least recent:
2024-01-07T16:30:42.703Z - info: 1. se-book-adapted/projectDuke/index
2024-01-07T16:30:43.709Z - info: Rebuilding 1 pages
2024-01-07T16:30:43.972Z - info: Site data built
2024-01-07T16:30:43.973Z - info: Pages rebuilt
2024-01-07T16:30:43.973Z - info: Website regeneration complete! Total build time: 0.264s
2024-01-07T16:31:43.488Z - info: [12:31:43 am] Reload for file change: C:\repos\nus-cs2103\cs2103-website-base\book\projectDuke\text.md
2024-01-07T16:31:43.489Z - info: Synchronizing opened pages list before reload
2024-01-07T16:31:43.489Z - info: Current opened pages, from most-to-least recent:
2024-01-07T16:31:43.490Z - info: 1. se-book-adapted/projectDuke/index
2024-01-07T16:31:44.493Z - info: Rebuilding 1 pages
2024-01-07T16:31:44.985Z - info: Site data built
2024-01-07T16:31:44.986Z - info: Pages rebuilt
2024-01-07T16:31:44.986Z - info: Website regeneration complete! Total build time: 0.494s
2024-01-07T16:34:50.188Z - info: Building C:\repos\nus-cs2103\cs2103-website-base\admin\index as some of its dependencies were changed since the last visit
2024-01-07T16:34:50.544Z - info: Site data built
2024-01-07T16:34:50.544Z - info: Lazy website regeneration complete! Total build time: 0.356s
2024-01-07T16:34:56.916Z - info: Building C:\repos\nus-cs2103\cs2103-website-base\admin\ip-w8 as some of its dependencies were changed since the last visit
2024-01-07T16:34:57.238Z - info: Site data built
2024-01-07T16:34:57.238Z - info: Lazy website regeneration complete! Total build time: 0.322s
2024-01-07T16:35:02.736Z - info: Building C:\repos\nus-cs2103\cs2103-website-base\admin\ip-w7 as some of its dependencies were changed since the last visit
2024-01-07T16:35:02.947Z - info: Site data built
2024-01-07T16:35:02.947Z - info: Lazy website regeneration complete! Total build time: 0.211s
2024-01-07T16:35:06.035Z - info: Building C:\repos\nus-cs2103\cs2103-website-base\admin\ip-w6 as some of its dependencies were changed since the last visit
2024-01-07T16:35:06.740Z - info: Site data built
2024-01-07T16:35:06.740Z - info: Lazy website regeneration complete! Total build time: 0.705s
2024-01-07T16:38:44.989Z - info: [12:38:44 am] Reload for file change: C:\repos\nus-cs2103\cs2103-website-base\admin\ip-tasks-fragment.md
2024-01-07T16:38:44.990Z - info: Synchronizing opened pages list before reload
2024-01-07T16:38:44.990Z - info: Current opened pages, from most-to-least recent:
2024-01-07T16:38:44.990Z - info: 1. admin/ip-w6
2024-01-07T16:38:46.008Z - info: Rebuilding 1 pages
2024-01-07T16:38:46.708Z - info: Site data built
2024-01-07T16:38:46.708Z - info: Pages rebuilt
2024-01-07T16:38:46.708Z - info: Website regeneration complete! Total build time: 0.702s
2024-01-07T16:39:12.649Z - info: [12:39:12 am] Reload for file change: C:\repos\nus-cs2103\cs2103-website-base\admin\ip-tasks-fragment.md
2024-01-07T16:39:12.650Z - info: Synchronizing opened pages list before reload
2024-01-07T16:39:12.650Z - info: Current opened pages, from most-to-least recent:
2024-01-07T16:39:12.650Z - info: 1. admin/ip-w6
2024-01-07T16:39:13.655Z - info: Rebuilding 1 pages
2024-01-07T16:39:14.435Z - info: Site data built
2024-01-07T16:39:14.435Z - info: Pages rebuilt
2024-01-07T16:39:14.435Z - info: Website regeneration complete! Total build time: 0.781s
2024-01-07T16:40:28.181Z - info: [12:40:28 am] Reload for file change: C:\repos\nus-cs2103\cs2103-website-base\admin\ip-tasks-fragment.md
2024-01-07T16:40:28.182Z - info: Synchronizing opened pages list before reload
2024-01-07T16:40:28.182Z - info: Current opened pages, from most-to-least recent:
2024-01-07T16:40:28.182Z - info: 1. admin/ip-w6
2024-01-07T16:40:29.188Z - info: Rebuilding 1 pages
2024-01-07T16:40:29.967Z - info: Site data built
2024-01-07T16:40:29.967Z - info: Pages rebuilt
2024-01-07T16:40:29.967Z - info: Website regeneration complete! Total build time: 0.781s
2024-01-07T16:43:53.116Z - info: [12:43:53 am] Reload for file change: C:\repos\nus-cs2103\cs2103-website-base\admin\ip-tasks-fragment.md
2024-01-07T16:43:53.116Z - info: Synchronizing opened pages list before reload
2024-01-07T16:43:53.117Z - info: Current opened pages, from most-to-least recent:
2024-01-07T16:43:53.117Z - info: 1. admin/ip-w6
2024-01-07T16:43:54.134Z - info: Rebuilding 1 pages
2024-01-07T16:43:54.916Z - info: Site data built
2024-01-07T16:43:54.916Z - info: Pages rebuilt
2024-01-07T16:43:54.916Z - info: Website regeneration complete! Total build time: 0.783s
2024-01-07T16:44:25.476Z - info: [12:44:25 am] Reload for file change: C:\repos\nus-cs2103\cs2103-website-base\admin\ip-tasks-fragment.md
2024-01-07T16:44:25.477Z - info: Synchronizing opened pages list before reload
2024-01-07T16:44:25.477Z - info: No pages are currently opened
2024-01-07T16:44:26.486Z - info: No pages needed to be rebuilt
2024-01-07T16:44:28.577Z - info: Building C:\repos\nus-cs2103\cs2103-website-base\admin\ip-w6 as some of its dependencies were changed since the last visit
2024-01-07T16:44:29.583Z - info: Site data built
2024-01-07T16:44:29.584Z - info: Lazy website regeneration complete! Total build time: 1.008s
2024-01-07T16:45:19.753Z - info: [12:45:19 am] Reload for file change: C:\repos\nus-cs2103\cs2103-website-base\book\projectDuke\text.md
2024-01-07T16:45:19.753Z - info: Synchronizing opened pages list before reload
2024-01-07T16:45:19.754Z - info: Current opened pages, from most-to-least recent:
2024-01-07T16:45:19.754Z - info: 1. se-book-adapted/projectDuke/index
2024-01-07T16:45:20.770Z - info: Rebuilding 1 pages
2024-01-07T16:45:21.201Z - info: Site data built
2024-01-07T16:45:21.201Z - info: Pages rebuilt
2024-01-07T16:45:21.201Z - info: Website regeneration complete! Total build time: 0.432s
2024-01-07T16:45:50.988Z - info: [12:45:50 am] Reload for file change: C:\repos\nus-cs2103\cs2103-website-base\book\projectDuke\text.md
2024-01-07T16:45:50.989Z - info: Synchronizing opened pages list before reload
2024-01-07T16:45:50.989Z - info: Current opened pages, from most-to-least recent:
2024-01-07T16:45:50.990Z - info: 1. se-book-adapted/projectDuke/index
2024-01-07T16:45:52.004Z - info: Rebuilding 1 pages
2024-01-07T16:45:52.435Z - info: Site data built
2024-01-07T16:45:52.435Z - info: Pages rebuilt
2024-01-07T16:45:52.435Z - info: Website regeneration complete! Total build time: 0.431s
2024-01-07T16:46:16.654Z - info: [12:46:16 am] Reload for file change: C:\repos\nus-cs2103\cs2103-website-base\book\projectDuke\text.md
2024-01-07T16:46:16.654Z - info: Synchronizing opened pages list before reload
2024-01-07T16:46:16.654Z - info: Current opened pages, from most-to-least recent:
2024-01-07T16:46:16.654Z - info: 1. se-book-adapted/projectDuke/index
2024-01-07T16:46:17.658Z - info: Rebuilding 1 pages
2024-01-07T16:46:18.066Z - info: Site data built
2024-01-07T16:46:18.066Z - info: Pages rebuilt
2024-01-07T16:46:18.066Z - info: Website regeneration complete! Total build time: 0.41s
2024-01-07T16:46:36.416Z - info: [12:46:36 am] Reload for file change: C:\repos\nus-cs2103\cs2103-website-base\book\projectDuke\text.md
2024-01-07T16:46:36.417Z - info: Synchronizing opened pages list before reload
2024-01-07T16:46:36.417Z - info: Current opened pages, from most-to-least recent:
2024-01-07T16:46:36.417Z - info: 1. se-book-adapted/projectDuke/index
2024-01-07T16:46:37.428Z - info: Rebuilding 1 pages
2024-01-07T16:46:37.843Z - info: Site data built
2024-01-07T16:46:37.843Z - info: Pages rebuilt
2024-01-07T16:46:37.843Z - info: Website regeneration complete! Total build time: 0.416s
2024-01-07T16:46:54.654Z - info: [12:46:54 am] Reload for file change: C:\repos\nus-cs2103\cs2103-website-base\book\projectDuke\text.md
2024-01-07T16:46:54.654Z - info: Synchronizing opened pages list before reload
2024-01-07T16:46:54.654Z - info: Current opened pages, from most-to-least recent:
2024-01-07T16:46:54.655Z - info: 1. se-book-adapted/projectDuke/index
2024-01-07T16:46:55.666Z - info: Rebuilding 1 pages
2024-01-07T16:46:56.067Z - info: Site data built
2024-01-07T16:46:56.067Z - info: Pages rebuilt
2024-01-07T16:46:56.067Z - info: Website regeneration complete! Total build time: 0.402s
2024-01-07T16:51:58.244Z - info: [12:51:58 am] Reload for file change: C:\repos\nus-cs2103\cs2103-website-base\admin\ip-tasks-fragment.md
2024-01-07T16:51:58.245Z - info: Synchronizing opened pages list before reload
2024-01-07T16:51:58.245Z - info: Current opened pages, from most-to-least recent:
2024-01-07T16:51:58.245Z - info: 1. admin/ip-w6
2024-01-07T16:51:59.260Z - info: Rebuilding 1 pages
2024-01-07T16:51:59.983Z - info: Site data built
2024-01-07T16:51:59.983Z - info: Pages rebuilt
2024-01-07T16:51:59.983Z - info: Website regeneration complete! Total build time: 0.724s
2024-01-07T16:52:53.923Z - info: [12:52:53 am] Reload for file change: C:\repos\nus-cs2103\cs2103-website-base\admin\ip-tasks-fragment.md
2024-01-07T16:52:53.923Z - info: Synchronizing opened pages list before reload
2024-01-07T16:52:53.924Z - info: Current opened pages, from most-to-least recent:
2024-01-07T16:52:53.924Z - info: 1. admin/ip-w6
2024-01-07T16:52:54.943Z - info: Rebuilding 1 pages
2024-01-07T16:52:55.714Z - info: Site data built
2024-01-07T16:52:55.714Z - info: Pages rebuilt
2024-01-07T16:52:55.714Z - info: Website regeneration complete! Total build time: 0.773s
2024-01-07T16:53:13.739Z - info: [12:53:13 am] Reload for file change: C:\repos\nus-cs2103\cs2103-website-base\admin\ip-tasks-fragment.md
2024-01-07T16:53:13.739Z - info: Synchronizing opened pages list before reload
2024-01-07T16:53:13.740Z - info: Current opened pages, from most-to-least recent:
2024-01-07T16:53:13.740Z - info: 1. admin/ip-w6
2024-01-07T16:53:14.747Z - info: Rebuilding 1 pages
2024-01-07T16:53:15.441Z - info: Site data built
2024-01-07T16:53:15.442Z - info: Pages rebuilt
2024-01-07T16:53:15.442Z - info: Website regeneration complete! Total build time: 0.697s
2024-01-07T16:53:28.828Z - info: [12:53:28 am] Reload for file change: C:\repos\nus-cs2103\cs2103-website-base\admin\ip-tasks-fragment.md
2024-01-07T16:53:28.828Z - info: Synchronizing opened pages list before reload
2024-01-07T16:53:28.829Z - info: Current opened pages, from most-to-least recent:
2024-01-07T16:53:28.829Z - info: 1. admin/ip-w6
2024-01-07T16:53:29.849Z - info: Rebuilding 1 pages
2024-01-07T16:53:30.376Z - info: Site data built
2024-01-07T16:53:30.376Z - info: Pages rebuilt
2024-01-07T16:53:30.376Z - info: Website regeneration complete! Total build time: 0.529s
2024-01-07T16:53:39.029Z - info: [12:53:39 am] Reload for file change: C:\repos\nus-cs2103\cs2103-website-base\admin\ip-tasks-fragment.md
2024-01-07T16:53:39.029Z - info: Synchronizing opened pages list before reload
2024-01-07T16:53:39.029Z - info: Current opened pages, from most-to-least recent:
2024-01-07T16:53:39.029Z - info: 1. admin/ip-w6
2024-01-07T16:53:40.032Z - info: Rebuilding 1 pages
2024-01-07T16:53:40.519Z - info: Site data built
2024-01-07T16:53:40.519Z - info: Pages rebuilt
2024-01-07T16:53:40.520Z - info: Website regeneration complete! Total build time: 0.488s
2024-01-07T16:53:48.795Z - info: [12:53:48 am] Reload for file change: C:\repos\nus-cs2103\cs2103-website-base\admin\ip-tasks-fragment.md
2024-01-07T16:53:48.795Z - info: Synchronizing opened pages list before reload
2024-01-07T16:53:48.795Z - info: Current opened pages, from most-to-least recent:
2024-01-07T16:53:48.795Z - info: 1. admin/ip-w6
2024-01-07T16:53:49.803Z - info: Rebuilding 1 pages
2024-01-07T16:53:50.308Z - info: Site data built
2024-01-07T16:53:50.308Z - info: Pages rebuilt
2024-01-07T16:53:50.308Z - info: Website regeneration complete! Total build time: 0.507s
2024-01-07T16:55:14.482Z - info: [12:55:14 am] Reload for file change: C:\repos\nus-cs2103\cs2103-website-base\admin\ip-tasks-fragment.md
2024-01-07T16:55:14.482Z - info: Synchronizing opened pages list before reload
2024-01-07T16:55:14.483Z - info: Current opened pages, from most-to-least recent:
2024-01-07T16:55:14.483Z - info: 1. admin/ip-w6
2024-01-07T16:55:15.489Z - info: Rebuilding 1 pages
2024-01-07T16:55:16.234Z - info: Site data built
2024-01-07T16:55:16.234Z - info: Pages rebuilt
2024-01-07T16:55:16.234Z - info: Website regeneration complete! Total build time: 0.746s
2024-01-07T16:55:44.708Z - info: [12:55:44 am] Reload for file change: C:\repos\nus-cs2103\cs2103-website-base\admin\ip-tasks-fragment.md
2024-01-07T16:55:44.708Z - info: Synchronizing opened pages list before reload
2024-01-07T16:55:44.709Z - info: Current opened pages, from most-to-least recent:
2024-01-07T16:55:44.709Z - info: 1. admin/ip-w6
2024-01-07T16:55:45.725Z - info: Rebuilding 1 pages
2024-01-07T16:55:46.245Z - info: Site data built
2024-01-07T16:55:46.245Z - info: Pages rebuilt
2024-01-07T16:55:46.245Z - info: Website regeneration complete! Total build time: 0.521s
2024-01-07T16:56:51.018Z - info: Building C:\repos\nus-cs2103\cs2103-website-base\admin\ip-w4 as some of its dependencies were changed since the last visit
2024-01-07T16:56:51.806Z - info: Site data built
2024-01-07T16:56:51.806Z - info: Lazy website regeneration complete! Total build time: 0.789s
2024-01-07T16:57:21.866Z - info: Building C:\repos\nus-cs2103\cs2103-website-base\admin\ip-w3 as some of its dependencies were changed since the last visit
2024-01-07T16:57:23.071Z - info: Site data built
2024-01-07T16:57:23.071Z - info: Lazy website regeneration complete! Total build time: 1.205s
2024-01-07T17:00:47.645Z - info: [1:00:47 am] Reload for file change: C:\repos\nus-cs2103\cs2103-website-base\_course-CS2103\weeklyIpTasks-fragment.md
2024-01-07T17:00:47.646Z - info: Synchronizing opened pages list before reload
2024-01-07T17:00:47.646Z - info: Current opened pages, from most-to-least recent:
2024-01-07T17:00:47.646Z - info: 1. admin/ip-w3
2024-01-07T17:00:47.672Z - info: [1:00:47 am] Reload for file change: C:\repos\nus-cs2103\cs2103-website-base\admin\ip-tasks-fragment.md
2024-01-07T17:00:47.673Z - info: Synchronizing opened pages list before reload
2024-01-07T17:00:47.673Z - info: Current opened pages, from most-to-least recent:
2024-01-07T17:00:47.673Z - info: 1. admin/ip-w3
2024-01-07T17:00:48.663Z - info: Rebuilding 1 pages
2024-01-07T17:00:49.792Z - info: Site data built
2024-01-07T17:00:49.792Z - info: Pages rebuilt
2024-01-07T17:00:49.792Z - info: Website regeneration complete! Total build time: 1.13s
2024-01-07T17:02:26.703Z - info: [1:02:26 am] Reload for file change: C:\repos\nus-cs2103\cs2103-website-base\_course-CS2103\weeklyIpTasks-fragment.md
2024-01-07T17:02:26.704Z - info: Synchronizing opened pages list before reload
2024-01-07T17:02:26.704Z - info: Current opened pages, from most-to-least recent:
2024-01-07T17:02:26.704Z - info: 1. admin/ip-w3
2024-01-07T17:02:26.732Z - info: [1:02:26 am] Reload for file change: C:\repos\nus-cs2103\cs2103-website-base\admin\ip-tasks-fragment.md
2024-01-07T17:02:26.732Z - info: Synchronizing opened pages list before reload
2024-01-07T17:02:26.733Z - info: Current opened pages, from most-to-least recent:
2024-01-07T17:02:26.733Z - info: 1. admin/ip-w3
2024-01-07T17:02:27.710Z - info: Rebuilding 1 pages
2024-01-07T17:02:28.752Z - info: Site data built
2024-01-07T17:02:28.752Z - info: Pages rebuilt
2024-01-07T17:02:28.752Z - info: Website regeneration complete! Total build time: 1.044s
2024-01-07T17:03:08.319Z - info: Building C:\repos\nus-cs2103\cs2103-website-base\admin\ip-w4 as some of its dependencies were changed since the last visit
2024-01-07T17:03:09.046Z - info: Site data built
2024-01-07T17:03:09.047Z - info: Lazy website regeneration complete! Total build time: 0.729s
2024-01-07T17:05:03.251Z - info: [1:05:03 am] Reload for file change: C:\repos\nus-cs2103\cs2103-website-base\admin\ip-tasks-fragment.md
2024-01-07T17:05:03.251Z - info: Synchronizing opened pages list before reload
2024-01-07T17:05:03.252Z - info: Current opened pages, from most-to-least recent:
2024-01-07T17:05:03.253Z - info: 1. admin/ip-w4
2024-01-07T17:05:04.262Z - info: Rebuilding 1 pages
2024-01-07T17:05:04.938Z - info: Site data built
2024-01-07T17:05:04.938Z - info: Pages rebuilt
2024-01-07T17:05:04.938Z - info: Website regeneration complete! Total build time: 0.678s
2024-01-07T17:05:31.485Z - info: Building C:\repos\nus-cs2103\cs2103-website-base\admin\programmingLanguages as some of its dependencies were changed since the last visit
2024-01-07T17:05:31.679Z - info: Site data built
2024-01-07T17:05:31.679Z - info: Lazy website regeneration complete! Total build time: 0.194s
2024-01-07T17:06:04.061Z - info: [1:06:04 am] Reload for file change: C:\repos\nus-cs2103\cs2103-website-base\admin\ip-tasks-fragment.md
2024-01-07T17:06:04.061Z - info: Synchronizing opened pages list before reload
2024-01-07T17:06:04.061Z - info: Current opened pages, from most-to-least recent:
2024-01-07T17:06:04.061Z - info: 1. admin/programmingLanguages
2024-01-07T17:06:04.061Z - info: 2. admin/ip-w4
2024-01-07T17:06:05.081Z - info: Rebuilding 1 pages
2024-01-07T17:06:05.845Z - info: Site data built
2024-01-07T17:06:05.845Z - info: Pages rebuilt
2024-01-07T17:06:05.845Z - info: Website regeneration complete! Total build time: 0.765s
2024-01-07T17:09:24.244Z - info: [1:09:24 am] Reload for file change: C:\repos\nus-cs2103\cs2103-website-base\admin\ip-tasks-fragment.md
2024-01-07T17:09:24.244Z - info: Synchronizing opened pages list before reload
2024-01-07T17:09:24.244Z - info: Current opened pages, from most-to-least recent:
2024-01-07T17:09:24.244Z - info: 1. admin/ip-w4
2024-01-07T17:09:25.255Z - info: Rebuilding 1 pages
2024-01-07T17:09:25.904Z - info: Site data built
2024-01-07T17:09:25.904Z - info: Pages rebuilt
2024-01-07T17:09:25.904Z - info: Website regeneration complete! Total build time: 0.651s
2024-01-07T17:09:34.664Z - info: Building C:\repos\nus-cs2103\cs2103-website-base\admin\ip-w3 as some of its dependencies were changed since the last visit
2024-01-07T17:09:35.633Z - info: Site data built
2024-01-07T17:09:35.633Z - info: Lazy website regeneration complete! Total build time: 0.969s
2024-01-07T17:10:13.205Z - info: [1:10:13 am] Reload for file change: C:\repos\nus-cs2103\cs2103-website-base\admin\ip-tasks-fragment.md
2024-01-07T17:10:13.206Z - info: Synchronizing opened pages list before reload
2024-01-07T17:10:13.206Z - info: Current opened pages, from most-to-least recent:
2024-01-07T17:10:13.206Z - info: 1. admin/ip-w3
2024-01-07T17:10:14.225Z - info: Rebuilding 1 pages
2024-01-07T17:10:15.258Z - info: Site data built
2024-01-07T17:10:15.258Z - info: Pages rebuilt
2024-01-07T17:10:15.258Z - info: Website regeneration complete! Total build time: 1.034s
2024-01-07T17:10:31.336Z - info: [1:10:31 am] Reload for file change: C:\repos\nus-cs2103\cs2103-website-base\admin\ip-tasks-fragment.md
2024-01-07T17:10:31.337Z - info: Synchronizing opened pages list before reload
2024-01-07T17:10:31.337Z - info: Current opened pages, from most-to-least recent:
2024-01-07T17:10:31.337Z - info: 1. admin/ip-w3
2024-01-07T17:10:32.349Z - info: Rebuilding 1 pages
2024-01-07T17:10:33.387Z - info: Site data built
2024-01-07T17:10:33.387Z - info: Pages rebuilt
2024-01-07T17:10:33.387Z - info: Website regeneration complete! Total build time: 1.04s
2024-01-07T17:10:45.159Z - info: [1:10:45 am] Reload for file change: C:\repos\nus-cs2103\cs2103-website-base\admin\ip-tasks-fragment.md
2024-01-07T17:10:45.159Z - info: Synchronizing opened pages list before reload
2024-01-07T17:10:45.159Z - info: Current opened pages, from most-to-least recent:
2024-01-07T17:10:45.159Z - info: 1. admin/ip-w3
2024-01-07T17:10:46.167Z - info: Rebuilding 1 pages
2024-01-07T17:10:46.988Z - info: Site data built
2024-01-07T17:10:46.988Z - info: Pages rebuilt
2024-01-07T17:10:46.988Z - info: Website regeneration complete! Total build time: 0.821s
2024-01-07T17:12:45.763Z - info: Building C:\repos\nus-cs2103\cs2103-website-base\admin\ip-w2 as some of its dependencies were changed since the last visit
2024-01-07T17:12:47.176Z - info: Site data built
2024-01-07T17:12:47.176Z - info: Lazy website regeneration complete! Total build time: 1.413s
2024-01-07T17:14:16.961Z - info: [1:14:16 am] Reload for file change: C:\repos\nus-cs2103\cs2103-website-base\admin\ip-tasks-fragment.md
2024-01-07T17:14:16.962Z - info: Synchronizing opened pages list before reload
2024-01-07T17:14:16.962Z - info: Current opened pages, from most-to-least recent:
2024-01-07T17:14:16.962Z - info: 1. admin/ip-w2
2024-01-07T17:14:17.971Z - info: Rebuilding 1 pages
2024-01-07T17:14:19.382Z - info: Site data built
2024-01-07T17:14:19.382Z - info: Pages rebuilt
2024-01-07T17:14:19.383Z - info: Website regeneration complete! Total build time: 1.412s
2024-01-07T17:20:51.215Z - info: [1:20:51 am] Reload for file change: C:\repos\nus-cs2103\cs2103-website-base\admin\ip-tasks-fragment.md
2024-01-07T17:20:51.216Z - info: Synchronizing opened pages list before reload
2024-01-07T17:20:51.216Z - info: Current opened pages, from most-to-least recent:
2024-01-07T17:20:51.216Z - info: 1. admin/ip-w2
2024-01-07T17:20:52.224Z - info: Rebuilding 1 pages
2024-01-07T17:20:53.487Z - info: Site data built
2024-01-07T17:20:53.487Z - info: Pages rebuilt
2024-01-07T17:20:53.487Z - info: Website regeneration complete! Total build time: 1.263s
2024-01-07T17:23:49.845Z - info: [1:23:49 am] Reload for file change: C:\repos\nus-cs2103\cs2103-website-base\admin\ip-tasks-fragment.md
2024-01-07T17:23:49.846Z - info: Synchronizing opened pages list before reload
2024-01-07T17:23:49.846Z - info: Current opened pages, from most-to-least recent:
2024-01-07T17:23:49.846Z - info: 1. admin/ip-w2
2024-01-07T17:23:50.855Z - info: Rebuilding 1 pages
2024-01-07T17:23:52.104Z - info: Site data built
2024-01-07T17:23:52.104Z - info: Pages rebuilt
2024-01-07T17:23:52.104Z - info: Website regeneration complete! Total build time: 1.25s
2024-01-07T17:23:57.280Z - info: [1:23:57 am] Reload for file change: C:\repos\nus-cs2103\cs2103-website-base\admin\ip-tasks-fragment.md
2024-01-07T17:23:57.280Z - info: Synchronizing opened pages list before reload
2024-01-07T17:23:57.280Z - info: Current opened pages, from most-to-least recent:
2024-01-07T17:23:57.280Z - info: 1. admin/ip-w2
2024-01-07T17:23:58.294Z - info: Rebuilding 1 pages
2024-01-07T17:23:59.303Z - info: Site data built
2024-01-07T17:23:59.303Z - info: Pages rebuilt
2024-01-07T17:23:59.303Z - info: Website regeneration complete! Total build time: 1.011s
2024-01-07T17:24:53.863Z - info: [1:24:53 am] Reload for file change: C:\repos\nus-cs2103\cs2103-website-base\admin\ip-tasks-fragment.md
2024-01-07T17:24:53.863Z - info: Synchronizing opened pages list before reload
2024-01-07T17:24:53.863Z - info: Current opened pages, from most-to-least recent:
2024-01-07T17:24:53.864Z - info: 1. admin/ip-w2
2024-01-07T17:24:54.874Z - info: Rebuilding 1 pages
2024-01-07T17:24:56.135Z - info: Site data built
2024-01-07T17:24:56.135Z - info: Pages rebuilt
2024-01-07T17:24:56.135Z - info: Website regeneration complete! Total build time: 1.263s
2024-01-07T17:25:31.849Z - info: [1:25:31 am] Reload for file change: C:\repos\nus-cs2103\cs2103-website-base\admin\ip-tasks-fragment.md
2024-01-07T17:25:31.850Z - info: Synchronizing opened pages list before reload
2024-01-07T17:25:31.850Z - info: Current opened pages, from most-to-least recent:
2024-01-07T17:25:31.850Z - info: 1. admin/ip-w2
2024-01-07T17:25:32.857Z - info: Rebuilding 1 pages
2024-01-07T17:25:34.071Z - info: Site data built
2024-01-07T17:25:34.071Z - info: Pages rebuilt
2024-01-07T17:25:34.071Z - info: Website regeneration complete! Total build time: 1.215s
2024-01-07T17:26:06.446Z - info: [1:26:06 am] Reload for file change: C:\repos\nus-cs2103\cs2103-website-base\admin\ip-tasks-fragment.md
2024-01-07T17:26:06.446Z - info: Synchronizing opened pages list before reload
2024-01-07T17:26:06.446Z - info: Current opened pages, from most-to-least recent:
2024-01-07T17:26:06.446Z - info: 1. admin/ip-w2
2024-01-07T17:26:07.457Z - info: Rebuilding 1 pages
2024-01-07T17:26:08.715Z - info: Site data built
2024-01-07T17:26:08.715Z - info: Pages rebuilt
2024-01-07T17:26:08.715Z - info: Website regeneration complete! Total build time: 1.26s
2024-01-07T17:31:11.240Z - info: [1:31:11 am] Reload for file change: C:\repos\nus-cs2103\cs2103-website-base\admin\ip-tasks-fragment.md
2024-01-07T17:31:11.240Z - info: Synchronizing opened pages list before reload
2024-01-07T17:31:11.240Z - info: Current opened pages, from most-to-least recent:
2024-01-07T17:31:11.241Z - info: 1. admin/ip-w2
2024-01-07T17:31:12.246Z - info: Rebuilding 1 pages
2024-01-07T17:31:13.661Z - info: Site data built
2024-01-07T17:31:13.661Z - info: Pages rebuilt
2024-01-07T17:31:13.661Z - info: Website regeneration complete! Total build time: 1.416s
2024-01-07T17:35:22.369Z - info: [1:35:22 am] Reload for file change: C:\repos\nus-cs2103\cs2103-website-base\admin\ip-tasks-fragment.md
2024-01-07T17:35:22.369Z - info: Synchronizing opened pages list before reload
2024-01-07T17:35:22.369Z - info: Current opened pages, from most-to-least recent:
2024-01-07T17:35:22.369Z - info: 1. admin/ip-w2
2024-01-07T17:35:23.381Z - info: Rebuilding 1 pages
2024-01-07T17:35:24.614Z - info: Site data built
2024-01-07T17:35:24.614Z - info: Pages rebuilt
2024-01-07T17:35:24.614Z - info: Website regeneration complete! Total build time: 1.234s
2024-01-07T17:36:05.645Z - info: [1:36:05 am] Reload for file change: C:\repos\nus-cs2103\cs2103-website-base\admin\ip-tasks-fragment.md
2024-01-07T17:36:05.645Z - info: Synchronizing opened pages list before reload
2024-01-07T17:36:05.645Z - info: Current opened pages, from most-to-least recent:
2024-01-07T17:36:05.645Z - info: 1. admin/ip-w2
2024-01-07T17:36:06.657Z - info: Rebuilding 1 pages
2024-01-07T17:36:07.883Z - info: Site data built
2024-01-07T17:36:07.883Z - info: Pages rebuilt
2024-01-07T17:36:07.883Z - info: Website regeneration complete! Total build time: 1.229s
2024-01-07T17:37:59.783Z - info: [1:37:59 am] Reload for file change: C:\repos\nus-cs2103\cs2103-website-base\admin\ip-tasks-fragment.md
2024-01-07T17:37:59.784Z - info: Synchronizing opened pages list before reload
2024-01-07T17:37:59.784Z - info: Current opened pages, from most-to-least recent:
2024-01-07T17:37:59.784Z - info: 1. admin/ip-w2
2024-01-07T17:38:00.790Z - info: Rebuilding 1 pages
2024-01-07T17:38:02.106Z - info: Site data built
2024-01-07T17:38:02.106Z - info: Pages rebuilt
2024-01-07T17:38:02.106Z - info: Website regeneration complete! Total build time: 1.316s
2024-01-07T17:39:32.494Z - info: [1:39:32 am] Reload for file change: C:\repos\nus-cs2103\cs2103-website-base\admin\ip-tasks-fragment.md
2024-01-07T17:39:32.495Z - info: Synchronizing opened pages list before reload
2024-01-07T17:39:32.495Z - info: Current opened pages, from most-to-least recent:
2024-01-07T17:39:32.495Z - info: 1. admin/ip-w2
2024-01-07T17:39:33.505Z - info: Rebuilding 1 pages
2024-01-07T17:39:34.960Z - info: Site data built
2024-01-07T17:39:34.960Z - info: Pages rebuilt
2024-01-07T17:39:34.960Z - info: Website regeneration complete! Total build time: 1.456s
2024-01-07T17:42:15.945Z - info: [1:42:15 am] Reload for file change: C:\repos\nus-cs2103\cs2103-website-base\admin\ip-tasks-fragment.md
2024-01-07T17:42:15.946Z - info: Synchronizing opened pages list before reload
2024-01-07T17:42:15.946Z - info: Current opened pages, from most-to-least recent:
2024-01-07T17:42:15.946Z - info: 1. admin/ip-w2
2024-01-07T17:42:16.951Z - info: Rebuilding 1 pages
2024-01-07T17:42:18.341Z - info: Site data built
2024-01-07T17:42:18.341Z - info: Pages rebuilt
2024-01-07T17:42:18.341Z - info: Website regeneration complete! Total build time: 1.392s
2024-01-07T17:42:37.793Z - info: [1:42:37 am] Reload for file change: C:\repos\nus-cs2103\cs2103-website-base\admin\ip-tasks-fragment.md
2024-01-07T17:42:37.794Z - info: Synchronizing opened pages list before reload
2024-01-07T17:42:37.794Z - info: Current opened pages, from most-to-least recent:
2024-01-07T17:42:37.794Z - info: 1. admin/ip-w2
2024-01-07T17:42:38.804Z - info: Rebuilding 1 pages
2024-01-07T17:42:40.074Z - info: Site data built
2024-01-07T17:42:40.075Z - info: Pages rebuilt
2024-01-07T17:42:40.075Z - info: Website regeneration complete! Total build time: 1.273s
2024-01-07T17:43:06.848Z - info: [1:43:06 am] Reload for file change: C:\repos\nus-cs2103\cs2103-website-base\admin\ip-tasks-fragment.md
2024-01-07T17:43:06.848Z - info: Synchronizing opened pages list before reload
2024-01-07T17:43:06.848Z - info: Current opened pages, from most-to-least recent:
2024-01-07T17:43:06.848Z - info: 1. admin/ip-w2
2024-01-07T17:43:07.859Z - info: Rebuilding 1 pages
2024-01-07T17:43:09.096Z - info: Site data built
2024-01-07T17:43:09.096Z - info: Pages rebuilt
2024-01-07T17:43:09.096Z - info: Website regeneration complete! Total build time: 1.239s
2024-01-07T17:43:33.659Z - info: [1:43:33 am] Reload for file change: C:\repos\nus-cs2103\cs2103-website-base\admin\ip-tasks-fragment.md
2024-01-07T17:43:33.660Z - info: Synchronizing opened pages list before reload
2024-01-07T17:43:33.660Z - info: Current opened pages, from most-to-least recent:
2024-01-07T17:43:33.660Z - info: 1. admin/ip-w2
2024-01-07T17:43:34.667Z - info: Rebuilding 1 pages
2024-01-07T17:43:35.874Z - info: Site data built
2024-01-07T17:43:35.874Z - info: Pages rebuilt
2024-01-07T17:43:35.874Z - info: Website regeneration complete! Total build time: 1.209s
2024-01-07T17:43:59.583Z - info: [1:43:59 am] Reload for file change: C:\repos\nus-cs2103\cs2103-website-base\admin\ip-tasks-fragment.md
2024-01-07T17:43:59.584Z - info: Synchronizing opened pages list before reload
2024-01-07T17:43:59.584Z - info: Current opened pages, from most-to-least recent:
2024-01-07T17:43:59.584Z - info: 1. admin/ip-w2
2024-01-07T17:44:00.597Z - info: Rebuilding 1 pages
2024-01-07T17:44:01.834Z - info: Site data built
2024-01-07T17:44:01.834Z - info: Pages rebuilt
2024-01-07T17:44:01.834Z - info: Website regeneration complete! Total build time: 1.238s
2024-01-07T17:49:11.646Z - info: [1:49:11 am] Reload for file change: C:\repos\nus-cs2103\cs2103-website-base\admin\ip-tasks-fragment.md
2024-01-07T17:49:11.646Z - info: Synchronizing opened pages list before reload
2024-01-07T17:49:11.646Z - info: Current opened pages, from most-to-least recent:
2024-01-07T17:49:11.646Z - info: 1. admin/ip-w2
2024-01-07T17:49:12.659Z - info: Rebuilding 1 pages
2024-01-07T17:49:13.955Z - info: Site data built
2024-01-07T17:49:13.955Z - info: Pages rebuilt
2024-01-07T17:49:13.955Z - info: Website regeneration complete! Total build time: 1.299s
2024-01-07T17:51:00.933Z - info: [1:51:00 am] Reload for file change: C:\repos\nus-cs2103\cs2103-website-base\admin\ip-tasks-fragment.md
2024-01-07T17:51:00.933Z - info: Synchronizing opened pages list before reload
2024-01-07T17:51:00.933Z - info: Current opened pages, from most-to-least recent:
2024-01-07T17:51:00.933Z - info: 1. admin/ip-w2
2024-01-07T17:51:01.937Z - info: Rebuilding 1 pages
2024-01-07T17:51:03.295Z - info: Site data built
2024-01-07T17:51:03.296Z - info: Pages rebuilt
2024-01-07T17:51:03.296Z - info: Website regeneration complete! Total build time: 1.36s
2024-01-07T17:52:45.488Z - info: [1:52:45 am] Reload for file change: C:\repos\nus-cs2103\cs2103-website-base\admin\ip-tasks-fragment.md
2024-01-07T17:52:45.489Z - info: Synchronizing opened pages list before reload
2024-01-07T17:52:45.489Z - info: Current opened pages, from most-to-least recent:
2024-01-07T17:52:45.489Z - info: 1. admin/ip-w2
2024-01-07T17:52:46.490Z - info: Rebuilding 1 pages
2024-01-07T17:52:47.730Z - info: Site data built
2024-01-07T17:52:47.730Z - info: Pages rebuilt
2024-01-07T17:52:47.730Z - info: Website regeneration complete! Total build time: 1.241s
2024-01-07T17:52:54.237Z - info: [1:52:54 am] Reload for file change: C:\repos\nus-cs2103\cs2103-website-base\admin\ip-tasks-fragment.md
2024-01-07T17:52:54.237Z - info: Synchronizing opened pages list before reload
2024-01-07T17:52:54.237Z - info: Current opened pages, from most-to-least recent:
2024-01-07T17:52:54.237Z - info: 1. admin/ip-w2
2024-01-07T17:52:55.254Z - info: Rebuilding 1 pages
2024-01-07T17:52:56.291Z - info: Site data built
2024-01-07T17:52:56.291Z - info: Pages rebuilt
2024-01-07T17:52:56.291Z - info: Website regeneration complete! Total build time: 1.038s
2024-01-07T17:53:22.824Z - info: [1:53:22 am] Reload for file change: C:\repos\nus-cs2103\cs2103-website-base\admin\ip-tasks-fragment.md
2024-01-07T17:53:22.824Z - info: Synchronizing opened pages list before reload
2024-01-07T17:53:22.825Z - info: Current opened pages, from most-to-least recent:
2024-01-07T17:53:22.825Z - info: 1. admin/ip-w2
2024-01-07T17:53:23.832Z - info: Rebuilding 1 pages
2024-01-07T17:53:25.060Z - info: Site data built
2024-01-07T17:53:25.060Z - info: Pages rebuilt
2024-01-07T17:53:25.060Z - info: Website regeneration complete! Total build time: 1.229s
2024-01-07T18:12:21.333Z - info: Website generation started at 2:12:19 am
2024-01-07T18:12:29.953Z - info: Building assets...
