2024-03-17T06:04:12.380Z - info: Website generation started at 2:04:06 pm
2024-03-17T06:04:19.935Z - info: Building assets...
2024-03-17T06:04:25.640Z - info: Assets built
2024-03-17T06:04:25.641Z - info: Generating pages...
2024-03-17T06:04:57.513Z - debug:  
2024-03-17T06:04:57.664Z - debug:  
2024-03-17T06:04:57.732Z - debug:  
2024-03-17T06:04:57.757Z - debug:  
2024-03-17T06:04:57.757Z - debug:  
2024-03-17T06:04:57.792Z - debug:  
2024-03-17T06:04:57.828Z - debug:  
2024-03-17T06:04:57.856Z - debug:  
2024-03-17T06:04:57.874Z - debug:  
2024-03-17T06:05:01.322Z - debug:  
2024-03-17T06:05:01.323Z - debug:  
2024-03-17T06:05:01.323Z - debug:  
2024-03-17T06:05:01.323Z - debug:  
2024-03-17T06:05:01.323Z - debug:  
2024-03-17T06:05:01.323Z - debug:  
2024-03-17T06:05:01.324Z - debug:  
2024-03-17T06:05:01.558Z - debug:  
2024-03-17T06:07:25.759Z - debug:  
2024-03-17T06:07:44.417Z - debug:  
2024-03-17T06:07:44.435Z - debug:  
2024-03-17T06:07:56.858Z - info: Pages built
2024-03-17T06:07:58.025Z - info: Site data built
2024-03-17T06:07:58.026Z - info: Website generation complete! Total build time: 231.555s
2024-03-17T06:07:58.026Z - info: Build success!
2024-03-17T06:11:18.977Z - info: The website has been deployed at: https://nus-cs2103-ay2324s2.github.io/website
