2024-01-17T12:35:13.463Z - info: Website generation started at 8:35:11 pm
2024-01-17T12:35:25.376Z - info: Building assets...
2024-01-17T12:35:31.951Z - info: Assets built
2024-01-17T12:35:31.953Z - info: Generating pages...
2024-01-17T12:35:47.656Z - debug:  
2024-01-17T12:35:47.657Z - debug:  
2024-01-17T12:35:47.657Z - debug:  
2024-01-17T12:35:47.657Z - debug:  
2024-01-17T12:35:47.657Z - debug:  
2024-01-17T12:35:47.658Z - debug:  
2024-01-17T12:35:47.658Z - debug:  
2024-01-17T12:35:47.658Z - debug:  
2024-01-17T12:35:47.658Z - debug:  
2024-01-17T12:35:47.658Z - debug:  
2024-01-17T12:35:47.659Z - debug:  
2024-01-17T12:35:47.659Z - debug:  
2024-01-17T12:35:47.659Z - debug:  
2024-01-17T12:35:47.659Z - debug:  
2024-01-17T12:35:47.659Z - debug:  
2024-01-17T12:35:50.877Z - debug:  
2024-01-17T12:36:19.285Z - debug:  
2024-01-17T12:37:13.294Z - info: Pages built
2024-01-17T12:37:14.592Z - info: Site data built
2024-01-17T12:37:14.592Z - info: Website generation complete! Total build time: 123.217s
2024-01-17T12:37:14.593Z - info: Build success!
2024-01-17T12:38:51.662Z - info: The website has been deployed at: https://nus-tic2002-ay2324s2.github.io/website
