2024-02-05T08:07:37.586Z - info: Website generation (lazy) started at 4:07:30 pm
2024-02-05T08:07:47.296Z - info: Building assets...
2024-02-05T08:07:53.532Z - info: Assets built
2024-02-05T08:07:53.533Z - info: Generating landing page...
2024-02-05T08:07:54.903Z - info: Landing page built, other pages will be built as you navigate to them!
2024-02-05T08:07:56.003Z - info: Site data built
2024-02-05T08:07:56.003Z - info: Website generation (lazy) complete! Total build time: 25.521s
2024-02-05T08:07:56.462Z - info: Serving "C:\repos\nus-cs2103\cs2103-website-base\_site" at http://127.0.0.1:8080
2024-02-05T08:07:56.462Z - info: Press CTRL+C to stop ...
2024-02-05T08:08:17.488Z - info: Building C:\repos\nus-cs2103\cs2103-website-base\schedule\week4\project as some of its dependencies were changed since the last visit
2024-02-05T08:08:20.056Z - info: Site data built
2024-02-05T08:08:20.057Z - info: Lazy website regeneration complete! Total build time: 2.569s
2024-02-05T08:08:33.185Z - info: Building C:\repos\nus-cs2103\cs2103-website-base\se-book-adapted\chapters\codeQuality as some of its dependencies were changed since the last visit
2024-02-05T08:08:34.509Z - info: Site data built
2024-02-05T08:08:34.510Z - info: Lazy website regeneration complete! Total build time: 1.325s
2024-02-05T08:08:53.830Z - info: Building C:\repos\nus-cs2103\cs2103-website-base\schedule\week4\topics as some of its dependencies were changed since the last visit
2024-02-05T08:09:16.265Z - debug:  
2024-02-05T08:09:16.320Z - debug:  
2024-02-05T08:09:17.881Z - debug:  
2024-02-05T08:09:17.936Z - debug:  
2024-02-05T08:09:18.227Z - debug:  
2024-02-05T08:09:18.402Z - debug:  
2024-02-05T08:09:18.451Z - debug:  
2024-02-05T08:09:18.644Z - debug:  
2024-02-05T08:09:18.663Z - debug:  
2024-02-05T08:09:18.874Z - debug:  
2024-02-05T08:09:19.060Z - debug:  
2024-02-05T08:09:19.273Z - debug:  
2024-02-05T08:09:19.531Z - info: Site data built
2024-02-05T08:09:19.531Z - info: Lazy website regeneration complete! Total build time: 25.702s
2024-02-05T08:09:37.571Z - info: [4:09:37 pm] Reload for file change: C:\repos\nus-cs2103\cs2103-website-base\admin\ip-tasks-fragment.md
2024-02-05T08:09:37.573Z - info: Synchronizing opened pages list before reload
2024-02-05T08:09:37.573Z - info: Current opened pages, from most-to-least recent:
2024-02-05T08:09:37.575Z - info: 1. schedule/week4/topics
2024-02-05T08:09:37.577Z - info: 2. se-book-adapted/chapters/codeQuality
2024-02-05T08:09:38.586Z - info: Rebuilding 1 pages
2024-02-05T08:09:40.818Z - info: Site data built
2024-02-05T08:09:40.818Z - info: Pages rebuilt
2024-02-05T08:09:40.818Z - info: Website regeneration complete! Total build time: 2.233s
2024-02-05T08:13:12.788Z - info: [4:13:12 pm] Reload for file change: C:\repos\nus-cs2103\cs2103-website-base\admin\ip-tasks-fragment.md
2024-02-05T08:13:12.789Z - info: Synchronizing opened pages list before reload
2024-02-05T08:13:12.790Z - info: Current opened pages, from most-to-least recent:
2024-02-05T08:13:12.790Z - info: 1. schedule/week4/topics
2024-02-05T08:13:12.791Z - info: 2. se-book-adapted/chapters/codeQuality
2024-02-05T08:13:13.811Z - info: Rebuilding 1 pages
2024-02-05T08:13:16.256Z - info: Site data built
2024-02-05T08:13:16.257Z - info: Pages rebuilt
2024-02-05T08:13:16.257Z - info: Website regeneration complete! Total build time: 2.448s
2024-02-05T08:13:24.188Z - info: Building C:\repos\nus-cs2103\cs2103-website-base\schedule\week4\project as some of its dependencies were changed since the last visit
2024-02-05T08:13:26.409Z - info: Site data built
2024-02-05T08:13:26.410Z - info: Lazy website regeneration complete! Total build time: 2.223s
2024-02-05T08:14:30.540Z - info: [4:14:30 pm] Reload for file change: C:\repos\nus-cs2103\cs2103-website-base\admin\ip-tasks-fragment.md
2024-02-05T08:14:30.541Z - info: Synchronizing opened pages list before reload
2024-02-05T08:14:30.541Z - info: Current opened pages, from most-to-least recent:
2024-02-05T08:14:30.542Z - info: 1. schedule/week4/project
2024-02-05T08:14:30.542Z - info: 2. se-book-adapted/chapters/codeQuality
2024-02-05T08:14:31.555Z - info: Rebuilding 1 pages
2024-02-05T08:14:33.918Z - info: Site data built
2024-02-05T08:14:33.918Z - info: Pages rebuilt
2024-02-05T08:14:33.918Z - info: Website regeneration complete! Total build time: 2.364s
2024-02-05T08:14:47.912Z - info: [4:14:47 pm] Reload for file change: C:\repos\nus-cs2103\cs2103-website-base\admin\ip-tasks-fragment.md
2024-02-05T08:14:47.913Z - info: Synchronizing opened pages list before reload
2024-02-05T08:14:47.913Z - info: Current opened pages, from most-to-least recent:
2024-02-05T08:14:47.913Z - info: 1. schedule/week4/project
2024-02-05T08:14:47.914Z - info: 2. se-book-adapted/chapters/codeQuality
2024-02-05T08:14:48.918Z - info: Rebuilding 1 pages
2024-02-05T08:14:51.010Z - info: Site data built
2024-02-05T08:14:51.010Z - info: Pages rebuilt
2024-02-05T08:14:51.011Z - info: Website regeneration complete! Total build time: 2.093s
2024-02-05T08:15:38.823Z - info: [4:15:38 pm] Reload for file change: C:\repos\nus-cs2103\cs2103-website-base\admin\ip-tasks-fragment.md
2024-02-05T08:15:38.823Z - info: Synchronizing opened pages list before reload
2024-02-05T08:15:38.823Z - info: Current opened pages, from most-to-least recent:
2024-02-05T08:15:38.824Z - info: 1. schedule/week4/project
2024-02-05T08:15:38.824Z - info: 2. se-book-adapted/chapters/codeQuality
2024-02-05T08:15:39.840Z - info: Rebuilding 1 pages
2024-02-05T08:15:42.179Z - info: Site data built
2024-02-05T08:15:42.180Z - info: Pages rebuilt
2024-02-05T08:15:42.180Z - info: Website regeneration complete! Total build time: 2.341s
2024-02-05T08:16:07.176Z - info: [4:16:07 pm] Reload for file change: C:\repos\nus-cs2103\cs2103-website-base\admin\ip-tasks-fragment.md
2024-02-05T08:16:07.178Z - info: Synchronizing opened pages list before reload
2024-02-05T08:16:07.178Z - info: Current opened pages, from most-to-least recent:
2024-02-05T08:16:07.179Z - info: 1. schedule/week4/project
2024-02-05T08:16:07.180Z - info: 2. se-book-adapted/chapters/codeQuality
2024-02-05T08:16:08.192Z - info: Rebuilding 1 pages
2024-02-05T08:16:10.910Z - info: Site data built
2024-02-05T08:16:10.911Z - info: Pages rebuilt
2024-02-05T08:16:10.911Z - info: Website regeneration complete! Total build time: 2.72s
2024-02-05T08:16:18.572Z - info: Building C:\repos\nus-cs2103\cs2103-website-base\schedule\week4\topics as some of its dependencies were changed since the last visit
2024-02-05T08:16:20.488Z - info: Site data built
2024-02-05T08:16:20.489Z - info: Lazy website regeneration complete! Total build time: 1.917s
2024-02-05T08:17:11.204Z - info: Website generation started at 4:17:08 pm
2024-02-05T08:17:19.912Z - info: Building assets...
2024-02-05T08:17:26.150Z - info: Assets built
2024-02-05T08:17:26.152Z - info: Generating pages...
2024-02-05T08:17:53.809Z - debug:  
2024-02-05T08:17:53.810Z - debug:  
2024-02-05T08:17:53.811Z - debug:  
2024-02-05T08:17:53.812Z - debug:  
2024-02-05T08:17:53.813Z - debug:  
2024-02-05T08:17:53.819Z - debug:  
2024-02-05T08:17:53.821Z - debug:  
2024-02-05T08:17:53.821Z - debug:  
2024-02-05T08:17:54.262Z - debug:  
2024-02-05T08:17:54.263Z - debug:  
2024-02-05T08:17:54.263Z - debug:  
2024-02-05T08:17:54.264Z - debug:  
2024-02-05T08:17:54.318Z - debug:  
2024-02-05T08:17:54.687Z - debug:  
2024-02-05T08:17:57.455Z - debug:  
2024-02-05T08:17:57.456Z - debug:  
2024-02-05T08:17:57.847Z - debug:  
2024-02-05T08:20:24.431Z - debug:  
2024-02-05T08:20:45.890Z - debug:  
2024-02-05T08:20:45.908Z - debug:  
2024-02-05T08:20:58.544Z - info: Pages built
2024-02-05T08:21:00.028Z - info: Site data built
2024-02-05T08:21:00.029Z - info: Website generation complete! Total build time: 231.076s
2024-02-05T08:21:00.029Z - info: Build success!
2024-02-05T08:23:40.405Z - info: The website has been deployed at: https://nus-cs2103-ay2324s2.github.io/website
2024-02-05T15:55:38.767Z - info: Website generation (lazy) started at 11:55:33 pm
2024-02-05T15:55:46.575Z - info: Building assets...
2024-02-05T15:55:51.997Z - info: Assets built
2024-02-05T15:55:51.998Z - info: Generating landing page...
2024-02-05T15:55:53.210Z - info: Landing page built, other pages will be built as you navigate to them!
2024-02-05T15:55:54.201Z - info: Site data built
2024-02-05T15:55:54.202Z - info: Website generation (lazy) complete! Total build time: 21.11s
2024-02-05T15:55:54.604Z - info: Serving "C:\repos\nus-cs2103\cs2103-website-base\_site" at http://127.0.0.1:8080
2024-02-05T15:55:54.604Z - info: Press CTRL+C to stop ...
2024-02-05T15:56:07.535Z - info: Building C:\repos\nus-cs2103\cs2103-website-base\schedule\week4\project as some of its dependencies were changed since the last visit
2024-02-05T15:56:11.116Z - info: Site data built
2024-02-05T15:56:11.116Z - info: Lazy website regeneration complete! Total build time: 3.581s
2024-02-05T15:56:33.134Z - info: Building C:\repos\nus-cs2103\cs2103-website-base\schedule\week3\project as some of its dependencies were changed since the last visit
2024-02-05T15:56:35.301Z - info: Site data built
2024-02-05T15:56:35.302Z - info: Lazy website regeneration complete! Total build time: 2.169s
2024-02-05T15:58:12.480Z - info: [11:58:12 pm] Reload for file change: C:\repos\nus-cs2103\cs2103-website-base\admin\ip-tasks-fragment.md
2024-02-05T15:58:12.481Z - info: Synchronizing opened pages list before reload
2024-02-05T15:58:12.481Z - info: Current opened pages, from most-to-least recent:
2024-02-05T15:58:12.482Z - info: 1. schedule/week3/project
2024-02-05T15:58:13.498Z - info: Rebuilding 1 pages
2024-02-05T15:58:15.373Z - info: Site data built
2024-02-05T15:58:15.374Z - info: Pages rebuilt
2024-02-05T15:58:15.374Z - info: Website regeneration complete! Total build time: 1.877s
2024-02-05T15:58:37.007Z - info: [11:58:37 pm] Reload for file change: C:\repos\nus-cs2103\cs2103-website-base\admin\ip-tasks-fragment.md
2024-02-05T15:58:37.007Z - info: Synchronizing opened pages list before reload
2024-02-05T15:58:37.008Z - info: Current opened pages, from most-to-least recent:
2024-02-05T15:58:37.008Z - info: 1. schedule/week3/project
2024-02-05T15:58:38.015Z - info: Rebuilding 1 pages
2024-02-05T15:58:39.909Z - info: Site data built
2024-02-05T15:58:39.910Z - info: Pages rebuilt
2024-02-05T15:58:39.910Z - info: Website regeneration complete! Total build time: 1.896s
