2024-04-03T02:19:08.172Z - info: Website generation (lazy) started at 10:19:01 am
2024-04-03T02:19:18.628Z - info: Building assets...
2024-04-03T02:19:24.584Z - info: Assets built
2024-04-03T02:19:24.585Z - info: Generating landing page...
2024-04-03T02:19:26.152Z - info: Landing page built, other pages will be built as you navigate to them!
2024-04-03T02:19:27.418Z - info: Site data built
2024-04-03T02:19:27.419Z - info: Website generation (lazy) complete! Total build time: 25.759s
2024-04-03T02:19:27.859Z - info: Serving "C:\repos\nus-cs2103\cs2103-website-base\_site" at http://127.0.0.1:8080
2024-04-03T02:19:27.859Z - info: Press CTRL+C to stop ...
2024-04-03T02:20:17.789Z - info: [10:20:17 am] Reload for file change: C:\repos\nus-cs2103\cs2103-website-base\admin\tp-grading-bugs-fragment.md
2024-04-03T02:20:17.791Z - info: Synchronizing opened pages list before reload
2024-04-03T02:20:17.792Z - info: Current opened pages, from most-to-least recent:
2024-04-03T02:20:17.793Z - info: 1. index
2024-04-03T02:20:18.805Z - info: Assets built
2024-04-03T02:23:25.125Z - info: [10:23:25 am] Reload for file change: C:\repos\nus-cs2103\cs2103-website-base\admin\tp-ped-fragment.md
2024-04-03T02:23:25.126Z - info: Synchronizing opened pages list before reload
2024-04-03T02:23:25.127Z - info: Current opened pages, from most-to-least recent:
2024-04-03T02:23:25.127Z - info: 1. index
2024-04-03T02:23:26.138Z - info: Assets built
2024-04-03T02:23:28.235Z - info: Building C:\repos\nus-cs2103\cs2103-website-base\admin\tp-ped as some of its dependencies were changed since the last visit
2024-04-03T02:23:29.718Z - info: Site data built
2024-04-03T02:23:29.719Z - info: Lazy website regeneration complete! Total build time: 1.485s
2024-04-03T02:25:12.913Z - info: [10:25:12 am] Reload for file change: C:\repos\nus-cs2103\cs2103-website-base\admin\tp-ped-fragment.md
2024-04-03T02:25:12.914Z - info: Synchronizing opened pages list before reload
2024-04-03T02:25:12.914Z - info: Current opened pages, from most-to-least recent:
2024-04-03T02:25:12.915Z - info: 1. admin/tp-ped
2024-04-03T02:25:13.938Z - info: Rebuilding 1 pages
2024-04-03T02:25:15.090Z - info: Site data built
2024-04-03T02:25:15.090Z - info: Pages rebuilt
2024-04-03T02:25:15.090Z - info: Website regeneration complete! Total build time: 1.154s
2024-04-03T02:46:42.050Z - info: [10:46:42 am] Reload for file change: C:\repos\nus-cs2103\cs2103-website-base\admin\tp-ped-fragment.md
2024-04-03T02:46:42.050Z - info: Synchronizing opened pages list before reload
2024-04-03T02:46:42.051Z - info: Current opened pages, from most-to-least recent:
2024-04-03T02:46:42.051Z - info: 1. admin/tp-ped
2024-04-03T02:46:43.061Z - info: Rebuilding 1 pages
2024-04-03T02:46:44.318Z - info: Site data built
2024-04-03T02:46:44.318Z - info: Pages rebuilt
2024-04-03T02:46:44.318Z - info: Website regeneration complete! Total build time: 1.259s
2024-04-03T02:47:39.378Z - info: Website generation started at 10:47:37 am
2024-04-03T02:47:47.401Z - info: Building assets...
