2024-04-07T10:39:43.496Z - info: Website generation (lazy) started at 6:39:34 pm
2024-04-07T10:39:52.480Z - info: Building assets...
2024-04-07T10:39:58.232Z - info: Assets built
2024-04-07T10:39:58.233Z - info: Generating landing page...
2024-04-07T10:39:59.290Z - info: Landing page built, other pages will be built as you navigate to them!
2024-04-07T10:40:00.365Z - info: Site data built
2024-04-07T10:40:00.365Z - info: Website generation (lazy) complete! Total build time: 25.629s
2024-04-07T10:40:00.774Z - info: Serving "C:\repos\nus-cs2103\cs2103-website-base\_site" at http://127.0.0.1:8080
2024-04-07T10:40:00.774Z - info: Press CTRL+C to stop ...
2024-04-07T10:40:02.669Z - info: [6:40:02 pm] Reload for file change: C:\repos\nus-cs2103\cs2103-website-base\admin\tp-tasks-fragment.md
2024-04-07T10:40:02.670Z - info: Synchronizing opened pages list before reload
2024-04-07T10:40:02.672Z - info: No pages are currently opened
2024-04-07T10:40:03.751Z - info: No pages needed to be rebuilt
2024-04-07T10:40:10.414Z - info: Building C:\repos\nus-cs2103\cs2103-website-base\schedule\week12\project as some of its dependencies were changed since the last visit
2024-04-07T10:40:17.701Z - info: Site data built
2024-04-07T10:40:17.701Z - info: Lazy website regeneration complete! Total build time: 7.287s
2024-04-07T10:41:15.735Z - info: Website generation started at 6:41:13 pm
2024-04-07T10:41:25.201Z - info: Building assets...
2024-04-07T10:41:31.164Z - info: Assets built
2024-04-07T10:41:31.165Z - info: Generating pages...
2024-04-07T10:41:53.550Z - debug:  
2024-04-07T10:41:53.551Z - debug:  
2024-04-07T10:41:53.552Z - debug:  
2024-04-07T10:41:53.553Z - debug:  
2024-04-07T10:41:53.554Z - debug:  
2024-04-07T10:41:53.555Z - debug:  
2024-04-07T10:41:53.555Z - debug:  
2024-04-07T10:41:53.555Z - debug:  
2024-04-07T10:41:53.556Z - debug:  
2024-04-07T10:41:53.818Z - debug:  
2024-04-07T10:41:53.818Z - debug:  
2024-04-07T10:41:53.819Z - debug:  
2024-04-07T10:41:53.837Z - debug:  
2024-04-07T10:41:53.890Z - debug:  
2024-04-07T10:41:53.935Z - debug:  
2024-04-07T10:41:56.121Z - debug:  
2024-04-07T10:41:56.326Z - debug:  
2024-04-07T10:43:59.719Z - debug:  
2024-04-07T10:44:21.579Z - debug:  
2024-04-07T10:44:21.621Z - debug:  
2024-04-07T10:44:33.440Z - info: Pages built
2024-04-07T10:44:34.478Z - info: Site data built
2024-04-07T10:44:34.478Z - info: Website generation complete! Total build time: 200.994s
2024-04-07T10:44:34.479Z - info: Build success!
2024-04-07T10:47:03.343Z - info: The website has been deployed at: https://nus-cs2103-ay2324s2.github.io/website
2024-04-07T12:27:44.378Z - info: Website generation (lazy) started at 8:27:36 pm
2024-04-07T12:27:53.721Z - info: Building assets...
2024-04-07T12:28:00.436Z - info: Assets built
2024-04-07T12:28:00.437Z - info: Generating landing page...
2024-04-07T12:28:01.520Z - info: Landing page built, other pages will be built as you navigate to them!
2024-04-07T12:28:02.556Z - info: Site data built
2024-04-07T12:28:02.557Z - info: Website generation (lazy) complete! Total build time: 26.098s
2024-04-07T12:28:02.679Z - info: Serving "C:\repos\nus-cs2103\cs2103-website-base\_site" at http://127.0.0.1:8080
2024-04-07T12:28:02.679Z - info: Press CTRL+C to stop ...
2024-04-07T12:30:29.182Z - info: Building C:\repos\nus-cs2103\cs2103-website-base\schedule\week12\project as some of its dependencies were changed since the last visit
2024-04-07T12:30:33.011Z - info: Site data built
2024-04-07T12:30:33.012Z - info: Lazy website regeneration complete! Total build time: 3.831s
2024-04-07T12:31:00.817Z - info: Building C:\repos\nus-cs2103\cs2103-website-base\admin\index as some of its dependencies were changed since the last visit
2024-04-07T12:31:01.430Z - info: Site data built
2024-04-07T12:31:01.430Z - info: Lazy website regeneration complete! Total build time: 0.613s
2024-04-07T12:31:07.589Z - info: Building C:\repos\nus-cs2103\cs2103-website-base\admin\tp-pe as some of its dependencies were changed since the last visit
2024-04-07T12:31:08.529Z - info: Site data built
2024-04-07T12:31:08.530Z - info: Lazy website regeneration complete! Total build time: 0.941s
2024-04-07T12:32:40.223Z - info: Building C:\repos\nus-cs2103\cs2103-website-base\admin\appendixB-policies as some of its dependencies were changed since the last visit
2024-04-07T12:32:40.944Z - info: Site data built
2024-04-07T12:32:40.945Z - info: Lazy website regeneration complete! Total build time: 0.722s
2024-04-07T12:36:29.046Z - info: [8:36:29 pm] Reload for file change: C:\repos\nus-cs2103\cs2103-website-base\admin\policies-fragment.md
2024-04-07T12:36:29.047Z - info: Synchronizing opened pages list before reload
2024-04-07T12:36:29.047Z - info: Current opened pages, from most-to-least recent:
2024-04-07T12:36:29.048Z - info: 1. admin/appendixB-policies
2024-04-07T12:36:30.069Z - info: Rebuilding 1 pages
2024-04-07T12:36:30.656Z - info: Site data built
2024-04-07T12:36:30.656Z - info: Pages rebuilt
2024-04-07T12:36:30.657Z - info: Website regeneration complete! Total build time: 0.591s
2024-04-07T12:38:19.527Z - info: [8:38:19 pm] Reload for file change: C:\repos\nus-cs2103\cs2103-website-base\admin\policies-fragment.md
2024-04-07T12:38:19.528Z - info: Synchronizing opened pages list before reload
2024-04-07T12:38:19.528Z - info: Current opened pages, from most-to-least recent:
2024-04-07T12:38:19.529Z - info: 1. admin/appendixB-policies
2024-04-07T12:38:20.541Z - info: Rebuilding 1 pages
2024-04-07T12:38:21.158Z - info: Site data built
2024-04-07T12:38:21.158Z - info: Pages rebuilt
2024-04-07T12:38:21.158Z - info: Website regeneration complete! Total build time: 0.618s
2024-04-07T12:43:06.564Z - info: [8:43:06 pm] Reload for file change: C:\repos\nus-cs2103\cs2103-website-base\admin\policies-fragment.md
2024-04-07T12:43:06.564Z - info: Synchronizing opened pages list before reload
2024-04-07T12:43:06.565Z - info: Current opened pages, from most-to-least recent:
2024-04-07T12:43:06.565Z - info: 1. admin/appendixB-policies
2024-04-07T12:43:07.585Z - info: Rebuilding 1 pages
2024-04-07T12:43:08.237Z - info: Site data built
2024-04-07T12:43:08.237Z - info: Pages rebuilt
2024-04-07T12:43:08.237Z - info: Website regeneration complete! Total build time: 0.654s
2024-04-07T12:43:27.067Z - info: [8:43:27 pm] Reload for file change: C:\repos\nus-cs2103\cs2103-website-base\admin\policies-fragment.md
2024-04-07T12:43:27.068Z - info: Synchronizing opened pages list before reload
2024-04-07T12:43:27.068Z - info: Current opened pages, from most-to-least recent:
2024-04-07T12:43:27.069Z - info: 1. admin/appendixB-policies
2024-04-07T12:43:28.074Z - info: Rebuilding 1 pages
2024-04-07T12:43:28.671Z - info: Site data built
2024-04-07T12:43:28.671Z - info: Pages rebuilt
2024-04-07T12:43:28.671Z - info: Website regeneration complete! Total build time: 0.598s
2024-04-07T12:43:48.664Z - info: [8:43:48 pm] Reload for file change: C:\repos\nus-cs2103\cs2103-website-base\admin\policies-fragment.md
2024-04-07T12:43:48.665Z - info: Synchronizing opened pages list before reload
2024-04-07T12:43:48.665Z - info: Current opened pages, from most-to-least recent:
2024-04-07T12:43:48.666Z - info: 1. admin/appendixB-policies
2024-04-07T12:43:49.678Z - info: Rebuilding 1 pages
2024-04-07T12:43:50.161Z - info: Site data built
2024-04-07T12:43:50.162Z - info: Pages rebuilt
2024-04-07T12:43:50.162Z - info: Website regeneration complete! Total build time: 0.485s
2024-04-07T12:44:36.039Z - info: [8:44:36 pm] Reload for file change: C:\repos\nus-cs2103\cs2103-website-base\admin\policies-fragment.md
2024-04-07T12:44:36.040Z - info: Synchronizing opened pages list before reload
2024-04-07T12:44:36.040Z - info: Current opened pages, from most-to-least recent:
2024-04-07T12:44:36.041Z - info: 1. admin/appendixB-policies
2024-04-07T12:44:37.049Z - info: Rebuilding 1 pages
2024-04-07T12:44:37.644Z - info: Site data built
2024-04-07T12:44:37.644Z - info: Pages rebuilt
2024-04-07T12:44:37.644Z - info: Website regeneration complete! Total build time: 0.597s
2024-04-07T12:45:02.008Z - info: [8:45:02 pm] Reload for file change: C:\repos\nus-cs2103\cs2103-website-base\admin\policies-fragment.md
2024-04-07T12:45:02.009Z - info: Synchronizing opened pages list before reload
2024-04-07T12:45:02.009Z - info: Current opened pages, from most-to-least recent:
2024-04-07T12:45:02.009Z - info: 1. admin/appendixB-policies
2024-04-07T12:45:03.028Z - info: Rebuilding 1 pages
2024-04-07T12:45:03.511Z - info: Site data built
2024-04-07T12:45:03.511Z - info: Pages rebuilt
2024-04-07T12:45:03.512Z - info: Website regeneration complete! Total build time: 0.486s
2024-04-07T12:45:56.774Z - info: [8:45:56 pm] Reload for file change: C:\repos\nus-cs2103\cs2103-website-base\admin\policies-fragment.md
2024-04-07T12:45:56.775Z - info: Synchronizing opened pages list before reload
2024-04-07T12:45:56.775Z - info: Current opened pages, from most-to-least recent:
2024-04-07T12:45:56.776Z - info: 1. admin/appendixB-policies
2024-04-07T12:45:57.793Z - info: Rebuilding 1 pages
2024-04-07T12:45:58.383Z - info: Site data built
2024-04-07T12:45:58.384Z - info: Pages rebuilt
2024-04-07T12:45:58.384Z - info: Website regeneration complete! Total build time: 0.592s
2024-04-07T12:47:27.149Z - info: Website generation started at 8:47:25 pm
2024-04-07T12:47:34.313Z - info: Building assets...
