2024-04-06T02:08:45.759Z - info: Website generation started at 10:08:39 am
2024-04-06T02:08:54.386Z - info: Building assets...
2024-04-06T02:08:59.850Z - info: Assets built
2024-04-06T02:08:59.852Z - info: Generating pages...
2024-04-06T02:09:24.321Z - debug:  
2024-04-06T02:09:24.324Z - debug:  
2024-04-06T02:09:24.325Z - debug:  
2024-04-06T02:09:24.328Z - debug:  
2024-04-06T02:09:24.334Z - debug:  
2024-04-06T02:09:24.335Z - debug:  
2024-04-06T02:09:24.335Z - debug:  
2024-04-06T02:09:24.336Z - debug:  
2024-04-06T02:09:24.337Z - debug:  
2024-04-06T02:09:25.145Z - debug:  
2024-04-06T02:09:25.272Z - debug:  
2024-04-06T02:09:25.307Z - debug:  
2024-04-06T02:09:25.347Z - debug:  
2024-04-06T02:09:25.348Z - debug:  
2024-04-06T02:09:29.297Z - debug:  
2024-04-06T02:09:29.297Z - debug:  
2024-04-06T02:09:29.735Z - debug:  
2024-04-06T02:11:37.473Z - debug:  
2024-04-06T02:11:51.805Z - debug:  
2024-04-06T02:11:51.823Z - debug:  
2024-04-06T02:12:04.551Z - info: Pages built
2024-04-06T02:12:05.710Z - info: Site data built
2024-04-06T02:12:05.711Z - info: Website generation complete! Total build time: 206.056s
2024-04-06T02:12:05.711Z - info: Build success!
2024-04-06T02:14:34.459Z - info: The website has been deployed at: https://nus-cs2103-ay2324s2.github.io/website
2024-04-06T06:07:34.933Z - info: Website generation started at 2:07:28 pm
2024-04-06T06:07:44.761Z - info: Building assets...
