2024-03-27T14:20:27.421Z - info: Website generation started at 10:20:19 pm
2024-03-27T14:20:35.340Z - info: Building assets...
2024-03-27T14:20:40.358Z - info: Assets built
2024-03-27T14:20:40.360Z - info: Generating pages...
2024-03-27T14:21:05.052Z - debug:  
2024-03-27T14:21:05.053Z - debug:  
2024-03-27T14:21:05.054Z - debug:  
2024-03-27T14:21:05.161Z - debug:  
2024-03-27T14:21:07.101Z - debug:  
2024-03-27T14:21:07.105Z - debug:  
2024-03-27T14:21:07.106Z - debug:  
2024-03-27T14:21:07.107Z - debug:  
2024-03-27T14:21:07.108Z - debug:  
2024-03-27T14:21:07.108Z - debug:  
2024-03-27T14:21:07.108Z - debug:  
2024-03-27T14:21:07.108Z - debug:  
2024-03-27T14:21:07.108Z - debug:  
2024-03-27T14:21:07.108Z - debug:  
2024-03-27T14:21:07.108Z - debug:  
2024-03-27T14:21:11.313Z - debug:  
2024-03-27T14:21:50.207Z - debug:  
2024-03-27T14:22:54.655Z - info: Pages built
2024-03-27T14:22:55.798Z - info: Site data built
2024-03-27T14:22:55.798Z - info: Website generation complete! Total build time: 156.41s
2024-03-27T14:22:55.799Z - info: Build success!
2024-03-27T14:24:46.474Z - info: The website has been deployed at: https://nus-tic2002-ay2324s2.github.io/website
