2024-01-08T16:11:08.818Z - info: Website generation (lazy) started at 12:11:07 am
2024-01-08T16:11:17.939Z - info: Building assets...
2024-01-08T16:11:24.074Z - info: Assets built
2024-01-08T16:11:24.075Z - info: Generating landing page...
2024-01-08T16:11:24.621Z - info: Landing page built, other pages will be built as you navigate to them!
2024-01-08T16:11:25.443Z - info: Site data built
2024-01-08T16:11:25.443Z - info: Website generation (lazy) complete! Total build time: 18.267s
2024-01-08T16:11:26.253Z - info: Serving "C:\repos\nus-cs2103\cs2103-website-base\_site" at http://127.0.0.1:8080
2024-01-08T16:11:26.253Z - info: Press CTRL+C to stop ...
2024-01-09T11:12:57.225Z - info: Website generation (lazy) started at 7:12:55 pm
2024-01-09T11:13:07.789Z - info: Building assets...
2024-01-09T11:13:13.976Z - info: Assets built
2024-01-09T11:13:13.977Z - info: Generating landing page...
2024-01-09T11:13:14.557Z - info: Landing page built, other pages will be built as you navigate to them!
2024-01-09T11:13:15.402Z - info: Site data built
2024-01-09T11:13:15.403Z - info: Website generation (lazy) complete! Total build time: 19.981s
2024-01-09T11:13:16.385Z - info: Serving "C:\repos\nus-cs2103\cs2103-website-base\_site" at http://127.0.0.1:8080
2024-01-09T11:13:16.385Z - info: Press CTRL+C to stop ...
2024-01-09T11:46:35.671Z - info: Building C:\repos\nus-cs2103\cs2103-website-base\se-book-adapted\index as some of its dependencies were changed since the last visit
2024-01-09T11:46:35.968Z - info: Site data built
2024-01-09T11:46:35.968Z - info: Lazy website regeneration complete! Total build time: 0.298s
2024-01-09T11:46:40.765Z - info: Building C:\repos\nus-cs2103\cs2103-website-base\se-book-adapted\chapters\uml as some of its dependencies were changed since the last visit
2024-01-09T11:46:50.974Z - debug:  
2024-01-09T11:46:50.980Z - debug:  
2024-01-09T11:46:50.986Z - debug:  
2024-01-09T11:46:50.992Z - debug:  
2024-01-09T11:46:51.059Z - debug:  
2024-01-09T11:46:51.264Z - debug:  
2024-01-09T11:46:51.269Z - debug:  
2024-01-09T11:46:51.273Z - debug:  
2024-01-09T11:46:51.367Z - debug:  
2024-01-09T11:46:51.390Z - debug:  
2024-01-09T11:46:51.407Z - debug:  
2024-01-09T11:46:51.478Z - debug:  
2024-01-09T11:46:51.493Z - debug:  
2024-01-09T11:46:51.674Z - debug:  
2024-01-09T11:46:51.950Z - info: Site data built
2024-01-09T11:46:51.950Z - info: Lazy website regeneration complete! Total build time: 11.186s
2024-01-09T12:02:56.375Z - info: [8:02:56 pm] Reload for file change: C:\repos\nus-cs2103\cs2103-website-base\book\uml\sequenceDiagrams\basic\text.md
2024-01-09T12:02:56.375Z - info: Synchronizing opened pages list before reload
2024-01-09T12:02:56.375Z - info: Current opened pages, from most-to-least recent:
2024-01-09T12:02:56.376Z - info: 1. se-book-adapted/chapters/uml
2024-01-09T12:02:57.379Z - info: Rebuilding 1 pages
2024-01-09T12:02:58.480Z - info: Site data built
2024-01-09T12:02:58.480Z - info: Pages rebuilt
2024-01-09T12:02:58.480Z - info: Website regeneration complete! Total build time: 1.102s
2024-01-09T12:04:41.958Z - info: [8:04:41 pm] Reload for file change: C:\repos\nus-cs2103\cs2103-website-base\book\uml\sequenceDiagrams\basic\text.md
2024-01-09T12:04:41.959Z - info: Synchronizing opened pages list before reload
2024-01-09T12:04:41.959Z - info: Current opened pages, from most-to-least recent:
2024-01-09T12:04:41.959Z - info: 1. se-book-adapted/chapters/uml
2024-01-09T12:04:42.975Z - info: Rebuilding 1 pages
2024-01-09T12:04:44.012Z - info: Site data built
2024-01-09T12:04:44.012Z - info: Pages rebuilt
2024-01-09T12:04:44.012Z - info: Website regeneration complete! Total build time: 1.038s
2024-01-09T12:13:38.223Z - info: [8:13:38 pm] Reload for file change: C:\repos\nus-cs2103\cs2103-website-base\book\uml\sequenceDiagrams\basic\text.md
2024-01-09T12:13:38.224Z - info: Synchronizing opened pages list before reload
2024-01-09T12:13:38.224Z - info: Current opened pages, from most-to-least recent:
2024-01-09T12:13:38.224Z - info: 1. se-book-adapted/chapters/uml
2024-01-09T12:13:39.236Z - info: Rebuilding 1 pages
2024-01-09T12:13:40.347Z - info: Site data built
2024-01-09T12:13:40.347Z - info: Pages rebuilt
2024-01-09T12:13:40.347Z - info: Website regeneration complete! Total build time: 1.113s
2024-01-09T12:14:09.987Z - info: [8:14:09 pm] Reload for file change: C:\repos\nus-cs2103\cs2103-website-base\book\uml\sequenceDiagrams\basic\text.md
2024-01-09T12:14:09.988Z - info: Synchronizing opened pages list before reload
2024-01-09T12:14:09.988Z - info: Current opened pages, from most-to-least recent:
2024-01-09T12:14:09.988Z - info: 1. se-book-adapted/chapters/uml
2024-01-09T12:14:11.004Z - info: Rebuilding 1 pages
2024-01-09T12:14:12.046Z - info: Site data built
2024-01-09T12:14:12.047Z - info: Pages rebuilt
2024-01-09T12:14:12.047Z - info: Website regeneration complete! Total build time: 1.045s
2024-01-09T12:17:30.775Z - info: [8:17:30 pm] Reload for file change: C:\repos\nus-cs2103\cs2103-website-base\book\uml\sequenceDiagrams\basic\text.md
2024-01-09T12:17:30.776Z - info: Synchronizing opened pages list before reload
2024-01-09T12:17:30.776Z - info: Current opened pages, from most-to-least recent:
2024-01-09T12:17:30.776Z - info: 1. se-book-adapted/chapters/uml
2024-01-09T12:17:31.790Z - info: Rebuilding 1 pages
2024-01-09T12:17:32.797Z - info: Site data built
2024-01-09T12:17:32.797Z - info: Pages rebuilt
2024-01-09T12:17:32.797Z - info: Website regeneration complete! Total build time: 1.008s
2024-01-09T12:20:16.503Z - info: [8:20:16 pm] Reload for file change: C:\repos\nus-cs2103\cs2103-website-base\book\uml\sequenceDiagrams\basic\text.md
2024-01-09T12:20:16.504Z - info: Synchronizing opened pages list before reload
2024-01-09T12:20:16.504Z - info: Current opened pages, from most-to-least recent:
2024-01-09T12:20:16.504Z - info: 1. se-book-adapted/chapters/uml
2024-01-09T12:20:17.512Z - info: Rebuilding 1 pages
2024-01-09T12:20:18.570Z - info: Site data built
2024-01-09T12:20:18.570Z - info: Pages rebuilt
2024-01-09T12:20:18.570Z - info: Website regeneration complete! Total build time: 1.06s
2024-01-09T12:21:11.805Z - info: [8:21:11 pm] Reload for file change: C:\repos\nus-cs2103\cs2103-website-base\book\uml\sequenceDiagrams\basic\text.md
2024-01-09T12:21:11.805Z - info: Synchronizing opened pages list before reload
2024-01-09T12:21:11.805Z - info: Current opened pages, from most-to-least recent:
2024-01-09T12:21:11.805Z - info: 1. se-book-adapted/chapters/uml
2024-01-09T12:21:12.810Z - info: Rebuilding 1 pages
2024-01-09T12:21:13.806Z - info: Site data built
2024-01-09T12:21:13.806Z - info: Pages rebuilt
2024-01-09T12:21:13.807Z - info: Website regeneration complete! Total build time: 0.998s
2024-01-09T12:23:21.359Z - info: [8:23:21 pm] Reload for file add: C:\repos\nus-cs2103\cs2103-website-base\book\diagrams\uml\sequenceDiagrams\basicNotation\~$notation.pptx
2024-01-09T12:23:21.360Z - info: Synchronizing opened pages list before reload
2024-01-09T12:23:21.360Z - info: Current opened pages, from most-to-least recent:
2024-01-09T12:23:21.360Z - info: 1. se-book-adapted/chapters/uml
2024-01-09T12:23:26.374Z - info: Assets built
2024-01-09T12:23:44.649Z - info: [8:23:44 pm] Reload for file add: C:\repos\nus-cs2103\cs2103-website-base\book\diagrams\uml\sequenceDiagrams\basicNotation\~$arrowhead-style.pptx
2024-01-09T12:23:44.649Z - info: Synchronizing opened pages list before reload
2024-01-09T12:23:44.649Z - info: Current opened pages, from most-to-least recent:
2024-01-09T12:23:44.649Z - info: 1. se-book-adapted/chapters/uml
2024-01-09T12:23:48.502Z - info: [8:23:48 pm] Reload for file add: C:\repos\nus-cs2103\cs2103-website-base\book\diagrams\uml\sequenceDiagrams\basicNotation\arrowhead-style.pptx
2024-01-09T12:23:48.502Z - info: Synchronizing opened pages list before reload
2024-01-09T12:23:48.502Z - info: Current opened pages, from most-to-least recent:
2024-01-09T12:23:48.502Z - info: 1. se-book-adapted/chapters/uml
2024-01-09T12:23:52.154Z - info: Assets built
2024-01-09T12:23:52.270Z - info: [8:23:52 pm] Reload for file deletion: C:\repos\nus-cs2103\cs2103-website-base\book\diagrams\uml\sequenceDiagrams\basicNotation\~$notation.pptx
2024-01-09T12:23:52.270Z - info: Synchronizing opened pages list before reload
2024-01-09T12:23:52.270Z - info: Current opened pages, from most-to-least recent:
2024-01-09T12:23:52.271Z - info: 1. se-book-adapted/chapters/uml
2024-01-09T12:23:56.946Z - debug: Assets removed
2024-01-09T12:27:34.959Z - info: [8:27:34 pm] Reload for file add: C:\repos\nus-cs2103\cs2103-website-base\book\uml\sequenceDiagrams\basic\images\filled-arrowhead.png
2024-01-09T12:27:34.959Z - info: Synchronizing opened pages list before reload
2024-01-09T12:27:34.959Z - info: Current opened pages, from most-to-least recent:
2024-01-09T12:27:34.959Z - info: 1. se-book-adapted/chapters/uml
2024-01-09T12:27:39.782Z - info: Assets built
2024-01-09T12:28:28.024Z - info: [8:28:28 pm] Reload for file change: C:\repos\nus-cs2103\cs2103-website-base\book\uml\sequenceDiagrams\basic\text.md
2024-01-09T12:28:28.024Z - info: Synchronizing opened pages list before reload
2024-01-09T12:28:28.024Z - info: Current opened pages, from most-to-least recent:
2024-01-09T12:28:28.024Z - info: 1. se-book-adapted/chapters/uml
2024-01-09T12:28:29.036Z - info: Rebuilding 1 pages
2024-01-09T12:28:30.388Z - info: Site data built
2024-01-09T12:28:30.389Z - info: Pages rebuilt
2024-01-09T12:28:30.389Z - info: Website regeneration complete! Total build time: 1.354s
2024-01-09T12:28:55.734Z - info: [8:28:55 pm] Reload for file change: C:\repos\nus-cs2103\cs2103-website-base\book\uml\sequenceDiagrams\basic\text.md
2024-01-09T12:28:55.734Z - info: Synchronizing opened pages list before reload
2024-01-09T12:28:55.734Z - info: Current opened pages, from most-to-least recent:
2024-01-09T12:28:55.734Z - info: 1. se-book-adapted/chapters/uml
2024-01-09T12:28:56.750Z - info: Rebuilding 1 pages
2024-01-09T12:28:57.820Z - info: Site data built
2024-01-09T12:28:57.821Z - info: Pages rebuilt
2024-01-09T12:28:57.821Z - info: Website regeneration complete! Total build time: 1.072s
2024-01-09T12:29:05.553Z - info: [8:29:05 pm] Reload for file change: C:\repos\nus-cs2103\cs2103-website-base\book\uml\sequenceDiagrams\basic\text.md
2024-01-09T12:29:05.553Z - info: Synchronizing opened pages list before reload
2024-01-09T12:29:05.554Z - info: Current opened pages, from most-to-least recent:
2024-01-09T12:29:05.554Z - info: 1. se-book-adapted/chapters/uml
2024-01-09T12:29:06.567Z - info: Rebuilding 1 pages
2024-01-09T12:29:07.435Z - info: Site data built
2024-01-09T12:29:07.435Z - info: Pages rebuilt
2024-01-09T12:29:07.435Z - info: Website regeneration complete! Total build time: 0.868s
2024-01-09T12:29:12.488Z - info: [8:29:12 pm] Reload for file change: C:\repos\nus-cs2103\cs2103-website-base\book\uml\sequenceDiagrams\basic\text.md
2024-01-09T12:29:12.488Z - info: Synchronizing opened pages list before reload
2024-01-09T12:29:12.488Z - info: Current opened pages, from most-to-least recent:
2024-01-09T12:29:12.488Z - info: 1. se-book-adapted/chapters/uml
2024-01-09T12:29:13.493Z - info: Rebuilding 1 pages
2024-01-09T12:29:14.334Z - info: Site data built
2024-01-09T12:29:14.334Z - info: Pages rebuilt
2024-01-09T12:29:14.334Z - info: Website regeneration complete! Total build time: 0.841s
2024-01-09T12:29:27.859Z - info: [8:29:27 pm] Reload for file change: C:\repos\nus-cs2103\cs2103-website-base\book\uml\sequenceDiagrams\basic\text.md
2024-01-09T12:29:27.859Z - info: Synchronizing opened pages list before reload
2024-01-09T12:29:27.859Z - info: Current opened pages, from most-to-least recent:
2024-01-09T12:29:27.859Z - info: 1. se-book-adapted/chapters/uml
2024-01-09T12:29:28.876Z - info: Rebuilding 1 pages
2024-01-09T12:29:29.692Z - info: Site data built
2024-01-09T12:29:29.692Z - info: Pages rebuilt
2024-01-09T12:29:29.692Z - info: Website regeneration complete! Total build time: 0.817s
2024-01-09T12:29:49.706Z - info: [8:29:49 pm] Reload for file add: C:\repos\nus-cs2103\cs2103-website-base\book\uml\sequenceDiagrams\basic\images\lined-arrowhead.png
2024-01-09T12:29:49.706Z - info: Synchronizing opened pages list before reload
2024-01-09T12:29:49.706Z - info: Current opened pages, from most-to-least recent:
2024-01-09T12:29:49.707Z - info: 1. se-book-adapted/chapters/uml
2024-01-09T12:29:54.580Z - info: Assets built
2024-01-09T12:30:14.484Z - info: [8:30:14 pm] Reload for file change: C:\repos\nus-cs2103\cs2103-website-base\book\uml\sequenceDiagrams\basic\text.md
2024-01-09T12:30:14.484Z - info: Synchronizing opened pages list before reload
2024-01-09T12:30:14.485Z - info: Current opened pages, from most-to-least recent:
2024-01-09T12:30:14.485Z - info: 1. se-book-adapted/chapters/uml
2024-01-09T12:30:15.497Z - info: Rebuilding 1 pages
2024-01-09T12:30:16.544Z - info: Site data built
2024-01-09T12:30:16.544Z - info: Pages rebuilt
2024-01-09T12:30:16.544Z - info: Website regeneration complete! Total build time: 1.049s
2024-01-09T12:31:54.282Z - info: [8:31:54 pm] Reload for file change: C:\repos\nus-cs2103\cs2103-website-base\book\uml\sequenceDiagrams\basic\text.md
2024-01-09T12:31:54.282Z - info: Synchronizing opened pages list before reload
2024-01-09T12:31:54.282Z - info: Current opened pages, from most-to-least recent:
2024-01-09T12:31:54.282Z - info: 1. se-book-adapted/chapters/uml
2024-01-09T12:31:55.293Z - info: Rebuilding 1 pages
2024-01-09T12:31:56.323Z - info: Site data built
2024-01-09T12:31:56.323Z - info: Pages rebuilt
2024-01-09T12:31:56.323Z - info: Website regeneration complete! Total build time: 1.032s
2024-01-09T12:33:22.735Z - info: [8:33:22 pm] Reload for file change: C:\repos\nus-cs2103\cs2103-website-base\book\uml\sequenceDiagrams\basic\text.md
2024-01-09T12:33:22.735Z - info: Synchronizing opened pages list before reload
2024-01-09T12:33:22.735Z - info: Current opened pages, from most-to-least recent:
2024-01-09T12:33:22.735Z - info: 1. se-book-adapted/chapters/uml
2024-01-09T12:33:23.747Z - info: Rebuilding 1 pages
2024-01-09T12:33:24.751Z - info: Site data built
2024-01-09T12:33:24.751Z - info: Pages rebuilt
2024-01-09T12:33:24.751Z - info: Website regeneration complete! Total build time: 1.006s
2024-01-09T12:36:06.840Z - info: [8:36:06 pm] Reload for file change: C:\repos\nus-cs2103\cs2103-website-base\book\uml\sequenceDiagrams\basic\text.md
2024-01-09T12:36:06.841Z - info: Synchronizing opened pages list before reload
2024-01-09T12:36:06.841Z - info: Current opened pages, from most-to-least recent:
2024-01-09T12:36:06.841Z - info: 1. se-book-adapted/chapters/uml
2024-01-09T12:36:07.854Z - info: Rebuilding 1 pages
2024-01-09T12:36:08.895Z - info: Site data built
2024-01-09T12:36:08.895Z - info: Pages rebuilt
2024-01-09T12:36:08.895Z - info: Website regeneration complete! Total build time: 1.043s
2024-01-09T12:38:10.418Z - info: [8:38:10 pm] Reload for file change: C:\repos\nus-cs2103\cs2103-website-base\book\uml\sequenceDiagrams\basic\text.md
2024-01-09T12:38:10.419Z - info: Synchronizing opened pages list before reload
2024-01-09T12:38:10.419Z - info: Current opened pages, from most-to-least recent:
2024-01-09T12:38:10.420Z - info: 1. se-book-adapted/chapters/uml
2024-01-09T12:38:11.438Z - info: Rebuilding 1 pages
2024-01-09T12:38:12.450Z - info: Site data built
2024-01-09T12:38:12.450Z - info: Pages rebuilt
2024-01-09T12:38:12.450Z - info: Website regeneration complete! Total build time: 1.013s
2024-01-09T12:38:20.412Z - info: [8:38:20 pm] Reload for file change: C:\repos\nus-cs2103\cs2103-website-base\book\uml\sequenceDiagrams\basic\text.md
2024-01-09T12:38:20.412Z - info: Synchronizing opened pages list before reload
2024-01-09T12:38:20.413Z - info: Current opened pages, from most-to-least recent:
2024-01-09T12:38:20.413Z - info: 1. se-book-adapted/chapters/uml
2024-01-09T12:38:21.418Z - info: Rebuilding 1 pages
2024-01-09T12:38:22.258Z - info: Site data built
2024-01-09T12:38:22.258Z - info: Pages rebuilt
2024-01-09T12:38:22.258Z - info: Website regeneration complete! Total build time: 0.842s
2024-01-09T12:39:13.494Z - info: [8:39:13 pm] Reload for file change: C:\repos\nus-cs2103\cs2103-website-base\book\uml\sequenceDiagrams\basic\text.md
2024-01-09T12:39:13.494Z - info: Synchronizing opened pages list before reload
2024-01-09T12:39:13.495Z - info: Current opened pages, from most-to-least recent:
2024-01-09T12:39:13.495Z - info: 1. se-book-adapted/chapters/uml
2024-01-09T12:39:14.515Z - info: Rebuilding 1 pages
2024-01-09T12:39:15.539Z - info: Site data built
2024-01-09T12:39:15.539Z - info: Pages rebuilt
2024-01-09T12:39:15.539Z - info: Website regeneration complete! Total build time: 1.025s
2024-01-09T12:40:59.888Z - info: [8:40:59 pm] Reload for file change: C:\repos\nus-cs2103\cs2103-website-base\book\uml\sequenceDiagrams\basic\text.md
2024-01-09T12:40:59.888Z - info: Synchronizing opened pages list before reload
2024-01-09T12:40:59.889Z - info: Current opened pages, from most-to-least recent:
2024-01-09T12:40:59.889Z - info: 1. se-book-adapted/chapters/uml
2024-01-09T12:41:00.896Z - info: Rebuilding 1 pages
2024-01-09T12:41:01.885Z - info: Site data built
2024-01-09T12:41:01.886Z - info: Pages rebuilt
2024-01-09T12:41:01.886Z - info: Website regeneration complete! Total build time: 0.991s
2024-01-09T12:41:24.447Z - info: [8:41:24 pm] Reload for file change: C:\repos\nus-cs2103\cs2103-website-base\book\uml\sequenceDiagrams\basic\text.md
2024-01-09T12:41:24.448Z - info: Synchronizing opened pages list before reload
2024-01-09T12:41:24.448Z - info: Current opened pages, from most-to-least recent:
2024-01-09T12:41:24.448Z - info: 1. se-book-adapted/chapters/uml
2024-01-09T12:41:25.457Z - info: Rebuilding 1 pages
2024-01-09T12:41:26.452Z - info: Site data built
2024-01-09T12:41:26.452Z - info: Pages rebuilt
2024-01-09T12:41:26.452Z - info: Website regeneration complete! Total build time: 0.997s
2024-01-09T12:44:17.608Z - info: [8:44:17 pm] Reload for file change: C:\repos\nus-cs2103\cs2103-website-base\book\uml\sequenceDiagrams\objectDeletion\text.md
2024-01-09T12:44:17.609Z - info: Synchronizing opened pages list before reload
2024-01-09T12:44:17.609Z - info: Current opened pages, from most-to-least recent:
2024-01-09T12:44:17.609Z - info: 1. se-book-adapted/chapters/uml
2024-01-09T12:44:18.617Z - info: Rebuilding 1 pages
2024-01-09T12:44:19.667Z - info: Site data built
2024-01-09T12:44:19.668Z - info: Pages rebuilt
2024-01-09T12:44:19.668Z - info: Website regeneration complete! Total build time: 1.053s
2024-01-09T12:44:47.873Z - info: [8:44:47 pm] Reload for file change: C:\repos\nus-cs2103\cs2103-website-base\book\uml\sequenceDiagrams\objectDeletion\text.md
2024-01-09T12:44:47.874Z - info: Synchronizing opened pages list before reload
2024-01-09T12:44:47.874Z - info: Current opened pages, from most-to-least recent:
2024-01-09T12:44:47.874Z - info: 1. se-book-adapted/chapters/uml
2024-01-09T12:44:48.881Z - info: Rebuilding 1 pages
2024-01-09T12:44:49.930Z - info: Site data built
2024-01-09T12:44:49.930Z - info: Pages rebuilt
2024-01-09T12:44:49.930Z - info: Website regeneration complete! Total build time: 1.051s
2024-01-09T12:45:00.865Z - info: [8:45:00 pm] Reload for file change: C:\repos\nus-cs2103\cs2103-website-base\book\uml\sequenceDiagrams\objectDeletion\text.md
2024-01-09T12:45:00.866Z - info: Synchronizing opened pages list before reload
2024-01-09T12:45:00.866Z - info: Current opened pages, from most-to-least recent:
2024-01-09T12:45:00.866Z - info: 1. se-book-adapted/chapters/uml
2024-01-09T12:45:01.879Z - info: Rebuilding 1 pages
2024-01-09T12:45:02.734Z - info: Site data built
2024-01-09T12:45:02.734Z - info: Pages rebuilt
2024-01-09T12:45:02.734Z - info: Website regeneration complete! Total build time: 0.857s
2024-01-09T12:46:43.489Z - info: [8:46:43 pm] Reload for file change: C:\repos\nus-cs2103\cs2103-website-base\book\uml\sequenceDiagrams\objectDeletion\text.md
2024-01-09T12:46:43.489Z - info: Synchronizing opened pages list before reload
2024-01-09T12:46:43.489Z - info: Current opened pages, from most-to-least recent:
2024-01-09T12:46:43.489Z - info: 1. se-book-adapted/chapters/uml
2024-01-09T12:46:44.498Z - info: Rebuilding 1 pages
2024-01-09T12:46:45.625Z - info: Site data built
2024-01-09T12:46:45.625Z - info: Pages rebuilt
2024-01-09T12:46:45.625Z - info: Website regeneration complete! Total build time: 1.129s
2024-01-09T12:47:58.714Z - info: [8:47:58 pm] Reload for file change: C:\repos\nus-cs2103\cs2103-website-base\book\uml\sequenceDiagrams\objectDeletion\text.md
2024-01-09T12:47:58.714Z - info: Synchronizing opened pages list before reload
2024-01-09T12:47:58.714Z - info: Current opened pages, from most-to-least recent:
2024-01-09T12:47:58.714Z - info: 1. se-book-adapted/chapters/uml
2024-01-09T12:47:59.732Z - info: Rebuilding 1 pages
2024-01-09T12:48:00.740Z - info: Site data built
2024-01-09T12:48:00.741Z - info: Pages rebuilt
2024-01-09T12:48:00.741Z - info: Website regeneration complete! Total build time: 1.012s
2024-01-09T12:48:39.051Z - info: [8:48:39 pm] Reload for file change: C:\repos\nus-cs2103\cs2103-website-base\book\uml\sequenceDiagrams\objectDeletion\text.md
2024-01-09T12:48:39.051Z - info: Synchronizing opened pages list before reload
2024-01-09T12:48:39.051Z - info: Current opened pages, from most-to-least recent:
2024-01-09T12:48:39.051Z - info: 1. se-book-adapted/chapters/uml
2024-01-09T12:48:40.071Z - info: Rebuilding 1 pages
2024-01-09T12:48:41.100Z - info: Site data built
2024-01-09T12:48:41.100Z - info: Pages rebuilt
2024-01-09T12:48:41.100Z - info: Website regeneration complete! Total build time: 1.031s
2024-01-09T12:48:54.196Z - info: [8:48:54 pm] Reload for file change: C:\repos\nus-cs2103\cs2103-website-base\book\uml\sequenceDiagrams\objectDeletion\text.md
2024-01-09T12:48:54.196Z - info: Synchronizing opened pages list before reload
2024-01-09T12:48:54.196Z - info: Current opened pages, from most-to-least recent:
2024-01-09T12:48:54.196Z - info: 1. se-book-adapted/chapters/uml
2024-01-09T12:48:55.214Z - info: Rebuilding 1 pages
2024-01-09T12:48:56.075Z - info: Site data built
2024-01-09T12:48:56.075Z - info: Pages rebuilt
2024-01-09T12:48:56.075Z - info: Website regeneration complete! Total build time: 0.864s
2024-01-09T12:49:21.893Z - info: [8:49:21 pm] Reload for file change: C:\repos\nus-cs2103\cs2103-website-base\book\uml\sequenceDiagrams\objectDeletion\text.md
2024-01-09T12:49:21.893Z - info: Synchronizing opened pages list before reload
2024-01-09T12:49:21.893Z - info: Current opened pages, from most-to-least recent:
2024-01-09T12:49:21.893Z - info: 1. se-book-adapted/chapters/uml
2024-01-09T12:49:22.911Z - info: Rebuilding 1 pages
2024-01-09T12:49:23.935Z - info: Site data built
2024-01-09T12:49:23.935Z - info: Pages rebuilt
2024-01-09T12:49:23.935Z - info: Website regeneration complete! Total build time: 1.025s
2024-01-09T12:51:28.840Z - info: [8:51:28 pm] Reload for file change: C:\repos\nus-cs2103\cs2103-website-base\book\uml\sequenceDiagrams\objectDeletion\text.md
2024-01-09T12:51:28.841Z - info: Synchronizing opened pages list before reload
2024-01-09T12:51:28.841Z - info: Current opened pages, from most-to-least recent:
2024-01-09T12:51:28.841Z - info: 1. se-book-adapted/chapters/uml
2024-01-09T12:51:29.855Z - info: Rebuilding 1 pages
2024-01-09T12:51:30.865Z - info: Site data built
2024-01-09T12:51:30.865Z - info: Pages rebuilt
2024-01-09T12:51:30.865Z - info: Website regeneration complete! Total build time: 1.011s
2024-01-09T12:53:06.107Z - info: [8:53:06 pm] Reload for file change: C:\repos\nus-cs2103\cs2103-website-base\book\uml\sequenceDiagrams\objectDeletion\text.md
2024-01-09T12:53:06.107Z - info: Synchronizing opened pages list before reload
2024-01-09T12:53:06.107Z - info: Current opened pages, from most-to-least recent:
2024-01-09T12:53:06.107Z - info: 1. se-book-adapted/chapters/uml
2024-01-09T12:53:07.122Z - info: Rebuilding 1 pages
2024-01-09T12:53:08.276Z - info: Site data built
2024-01-09T12:53:08.276Z - info: Pages rebuilt
2024-01-09T12:53:08.277Z - info: Website regeneration complete! Total build time: 1.156s
2024-01-09T12:54:02.655Z - info: [8:54:02 pm] Reload for file change: C:\repos\nus-cs2103\cs2103-website-base\book\uml\sequenceDiagrams\objectDeletion\text.md
2024-01-09T12:54:02.655Z - info: Synchronizing opened pages list before reload
2024-01-09T12:54:02.655Z - info: Current opened pages, from most-to-least recent:
2024-01-09T12:54:02.656Z - info: 1. se-book-adapted/chapters/uml
2024-01-09T12:54:03.668Z - info: Rebuilding 1 pages
2024-01-09T12:54:04.697Z - info: Site data built
2024-01-09T12:54:04.697Z - info: Pages rebuilt
2024-01-09T12:54:04.697Z - info: Website regeneration complete! Total build time: 1.03s
2024-01-09T12:54:05.447Z - info: [8:54:05 pm] Reload for file add: C:\repos\nus-cs2103\cs2103-website-base\book\diagrams\uml\sequenceDiagrams\basicNotation\ppt2C73.tmp
2024-01-09T12:54:05.447Z - info: Synchronizing opened pages list before reload
2024-01-09T12:54:05.447Z - info: Current opened pages, from most-to-least recent:
2024-01-09T12:54:05.447Z - info: 1. se-book-adapted/chapters/uml
2024-01-09T12:54:09.328Z - info: [8:54:09 pm] Reload for file change: C:\repos\nus-cs2103\cs2103-website-base\book\diagrams\uml\sequenceDiagrams\basicNotation\arrowhead-style.pptx
2024-01-09T12:54:09.328Z - info: Synchronizing opened pages list before reload
2024-01-09T12:54:09.328Z - info: Current opened pages, from most-to-least recent:
2024-01-09T12:54:09.328Z - info: 1. se-book-adapted/chapters/uml
2024-01-09T12:54:09.423Z - info: [8:54:09 pm] Reload for file deletion: C:\repos\nus-cs2103\cs2103-website-base\book\diagrams\uml\sequenceDiagrams\basicNotation\~$arrowhead-style.pptx
2024-01-09T12:54:09.423Z - info: Synchronizing opened pages list before reload
2024-01-09T12:54:09.423Z - info: Current opened pages, from most-to-least recent:
2024-01-09T12:54:09.424Z - info: 1. se-book-adapted/chapters/uml
2024-01-09T12:54:09.424Z - info: [8:54:09 pm] Reload for file deletion: C:\repos\nus-cs2103\cs2103-website-base\book\diagrams\uml\sequenceDiagrams\basicNotation\ppt2C73.tmp
2024-01-09T12:54:09.424Z - info: Synchronizing opened pages list before reload
2024-01-09T12:54:09.424Z - info: Current opened pages, from most-to-least recent:
2024-01-09T12:54:09.424Z - info: 1. se-book-adapted/chapters/uml
2024-01-09T12:54:16.832Z - info: Assets built
2024-01-09T12:54:16.833Z - debug: Assets removed
2024-01-09T12:54:20.454Z - info: [8:54:20 pm] Reload for file add: C:\repos\nus-cs2103\cs2103-website-base\book\diagrams\uml\sequenceDiagrams\objectDeletion\~$logicMinefield.pptx
2024-01-09T12:54:20.454Z - info: Synchronizing opened pages list before reload
2024-01-09T12:54:20.454Z - info: Current opened pages, from most-to-least recent:
2024-01-09T12:54:20.454Z - info: 1. se-book-adapted/chapters/uml
2024-01-09T12:54:25.167Z - info: Assets built
2024-01-09T12:54:49.919Z - info: [8:54:49 pm] Reload for file add: C:\repos\nus-cs2103\cs2103-website-base\book\diagrams\uml\sequenceDiagrams\objectDeletion\~$chefCookDish.pptx
2024-01-09T12:54:49.919Z - info: Synchronizing opened pages list before reload
2024-01-09T12:54:49.919Z - info: Current opened pages, from most-to-least recent:
2024-01-09T12:54:49.919Z - info: 1. se-book-adapted/chapters/uml
2024-01-09T12:54:53.739Z - info: [8:54:53 pm] Reload for file add: C:\repos\nus-cs2103\cs2103-website-base\book\diagrams\uml\sequenceDiagrams\objectDeletion\chefCookDish.pptx
2024-01-09T12:54:53.739Z - info: Synchronizing opened pages list before reload
2024-01-09T12:54:53.739Z - info: Current opened pages, from most-to-least recent:
2024-01-09T12:54:53.739Z - info: 1. se-book-adapted/chapters/uml
2024-01-09T12:54:57.429Z - info: Assets built
2024-01-09T12:54:57.541Z - info: [8:54:57 pm] Reload for file deletion: C:\repos\nus-cs2103\cs2103-website-base\book\diagrams\uml\sequenceDiagrams\objectDeletion\~$logicMinefield.pptx
2024-01-09T12:54:57.542Z - info: Synchronizing opened pages list before reload
2024-01-09T12:54:57.542Z - info: Current opened pages, from most-to-least recent:
2024-01-09T12:54:57.542Z - info: 1. se-book-adapted/chapters/uml
2024-01-09T12:55:02.220Z - debug: Assets removed
2024-01-09T12:58:44.997Z - info: [8:58:44 pm] Reload for file add: C:\repos\nus-cs2103\cs2103-website-base\book\diagrams\uml\sequenceDiagrams\objectDeletion\ppt705D.tmp
2024-01-09T12:58:44.997Z - info: Synchronizing opened pages list before reload
2024-01-09T12:58:44.997Z - info: Current opened pages, from most-to-least recent:
2024-01-09T12:58:44.997Z - info: 1. se-book-adapted/chapters/uml
2024-01-09T12:58:48.769Z - info: [8:58:48 pm] Reload for file change: C:\repos\nus-cs2103\cs2103-website-base\book\diagrams\uml\sequenceDiagrams\objectDeletion\chefCookDish.pptx
2024-01-09T12:58:48.769Z - info: Synchronizing opened pages list before reload
2024-01-09T12:58:48.769Z - info: Current opened pages, from most-to-least recent:
2024-01-09T12:58:48.770Z - info: 1. se-book-adapted/chapters/uml
2024-01-09T12:58:48.868Z - info: [8:58:48 pm] Reload for file deletion: C:\repos\nus-cs2103\cs2103-website-base\book\diagrams\uml\sequenceDiagrams\objectDeletion\ppt705D.tmp
2024-01-09T12:58:48.868Z - info: Synchronizing opened pages list before reload
2024-01-09T12:58:48.869Z - info: Current opened pages, from most-to-least recent:
2024-01-09T12:58:48.869Z - info: 1. se-book-adapted/chapters/uml
2024-01-09T12:58:52.524Z - info: Assets built
2024-01-09T12:58:53.529Z - debug: Assets removed
2024-01-09T12:59:21.841Z - info: [8:59:21 pm] Reload for file add: C:\repos\nus-cs2103\cs2103-website-base\book\diagrams\uml\sequenceDiagrams\objectDeletion\ppt5A.tmp
2024-01-09T12:59:21.841Z - info: Synchronizing opened pages list before reload
2024-01-09T12:59:21.841Z - info: Current opened pages, from most-to-least recent:
2024-01-09T12:59:21.841Z - info: 1. se-book-adapted/chapters/uml
2024-01-09T12:59:25.499Z - info: [8:59:25 pm] Reload for file change: C:\repos\nus-cs2103\cs2103-website-base\book\diagrams\uml\sequenceDiagrams\objectDeletion\chefCookDish.pptx
2024-01-09T12:59:25.499Z - info: Synchronizing opened pages list before reload
2024-01-09T12:59:25.499Z - info: Current opened pages, from most-to-least recent:
2024-01-09T12:59:25.499Z - info: 1. se-book-adapted/chapters/uml
2024-01-09T12:59:25.600Z - info: [8:59:25 pm] Reload for file deletion: C:\repos\nus-cs2103\cs2103-website-base\book\diagrams\uml\sequenceDiagrams\objectDeletion\ppt5A.tmp
2024-01-09T12:59:25.600Z - info: Synchronizing opened pages list before reload
2024-01-09T12:59:25.600Z - info: Current opened pages, from most-to-least recent:
2024-01-09T12:59:25.601Z - info: 1. se-book-adapted/chapters/uml
2024-01-09T12:59:29.244Z - info: Assets built
2024-01-09T12:59:30.246Z - debug: Assets removed
2024-01-09T13:00:11.859Z - info: [9:00:11 pm] Reload for file add: C:\repos\nus-cs2103\cs2103-website-base\book\uml\sequenceDiagrams\objectDeletion\images\chefCookDish.png
2024-01-09T13:00:11.859Z - info: Synchronizing opened pages list before reload
2024-01-09T13:00:11.859Z - info: Current opened pages, from most-to-least recent:
2024-01-09T13:00:11.859Z - info: 1. se-book-adapted/chapters/uml
2024-01-09T13:00:15.674Z - info: [9:00:15 pm] Reload for file change: C:\repos\nus-cs2103\cs2103-website-base\book\uml\sequenceDiagrams\objectDeletion\images\chefCookDish.png
2024-01-09T13:00:15.674Z - info: Synchronizing opened pages list before reload
2024-01-09T13:00:15.674Z - info: Current opened pages, from most-to-least recent:
2024-01-09T13:00:15.674Z - info: 1. se-book-adapted/chapters/uml
2024-01-09T13:00:16.693Z - info: Assets built
2024-01-09T13:00:28.557Z - info: [9:00:28 pm] Reload for file change: C:\repos\nus-cs2103\cs2103-website-base\book\uml\sequenceDiagrams\objectDeletion\text.md
2024-01-09T13:00:28.557Z - info: Synchronizing opened pages list before reload
2024-01-09T13:00:28.557Z - info: Current opened pages, from most-to-least recent:
2024-01-09T13:00:28.557Z - info: 1. se-book-adapted/chapters/uml
2024-01-09T13:00:29.571Z - info: Rebuilding 1 pages
2024-01-09T13:00:30.595Z - info: Site data built
2024-01-09T13:00:30.596Z - info: Pages rebuilt
2024-01-09T13:00:30.596Z - info: Website regeneration complete! Total build time: 1.027s
2024-01-09T13:02:12.550Z - info: [9:02:12 pm] Reload for file change: C:\repos\nus-cs2103\cs2103-website-base\book\uml\sequenceDiagrams\objectDeletion\text.md
2024-01-09T13:02:12.550Z - info: Synchronizing opened pages list before reload
2024-01-09T13:02:12.550Z - info: Current opened pages, from most-to-least recent:
2024-01-09T13:02:12.551Z - info: 1. se-book-adapted/chapters/uml
2024-01-09T13:02:13.557Z - info: Rebuilding 1 pages
2024-01-09T13:02:14.590Z - info: Site data built
2024-01-09T13:02:14.591Z - info: Pages rebuilt
2024-01-09T13:02:14.591Z - info: Website regeneration complete! Total build time: 1.036s
2024-01-09T13:02:46.139Z - info: [9:02:46 pm] Reload for file change: C:\repos\nus-cs2103\cs2103-website-base\book\uml\sequenceDiagrams\objectDeletion\text.md
2024-01-09T13:02:46.139Z - info: Synchronizing opened pages list before reload
2024-01-09T13:02:46.139Z - info: Current opened pages, from most-to-least recent:
2024-01-09T13:02:46.139Z - info: 1. se-book-adapted/chapters/uml
2024-01-09T13:02:47.145Z - info: Rebuilding 1 pages
2024-01-09T13:02:48.262Z - info: Site data built
2024-01-09T13:02:48.262Z - info: Pages rebuilt
2024-01-09T13:02:48.262Z - info: Website regeneration complete! Total build time: 1.118s
2024-01-09T13:03:07.825Z - info: [9:03:07 pm] Reload for file change: C:\repos\nus-cs2103\cs2103-website-base\book\uml\sequenceDiagrams\objectDeletion\text.md
2024-01-09T13:03:07.825Z - info: Synchronizing opened pages list before reload
2024-01-09T13:03:07.826Z - info: Current opened pages, from most-to-least recent:
2024-01-09T13:03:07.826Z - info: 1. se-book-adapted/chapters/uml
2024-01-09T13:03:08.837Z - info: Rebuilding 1 pages
2024-01-09T13:03:09.932Z - info: Site data built
2024-01-09T13:03:09.932Z - info: Pages rebuilt
2024-01-09T13:03:09.932Z - info: Website regeneration complete! Total build time: 1.097s
2024-01-09T13:03:56.272Z - info: [9:03:56 pm] Reload for file change: C:\repos\nus-cs2103\cs2103-website-base\book\uml\sequenceDiagrams\objectDeletion\text.md
2024-01-09T13:03:56.272Z - info: Synchronizing opened pages list before reload
2024-01-09T13:03:56.272Z - info: Current opened pages, from most-to-least recent:
2024-01-09T13:03:56.272Z - info: 1. se-book-adapted/chapters/uml
2024-01-09T13:03:57.286Z - info: Rebuilding 1 pages
2024-01-09T13:03:58.340Z - info: Site data built
2024-01-09T13:03:58.340Z - info: Pages rebuilt
2024-01-09T13:03:58.340Z - info: Website regeneration complete! Total build time: 1.056s
2024-01-09T13:05:04.379Z - info: [9:05:04 pm] Reload for file change: C:\repos\nus-cs2103\cs2103-website-base\book\uml\sequenceDiagrams\objectDeletion\text.md
2024-01-09T13:05:04.380Z - info: Synchronizing opened pages list before reload
2024-01-09T13:05:04.380Z - info: Current opened pages, from most-to-least recent:
2024-01-09T13:05:04.380Z - info: 1. se-book-adapted/chapters/uml
2024-01-09T13:05:05.387Z - info: Rebuilding 1 pages
2024-01-09T13:05:06.410Z - info: Site data built
2024-01-09T13:05:06.410Z - info: Pages rebuilt
2024-01-09T13:05:06.410Z - info: Website regeneration complete! Total build time: 1.024s
2024-01-09T13:06:03.355Z - info: [9:06:03 pm] Reload for file change: C:\repos\nus-cs2103\cs2103-website-base\book\uml\sequenceDiagrams\objectDeletion\text.md
2024-01-09T13:06:03.355Z - info: Synchronizing opened pages list before reload
2024-01-09T13:06:03.356Z - info: Current opened pages, from most-to-least recent:
2024-01-09T13:06:03.356Z - info: 1. se-book-adapted/chapters/uml
2024-01-09T13:06:04.372Z - info: Rebuilding 1 pages
2024-01-09T13:06:05.380Z - info: Site data built
2024-01-09T13:06:05.380Z - info: Pages rebuilt
2024-01-09T13:06:05.380Z - info: Website regeneration complete! Total build time: 1.01s
2024-01-09T13:07:24.280Z - info: [9:07:24 pm] Reload for file change: C:\repos\nus-cs2103\cs2103-website-base\book\uml\sequenceDiagrams\selfInvocation\text.md
2024-01-09T13:07:24.280Z - info: Synchronizing opened pages list before reload
2024-01-09T13:07:24.280Z - info: Current opened pages, from most-to-least recent:
2024-01-09T13:07:24.280Z - info: 1. se-book-adapted/chapters/uml
2024-01-09T13:07:25.290Z - info: Rebuilding 1 pages
2024-01-09T13:07:26.318Z - info: Site data built
2024-01-09T13:07:26.318Z - info: Pages rebuilt
2024-01-09T13:07:26.318Z - info: Website regeneration complete! Total build time: 1.029s
2024-01-09T13:07:32.794Z - info: [9:07:32 pm] Reload for file change: C:\repos\nus-cs2103\cs2103-website-base\book\uml\sequenceDiagrams\selfInvocation\text.md
2024-01-09T13:07:32.794Z - info: Synchronizing opened pages list before reload
2024-01-09T13:07:32.794Z - info: Current opened pages, from most-to-least recent:
2024-01-09T13:07:32.794Z - info: 1. se-book-adapted/chapters/uml
2024-01-09T13:07:33.797Z - info: Rebuilding 1 pages
2024-01-09T13:07:34.663Z - info: Site data built
2024-01-09T13:07:34.663Z - info: Pages rebuilt
2024-01-09T13:07:34.663Z - info: Website regeneration complete! Total build time: 0.867s
2024-01-09T13:07:40.607Z - info: [9:07:40 pm] Reload for file change: C:\repos\nus-cs2103\cs2103-website-base\book\uml\sequenceDiagrams\selfInvocation\text.md
2024-01-09T13:07:40.607Z - info: Synchronizing opened pages list before reload
2024-01-09T13:07:40.607Z - info: Current opened pages, from most-to-least recent:
2024-01-09T13:07:40.607Z - info: 1. se-book-adapted/chapters/uml
2024-01-09T13:07:41.623Z - info: Rebuilding 1 pages
2024-01-09T13:07:42.450Z - info: Site data built
2024-01-09T13:07:42.450Z - info: Pages rebuilt
2024-01-09T13:07:42.450Z - info: Website regeneration complete! Total build time: 0.827s
2024-01-09T13:08:03.695Z - info: [9:08:03 pm] Reload for file change: C:\repos\nus-cs2103\cs2103-website-base\book\uml\sequenceDiagrams\selfInvocation\text.md
2024-01-09T13:08:03.695Z - info: Synchronizing opened pages list before reload
2024-01-09T13:08:03.695Z - info: Current opened pages, from most-to-least recent:
2024-01-09T13:08:03.695Z - info: 1. se-book-adapted/chapters/uml
2024-01-09T13:08:04.703Z - info: Rebuilding 1 pages
2024-01-09T13:08:05.705Z - info: Site data built
2024-01-09T13:08:05.705Z - info: Pages rebuilt
2024-01-09T13:08:05.705Z - info: Website regeneration complete! Total build time: 1.002s
2024-01-09T13:08:12.437Z - info: [9:08:12 pm] Reload for file change: C:\repos\nus-cs2103\cs2103-website-base\book\uml\sequenceDiagrams\selfInvocation\text.md
2024-01-09T13:08:12.438Z - info: Synchronizing opened pages list before reload
2024-01-09T13:08:12.438Z - info: Current opened pages, from most-to-least recent:
2024-01-09T13:08:12.438Z - info: 1. se-book-adapted/chapters/uml
2024-01-09T13:08:13.442Z - info: Rebuilding 1 pages
2024-01-09T13:08:14.309Z - info: Site data built
2024-01-09T13:08:14.310Z - info: Pages rebuilt
2024-01-09T13:08:14.310Z - info: Website regeneration complete! Total build time: 0.869s
2024-01-09T13:11:54.963Z - info: [9:11:54 pm] Reload for file deletion: C:\repos\nus-cs2103\cs2103-website-base\book\diagrams\uml\sequenceDiagrams\objectDeletion\~$chefCookDish.pptx
2024-01-09T13:11:54.963Z - info: Synchronizing opened pages list before reload
2024-01-09T13:11:54.963Z - info: Current opened pages, from most-to-least recent:
2024-01-09T13:11:54.964Z - info: 1. se-book-adapted/chapters/uml
2024-01-09T13:11:59.158Z - debug: Assets removed
2024-01-09T13:12:55.844Z - info: [9:12:55 pm] Reload for file add: C:\repos\nus-cs2103\cs2103-website-base\book\diagrams\uml\sequenceDiagrams\basicNotation\~$notation.pptx
2024-01-09T13:12:55.844Z - info: Synchronizing opened pages list before reload
2024-01-09T13:12:55.845Z - info: Current opened pages, from most-to-least recent:
2024-01-09T13:12:55.845Z - info: 1. se-book-adapted/chapters/uml
2024-01-09T13:13:00.413Z - info: Assets built
2024-01-09T13:14:19.286Z - info: [9:14:19 pm] Reload for file add: C:\repos\nus-cs2103\cs2103-website-base\book\diagrams\uml\sequenceDiagrams\basicNotation\pptB1F6.tmp
2024-01-09T13:14:19.286Z - info: Synchronizing opened pages list before reload
2024-01-09T13:14:19.286Z - info: Current opened pages, from most-to-least recent:
2024-01-09T13:14:19.286Z - info: 1. se-book-adapted/chapters/uml
2024-01-09T13:14:22.121Z - info: [9:14:22 pm] Reload for file change: C:\repos\nus-cs2103\cs2103-website-base\book\diagrams\uml\sequenceDiagrams\basicNotation\notation.pptx
2024-01-09T13:14:22.121Z - info: Synchronizing opened pages list before reload
2024-01-09T13:14:22.121Z - info: Current opened pages, from most-to-least recent:
2024-01-09T13:14:22.121Z - info: 1. se-book-adapted/chapters/uml
2024-01-09T13:14:22.220Z - info: [9:14:22 pm] Reload for file deletion: C:\repos\nus-cs2103\cs2103-website-base\book\diagrams\uml\sequenceDiagrams\basicNotation\pptB1F6.tmp
2024-01-09T13:14:22.220Z - info: Synchronizing opened pages list before reload
2024-01-09T13:14:22.220Z - info: Current opened pages, from most-to-least recent:
2024-01-09T13:14:22.220Z - info: 1. se-book-adapted/chapters/uml
2024-01-09T13:14:25.209Z - info: Assets built
2024-01-09T13:14:26.209Z - debug: Assets removed
2024-01-09T13:15:10.628Z - info: [9:15:10 pm] Reload for file change: C:\repos\nus-cs2103\cs2103-website-base\book\uml\sequenceDiagrams\basic\images\notation.png
2024-01-09T13:15:10.628Z - info: Synchronizing opened pages list before reload
2024-01-09T13:15:10.628Z - info: Current opened pages, from most-to-least recent:
2024-01-09T13:15:10.628Z - info: 1. se-book-adapted/chapters/uml
2024-01-09T13:15:10.696Z - info: [9:15:10 pm] Reload for file change: C:\repos\nus-cs2103\cs2103-website-base\book\uml\sequenceDiagrams\basic\images\notation.png
2024-01-09T13:15:10.696Z - info: Synchronizing opened pages list before reload
2024-01-09T13:15:10.696Z - info: Current opened pages, from most-to-least recent:
2024-01-09T13:15:10.696Z - info: 1. se-book-adapted/chapters/uml
2024-01-09T13:15:11.661Z - info: Assets built
2024-01-09T13:15:53.258Z - info: [9:15:53 pm] Reload for file deletion: C:\repos\nus-cs2103\cs2103-website-base\book\diagrams\uml\sequenceDiagrams\basicNotation\~$notation.pptx
2024-01-09T13:15:53.259Z - info: Synchronizing opened pages list before reload
2024-01-09T13:15:53.259Z - info: Current opened pages, from most-to-least recent:
2024-01-09T13:15:53.259Z - info: 1. se-book-adapted/chapters/uml
2024-01-09T13:15:57.199Z - debug: Assets removed
2024-01-09T13:16:03.482Z - info: [9:16:03 pm] Reload for file add: C:\repos\nus-cs2103\cs2103-website-base\book\diagrams\uml\sequenceDiagrams\basicNotation\~$playerText.pptx
2024-01-09T13:16:03.482Z - info: Synchronizing opened pages list before reload
2024-01-09T13:16:03.482Z - info: Current opened pages, from most-to-least recent:
2024-01-09T13:16:03.482Z - info: 1. se-book-adapted/chapters/uml
2024-01-09T13:16:07.914Z - info: Assets built
2024-01-09T13:17:12.626Z - info: [9:17:12 pm] Reload for file add: C:\repos\nus-cs2103\cs2103-website-base\book\diagrams\uml\sequenceDiagrams\basicNotation\ppt5725.tmp
2024-01-09T13:17:12.626Z - info: Synchronizing opened pages list before reload
2024-01-09T13:17:12.626Z - info: Current opened pages, from most-to-least recent:
2024-01-09T13:17:12.627Z - info: 1. se-book-adapted/chapters/uml
2024-01-09T13:17:15.566Z - info: [9:17:15 pm] Reload for file change: C:\repos\nus-cs2103\cs2103-website-base\book\diagrams\uml\sequenceDiagrams\basicNotation\playerText.pptx
2024-01-09T13:17:15.566Z - info: Synchronizing opened pages list before reload
2024-01-09T13:17:15.566Z - info: Current opened pages, from most-to-least recent:
2024-01-09T13:17:15.566Z - info: 1. se-book-adapted/chapters/uml
2024-01-09T13:17:15.669Z - info: [9:17:15 pm] Reload for file deletion: C:\repos\nus-cs2103\cs2103-website-base\book\diagrams\uml\sequenceDiagrams\basicNotation\ppt5725.tmp
2024-01-09T13:17:15.669Z - info: Synchronizing opened pages list before reload
2024-01-09T13:17:15.669Z - info: Current opened pages, from most-to-least recent:
2024-01-09T13:17:15.669Z - info: 1. se-book-adapted/chapters/uml
2024-01-09T13:17:18.549Z - info: Assets built
2024-01-09T13:17:19.557Z - debug: Assets removed
2024-01-09T13:17:36.840Z - info: [9:17:36 pm] Reload for file change: C:\repos\nus-cs2103\cs2103-website-base\book\uml\sequenceDiagrams\basic\images\playerText.png
2024-01-09T13:17:36.840Z - info: Synchronizing opened pages list before reload
2024-01-09T13:17:36.841Z - info: Current opened pages, from most-to-least recent:
2024-01-09T13:17:36.841Z - info: 1. se-book-adapted/chapters/uml
2024-01-09T13:17:37.863Z - info: Assets built
2024-01-09T13:18:13.897Z - info: [9:18:13 pm] Reload for file change: C:\repos\nus-cs2103\cs2103-website-base\book\uml\sequenceDiagrams\basic\text.md
2024-01-09T13:18:13.897Z - info: Synchronizing opened pages list before reload
2024-01-09T13:18:13.897Z - info: Current opened pages, from most-to-least recent:
2024-01-09T13:18:13.898Z - info: 1. se-book-adapted/chapters/uml
2024-01-09T13:18:14.909Z - info: Rebuilding 1 pages
2024-01-09T13:18:15.925Z - info: Site data built
2024-01-09T13:18:15.925Z - info: Pages rebuilt
2024-01-09T13:18:15.925Z - info: Website regeneration complete! Total build time: 1.017s
2024-01-09T13:18:22.608Z - info: [9:18:22 pm] Reload for file change: C:\repos\nus-cs2103\cs2103-website-base\book\uml\sequenceDiagrams\basic\text.md
2024-01-09T13:18:22.608Z - info: Synchronizing opened pages list before reload
2024-01-09T13:18:22.609Z - info: Current opened pages, from most-to-least recent:
2024-01-09T13:18:22.609Z - info: 1. se-book-adapted/chapters/uml
2024-01-09T13:18:23.614Z - info: Rebuilding 1 pages
2024-01-09T13:18:24.365Z - info: Site data built
2024-01-09T13:18:24.365Z - info: Pages rebuilt
2024-01-09T13:18:24.365Z - info: Website regeneration complete! Total build time: 0.752s
2024-01-09T13:18:59.008Z - info: [9:18:59 pm] Reload for file change: C:\repos\nus-cs2103\cs2103-website-base\book\uml\sequenceDiagrams\selfInvocation\text.md
2024-01-09T13:18:59.008Z - info: Synchronizing opened pages list before reload
2024-01-09T13:18:59.008Z - info: Current opened pages, from most-to-least recent:
2024-01-09T13:18:59.008Z - info: 1. se-book-adapted/chapters/uml
2024-01-09T13:19:00.018Z - info: Rebuilding 1 pages
2024-01-09T13:19:00.951Z - info: Site data built
2024-01-09T13:19:00.951Z - info: Pages rebuilt
2024-01-09T13:19:00.951Z - info: Website regeneration complete! Total build time: 0.934s
2024-01-09T13:19:24.838Z - info: [9:19:24 pm] Reload for file deletion: C:\repos\nus-cs2103\cs2103-website-base\book\diagrams\uml\sequenceDiagrams\basicNotation\~$playerText.pptx
2024-01-09T13:19:24.839Z - info: Synchronizing opened pages list before reload
2024-01-09T13:19:24.839Z - info: Current opened pages, from most-to-least recent:
2024-01-09T13:19:24.839Z - info: 1. se-book-adapted/chapters/uml
2024-01-09T13:19:28.811Z - debug: Assets removed
2024-01-09T13:19:37.989Z - info: [9:19:37 pm] Reload for file add: C:\repos\nus-cs2103\cs2103-website-base\book\diagrams\uml\sequenceDiagrams\selfInvocation\~$logic.pptx
2024-01-09T13:19:37.989Z - info: Synchronizing opened pages list before reload
2024-01-09T13:19:37.989Z - info: Current opened pages, from most-to-least recent:
2024-01-09T13:19:37.990Z - info: 1. se-book-adapted/chapters/uml
2024-01-09T13:19:41.802Z - info: [9:19:41 pm] Reload for file deletion: C:\repos\nus-cs2103\cs2103-website-base\book\diagrams\uml\sequenceDiagrams\selfInvocation\~$logic.pptx
2024-01-09T13:19:41.802Z - info: Synchronizing opened pages list before reload
2024-01-09T13:19:41.802Z - info: Current opened pages, from most-to-least recent:
2024-01-09T13:19:41.802Z - info: 1. se-book-adapted/chapters/uml
2024-01-09T13:19:45.166Z - info: Assets built
2024-01-09T13:19:45.174Z - info: [9:19:45 pm] Reload for file add: C:\repos\nus-cs2103\cs2103-website-base\book\diagrams\uml\sequenceDiagrams\selfInvocation\~$callBack.pptx
2024-01-09T13:19:45.174Z - info: Synchronizing opened pages list before reload
2024-01-09T13:19:45.174Z - info: Current opened pages, from most-to-least recent:
2024-01-09T13:19:45.174Z - info: 1. se-book-adapted/chapters/uml
2024-01-09T13:19:48.178Z - debug: Assets removed
2024-01-09T13:19:49.187Z - info: Assets built
2024-01-09T13:21:19.026Z - info: [9:21:19 pm] Reload for file add: C:\repos\nus-cs2103\cs2103-website-base\book\diagrams\uml\sequenceDiagrams\selfInvocation\ppt199C.tmp
2024-01-09T13:21:19.026Z - info: Synchronizing opened pages list before reload
2024-01-09T13:21:19.026Z - info: Current opened pages, from most-to-least recent:
2024-01-09T13:21:19.026Z - info: 1. se-book-adapted/chapters/uml
2024-01-09T13:21:21.952Z - info: [9:21:21 pm] Reload for file change: C:\repos\nus-cs2103\cs2103-website-base\book\diagrams\uml\sequenceDiagrams\selfInvocation\callBack.pptx
2024-01-09T13:21:21.952Z - info: Synchronizing opened pages list before reload
2024-01-09T13:21:21.952Z - info: Current opened pages, from most-to-least recent:
2024-01-09T13:21:21.952Z - info: 1. se-book-adapted/chapters/uml
2024-01-09T13:21:22.054Z - info: [9:21:22 pm] Reload for file deletion: C:\repos\nus-cs2103\cs2103-website-base\book\diagrams\uml\sequenceDiagrams\selfInvocation\ppt199C.tmp
2024-01-09T13:21:22.054Z - info: Synchronizing opened pages list before reload
2024-01-09T13:21:22.054Z - info: Current opened pages, from most-to-least recent:
2024-01-09T13:21:22.054Z - info: 1. se-book-adapted/chapters/uml
2024-01-09T13:21:24.932Z - info: Assets built
2024-01-09T13:21:25.938Z - debug: Assets removed
2024-01-09T13:21:47.206Z - info: [9:21:47 pm] Reload for file change: C:\repos\nus-cs2103\cs2103-website-base\book\uml\sequenceDiagrams\selfInvocation\images\callBack.png
2024-01-09T13:21:47.206Z - info: Synchronizing opened pages list before reload
2024-01-09T13:21:47.207Z - info: Current opened pages, from most-to-least recent:
2024-01-09T13:21:47.207Z - info: 1. se-book-adapted/chapters/uml
2024-01-09T13:21:48.227Z - info: Assets built
2024-01-09T13:23:04.788Z - info: [9:23:04 pm] Reload for file add: C:\repos\nus-cs2103\cs2103-website-base\book\diagrams\uml\sequenceDiagrams\referenceFrames\~$playerTextLogic.pptx
2024-01-09T13:23:04.788Z - info: Synchronizing opened pages list before reload
2024-01-09T13:23:04.788Z - info: Current opened pages, from most-to-least recent:
2024-01-09T13:23:04.788Z - info: 1. se-book-adapted/chapters/uml
2024-01-09T13:23:08.260Z - info: [9:23:08 pm] Reload for file deletion: C:\repos\nus-cs2103\cs2103-website-base\book\diagrams\uml\sequenceDiagrams\selfInvocation\~$callBack.pptx
2024-01-09T13:23:08.261Z - info: Synchronizing opened pages list before reload
2024-01-09T13:23:08.261Z - info: Current opened pages, from most-to-least recent:
2024-01-09T13:23:08.261Z - info: 1. se-book-adapted/chapters/uml
2024-01-09T13:23:11.145Z - info: Assets built
2024-01-09T13:23:12.158Z - debug: Assets removed
2024-01-09T13:23:58.128Z - info: [9:23:58 pm] Reload for file add: C:\repos\nus-cs2103\cs2103-website-base\book\diagrams\uml\sequenceDiagrams\referenceFrames\ppt8713.tmp
2024-01-09T13:23:58.128Z - info: Synchronizing opened pages list before reload
2024-01-09T13:23:58.128Z - info: Current opened pages, from most-to-least recent:
2024-01-09T13:23:58.128Z - info: 1. se-book-adapted/chapters/uml
2024-01-09T13:24:01.884Z - info: [9:24:01 pm] Reload for file deletion: C:\repos\nus-cs2103\cs2103-website-base\book\diagrams\uml\sequenceDiagrams\referenceFrames\ppt8713.tmp
2024-01-09T13:24:01.884Z - info: Synchronizing opened pages list before reload
2024-01-09T13:24:01.884Z - info: Current opened pages, from most-to-least recent:
2024-01-09T13:24:01.884Z - info: 1. se-book-adapted/chapters/uml
2024-01-09T13:24:04.955Z - info: Assets built
2024-01-09T13:24:05.633Z - info: [9:24:05 pm] Reload for file change: C:\repos\nus-cs2103\cs2103-website-base\book\diagrams\uml\sequenceDiagrams\referenceFrames\playerTextLogic.pptx
2024-01-09T13:24:05.634Z - info: Synchronizing opened pages list before reload
2024-01-09T13:24:05.634Z - info: Current opened pages, from most-to-least recent:
2024-01-09T13:24:05.634Z - info: 1. se-book-adapted/chapters/uml
2024-01-09T13:24:05.955Z - debug: Assets removed
2024-01-09T13:24:06.691Z - info: Assets built
2024-01-09T13:24:26.280Z - info: [9:24:26 pm] Reload for file change: C:\repos\nus-cs2103\cs2103-website-base\book\uml\sequenceDiagrams\referenceFrames\images\playerTextLogic.png
2024-01-09T13:24:26.280Z - info: Synchronizing opened pages list before reload
2024-01-09T13:24:26.280Z - info: Current opened pages, from most-to-least recent:
2024-01-09T13:24:26.280Z - info: 1. se-book-adapted/chapters/uml
2024-01-09T13:24:27.295Z - info: Assets built
2024-01-09T13:24:32.205Z - info: [9:24:32 pm] Reload for file add: C:\repos\nus-cs2103\cs2103-website-base\book\diagrams\uml\sequenceDiagrams\referenceFrames\~$textLogic.pptx
2024-01-09T13:24:32.205Z - info: Synchronizing opened pages list before reload
2024-01-09T13:24:32.205Z - info: Current opened pages, from most-to-least recent:
2024-01-09T13:24:32.205Z - info: 1. se-book-adapted/chapters/uml
2024-01-09T13:24:36.457Z - info: Assets built
2024-01-09T13:26:06.627Z - info: [9:26:06 pm] Reload for file change: C:\repos\nus-cs2103\cs2103-website-base\book\uml\sequenceDiagrams\referenceFrames\images\textLogic.png
2024-01-09T13:26:06.627Z - info: Synchronizing opened pages list before reload
2024-01-09T13:26:06.627Z - info: Current opened pages, from most-to-least recent:
2024-01-09T13:26:06.627Z - info: 1. se-book-adapted/chapters/uml
2024-01-09T13:26:07.652Z - info: Assets built
2024-01-09T13:26:09.873Z - info: [9:26:09 pm] Reload for file add: C:\repos\nus-cs2103\cs2103-website-base\book\diagrams\uml\sequenceDiagrams\referenceFrames\ppt89C9.tmp
2024-01-09T13:26:09.874Z - info: Synchronizing opened pages list before reload
2024-01-09T13:26:09.874Z - info: Current opened pages, from most-to-least recent:
2024-01-09T13:26:09.874Z - info: 1. se-book-adapted/chapters/uml
2024-01-09T13:26:12.734Z - info: [9:26:12 pm] Reload for file change: C:\repos\nus-cs2103\cs2103-website-base\book\diagrams\uml\sequenceDiagrams\referenceFrames\textLogic.pptx
2024-01-09T13:26:12.734Z - info: Synchronizing opened pages list before reload
2024-01-09T13:26:12.734Z - info: Current opened pages, from most-to-least recent:
2024-01-09T13:26:12.734Z - info: 1. se-book-adapted/chapters/uml
2024-01-09T13:26:12.830Z - info: [9:26:12 pm] Reload for file deletion: C:\repos\nus-cs2103\cs2103-website-base\book\diagrams\uml\sequenceDiagrams\referenceFrames\ppt89C9.tmp
2024-01-09T13:26:12.830Z - info: Synchronizing opened pages list before reload
2024-01-09T13:26:12.831Z - info: Current opened pages, from most-to-least recent:
2024-01-09T13:26:12.831Z - info: 1. se-book-adapted/chapters/uml
2024-01-09T13:26:15.755Z - info: Assets built
2024-01-09T13:26:16.759Z - debug: Assets removed
2024-01-09T13:27:05.363Z - info: [9:27:05 pm] Reload for file change: C:\repos\nus-cs2103\cs2103-website-base\book\uml\sequenceDiagrams\referenceFrames\text.md
2024-01-09T13:27:05.363Z - info: Synchronizing opened pages list before reload
2024-01-09T13:27:05.363Z - info: Current opened pages, from most-to-least recent:
2024-01-09T13:27:05.363Z - info: 1. se-book-adapted/chapters/uml
2024-01-09T13:27:06.379Z - info: Rebuilding 1 pages
2024-01-09T13:27:07.266Z - info: Site data built
2024-01-09T13:27:07.266Z - info: Pages rebuilt
2024-01-09T13:27:07.266Z - info: Website regeneration complete! Total build time: 0.888s
2024-01-09T13:27:19.092Z - info: [9:27:19 pm] Reload for file change: C:\repos\nus-cs2103\cs2103-website-base\book\uml\sequenceDiagrams\referenceFrames\text.md
2024-01-09T13:27:19.092Z - info: Synchronizing opened pages list before reload
2024-01-09T13:27:19.092Z - info: Current opened pages, from most-to-least recent:
2024-01-09T13:27:19.092Z - info: 1. se-book-adapted/chapters/uml
2024-01-09T13:27:20.109Z - info: Rebuilding 1 pages
2024-01-09T13:27:20.864Z - info: Site data built
2024-01-09T13:27:20.864Z - info: Pages rebuilt
2024-01-09T13:27:20.864Z - info: Website regeneration complete! Total build time: 0.756s
2024-01-09T13:27:28.798Z - info: [9:27:28 pm] Reload for file change: C:\repos\nus-cs2103\cs2103-website-base\book\uml\sequenceDiagrams\referenceFrames\text.md
2024-01-09T13:27:28.798Z - info: Synchronizing opened pages list before reload
2024-01-09T13:27:28.798Z - info: Current opened pages, from most-to-least recent:
2024-01-09T13:27:28.798Z - info: 1. se-book-adapted/chapters/uml
2024-01-09T13:27:29.806Z - info: Rebuilding 1 pages
2024-01-09T13:27:30.487Z - info: Site data built
2024-01-09T13:27:30.487Z - info: Pages rebuilt
2024-01-09T13:27:30.487Z - info: Website regeneration complete! Total build time: 0.681s
2024-01-09T13:29:33.042Z - info: [9:29:33 pm] Reload for file deletion: C:\repos\nus-cs2103\cs2103-website-base\book\diagrams\uml\sequenceDiagrams\referenceFrames\~$playerTextLogic.pptx
2024-01-09T13:29:33.042Z - info: Synchronizing opened pages list before reload
2024-01-09T13:29:33.042Z - info: Current opened pages, from most-to-least recent:
2024-01-09T13:29:33.042Z - info: 1. se-book-adapted/chapters/uml
2024-01-09T13:29:37.048Z - debug: Assets removed
2024-01-09T13:29:58.462Z - info: [9:29:58 pm] Reload for file change: C:\repos\nus-cs2103\cs2103-website-base\book\uml\sequenceDiagrams\alternativePaths\text.md
2024-01-09T13:29:58.462Z - info: Synchronizing opened pages list before reload
2024-01-09T13:29:58.462Z - info: Current opened pages, from most-to-least recent:
2024-01-09T13:29:58.462Z - info: 1. se-book-adapted/chapters/uml
2024-01-09T13:29:59.470Z - info: Rebuilding 1 pages
2024-01-09T13:30:00.332Z - info: Site data built
2024-01-09T13:30:00.332Z - info: Pages rebuilt
2024-01-09T13:30:00.332Z - info: Website regeneration complete! Total build time: 0.862s
2024-01-09T13:30:29.312Z - info: [9:30:29 pm] Reload for file add: C:\repos\nus-cs2103\cs2103-website-base\book\diagrams\uml\sequenceDiagrams\alternativePaths\~$minefieldCell.pptx
2024-01-09T13:30:29.312Z - info: Synchronizing opened pages list before reload
2024-01-09T13:30:29.312Z - info: Current opened pages, from most-to-least recent:
2024-01-09T13:30:29.312Z - info: 1. se-book-adapted/chapters/uml
2024-01-09T13:30:33.631Z - info: Assets built
2024-01-09T13:31:53.388Z - info: [9:31:53 pm] Reload for file add: C:\repos\nus-cs2103\cs2103-website-base\book\diagrams\uml\sequenceDiagrams\alternativePaths\pptC796.tmp
2024-01-09T13:31:53.388Z - info: Synchronizing opened pages list before reload
2024-01-09T13:31:53.388Z - info: Current opened pages, from most-to-least recent:
2024-01-09T13:31:53.388Z - info: 1. se-book-adapted/chapters/uml
2024-01-09T13:31:56.294Z - info: [9:31:56 pm] Reload for file change: C:\repos\nus-cs2103\cs2103-website-base\book\diagrams\uml\sequenceDiagrams\alternativePaths\minefieldCell.pptx
2024-01-09T13:31:56.294Z - info: Synchronizing opened pages list before reload
2024-01-09T13:31:56.294Z - info: Current opened pages, from most-to-least recent:
2024-01-09T13:31:56.294Z - info: 1. se-book-adapted/chapters/uml
2024-01-09T13:31:56.402Z - info: [9:31:56 pm] Reload for file deletion: C:\repos\nus-cs2103\cs2103-website-base\book\diagrams\uml\sequenceDiagrams\alternativePaths\pptC796.tmp
2024-01-09T13:31:56.403Z - info: Synchronizing opened pages list before reload
2024-01-09T13:31:56.403Z - info: Current opened pages, from most-to-least recent:
2024-01-09T13:31:56.403Z - info: 1. se-book-adapted/chapters/uml
2024-01-09T13:31:59.344Z - info: Assets built
2024-01-09T13:32:00.346Z - debug: Assets removed
2024-01-09T13:33:10.999Z - info: [9:33:10 pm] Reload for file add: C:\repos\nus-cs2103\cs2103-website-base\book\diagrams\uml\sequenceDiagrams\alternativePaths\pptF6D0.tmp
2024-01-09T13:33:10.999Z - info: Synchronizing opened pages list before reload
2024-01-09T13:33:10.999Z - info: Current opened pages, from most-to-least recent:
2024-01-09T13:33:10.999Z - info: 1. se-book-adapted/chapters/uml
2024-01-09T13:33:14.090Z - info: [9:33:14 pm] Reload for file change: C:\repos\nus-cs2103\cs2103-website-base\book\diagrams\uml\sequenceDiagrams\alternativePaths\minefieldCell.pptx
2024-01-09T13:33:14.090Z - info: Synchronizing opened pages list before reload
2024-01-09T13:33:14.090Z - info: Current opened pages, from most-to-least recent:
2024-01-09T13:33:14.090Z - info: 1. se-book-adapted/chapters/uml
2024-01-09T13:33:14.189Z - info: [9:33:14 pm] Reload for file deletion: C:\repos\nus-cs2103\cs2103-website-base\book\diagrams\uml\sequenceDiagrams\alternativePaths\pptF6D0.tmp
2024-01-09T13:33:14.189Z - info: Synchronizing opened pages list before reload
2024-01-09T13:33:14.189Z - info: Current opened pages, from most-to-least recent:
2024-01-09T13:33:14.189Z - info: 1. se-book-adapted/chapters/uml
2024-01-09T13:33:17.167Z - info: Assets built
2024-01-09T13:33:18.178Z - debug: Assets removed
2024-01-09T13:33:26.977Z - info: [9:33:26 pm] Reload for file change: C:\repos\nus-cs2103\cs2103-website-base\book\uml\sequenceDiagrams\alternativePaths\images\minefieldCell.png
2024-01-09T13:33:26.977Z - info: Synchronizing opened pages list before reload
2024-01-09T13:33:26.977Z - info: Current opened pages, from most-to-least recent:
2024-01-09T13:33:26.977Z - info: 1. se-book-adapted/chapters/uml
2024-01-09T13:33:27.999Z - info: Assets built
2024-01-09T13:33:50.494Z - info: [9:33:50 pm] Reload for file change: C:\repos\nus-cs2103\cs2103-website-base\book\uml\sequenceDiagrams\alternativePaths\text.md
2024-01-09T13:33:50.494Z - info: Synchronizing opened pages list before reload
2024-01-09T13:33:50.494Z - info: Current opened pages, from most-to-least recent:
2024-01-09T13:33:50.494Z - info: 1. se-book-adapted/chapters/uml
2024-01-09T13:33:51.501Z - info: Rebuilding 1 pages
2024-01-09T13:33:52.276Z - info: Site data built
2024-01-09T13:33:52.276Z - info: Pages rebuilt
2024-01-09T13:33:52.276Z - info: Website regeneration complete! Total build time: 0.776s
2024-01-09T13:34:18.538Z - info: [9:34:18 pm] Reload for file deletion: C:\repos\nus-cs2103\cs2103-website-base\book\diagrams\uml\sequenceDiagrams\referenceFrames\~$textLogic.pptx
2024-01-09T13:34:18.538Z - info: Synchronizing opened pages list before reload
2024-01-09T13:34:18.539Z - info: Current opened pages, from most-to-least recent:
2024-01-09T13:34:18.539Z - info: 1. se-book-adapted/chapters/uml
2024-01-09T13:34:22.470Z - debug: Assets removed
2024-01-09T13:34:28.731Z - info: [9:34:28 pm] Reload for file add: C:\repos\nus-cs2103\cs2103-website-base\book\diagrams\uml\sequenceDiagrams\parallelPaths\~$notation.pptx
2024-01-09T13:34:28.731Z - info: Synchronizing opened pages list before reload
2024-01-09T13:34:28.731Z - info: Current opened pages, from most-to-least recent:
2024-01-09T13:34:28.731Z - info: 1. se-book-adapted/chapters/uml
2024-01-09T13:34:33.001Z - info: Assets built
2024-01-09T13:35:17.116Z - info: [9:35:17 pm] Reload for file change: C:\repos\nus-cs2103\cs2103-website-base\book\uml\sequenceDiagrams\parallelPaths\text.md
2024-01-09T13:35:17.117Z - info: Synchronizing opened pages list before reload
2024-01-09T13:35:17.117Z - info: Current opened pages, from most-to-least recent:
2024-01-09T13:35:17.117Z - info: 1. se-book-adapted/chapters/uml
2024-01-09T13:35:18.132Z - info: Rebuilding 1 pages
2024-01-09T13:35:18.966Z - info: Site data built
2024-01-09T13:35:18.966Z - info: Pages rebuilt
2024-01-09T13:35:18.966Z - info: Website regeneration complete! Total build time: 0.835s
2024-01-09T13:35:32.603Z - info: [9:35:32 pm] Reload for file change: C:\repos\nus-cs2103\cs2103-website-base\book\uml\sequenceDiagrams\parallelPaths\text.md
2024-01-09T13:35:32.603Z - info: Synchronizing opened pages list before reload
2024-01-09T13:35:32.604Z - info: Current opened pages, from most-to-least recent:
2024-01-09T13:35:32.604Z - info: 1. se-book-adapted/chapters/uml
2024-01-09T13:35:33.618Z - info: Rebuilding 1 pages
2024-01-09T13:35:34.349Z - info: Site data built
2024-01-09T13:35:34.349Z - info: Pages rebuilt
2024-01-09T13:35:34.349Z - info: Website regeneration complete! Total build time: 0.732s
2024-01-09T13:38:21.739Z - info: [9:38:21 pm] Reload for file change: C:\repos\nus-cs2103\cs2103-website-base\book\uml\sequenceDiagrams\minimalNotation\text.md
2024-01-09T13:38:21.739Z - info: Synchronizing opened pages list before reload
2024-01-09T13:38:21.740Z - info: Current opened pages, from most-to-least recent:
2024-01-09T13:38:21.740Z - info: 1. se-book-adapted/chapters/uml
2024-01-09T13:38:22.745Z - info: Rebuilding 1 pages
2024-01-09T13:38:23.612Z - info: Site data built
2024-01-09T13:38:23.613Z - info: Pages rebuilt
2024-01-09T13:38:23.613Z - info: Website regeneration complete! Total build time: 0.869s
2024-01-09T13:39:50.393Z - info: [9:39:50 pm] Reload for file change: C:\repos\nus-cs2103\cs2103-website-base\book\uml\sequenceDiagrams\introduction\text.md
2024-01-09T13:39:50.393Z - info: Synchronizing opened pages list before reload
2024-01-09T13:39:50.393Z - info: Current opened pages, from most-to-least recent:
2024-01-09T13:39:50.393Z - info: 1. se-book-adapted/chapters/uml
2024-01-09T13:39:51.400Z - info: Rebuilding 1 pages
2024-01-09T13:39:52.519Z - info: Site data built
2024-01-09T13:39:52.519Z - info: Pages rebuilt
2024-01-09T13:39:52.520Z - info: Website regeneration complete! Total build time: 1.12s
2024-01-09T13:46:22.479Z - info: [9:46:22 pm] Reload for file change: C:\repos\nus-cs2103\cs2103-website-base\book\uml\sequenceDiagrams\selfInvocation\text.md
2024-01-09T13:46:22.479Z - info: Synchronizing opened pages list before reload
2024-01-09T13:46:22.479Z - info: Current opened pages, from most-to-least recent:
2024-01-09T13:46:22.479Z - info: 1. se-book-adapted/chapters/uml
2024-01-09T13:46:23.493Z - info: Rebuilding 1 pages
2024-01-09T13:46:24.410Z - info: Site data built
2024-01-09T13:46:24.410Z - info: Pages rebuilt
2024-01-09T13:46:24.410Z - info: Website regeneration complete! Total build time: 0.918s
2024-01-09T13:48:30.433Z - info: [9:48:30 pm] Reload for file change: C:\repos\nus-cs2103\cs2103-website-base\book\uml\sequenceDiagrams\selfInvocation\text.md
2024-01-09T13:48:30.433Z - info: Synchronizing opened pages list before reload
2024-01-09T13:48:30.433Z - info: Current opened pages, from most-to-least recent:
2024-01-09T13:48:30.433Z - info: 1. se-book-adapted/chapters/uml
2024-01-09T13:48:31.449Z - info: Rebuilding 1 pages
2024-01-09T13:48:32.325Z - info: Site data built
2024-01-09T13:48:32.326Z - info: Pages rebuilt
2024-01-09T13:48:32.326Z - info: Website regeneration complete! Total build time: 0.879s
2024-01-09T13:48:45.385Z - info: [9:48:45 pm] Reload for file change: C:\repos\nus-cs2103\cs2103-website-base\book\uml\sequenceDiagrams\selfInvocation\text.md
2024-01-09T13:48:45.385Z - info: Synchronizing opened pages list before reload
2024-01-09T13:48:45.385Z - info: Current opened pages, from most-to-least recent:
2024-01-09T13:48:45.386Z - info: 1. se-book-adapted/chapters/uml
2024-01-09T13:48:46.393Z - info: Rebuilding 1 pages
2024-01-09T13:48:47.064Z - info: Site data built
2024-01-09T13:48:47.064Z - info: Pages rebuilt
2024-01-09T13:48:47.064Z - info: Website regeneration complete! Total build time: 0.673s
2024-01-09T13:49:59.021Z - info: [9:49:59 pm] Reload for file change: C:\repos\nus-cs2103\cs2103-website-base\book\uml\sequenceDiagrams\selfInvocation\text.md
2024-01-09T13:49:59.022Z - info: Synchronizing opened pages list before reload
2024-01-09T13:49:59.022Z - info: Current opened pages, from most-to-least recent:
2024-01-09T13:49:59.022Z - info: 1. se-book-adapted/chapters/uml
2024-01-09T13:50:00.038Z - info: Rebuilding 1 pages
2024-01-09T13:50:00.884Z - info: Site data built
2024-01-09T13:50:00.885Z - info: Pages rebuilt
2024-01-09T13:50:00.885Z - info: Website regeneration complete! Total build time: 0.848s
2024-01-09T13:50:28.170Z - info: [9:50:28 pm] Reload for file change: C:\repos\nus-cs2103\cs2103-website-base\book\uml\sequenceDiagrams\selfInvocation\text.md
2024-01-09T13:50:28.171Z - info: Synchronizing opened pages list before reload
2024-01-09T13:50:28.171Z - info: Current opened pages, from most-to-least recent:
2024-01-09T13:50:28.171Z - info: 1. se-book-adapted/chapters/uml
2024-01-09T13:50:29.185Z - info: Rebuilding 1 pages
2024-01-09T13:50:29.968Z - info: Site data built
2024-01-09T13:50:29.968Z - info: Pages rebuilt
2024-01-09T13:50:29.968Z - info: Website regeneration complete! Total build time: 0.785s
2024-01-09T13:51:18.137Z - info: [9:51:18 pm] Reload for file change: C:\repos\nus-cs2103\cs2103-website-base\book\uml\sequenceDiagrams\selfInvocation\text.md
2024-01-09T13:51:18.137Z - info: Synchronizing opened pages list before reload
2024-01-09T13:51:18.137Z - info: Current opened pages, from most-to-least recent:
2024-01-09T13:51:18.137Z - info: 1. se-book-adapted/chapters/uml
2024-01-09T13:51:19.145Z - info: Rebuilding 1 pages
2024-01-09T13:51:20.015Z - info: Site data built
2024-01-09T13:51:20.015Z - info: Pages rebuilt
2024-01-09T13:51:20.015Z - info: Website regeneration complete! Total build time: 0.871s
2024-01-09T13:51:49.909Z - info: [9:51:49 pm] Reload for file change: C:\repos\nus-cs2103\cs2103-website-base\book\uml\sequenceDiagrams\selfInvocation\text.md
2024-01-09T13:51:49.909Z - info: Synchronizing opened pages list before reload
2024-01-09T13:51:49.909Z - info: Current opened pages, from most-to-least recent:
2024-01-09T13:51:49.909Z - info: 1. se-book-adapted/chapters/uml
2024-01-09T13:51:50.924Z - info: Rebuilding 1 pages
2024-01-09T13:51:51.828Z - info: Site data built
2024-01-09T13:51:51.828Z - info: Pages rebuilt
2024-01-09T13:51:51.828Z - info: Website regeneration complete! Total build time: 0.905s
2024-01-09T13:54:13.043Z - info: [9:54:13 pm] Reload for file change: C:\repos\nus-cs2103\cs2103-website-base\book\uml\sequenceDiagrams\selfInvocation\text.md
2024-01-09T13:54:13.044Z - info: Synchronizing opened pages list before reload
2024-01-09T13:54:13.044Z - info: Current opened pages, from most-to-least recent:
2024-01-09T13:54:13.044Z - info: 1. se-book-adapted/chapters/uml
2024-01-09T13:54:14.054Z - info: Rebuilding 1 pages
2024-01-09T13:54:15.139Z - info: Site data built
2024-01-09T13:54:15.139Z - info: Pages rebuilt
2024-01-09T13:54:15.139Z - info: Website regeneration complete! Total build time: 1.086s
2024-01-09T14:11:10.774Z - info: [10:11:10 pm] Reload for file deletion: C:\repos\nus-cs2103\cs2103-website-base\book\diagrams\uml\sequenceDiagrams\alternativePaths\~$minefieldCell.pptx
2024-01-09T14:11:10.775Z - info: Synchronizing opened pages list before reload
2024-01-09T14:11:10.775Z - info: Current opened pages, from most-to-least recent:
2024-01-09T14:11:10.775Z - info: 1. se-book-adapted/chapters/uml
2024-01-09T14:11:13.979Z - info: [10:11:13 pm] Reload for file deletion: C:\repos\nus-cs2103\cs2103-website-base\book\diagrams\uml\sequenceDiagrams\parallelPaths\~$notation.pptx
2024-01-09T14:11:13.979Z - info: Synchronizing opened pages list before reload
2024-01-09T14:11:13.979Z - info: Current opened pages, from most-to-least recent:
2024-01-09T14:11:13.980Z - info: 1. se-book-adapted/chapters/uml
2024-01-09T14:11:16.938Z - debug: Assets removed
2024-01-09T14:58:14.996Z - info: Building C:\repos\nus-cs2103\cs2103-website-base\se-book-adapted\chapters\testing as some of its dependencies were changed since the last visit
2024-01-09T14:58:16.234Z - info: Site data built
2024-01-09T14:58:16.234Z - info: Lazy website regeneration complete! Total build time: 1.239s
2024-01-09T14:59:41.220Z - info: [10:59:41 pm] Reload for file change: C:\repos\nus-cs2103\cs2103-website-base\book\testing\testCoverage\what\text.md
2024-01-09T14:59:41.220Z - info: Synchronizing opened pages list before reload
2024-01-09T14:59:41.220Z - info: Current opened pages, from most-to-least recent:
2024-01-09T14:59:41.220Z - info: 1. se-book-adapted/chapters/testing
2024-01-09T14:59:42.222Z - info: Rebuilding 1 pages
2024-01-09T14:59:43.039Z - info: Site data built
2024-01-09T14:59:43.039Z - info: Pages rebuilt
2024-01-09T14:59:43.039Z - info: Website regeneration complete! Total build time: 0.817s
2024-01-09T15:02:47.118Z - info: [11:02:47 pm] Reload for file change: C:\repos\nus-cs2103\cs2103-website-base\book\testing\testCoverage\what\text.md
2024-01-09T15:02:47.119Z - info: Synchronizing opened pages list before reload
2024-01-09T15:02:47.119Z - info: Current opened pages, from most-to-least recent:
2024-01-09T15:02:47.119Z - info: 1. se-book-adapted/chapters/testing
2024-01-09T15:02:48.135Z - info: Rebuilding 1 pages
2024-01-09T15:02:48.449Z - error:  Error: No such segment '#extras' in file: C:\repos\nus-cs2103\cs2103-website-base\book\testing\testCoverage\what\text.md
Missing reference in C:\repos\nus-cs2103\cs2103-website-base\se-book-adapted\chapters\testing.md
    at processInclude (C:\Users\dcsdcr\AppData\Roaming\npm\node_modules\markbind-cli\node_modules\@markbind\core\src\html\includePanelProcessor.js:204:27)
    at NodeProcessor.processNode (C:\Users\dcsdcr\AppData\Roaming\npm\node_modules\markbind-cli\node_modules\@markbind\core\src\html\NodeProcessor.js:172:71)
    at NodeProcessor.traverse (C:\Users\dcsdcr\AppData\Roaming\npm\node_modules\markbind-cli\node_modules\@markbind\core\src\html\NodeProcessor.js:326:24)
    at C:\Users\dcsdcr\AppData\Roaming\npm\node_modules\markbind-cli\node_modules\@markbind\core\src\html\NodeProcessor.js:330:22
    at Array.forEach (<anonymous>)
    at NodeProcessor.traverse (C:\Users\dcsdcr\AppData\Roaming\npm\node_modules\markbind-cli\node_modules\@markbind\core\src\html\NodeProcessor.js:329:27)
    at C:\Users\dcsdcr\AppData\Roaming\npm\node_modules\markbind-cli\node_modules\@markbind\core\src\html\NodeProcessor.js:330:22
    at Array.forEach (<anonymous>)
    at NodeProcessor.traverse (C:\Users\dcsdcr\AppData\Roaming\npm\node_modules\markbind-cli\node_modules\@markbind\core\src\html\NodeProcessor.js:329:27)
    at C:\Users\dcsdcr\AppData\Roaming\npm\node_modules\markbind-cli\node_modules\@markbind\core\src\html\NodeProcessor.js:330:22
    at Array.forEach (<anonymous>)
    at NodeProcessor.traverse (C:\Users\dcsdcr\AppData\Roaming\npm\node_modules\markbind-cli\node_modules\@markbind\core\src\html\NodeProcessor.js:329:27)
    at C:\Users\dcsdcr\AppData\Roaming\npm\node_modules\markbind-cli\node_modules\@markbind\core\src\html\NodeProcessor.js:330:22
    at Array.forEach (<anonymous>)
    at NodeProcessor.traverse (C:\Users\dcsdcr\AppData\Roaming\npm\node_modules\markbind-cli\node_modules\@markbind\core\src\html\NodeProcessor.js:329:27)
    at C:\Users\dcsdcr\AppData\Roaming\npm\node_modules\markbind-cli\node_modules\@markbind\core\src\html\NodeProcessor.js:330:22
2024-01-09T15:02:48.983Z - info: Site data built
2024-01-09T15:02:48.983Z - info: Pages rebuilt
2024-01-09T15:02:48.983Z - info: Website regeneration complete! Total build time: 0.849s
2024-01-09T15:03:05.198Z - info: [11:03:05 pm] Reload for file change: C:\repos\nus-cs2103\cs2103-website-base\book\testing\testCoverage\what\text.md
2024-01-09T15:03:05.198Z - info: Synchronizing opened pages list before reload
2024-01-09T15:03:05.198Z - info: Current opened pages, from most-to-least recent:
2024-01-09T15:03:05.198Z - info: 1. se-book-adapted/chapters/testing
2024-01-09T15:03:06.200Z - info: Rebuilding 1 pages
2024-01-09T15:03:06.499Z - error:  Error: No such segment '#extras' in file: C:\repos\nus-cs2103\cs2103-website-base\book\testing\testCoverage\what\text.md
Missing reference in C:\repos\nus-cs2103\cs2103-website-base\se-book-adapted\chapters\testing.md
    at processInclude (C:\Users\dcsdcr\AppData\Roaming\npm\node_modules\markbind-cli\node_modules\@markbind\core\src\html\includePanelProcessor.js:204:27)
    at NodeProcessor.processNode (C:\Users\dcsdcr\AppData\Roaming\npm\node_modules\markbind-cli\node_modules\@markbind\core\src\html\NodeProcessor.js:172:71)
    at NodeProcessor.traverse (C:\Users\dcsdcr\AppData\Roaming\npm\node_modules\markbind-cli\node_modules\@markbind\core\src\html\NodeProcessor.js:326:24)
    at C:\Users\dcsdcr\AppData\Roaming\npm\node_modules\markbind-cli\node_modules\@markbind\core\src\html\NodeProcessor.js:330:22
    at Array.forEach (<anonymous>)
    at NodeProcessor.traverse (C:\Users\dcsdcr\AppData\Roaming\npm\node_modules\markbind-cli\node_modules\@markbind\core\src\html\NodeProcessor.js:329:27)
    at C:\Users\dcsdcr\AppData\Roaming\npm\node_modules\markbind-cli\node_modules\@markbind\core\src\html\NodeProcessor.js:330:22
    at Array.forEach (<anonymous>)
    at NodeProcessor.traverse (C:\Users\dcsdcr\AppData\Roaming\npm\node_modules\markbind-cli\node_modules\@markbind\core\src\html\NodeProcessor.js:329:27)
    at C:\Users\dcsdcr\AppData\Roaming\npm\node_modules\markbind-cli\node_modules\@markbind\core\src\html\NodeProcessor.js:330:22
    at Array.forEach (<anonymous>)
    at NodeProcessor.traverse (C:\Users\dcsdcr\AppData\Roaming\npm\node_modules\markbind-cli\node_modules\@markbind\core\src\html\NodeProcessor.js:329:27)
    at C:\Users\dcsdcr\AppData\Roaming\npm\node_modules\markbind-cli\node_modules\@markbind\core\src\html\NodeProcessor.js:330:22
    at Array.forEach (<anonymous>)
    at NodeProcessor.traverse (C:\Users\dcsdcr\AppData\Roaming\npm\node_modules\markbind-cli\node_modules\@markbind\core\src\html\NodeProcessor.js:329:27)
    at C:\Users\dcsdcr\AppData\Roaming\npm\node_modules\markbind-cli\node_modules\@markbind\core\src\html\NodeProcessor.js:330:22
2024-01-09T15:03:06.998Z - info: Site data built
2024-01-09T15:03:06.998Z - info: Pages rebuilt
2024-01-09T15:03:06.998Z - info: Website regeneration complete! Total build time: 0.799s
2024-01-09T15:03:54.865Z - info: [11:03:54 pm] Reload for file change: C:\repos\nus-cs2103\cs2103-website-base\book\testing\testCoverage\what\text.md
2024-01-09T15:03:54.865Z - info: Synchronizing opened pages list before reload
2024-01-09T15:03:54.865Z - info: Current opened pages, from most-to-least recent:
2024-01-09T15:03:54.865Z - info: 1. se-book-adapted/chapters/testing
2024-01-09T15:03:55.878Z - info: Rebuilding 1 pages
2024-01-09T15:03:56.694Z - info: Site data built
2024-01-09T15:03:56.694Z - info: Pages rebuilt
2024-01-09T15:03:56.694Z - info: Website regeneration complete! Total build time: 0.816s
2024-01-09T15:04:52.725Z - info: [11:04:52 pm] Reload for file change: C:\repos\nus-cs2103\cs2103-website-base\book\testing\testCoverage\what\text.md
2024-01-09T15:04:52.726Z - info: Synchronizing opened pages list before reload
2024-01-09T15:04:52.726Z - info: Current opened pages, from most-to-least recent:
2024-01-09T15:04:52.726Z - info: 1. se-book-adapted/chapters/testing
2024-01-09T15:04:53.740Z - info: Rebuilding 1 pages
2024-01-09T15:04:54.493Z - info: Site data built
2024-01-09T15:04:54.493Z - info: Pages rebuilt
2024-01-09T15:04:54.493Z - info: Website regeneration complete! Total build time: 0.753s
2024-01-09T15:05:47.128Z - info: [11:05:47 pm] Reload for file change: C:\repos\nus-cs2103\cs2103-website-base\book\testing\testCoverage\what\text.md
2024-01-09T15:05:47.128Z - info: Synchronizing opened pages list before reload
2024-01-09T15:05:47.128Z - info: Current opened pages, from most-to-least recent:
2024-01-09T15:05:47.128Z - info: 1. se-book-adapted/chapters/testing
2024-01-09T15:05:48.132Z - info: Rebuilding 1 pages
2024-01-09T15:05:48.935Z - info: Site data built
2024-01-09T15:05:48.935Z - info: Pages rebuilt
2024-01-09T15:05:48.935Z - info: Website regeneration complete! Total build time: 0.803s
2024-01-09T15:07:38.883Z - info: [11:07:38 pm] Reload for file change: C:\repos\nus-cs2103\cs2103-website-base\book\testing\testCoverage\what\text.md
2024-01-09T15:07:38.884Z - info: Synchronizing opened pages list before reload
2024-01-09T15:07:38.884Z - info: Current opened pages, from most-to-least recent:
2024-01-09T15:07:38.884Z - info: 1. se-book-adapted/chapters/testing
2024-01-09T15:07:39.902Z - info: Rebuilding 1 pages
2024-01-09T15:07:40.727Z - info: Site data built
2024-01-09T15:07:40.728Z - info: Pages rebuilt
2024-01-09T15:07:40.728Z - info: Website regeneration complete! Total build time: 0.827s
2024-01-09T15:10:09.980Z - info: [11:10:09 pm] Reload for file change: C:\repos\nus-cs2103\cs2103-website-base\book\testing\testCoverage\what\text.md
2024-01-09T15:10:09.980Z - info: Synchronizing opened pages list before reload
2024-01-09T15:10:09.980Z - info: Current opened pages, from most-to-least recent:
2024-01-09T15:10:09.980Z - info: 1. se-book-adapted/chapters/testing
2024-01-09T15:10:10.991Z - info: Rebuilding 1 pages
2024-01-09T15:10:11.915Z - info: Site data built
2024-01-09T15:10:11.915Z - info: Pages rebuilt
2024-01-09T15:10:11.915Z - info: Website regeneration complete! Total build time: 0.924s
2024-01-09T15:12:07.990Z - info: [11:12:07 pm] Reload for file change: C:\repos\nus-cs2103\cs2103-website-base\book\testing\testCoverage\what\text.md
2024-01-09T15:12:07.991Z - info: Synchronizing opened pages list before reload
2024-01-09T15:12:07.991Z - info: Current opened pages, from most-to-least recent:
2024-01-09T15:12:07.991Z - info: 1. se-book-adapted/chapters/testing
2024-01-09T15:12:09.000Z - info: Rebuilding 1 pages
2024-01-09T15:12:09.921Z - info: Site data built
2024-01-09T15:12:09.922Z - info: Pages rebuilt
2024-01-09T15:12:09.922Z - info: Website regeneration complete! Total build time: 0.923s
2024-01-09T15:13:24.097Z - info: [11:13:24 pm] Reload for file change: C:\repos\nus-cs2103\cs2103-website-base\book\testing\testCoverage\what\text.md
2024-01-09T15:13:24.097Z - info: Synchronizing opened pages list before reload
2024-01-09T15:13:24.097Z - info: Current opened pages, from most-to-least recent:
2024-01-09T15:13:24.097Z - info: 1. se-book-adapted/chapters/testing
2024-01-09T15:13:25.102Z - info: Rebuilding 1 pages
2024-01-09T15:13:25.914Z - info: Site data built
2024-01-09T15:13:25.914Z - info: Pages rebuilt
2024-01-09T15:13:25.914Z - info: Website regeneration complete! Total build time: 0.813s
2024-01-09T15:15:09.058Z - info: [11:15:09 pm] Reload for file change: C:\repos\nus-cs2103\cs2103-website-base\book\testing\testCoverage\what\text.md
2024-01-09T15:15:09.058Z - info: Synchronizing opened pages list before reload
2024-01-09T15:15:09.058Z - info: Current opened pages, from most-to-least recent:
2024-01-09T15:15:09.058Z - info: 1. se-book-adapted/chapters/testing
2024-01-09T15:15:10.071Z - info: Rebuilding 1 pages
2024-01-09T15:15:10.965Z - info: Site data built
2024-01-09T15:15:10.965Z - info: Pages rebuilt
2024-01-09T15:15:10.965Z - info: Website regeneration complete! Total build time: 0.895s
2024-01-09T15:18:23.552Z - info: [11:18:23 pm] Reload for file change: C:\repos\nus-cs2103\cs2103-website-base\book\testing\testCoverage\what\text.md
2024-01-09T15:18:23.552Z - info: Synchronizing opened pages list before reload
2024-01-09T15:18:23.552Z - info: Current opened pages, from most-to-least recent:
2024-01-09T15:18:23.552Z - info: 1. se-book-adapted/chapters/testing
2024-01-09T15:18:24.558Z - info: Rebuilding 1 pages
2024-01-09T15:18:25.361Z - info: Site data built
2024-01-09T15:18:25.361Z - info: Pages rebuilt
2024-01-09T15:18:25.361Z - info: Website regeneration complete! Total build time: 0.804s
2024-01-09T15:21:42.926Z - info: Building C:\repos\nus-cs2103\cs2103-website-base\se-book-adapted\chapters\errorHandling as some of its dependencies were changed since the last visit
2024-01-09T15:21:43.724Z - info: Site data built
2024-01-09T15:21:43.724Z - info: Lazy website regeneration complete! Total build time: 0.798s
2024-01-09T15:24:34.156Z - info: [11:24:34 pm] Reload for file change: C:\repos\nus-cs2103\cs2103-website-base\book\errorHandling\defensiveProgramming\referentialIntegrity\text.md
2024-01-09T15:24:34.156Z - info: Synchronizing opened pages list before reload
2024-01-09T15:24:34.156Z - info: Current opened pages, from most-to-least recent:
2024-01-09T15:24:34.156Z - info: 1. se-book-adapted/chapters/errorHandling
2024-01-09T15:24:35.166Z - info: Rebuilding 1 pages
2024-01-09T15:24:35.700Z - info: Site data built
2024-01-09T15:24:35.700Z - info: Pages rebuilt
2024-01-09T15:24:35.700Z - info: Website regeneration complete! Total build time: 0.535s
2024-01-09T15:37:08.584Z - info: [11:37:08 pm] Reload for file change: C:\repos\nus-cs2103\cs2103-website-base\book\uml\classDiagrams\classInheritance\what\text.md
2024-01-09T15:37:08.584Z - info: Synchronizing opened pages list before reload
2024-01-09T15:37:08.584Z - info: Current opened pages, from most-to-least recent:
2024-01-09T15:37:08.584Z - info: 1. se-book-adapted/chapters/uml
2024-01-09T15:37:09.597Z - info: Rebuilding 1 pages
2024-01-09T15:37:11.169Z - info: Site data built
2024-01-09T15:37:11.169Z - info: Pages rebuilt
2024-01-09T15:37:11.170Z - info: Website regeneration complete! Total build time: 1.573s
2024-01-09T15:37:28.844Z - info: [11:37:28 pm] Reload for file change: C:\repos\nus-cs2103\cs2103-website-base\book\uml\classDiagrams\classInheritance\what\text.md
2024-01-09T15:37:28.845Z - info: Synchronizing opened pages list before reload
2024-01-09T15:37:28.845Z - info: Current opened pages, from most-to-least recent:
2024-01-09T15:37:28.845Z - info: 1. se-book-adapted/chapters/uml
2024-01-09T15:37:29.851Z - info: Rebuilding 1 pages
2024-01-09T15:37:30.726Z - info: Site data built
2024-01-09T15:37:30.726Z - info: Pages rebuilt
2024-01-09T15:37:30.726Z - info: Website regeneration complete! Total build time: 0.876s
2024-01-09T15:38:18.510Z - info: [11:38:18 pm] Reload for file change: C:\repos\nus-cs2103\cs2103-website-base\book\uml\classDiagrams\classInheritance\what\text.md
2024-01-09T15:38:18.510Z - info: Synchronizing opened pages list before reload
2024-01-09T15:38:18.510Z - info: Current opened pages, from most-to-least recent:
2024-01-09T15:38:18.510Z - info: 1. se-book-adapted/chapters/uml
2024-01-09T15:38:19.519Z - info: Rebuilding 1 pages
2024-01-09T15:38:20.209Z - info: Site data built
2024-01-09T15:38:20.209Z - info: Pages rebuilt
2024-01-09T15:38:20.209Z - info: Website regeneration complete! Total build time: 0.692s
2024-01-09T15:40:42.518Z - info: [11:40:42 pm] Reload for file add: C:\repos\nus-cs2103\cs2103-website-base\book\uml\classDiagrams\classInheritance\what\images\cd-inheritance-and-generics.puml
2024-01-09T15:40:42.518Z - info: Synchronizing opened pages list before reload
2024-01-09T15:40:42.518Z - info: Current opened pages, from most-to-least recent:
2024-01-09T15:40:42.518Z - info: 1. se-book-adapted/chapters/uml
2024-01-09T15:40:48.521Z - info: Assets built
2024-01-09T15:41:50.784Z - info: [11:41:50 pm] Reload for file change: C:\repos\nus-cs2103\cs2103-website-base\book\uml\classDiagrams\classInheritance\what\text.md
2024-01-09T15:41:50.785Z - info: Synchronizing opened pages list before reload
2024-01-09T15:41:50.785Z - info: Current opened pages, from most-to-least recent:
2024-01-09T15:41:50.785Z - info: 1. se-book-adapted/chapters/uml
2024-01-09T15:41:51.792Z - info: Rebuilding 1 pages
2024-01-09T15:41:52.332Z - debug:  Error: ENOENT: no such file or directory, open 'C:\repos\nus-cs2103\cs2103-website-base\book\uml\classDiagrams\classInheritance\what\images\cd-BookAuthor1.puml'
    at Object.readFileSync (node:fs:453:20)
    at Object.processNode (C:\Users\dcsdcr\AppData\Roaming\npm\node_modules\markbind-cli\node_modules\@markbind\core\src\plugins\default\markbind-plugin-plantuml.js:143:44)
    at Plugin.processNode (C:\Users\dcsdcr\AppData\Roaming\npm\node_modules\markbind-cli\node_modules\@markbind\core\src\plugins\Plugin.js:119:21)
    at C:\Users\dcsdcr\AppData\Roaming\npm\node_modules\markbind-cli\node_modules\@markbind\core\src\plugins\PluginManager.js:195:20
    at Array.forEach (<anonymous>)
    at PluginManager.processNode (C:\Users\dcsdcr\AppData\Roaming\npm\node_modules\markbind-cli\node_modules\@markbind\core\src\plugins\PluginManager.js:194:37)
    at NodeProcessor.traverse (C:\Users\dcsdcr\AppData\Roaming\npm\node_modules\markbind-cli\node_modules\@markbind\core\src\html\NodeProcessor.js:327:28)
    at C:\Users\dcsdcr\AppData\Roaming\npm\node_modules\markbind-cli\node_modules\@markbind\core\src\html\NodeProcessor.js:330:22
    at Array.forEach (<anonymous>)
    at NodeProcessor.traverse (C:\Users\dcsdcr\AppData\Roaming\npm\node_modules\markbind-cli\node_modules\@markbind\core\src\html\NodeProcessor.js:329:27)
    at C:\Users\dcsdcr\AppData\Roaming\npm\node_modules\markbind-cli\node_modules\@markbind\core\src\html\NodeProcessor.js:330:22
    at Array.forEach (<anonymous>)
    at NodeProcessor.traverse (C:\Users\dcsdcr\AppData\Roaming\npm\node_modules\markbind-cli\node_modules\@markbind\core\src\html\NodeProcessor.js:329:27)
    at C:\Users\dcsdcr\AppData\Roaming\npm\node_modules\markbind-cli\node_modules\@markbind\core\src\html\NodeProcessor.js:330:22
    at Array.forEach (<anonymous>)
    at NodeProcessor.traverse (C:\Users\dcsdcr\AppData\Roaming\npm\node_modules\markbind-cli\node_modules\@markbind\core\src\html\NodeProcessor.js:329:27)
2024-01-09T15:41:52.334Z - error: Error reading C:\repos\nus-cs2103\cs2103-website-base\book\uml\classDiagrams\classInheritance\what\images\cd-BookAuthor1.puml for <puml> tag
2024-01-09T15:41:53.380Z - info: Site data built
2024-01-09T15:41:53.381Z - info: Pages rebuilt
2024-01-09T15:41:53.381Z - info: Website regeneration complete! Total build time: 1.591s
2024-01-09T15:42:16.557Z - info: [11:42:16 pm] Reload for file change: C:\repos\nus-cs2103\cs2103-website-base\book\uml\classDiagrams\classInheritance\what\text.md
2024-01-09T15:42:16.557Z - info: Synchronizing opened pages list before reload
2024-01-09T15:42:16.557Z - info: Current opened pages, from most-to-least recent:
2024-01-09T15:42:16.557Z - info: 1. se-book-adapted/chapters/uml
2024-01-09T15:42:17.571Z - info: Rebuilding 1 pages
2024-01-09T15:42:21.276Z - debug:  
2024-01-09T15:42:21.490Z - info: Site data built
2024-01-09T15:42:21.490Z - info: Pages rebuilt
2024-01-09T15:42:21.490Z - info: Website regeneration complete! Total build time: 3.919s
2024-01-09T15:43:43.206Z - info: [11:43:43 pm] Reload for file change: C:\repos\nus-cs2103\cs2103-website-base\book\uml\classDiagrams\classInheritance\what\images\cd-inheritance-and-generics.puml
2024-01-09T15:43:43.207Z - info: Synchronizing opened pages list before reload
2024-01-09T15:43:43.207Z - info: Current opened pages, from most-to-least recent:
2024-01-09T15:43:43.207Z - info: 1. se-book-adapted/chapters/uml
2024-01-09T15:43:44.215Z - info: Rebuilding 1 pages
2024-01-09T15:43:46.408Z - debug:  
2024-01-09T15:43:46.620Z - info: Site data built
2024-01-09T15:43:46.620Z - info: Pages rebuilt
2024-01-09T15:43:46.620Z - info: Website regeneration complete! Total build time: 2.406s
2024-01-09T15:44:45.891Z - info: [11:44:45 pm] Reload for file change: C:\repos\nus-cs2103\cs2103-website-base\book\uml\classDiagrams\classInheritance\what\images\cd-inheritance-and-generics.puml
2024-01-09T15:44:45.891Z - info: Synchronizing opened pages list before reload
2024-01-09T15:44:45.891Z - info: Current opened pages, from most-to-least recent:
2024-01-09T15:44:45.891Z - info: 1. se-book-adapted/chapters/uml
2024-01-09T15:44:46.907Z - info: Rebuilding 1 pages
2024-01-09T15:44:48.830Z - debug: ERROR
15
Syntax Error?
Some diagram description contains errors

2024-01-09T15:44:49.026Z - info: Site data built
2024-01-09T15:44:49.026Z - info: Pages rebuilt
2024-01-09T15:44:49.026Z - info: Website regeneration complete! Total build time: 2.119s
2024-01-09T15:45:00.431Z - info: [11:45:00 pm] Reload for file change: C:\repos\nus-cs2103\cs2103-website-base\book\uml\classDiagrams\classInheritance\what\images\cd-inheritance-and-generics.puml
2024-01-09T15:45:00.431Z - info: Synchronizing opened pages list before reload
2024-01-09T15:45:00.431Z - info: Current opened pages, from most-to-least recent:
2024-01-09T15:45:00.431Z - info: 1. se-book-adapted/chapters/uml
2024-01-09T15:45:01.447Z - info: Rebuilding 1 pages
2024-01-09T15:45:03.500Z - debug:  
2024-01-09T15:45:03.701Z - info: Site data built
2024-01-09T15:45:03.701Z - info: Pages rebuilt
2024-01-09T15:45:03.701Z - info: Website regeneration complete! Total build time: 2.255s
2024-01-09T15:46:18.665Z - info: [11:46:18 pm] Reload for file change: C:\repos\nus-cs2103\cs2103-website-base\book\uml\classDiagrams\classInheritance\what\text.md
2024-01-09T15:46:18.666Z - info: Synchronizing opened pages list before reload
2024-01-09T15:46:18.666Z - info: Current opened pages, from most-to-least recent:
2024-01-09T15:46:18.666Z - info: 1. se-book-adapted/chapters/uml
2024-01-09T15:46:19.678Z - info: Rebuilding 1 pages
2024-01-09T15:46:20.526Z - info: Site data built
2024-01-09T15:46:20.526Z - info: Pages rebuilt
2024-01-09T15:46:20.526Z - info: Website regeneration complete! Total build time: 0.85s
2024-01-09T15:46:33.491Z - info: [11:46:33 pm] Reload for file change: C:\repos\nus-cs2103\cs2103-website-base\book\uml\classDiagrams\classInheritance\what\text.md
2024-01-09T15:46:33.492Z - info: Synchronizing opened pages list before reload
2024-01-09T15:46:33.492Z - info: Current opened pages, from most-to-least recent:
2024-01-09T15:46:33.492Z - info: 1. se-book-adapted/chapters/uml
2024-01-09T15:46:34.508Z - info: Rebuilding 1 pages
2024-01-09T15:46:35.222Z - info: Site data built
2024-01-09T15:46:35.223Z - info: Pages rebuilt
2024-01-09T15:46:35.223Z - info: Website regeneration complete! Total build time: 0.717s
