2024-03-26T08:01:03.500Z - info: Website generation (lazy) started at 4:00:56 pm
2024-03-26T08:01:13.258Z - info: Building assets...
2024-03-26T08:01:18.743Z - info: Assets built
2024-03-26T08:01:18.745Z - info: Generating landing page...
2024-03-26T08:01:20.079Z - info: Landing page built, other pages will be built as you navigate to them!
2024-03-26T08:01:21.421Z - info: Site data built
2024-03-26T08:01:21.422Z - info: Website generation (lazy) complete! Total build time: 24.642s
2024-03-26T08:01:21.803Z - info: Serving "C:\repos\nus-cs2103\cs2103-website-base\_site" at http://127.0.0.1:8080
2024-03-26T08:01:21.803Z - info: Press CTRL+C to stop ...
2024-03-26T08:01:45.433Z - info: Building C:\repos\nus-cs2103\cs2103-website-base\schedule\week11\index as some of its dependencies were changed since the last visit
2024-03-26T08:01:46.619Z - info: Site data built
2024-03-26T08:01:46.620Z - info: Lazy website regeneration complete! Total build time: 1.187s
2024-03-26T08:02:53.024Z - info: [4:02:53 pm] Reload for file change: C:\repos\nus-cs2103\cs2103-website-base\admin\admin-tasks-fragment.md
2024-03-26T08:02:53.025Z - info: Synchronizing opened pages list before reload
2024-03-26T08:02:53.026Z - info: Current opened pages, from most-to-least recent:
2024-03-26T08:02:53.027Z - info: 1. schedule/week11/index
2024-03-26T08:02:54.047Z - info: Rebuilding 1 pages
2024-03-26T08:02:54.995Z - info: Site data built
2024-03-26T08:02:54.995Z - info: Pages rebuilt
2024-03-26T08:02:54.996Z - info: Website regeneration complete! Total build time: 0.951s
2024-03-26T08:03:14.486Z - info: Building C:\repos\nus-cs2103\cs2103-website-base\schedule\week11\admin as some of its dependencies were changed since the last visit
2024-03-26T08:03:14.914Z - info: Site data built
2024-03-26T08:03:14.915Z - info: Lazy website regeneration complete! Total build time: 0.428s
2024-03-26T08:03:36.268Z - info: [4:03:36 pm] Reload for file change: C:\repos\nus-cs2103\cs2103-website-base\admin\admin-tasks-fragment.md
2024-03-26T08:03:36.269Z - info: Synchronizing opened pages list before reload
2024-03-26T08:03:36.270Z - info: Current opened pages, from most-to-least recent:
2024-03-26T08:03:36.270Z - info: 1. schedule/week11/admin
2024-03-26T08:03:37.288Z - info: Rebuilding 1 pages
2024-03-26T08:03:37.754Z - info: Site data built
2024-03-26T08:03:37.754Z - info: Pages rebuilt
2024-03-26T08:03:37.754Z - info: Website regeneration complete! Total build time: 0.468s
2024-03-26T08:03:46.417Z - info: [4:03:46 pm] Reload for file change: C:\repos\nus-cs2103\cs2103-website-base\admin\admin-tasks-fragment.md
2024-03-26T08:03:46.417Z - info: Synchronizing opened pages list before reload
2024-03-26T08:03:46.418Z - info: Current opened pages, from most-to-least recent:
2024-03-26T08:03:46.418Z - info: 1. schedule/week11/admin
2024-03-26T08:03:47.433Z - info: Rebuilding 1 pages
2024-03-26T08:03:47.754Z - info: Site data built
2024-03-26T08:03:47.754Z - info: Pages rebuilt
2024-03-26T08:03:47.755Z - info: Website regeneration complete! Total build time: 0.323s
2024-03-26T08:04:52.372Z - info: [4:04:52 pm] Reload for file change: C:\repos\nus-cs2103\cs2103-website-base\admin\admin-tasks-fragment.md
2024-03-26T08:04:52.372Z - info: Synchronizing opened pages list before reload
2024-03-26T08:04:52.373Z - info: Current opened pages, from most-to-least recent:
2024-03-26T08:04:52.373Z - info: 1. schedule/week11/admin
2024-03-26T08:04:53.385Z - info: Rebuilding 1 pages
2024-03-26T08:04:53.725Z - info: Site data built
2024-03-26T08:04:53.726Z - info: Pages rebuilt
2024-03-26T08:04:53.726Z - info: Website regeneration complete! Total build time: 0.342s
2024-03-26T08:06:02.975Z - info: Website generation started at 4:06:00 pm
2024-03-26T08:06:09.731Z - info: Building assets...
