2024-02-05T16:00:00.402Z - info: [12:00:00 am] Reload for file change: C:\repos\nus-cs2103\cs2103-website-base\admin\ip-tasks-fragment.md
2024-02-05T16:00:00.414Z - info: Synchronizing opened pages list before reload
2024-02-05T16:00:00.414Z - info: Current opened pages, from most-to-least recent:
2024-02-05T16:00:00.414Z - info: 1. schedule/week3/project
2024-02-05T16:00:01.431Z - info: Rebuilding 1 pages
2024-02-05T16:00:03.253Z - info: Site data built
2024-02-05T16:00:03.253Z - info: Pages rebuilt
2024-02-05T16:00:03.253Z - info: Website regeneration complete! Total build time: 1.823s
2024-02-05T16:00:32.502Z - info: [12:00:32 am] Reload for file change: C:\repos\nus-cs2103\cs2103-website-base\admin\ip-tasks-fragment.md
2024-02-05T16:00:32.502Z - info: Synchronizing opened pages list before reload
2024-02-05T16:00:32.503Z - info: Current opened pages, from most-to-least recent:
2024-02-05T16:00:32.504Z - info: 1. schedule/week3/project
2024-02-05T16:00:33.516Z - info: Rebuilding 1 pages
2024-02-05T16:00:35.547Z - info: Site data built
2024-02-05T16:00:35.547Z - info: Pages rebuilt
2024-02-05T16:00:35.547Z - info: Website regeneration complete! Total build time: 2.032s
2024-02-05T16:01:00.321Z - info: [12:01:00 am] Reload for file change: C:\repos\nus-cs2103\cs2103-website-base\admin\ip-tasks-fragment.md
2024-02-05T16:01:00.322Z - info: Synchronizing opened pages list before reload
2024-02-05T16:01:00.322Z - info: Current opened pages, from most-to-least recent:
2024-02-05T16:01:00.322Z - info: 1. schedule/week3/project
2024-02-05T16:01:01.338Z - info: Rebuilding 1 pages
2024-02-05T16:01:03.233Z - info: Site data built
2024-02-05T16:01:03.234Z - info: Pages rebuilt
2024-02-05T16:01:03.234Z - info: Website regeneration complete! Total build time: 1.897s
2024-02-05T16:01:11.161Z - info: [12:01:11 am] Reload for file change: C:\repos\nus-cs2103\cs2103-website-base\admin\ip-tasks-fragment.md
2024-02-05T16:01:11.161Z - info: Synchronizing opened pages list before reload
2024-02-05T16:01:11.161Z - info: Current opened pages, from most-to-least recent:
2024-02-05T16:01:11.162Z - info: 1. schedule/week3/project
2024-02-05T16:01:12.175Z - info: Rebuilding 1 pages
2024-02-05T16:01:13.814Z - info: Site data built
2024-02-05T16:01:13.814Z - info: Pages rebuilt
2024-02-05T16:01:13.815Z - info: Website regeneration complete! Total build time: 1.64s
2024-02-05T16:01:26.227Z - info: [12:01:26 am] Reload for file change: C:\repos\nus-cs2103\cs2103-website-base\admin\ip-tasks-fragment.md
2024-02-05T16:01:26.228Z - info: Synchronizing opened pages list before reload
2024-02-05T16:01:26.228Z - info: Current opened pages, from most-to-least recent:
2024-02-05T16:01:26.228Z - info: 1. schedule/week3/project
2024-02-05T16:01:27.239Z - info: Rebuilding 1 pages
2024-02-05T16:01:28.895Z - info: Site data built
2024-02-05T16:01:28.895Z - info: Pages rebuilt
2024-02-05T16:01:28.895Z - info: Website regeneration complete! Total build time: 1.657s
2024-02-05T16:02:47.365Z - info: [12:02:47 am] Reload for file change: C:\repos\nus-cs2103\cs2103-website-base\admin\ip-tasks-fragment.md
2024-02-05T16:02:47.365Z - info: Synchronizing opened pages list before reload
2024-02-05T16:02:47.366Z - info: Current opened pages, from most-to-least recent:
2024-02-05T16:02:47.367Z - info: 1. schedule/week3/project
2024-02-05T16:02:48.384Z - info: Rebuilding 1 pages
2024-02-05T16:02:50.181Z - info: Site data built
2024-02-05T16:02:50.181Z - info: Pages rebuilt
2024-02-05T16:02:50.181Z - info: Website regeneration complete! Total build time: 1.799s
2024-02-05T16:03:26.043Z - info: Website generation started at 12:03:24 am
2024-02-05T16:03:32.538Z - info: Building assets...
