2024-01-18T16:05:27.230Z - info: Website generation (lazy) started at 12:05:22 am
2024-01-18T16:05:35.719Z - info: Building assets...
2024-01-18T16:05:40.816Z - info: Assets built
2024-01-18T16:05:40.817Z - info: Generating landing page...
2024-01-18T16:05:41.318Z - info: Landing page built, other pages will be built as you navigate to them!
2024-01-18T16:05:42.129Z - info: Site data built
2024-01-18T16:05:42.129Z - info: Website generation (lazy) complete! Total build time: 19.248s
2024-01-18T16:05:42.953Z - info: Serving "C:\repos\nus-cs2103\cs2103-website-base\_site" at http://127.0.0.1:8080
2024-01-18T16:05:42.953Z - info: Press CTRL+C to stop ...
2024-01-18T16:07:53.873Z - info: Building C:\repos\nus-cs2103\cs2103-website-base\schedule\week1\index as some of its dependencies were changed since the last visit
2024-01-18T16:07:54.777Z - info: Site data built
2024-01-18T16:07:54.777Z - info: Lazy website regeneration complete! Total build time: 0.906s
2024-01-18T16:10:11.852Z - info: [12:10:11 am] Reload for file change: C:\repos\nus-cs2103\cs2103-website-base\schedule\week2\notices-cs2103-fragment.md
2024-01-18T16:10:11.852Z - info: Synchronizing opened pages list before reload
2024-01-18T16:10:11.853Z - info: Current opened pages, from most-to-least recent:
2024-01-18T16:10:11.853Z - info: 1. schedule/week1/index
2024-01-18T16:10:12.857Z - info: Assets built
2024-01-18T16:10:14.237Z - info: Building C:\repos\nus-cs2103\cs2103-website-base\schedule\week2\index as some of its dependencies were changed since the last visit
2024-01-18T16:10:14.894Z - info: Site data built
2024-01-18T16:10:14.895Z - info: Lazy website regeneration complete! Total build time: 0.658s
2024-01-18T16:11:12.524Z - info: [12:11:12 am] Reload for file change: C:\repos\nus-cs2103\cs2103-website-base\schedule\week2\notices-cs2103-fragment.md
2024-01-18T16:11:12.525Z - info: Synchronizing opened pages list before reload
2024-01-18T16:11:12.525Z - info: Current opened pages, from most-to-least recent:
2024-01-18T16:11:12.525Z - info: 1. schedule/week2/index
2024-01-18T16:11:13.537Z - info: Rebuilding 1 pages
2024-01-18T16:11:13.986Z - info: Site data built
2024-01-18T16:11:13.986Z - info: Pages rebuilt
2024-01-18T16:11:13.986Z - info: Website regeneration complete! Total build time: 0.45s
2024-01-18T16:11:26.188Z - info: [12:11:26 am] Reload for file change: C:\repos\nus-cs2103\cs2103-website-base\schedule\week2\notices-cs2103-fragment.md
2024-01-18T16:11:26.188Z - info: Synchronizing opened pages list before reload
2024-01-18T16:11:26.188Z - info: Current opened pages, from most-to-least recent:
2024-01-18T16:11:26.188Z - info: 1. schedule/week2/index
2024-01-18T16:11:27.195Z - info: Rebuilding 1 pages
2024-01-18T16:11:27.545Z - info: Site data built
2024-01-18T16:11:27.545Z - info: Pages rebuilt
2024-01-18T16:11:27.545Z - info: Website regeneration complete! Total build time: 0.35s
2024-01-18T16:11:37.577Z - info: [12:11:37 am] Reload for file change: C:\repos\nus-cs2103\cs2103-website-base\schedule\week2\notices-cs2103-fragment.md
2024-01-18T16:11:37.578Z - info: Synchronizing opened pages list before reload
2024-01-18T16:11:37.578Z - info: Current opened pages, from most-to-least recent:
2024-01-18T16:11:37.578Z - info: 1. schedule/week2/index
2024-01-18T16:11:38.587Z - info: Rebuilding 1 pages
2024-01-18T16:11:39.046Z - info: Site data built
2024-01-18T16:11:39.046Z - info: Pages rebuilt
2024-01-18T16:11:39.046Z - info: Website regeneration complete! Total build time: 0.459s
2024-01-18T16:11:46.263Z - info: [12:11:46 am] Reload for file change: C:\repos\nus-cs2103\cs2103-website-base\schedule\week2\notices-cs2103-fragment.md
2024-01-18T16:11:46.263Z - info: Synchronizing opened pages list before reload
2024-01-18T16:11:46.263Z - info: Current opened pages, from most-to-least recent:
2024-01-18T16:11:46.263Z - info: 1. schedule/week2/index
2024-01-18T16:11:47.279Z - info: Rebuilding 1 pages
2024-01-18T16:11:47.592Z - info: Site data built
2024-01-18T16:11:47.592Z - info: Pages rebuilt
2024-01-18T16:11:47.592Z - info: Website regeneration complete! Total build time: 0.314s
2024-01-18T16:12:19.485Z - info: [12:12:19 am] Reload for file change: C:\repos\nus-cs2103\cs2103-website-base\schedule\week2\notices-cs2103-fragment.md
2024-01-18T16:12:19.486Z - info: Synchronizing opened pages list before reload
2024-01-18T16:12:19.486Z - info: Current opened pages, from most-to-least recent:
2024-01-18T16:12:19.486Z - info: 1. schedule/week2/index
2024-01-18T16:12:20.504Z - info: Rebuilding 1 pages
2024-01-18T16:12:20.943Z - info: Site data built
2024-01-18T16:12:20.943Z - info: Pages rebuilt
2024-01-18T16:12:20.943Z - info: Website regeneration complete! Total build time: 0.439s
2024-01-18T16:12:30.997Z - info: [12:12:30 am] Reload for file change: C:\repos\nus-cs2103\cs2103-website-base\schedule\week2\notices-cs2103-fragment.md
2024-01-18T16:12:30.997Z - info: Synchronizing opened pages list before reload
2024-01-18T16:12:30.997Z - info: Current opened pages, from most-to-least recent:
2024-01-18T16:12:30.997Z - info: 1. schedule/week2/index
2024-01-18T16:12:32.014Z - info: Rebuilding 1 pages
2024-01-18T16:12:32.358Z - info: Site data built
2024-01-18T16:12:32.358Z - info: Pages rebuilt
2024-01-18T16:12:32.358Z - info: Website regeneration complete! Total build time: 0.346s
2024-01-18T16:12:45.787Z - info: [12:12:45 am] Reload for file change: C:\repos\nus-cs2103\cs2103-website-base\schedule\week2\notices-cs2103-fragment.md
2024-01-18T16:12:45.787Z - info: Synchronizing opened pages list before reload
2024-01-18T16:12:45.787Z - info: Current opened pages, from most-to-least recent:
2024-01-18T16:12:45.787Z - info: 1. schedule/week2/index
2024-01-18T16:12:46.790Z - info: Rebuilding 1 pages
2024-01-18T16:12:47.159Z - info: Site data built
2024-01-18T16:12:47.159Z - info: Pages rebuilt
2024-01-18T16:12:47.160Z - info: Website regeneration complete! Total build time: 0.371s
2024-01-18T16:13:55.467Z - info: [12:13:55 am] Reload for file change: C:\repos\nus-cs2103\cs2103-website-base\schedule\week2\notices-cs2103-fragment.md
2024-01-18T16:13:55.467Z - info: Synchronizing opened pages list before reload
2024-01-18T16:13:55.467Z - info: Current opened pages, from most-to-least recent:
2024-01-18T16:13:55.467Z - info: 1. schedule/week2/index
2024-01-18T16:13:56.473Z - info: Rebuilding 1 pages
2024-01-18T16:13:56.613Z - error:  Template render error: (C:\repos\nus-cs2103\cs2103-website-base\schedule\week2\notices-cs2103-fragment.md) [Line 6, Column 10]
  Template render error: (C:\repos\nus-cs2103\cs2103-website-base\schedule\week2\notices-cs2103-fragment.md)
  Template render error: (C:\repos\nus-cs2103\cs2103-website-base\schedule\week2\notices-cs2103-fragment.md)
  Template render error: (C:\repos\nus-cs2103\cs2103-website-base\schedule\week2\notices-cs2103-fragment.md)
  Error: Unable to call `panopto`, which is undefined or falsey
    at Object._prettifyError (C:\Users\dcsdcr\AppData\Roaming\npm\node_modules\markbind-cli\node_modules\nunjucks\src\lib.js:36:11)
    at C:\Users\dcsdcr\AppData\Roaming\npm\node_modules\markbind-cli\node_modules\@markbind\core\src\patches\nunjucks\context-overrides-frame.js:383:17
    at Template.root [as rootRenderFunc] (eval at _compile (C:\Users\dcsdcr\AppData\Roaming\npm\node_modules\markbind-cli\node_modules\nunjucks\src\environment.js:631:18), <anonymous>:45:3)
    at Template.render (C:\Users\dcsdcr\AppData\Roaming\npm\node_modules\markbind-cli\node_modules\@markbind\core\src\patches\nunjucks\context-overrides-frame.js:372:8)
    at C:\Users\dcsdcr\AppData\Roaming\npm\node_modules\markbind-cli\node_modules\@markbind\core\src\patches\nunjucks\context-overrides-frame.js:54:25
    at createTemplate (C:\Users\dcsdcr\AppData\Roaming\npm\node_modules\markbind-cli\node_modules\@markbind\core\src\patches\nunjucks\load-event.js:121:7)
    at handle (C:\Users\dcsdcr\AppData\Roaming\npm\node_modules\markbind-cli\node_modules\@markbind\core\src\patches\nunjucks\load-event.js:133:9)
    at C:\Users\dcsdcr\AppData\Roaming\npm\node_modules\markbind-cli\node_modules\@markbind\core\src\patches\nunjucks\load-event.js:145:7
    at next (C:\Users\dcsdcr\AppData\Roaming\npm\node_modules\markbind-cli\node_modules\nunjucks\src\lib.js:326:7)
    at Object.asyncIter (C:\Users\dcsdcr\AppData\Roaming\npm\node_modules\markbind-cli\node_modules\nunjucks\src\lib.js:332:3)
    at Environment.getTemplate (C:\Users\dcsdcr\AppData\Roaming\npm\node_modules\markbind-cli\node_modules\@markbind\core\src\patches\nunjucks\load-event.js:127:7)
    at Environment.render (C:\Users\dcsdcr\AppData\Roaming\npm\node_modules\markbind-cli\node_modules\@markbind\core\src\patches\nunjucks\context-overrides-frame.js:48:8)
    at VariableRenderer.renderFile (C:\Users\dcsdcr\AppData\Roaming\npm\node_modules\markbind-cli\node_modules\@markbind\core\src\variables\VariableRenderer.js:73:24)
    at VariableProcessor.renderWithSiteVariables (C:\Users\dcsdcr\AppData\Roaming\npm\node_modules\markbind-cli\node_modules\@markbind\core\src\variables\VariableProcessor.js:154:57)
    at VariableProcessor.renderIncludeFile (C:\Users\dcsdcr\AppData\Roaming\npm\node_modules\markbind-cli\node_modules\@markbind\core\src\variables\VariableProcessor.js:231:38)
    at processInclude (C:\Users\dcsdcr\AppData\Roaming\npm\node_modules\markbind-cli\node_modules\@markbind\core\src\html\includePanelProcessor.js:190:68)
2024-01-18T16:13:56.938Z - info: Site data built
2024-01-18T16:13:56.939Z - info: Pages rebuilt
2024-01-18T16:13:56.939Z - info: Website regeneration complete! Total build time: 0.467s
2024-01-18T16:14:12.499Z - info: [12:14:12 am] Reload for file change: C:\repos\nus-cs2103\cs2103-website-base\schedule\week2\notices-cs2103-fragment.md
2024-01-18T16:14:12.499Z - info: Synchronizing opened pages list before reload
2024-01-18T16:14:12.499Z - info: Current opened pages, from most-to-least recent:
2024-01-18T16:14:12.499Z - info: 1. schedule/week2/index
2024-01-18T16:14:13.515Z - info: Rebuilding 1 pages
2024-01-18T16:14:13.655Z - error:  Template render error: (C:\repos\nus-cs2103\cs2103-website-base\schedule\week2\notices-cs2103-fragment.md)
  Template render error: (C:\repos\nus-cs2103\cs2103-website-base\schedule\week2\notices-cs2103-fragment.md)
  Template render error: (C:\repos\nus-cs2103\cs2103-website-base\schedule\week2\notices-cs2103-fragment.md)
  Template render error: (C:\repos\nus-cs2103\cs2103-website-base\schedule\week2\notices-cs2103-fragment.md)
  Template render error: (C:\repos\nus-cs2103\cs2103-website-base\schedule\week2\notices-cs2103-fragment.md)
  Error: cannot import 'panopto'
    at Object._prettifyError (C:\Users\dcsdcr\AppData\Roaming\npm\node_modules\markbind-cli\node_modules\nunjucks\src\lib.js:36:11)
    at C:\Users\dcsdcr\AppData\Roaming\npm\node_modules\markbind-cli\node_modules\@markbind\core\src\patches\nunjucks\context-overrides-frame.js:383:17
    at Template.root [as rootRenderFunc] (eval at _compile (C:\Users\dcsdcr\AppData\Roaming\npm\node_modules\markbind-cli\node_modules\nunjucks\src\environment.js:631:18), <anonymous>:51:3)
    at Template.render (C:\Users\dcsdcr\AppData\Roaming\npm\node_modules\markbind-cli\node_modules\@markbind\core\src\patches\nunjucks\context-overrides-frame.js:372:8)
    at C:\Users\dcsdcr\AppData\Roaming\npm\node_modules\markbind-cli\node_modules\@markbind\core\src\patches\nunjucks\context-overrides-frame.js:54:25
    at createTemplate (C:\Users\dcsdcr\AppData\Roaming\npm\node_modules\markbind-cli\node_modules\@markbind\core\src\patches\nunjucks\load-event.js:121:7)
    at handle (C:\Users\dcsdcr\AppData\Roaming\npm\node_modules\markbind-cli\node_modules\@markbind\core\src\patches\nunjucks\load-event.js:133:9)
    at C:\Users\dcsdcr\AppData\Roaming\npm\node_modules\markbind-cli\node_modules\@markbind\core\src\patches\nunjucks\load-event.js:145:7
    at next (C:\Users\dcsdcr\AppData\Roaming\npm\node_modules\markbind-cli\node_modules\nunjucks\src\lib.js:326:7)
    at Object.asyncIter (C:\Users\dcsdcr\AppData\Roaming\npm\node_modules\markbind-cli\node_modules\nunjucks\src\lib.js:332:3)
    at Environment.getTemplate (C:\Users\dcsdcr\AppData\Roaming\npm\node_modules\markbind-cli\node_modules\@markbind\core\src\patches\nunjucks\load-event.js:127:7)
    at Environment.render (C:\Users\dcsdcr\AppData\Roaming\npm\node_modules\markbind-cli\node_modules\@markbind\core\src\patches\nunjucks\context-overrides-frame.js:48:8)
    at VariableRenderer.renderFile (C:\Users\dcsdcr\AppData\Roaming\npm\node_modules\markbind-cli\node_modules\@markbind\core\src\variables\VariableRenderer.js:73:24)
    at VariableProcessor.renderWithSiteVariables (C:\Users\dcsdcr\AppData\Roaming\npm\node_modules\markbind-cli\node_modules\@markbind\core\src\variables\VariableProcessor.js:154:57)
    at VariableProcessor.renderIncludeFile (C:\Users\dcsdcr\AppData\Roaming\npm\node_modules\markbind-cli\node_modules\@markbind\core\src\variables\VariableProcessor.js:231:38)
    at processInclude (C:\Users\dcsdcr\AppData\Roaming\npm\node_modules\markbind-cli\node_modules\@markbind\core\src\html\includePanelProcessor.js:190:68)
2024-01-18T16:14:13.938Z - info: Site data built
2024-01-18T16:14:13.939Z - info: Pages rebuilt
2024-01-18T16:14:13.939Z - info: Website regeneration complete! Total build time: 0.425s
2024-01-18T16:14:27.488Z - info: [12:14:27 am] Reload for file change: C:\repos\nus-cs2103\cs2103-website-base\schedule\week2\notices-cs2103-fragment.md
2024-01-18T16:14:27.488Z - info: Synchronizing opened pages list before reload
2024-01-18T16:14:27.488Z - info: Current opened pages, from most-to-least recent:
2024-01-18T16:14:27.488Z - info: 1. schedule/week2/index
2024-01-18T16:14:28.495Z - info: Rebuilding 1 pages
2024-01-18T16:14:28.609Z - error:  Template render error: (C:\repos\nus-cs2103\cs2103-website-base\schedule\week2\notices-cs2103-fragment.md)
  Template render error: (C:\repos\nus-cs2103\cs2103-website-base\schedule\week2\notices-cs2103-fragment.md)
  Template render error: (C:\repos\nus-cs2103\cs2103-website-base\schedule\week2\notices-cs2103-fragment.md)
  Template render error: (C:\repos\nus-cs2103\cs2103-website-base\schedule\week2\notices-cs2103-fragment.md)
  Template render error: (C:\repos\nus-cs2103\cs2103-website-base\schedule\week2\notices-cs2103-fragment.md)
  Error: cannot import 'panopto'
    at Object._prettifyError (C:\Users\dcsdcr\AppData\Roaming\npm\node_modules\markbind-cli\node_modules\nunjucks\src\lib.js:36:11)
    at C:\Users\dcsdcr\AppData\Roaming\npm\node_modules\markbind-cli\node_modules\@markbind\core\src\patches\nunjucks\context-overrides-frame.js:383:17
    at Template.root [as rootRenderFunc] (eval at _compile (C:\Users\dcsdcr\AppData\Roaming\npm\node_modules\markbind-cli\node_modules\nunjucks\src\environment.js:631:18), <anonymous>:49:3)
    at Template.render (C:\Users\dcsdcr\AppData\Roaming\npm\node_modules\markbind-cli\node_modules\@markbind\core\src\patches\nunjucks\context-overrides-frame.js:372:8)
    at C:\Users\dcsdcr\AppData\Roaming\npm\node_modules\markbind-cli\node_modules\@markbind\core\src\patches\nunjucks\context-overrides-frame.js:54:25
    at createTemplate (C:\Users\dcsdcr\AppData\Roaming\npm\node_modules\markbind-cli\node_modules\@markbind\core\src\patches\nunjucks\load-event.js:121:7)
    at handle (C:\Users\dcsdcr\AppData\Roaming\npm\node_modules\markbind-cli\node_modules\@markbind\core\src\patches\nunjucks\load-event.js:133:9)
    at C:\Users\dcsdcr\AppData\Roaming\npm\node_modules\markbind-cli\node_modules\@markbind\core\src\patches\nunjucks\load-event.js:145:7
    at next (C:\Users\dcsdcr\AppData\Roaming\npm\node_modules\markbind-cli\node_modules\nunjucks\src\lib.js:326:7)
    at Object.asyncIter (C:\Users\dcsdcr\AppData\Roaming\npm\node_modules\markbind-cli\node_modules\nunjucks\src\lib.js:332:3)
    at Environment.getTemplate (C:\Users\dcsdcr\AppData\Roaming\npm\node_modules\markbind-cli\node_modules\@markbind\core\src\patches\nunjucks\load-event.js:127:7)
    at Environment.render (C:\Users\dcsdcr\AppData\Roaming\npm\node_modules\markbind-cli\node_modules\@markbind\core\src\patches\nunjucks\context-overrides-frame.js:48:8)
    at VariableRenderer.renderFile (C:\Users\dcsdcr\AppData\Roaming\npm\node_modules\markbind-cli\node_modules\@markbind\core\src\variables\VariableRenderer.js:73:24)
    at VariableProcessor.renderWithSiteVariables (C:\Users\dcsdcr\AppData\Roaming\npm\node_modules\markbind-cli\node_modules\@markbind\core\src\variables\VariableProcessor.js:154:57)
    at VariableProcessor.renderIncludeFile (C:\Users\dcsdcr\AppData\Roaming\npm\node_modules\markbind-cli\node_modules\@markbind\core\src\variables\VariableProcessor.js:231:38)
    at processInclude (C:\Users\dcsdcr\AppData\Roaming\npm\node_modules\markbind-cli\node_modules\@markbind\core\src\html\includePanelProcessor.js:190:68)
2024-01-18T16:14:28.806Z - info: Site data built
2024-01-18T16:14:28.806Z - info: Pages rebuilt
2024-01-18T16:14:28.806Z - info: Website regeneration complete! Total build time: 0.313s
2024-01-18T16:15:06.844Z - info: [12:15:06 am] Reload for file change: C:\repos\nus-cs2103\cs2103-website-base\schedule\week2\notices-cs2103-fragment.md
2024-01-18T16:15:06.844Z - info: Synchronizing opened pages list before reload
2024-01-18T16:15:06.844Z - info: Current opened pages, from most-to-least recent:
2024-01-18T16:15:06.844Z - info: 1. schedule/week2/index
2024-01-18T16:15:07.850Z - info: Rebuilding 1 pages
2024-01-18T16:15:07.989Z - error:  Template render error: (C:\repos\nus-cs2103\cs2103-website-base\schedule\week2\notices-cs2103-fragment.md)
  Template render error: (C:\repos\nus-cs2103\cs2103-website-base\schedule\week2\notices-cs2103-fragment.md)
  Template render error: (C:\repos\nus-cs2103\cs2103-website-base\schedule\week2\notices-cs2103-fragment.md)
  Template render error: (C:\repos\nus-cs2103\cs2103-website-base\schedule\week2\notices-cs2103-fragment.md)
  Template render error: (C:\repos\nus-cs2103\cs2103-website-base\schedule\week2\notices-cs2103-fragment.md)
  Error: cannot import 'panopto'
    at Object._prettifyError (C:\Users\dcsdcr\AppData\Roaming\npm\node_modules\markbind-cli\node_modules\nunjucks\src\lib.js:36:11)
    at C:\Users\dcsdcr\AppData\Roaming\npm\node_modules\markbind-cli\node_modules\@markbind\core\src\patches\nunjucks\context-overrides-frame.js:383:17
    at Template.root [as rootRenderFunc] (eval at _compile (C:\Users\dcsdcr\AppData\Roaming\npm\node_modules\markbind-cli\node_modules\nunjucks\src\environment.js:631:18), <anonymous>:62:3)
    at Template.render (C:\Users\dcsdcr\AppData\Roaming\npm\node_modules\markbind-cli\node_modules\@markbind\core\src\patches\nunjucks\context-overrides-frame.js:372:8)
    at C:\Users\dcsdcr\AppData\Roaming\npm\node_modules\markbind-cli\node_modules\@markbind\core\src\patches\nunjucks\context-overrides-frame.js:54:25
    at createTemplate (C:\Users\dcsdcr\AppData\Roaming\npm\node_modules\markbind-cli\node_modules\@markbind\core\src\patches\nunjucks\load-event.js:121:7)
    at handle (C:\Users\dcsdcr\AppData\Roaming\npm\node_modules\markbind-cli\node_modules\@markbind\core\src\patches\nunjucks\load-event.js:133:9)
    at C:\Users\dcsdcr\AppData\Roaming\npm\node_modules\markbind-cli\node_modules\@markbind\core\src\patches\nunjucks\load-event.js:145:7
    at next (C:\Users\dcsdcr\AppData\Roaming\npm\node_modules\markbind-cli\node_modules\nunjucks\src\lib.js:326:7)
    at Object.asyncIter (C:\Users\dcsdcr\AppData\Roaming\npm\node_modules\markbind-cli\node_modules\nunjucks\src\lib.js:332:3)
    at Environment.getTemplate (C:\Users\dcsdcr\AppData\Roaming\npm\node_modules\markbind-cli\node_modules\@markbind\core\src\patches\nunjucks\load-event.js:127:7)
    at Environment.render (C:\Users\dcsdcr\AppData\Roaming\npm\node_modules\markbind-cli\node_modules\@markbind\core\src\patches\nunjucks\context-overrides-frame.js:48:8)
    at VariableRenderer.renderFile (C:\Users\dcsdcr\AppData\Roaming\npm\node_modules\markbind-cli\node_modules\@markbind\core\src\variables\VariableRenderer.js:73:24)
    at VariableProcessor.renderWithSiteVariables (C:\Users\dcsdcr\AppData\Roaming\npm\node_modules\markbind-cli\node_modules\@markbind\core\src\variables\VariableProcessor.js:154:57)
    at VariableProcessor.renderIncludeFile (C:\Users\dcsdcr\AppData\Roaming\npm\node_modules\markbind-cli\node_modules\@markbind\core\src\variables\VariableProcessor.js:231:38)
    at processInclude (C:\Users\dcsdcr\AppData\Roaming\npm\node_modules\markbind-cli\node_modules\@markbind\core\src\html\includePanelProcessor.js:190:68)
2024-01-18T16:15:08.269Z - info: Site data built
2024-01-18T16:15:08.270Z - info: Pages rebuilt
2024-01-18T16:15:08.270Z - info: Website regeneration complete! Total build time: 0.421s
2024-01-18T16:15:14.927Z - info: [12:15:14 am] Reload for file change: C:\repos\nus-cs2103\cs2103-website-base\schedule\week2\notices-cs2103-fragment.md
2024-01-18T16:15:14.927Z - info: Synchronizing opened pages list before reload
2024-01-18T16:15:14.928Z - info: Current opened pages, from most-to-least recent:
2024-01-18T16:15:14.928Z - info: 1. schedule/week2/index
2024-01-18T16:15:15.943Z - info: Rebuilding 1 pages
2024-01-18T16:15:16.249Z - info: Site data built
2024-01-18T16:15:16.249Z - info: Pages rebuilt
2024-01-18T16:15:16.249Z - info: Website regeneration complete! Total build time: 0.307s
2024-01-18T16:16:30.664Z - info: [12:16:30 am] Reload for file change: C:\repos\nus-cs2103\cs2103-website-base\schedule\week2\notices-cs2103-fragment.md
2024-01-18T16:16:30.664Z - info: Synchronizing opened pages list before reload
2024-01-18T16:16:30.664Z - info: Current opened pages, from most-to-least recent:
2024-01-18T16:16:30.664Z - info: 1. schedule/week2/index
2024-01-18T16:16:31.666Z - info: Rebuilding 1 pages
2024-01-18T16:16:31.997Z - info: Site data built
2024-01-18T16:16:31.997Z - info: Pages rebuilt
2024-01-18T16:16:31.997Z - info: Website regeneration complete! Total build time: 0.331s
2024-01-18T16:17:09.251Z - info: [12:17:09 am] Reload for file change: C:\repos\nus-cs2103\cs2103-website-base\schedule\week2\notices-cs2103-fragment.md
2024-01-18T16:17:09.251Z - info: Synchronizing opened pages list before reload
2024-01-18T16:17:09.251Z - info: Current opened pages, from most-to-least recent:
2024-01-18T16:17:09.251Z - info: 1. schedule/week2/index
2024-01-18T16:17:10.255Z - info: Rebuilding 1 pages
2024-01-18T16:17:10.753Z - info: Site data built
2024-01-18T16:17:10.753Z - info: Pages rebuilt
2024-01-18T16:17:10.753Z - info: Website regeneration complete! Total build time: 0.498s
2024-01-18T16:18:07.264Z - info: [12:18:07 am] Reload for file change: C:\repos\nus-cs2103\cs2103-website-base\schedule\week2\notices-cs2103-fragment.md
2024-01-18T16:18:07.265Z - info: Synchronizing opened pages list before reload
2024-01-18T16:18:07.265Z - info: Current opened pages, from most-to-least recent:
2024-01-18T16:18:07.265Z - info: 1. schedule/week2/index
2024-01-18T16:18:08.283Z - info: Rebuilding 1 pages
2024-01-18T16:18:08.758Z - info: Site data built
2024-01-18T16:18:08.758Z - info: Pages rebuilt
2024-01-18T16:18:08.758Z - info: Website regeneration complete! Total build time: 0.477s
2024-01-18T16:19:48.657Z - info: [12:19:48 am] Reload for file change: C:\repos\nus-cs2103\cs2103-website-base\schedule\week2\notices-cs2103-fragment.md
2024-01-18T16:19:48.658Z - info: Synchronizing opened pages list before reload
2024-01-18T16:19:48.658Z - info: Current opened pages, from most-to-least recent:
2024-01-18T16:19:48.659Z - info: 1. schedule/week2/index
2024-01-18T16:19:49.669Z - info: Rebuilding 1 pages
2024-01-18T16:19:50.061Z - info: Site data built
2024-01-18T16:19:50.061Z - info: Pages rebuilt
2024-01-18T16:19:50.061Z - info: Website regeneration complete! Total build time: 0.393s
2024-01-18T16:20:19.746Z - info: [12:20:19 am] Reload for file change: C:\repos\nus-cs2103\cs2103-website-base\schedule\week2\notices-cs2103-fragment.md
2024-01-18T16:20:19.746Z - info: Synchronizing opened pages list before reload
2024-01-18T16:20:19.746Z - info: Current opened pages, from most-to-least recent:
2024-01-18T16:20:19.746Z - info: 1. schedule/week2/index
2024-01-18T16:20:20.758Z - info: Rebuilding 1 pages
2024-01-18T16:20:21.199Z - info: Site data built
2024-01-18T16:20:21.199Z - info: Pages rebuilt
2024-01-18T16:20:21.199Z - info: Website regeneration complete! Total build time: 0.442s
2024-01-18T16:22:30.677Z - info: [12:22:30 am] Reload for file change: C:\repos\nus-cs2103\cs2103-website-base\schedule\week2\notices-cs2103-fragment.md
2024-01-18T16:22:30.678Z - info: Synchronizing opened pages list before reload
2024-01-18T16:22:30.678Z - info: Current opened pages, from most-to-least recent:
2024-01-18T16:22:30.678Z - info: 1. schedule/week2/index
2024-01-18T16:22:31.693Z - info: Rebuilding 1 pages
2024-01-18T16:22:32.111Z - info: Site data built
2024-01-18T16:22:32.111Z - info: Pages rebuilt
2024-01-18T16:22:32.111Z - info: Website regeneration complete! Total build time: 0.418s
2024-01-18T16:22:39.604Z - info: [12:22:39 am] Reload for file change: C:\repos\nus-cs2103\cs2103-website-base\schedule\week2\notices-cs2103-fragment.md
2024-01-18T16:22:39.604Z - info: Synchronizing opened pages list before reload
2024-01-18T16:22:39.604Z - info: Current opened pages, from most-to-least recent:
2024-01-18T16:22:39.604Z - info: 1. schedule/week2/index
2024-01-18T16:22:40.615Z - info: Rebuilding 1 pages
2024-01-18T16:22:40.923Z - info: Site data built
2024-01-18T16:22:40.923Z - info: Pages rebuilt
2024-01-18T16:22:40.923Z - info: Website regeneration complete! Total build time: 0.309s
2024-01-18T16:23:35.032Z - info: [12:23:35 am] Reload for file change: C:\repos\nus-cs2103\cs2103-website-base\schedule\week2\notices-cs2103-fragment.md
2024-01-18T16:23:35.032Z - info: Synchronizing opened pages list before reload
2024-01-18T16:23:35.032Z - info: Current opened pages, from most-to-least recent:
2024-01-18T16:23:35.032Z - info: 1. schedule/week2/index
2024-01-18T16:23:36.038Z - info: Rebuilding 1 pages
2024-01-18T16:23:36.184Z - error:  Template render error: (C:\repos\nus-cs2103\cs2103-website-base\schedule\week2\notices-cs2103-fragment.md) [Line 11, Column 35]
  parseSignature: expected comma after expression
    at Object._prettifyError (C:\Users\dcsdcr\AppData\Roaming\npm\node_modules\markbind-cli\node_modules\nunjucks\src\lib.js:36:11)
    at Template.render (C:\Users\dcsdcr\AppData\Roaming\npm\node_modules\markbind-cli\node_modules\@markbind\core\src\patches\nunjucks\context-overrides-frame.js:358:19)
    at C:\Users\dcsdcr\AppData\Roaming\npm\node_modules\markbind-cli\node_modules\@markbind\core\src\patches\nunjucks\context-overrides-frame.js:54:25
    at createTemplate (C:\Users\dcsdcr\AppData\Roaming\npm\node_modules\markbind-cli\node_modules\@markbind\core\src\patches\nunjucks\load-event.js:121:7)
    at handle (C:\Users\dcsdcr\AppData\Roaming\npm\node_modules\markbind-cli\node_modules\@markbind\core\src\patches\nunjucks\load-event.js:133:9)
    at C:\Users\dcsdcr\AppData\Roaming\npm\node_modules\markbind-cli\node_modules\@markbind\core\src\patches\nunjucks\load-event.js:145:7
    at next (C:\Users\dcsdcr\AppData\Roaming\npm\node_modules\markbind-cli\node_modules\nunjucks\src\lib.js:326:7)
    at Object.asyncIter (C:\Users\dcsdcr\AppData\Roaming\npm\node_modules\markbind-cli\node_modules\nunjucks\src\lib.js:332:3)
    at Environment.getTemplate (C:\Users\dcsdcr\AppData\Roaming\npm\node_modules\markbind-cli\node_modules\@markbind\core\src\patches\nunjucks\load-event.js:127:7)
    at Environment.render (C:\Users\dcsdcr\AppData\Roaming\npm\node_modules\markbind-cli\node_modules\@markbind\core\src\patches\nunjucks\context-overrides-frame.js:48:8)
    at VariableRenderer.renderFile (C:\Users\dcsdcr\AppData\Roaming\npm\node_modules\markbind-cli\node_modules\@markbind\core\src\variables\VariableRenderer.js:73:24)
    at VariableProcessor.renderWithSiteVariables (C:\Users\dcsdcr\AppData\Roaming\npm\node_modules\markbind-cli\node_modules\@markbind\core\src\variables\VariableProcessor.js:154:57)
    at VariableProcessor.renderIncludeFile (C:\Users\dcsdcr\AppData\Roaming\npm\node_modules\markbind-cli\node_modules\@markbind\core\src\variables\VariableProcessor.js:231:38)
    at processInclude (C:\Users\dcsdcr\AppData\Roaming\npm\node_modules\markbind-cli\node_modules\@markbind\core\src\html\includePanelProcessor.js:190:68)
    at NodeProcessor.processNode (C:\Users\dcsdcr\AppData\Roaming\npm\node_modules\markbind-cli\node_modules\@markbind\core\src\html\NodeProcessor.js:172:71)
    at NodeProcessor.traverse (C:\Users\dcsdcr\AppData\Roaming\npm\node_modules\markbind-cli\node_modules\@markbind\core\src\html\NodeProcessor.js:326:24)
2024-01-18T16:23:36.460Z - info: Site data built
2024-01-18T16:23:36.461Z - info: Pages rebuilt
2024-01-18T16:23:36.461Z - info: Website regeneration complete! Total build time: 0.425s
2024-01-18T16:23:42.296Z - info: [12:23:42 am] Reload for file change: C:\repos\nus-cs2103\cs2103-website-base\schedule\week2\notices-cs2103-fragment.md
2024-01-18T16:23:42.296Z - info: Synchronizing opened pages list before reload
2024-01-18T16:23:42.296Z - info: Current opened pages, from most-to-least recent:
2024-01-18T16:23:42.296Z - info: 1. schedule/week2/index
2024-01-18T16:23:43.309Z - info: Rebuilding 1 pages
2024-01-18T16:23:43.398Z - error:  Template render error: (C:\repos\nus-cs2103\cs2103-website-base\schedule\week2\notices-cs2103-fragment.md)
  SyntaxError: missing ) after argument list
    at Object._prettifyError (C:\Users\dcsdcr\AppData\Roaming\npm\node_modules\markbind-cli\node_modules\nunjucks\src\lib.js:36:11)
    at Template.render (C:\Users\dcsdcr\AppData\Roaming\npm\node_modules\markbind-cli\node_modules\@markbind\core\src\patches\nunjucks\context-overrides-frame.js:358:19)
    at C:\Users\dcsdcr\AppData\Roaming\npm\node_modules\markbind-cli\node_modules\@markbind\core\src\patches\nunjucks\context-overrides-frame.js:54:25
    at createTemplate (C:\Users\dcsdcr\AppData\Roaming\npm\node_modules\markbind-cli\node_modules\@markbind\core\src\patches\nunjucks\load-event.js:121:7)
    at handle (C:\Users\dcsdcr\AppData\Roaming\npm\node_modules\markbind-cli\node_modules\@markbind\core\src\patches\nunjucks\load-event.js:133:9)
    at C:\Users\dcsdcr\AppData\Roaming\npm\node_modules\markbind-cli\node_modules\@markbind\core\src\patches\nunjucks\load-event.js:145:7
    at next (C:\Users\dcsdcr\AppData\Roaming\npm\node_modules\markbind-cli\node_modules\nunjucks\src\lib.js:326:7)
    at Object.asyncIter (C:\Users\dcsdcr\AppData\Roaming\npm\node_modules\markbind-cli\node_modules\nunjucks\src\lib.js:332:3)
    at Environment.getTemplate (C:\Users\dcsdcr\AppData\Roaming\npm\node_modules\markbind-cli\node_modules\@markbind\core\src\patches\nunjucks\load-event.js:127:7)
    at Environment.render (C:\Users\dcsdcr\AppData\Roaming\npm\node_modules\markbind-cli\node_modules\@markbind\core\src\patches\nunjucks\context-overrides-frame.js:48:8)
    at VariableRenderer.renderFile (C:\Users\dcsdcr\AppData\Roaming\npm\node_modules\markbind-cli\node_modules\@markbind\core\src\variables\VariableRenderer.js:73:24)
    at VariableProcessor.renderWithSiteVariables (C:\Users\dcsdcr\AppData\Roaming\npm\node_modules\markbind-cli\node_modules\@markbind\core\src\variables\VariableProcessor.js:154:57)
    at VariableProcessor.renderIncludeFile (C:\Users\dcsdcr\AppData\Roaming\npm\node_modules\markbind-cli\node_modules\@markbind\core\src\variables\VariableProcessor.js:231:38)
    at processInclude (C:\Users\dcsdcr\AppData\Roaming\npm\node_modules\markbind-cli\node_modules\@markbind\core\src\html\includePanelProcessor.js:190:68)
    at NodeProcessor.processNode (C:\Users\dcsdcr\AppData\Roaming\npm\node_modules\markbind-cli\node_modules\@markbind\core\src\html\NodeProcessor.js:172:71)
    at NodeProcessor.traverse (C:\Users\dcsdcr\AppData\Roaming\npm\node_modules\markbind-cli\node_modules\@markbind\core\src\html\NodeProcessor.js:326:24)
2024-01-18T16:23:43.589Z - info: Site data built
2024-01-18T16:23:43.589Z - info: Pages rebuilt
2024-01-18T16:23:43.589Z - info: Website regeneration complete! Total build time: 0.281s
2024-01-18T16:23:47.009Z - info: [12:23:47 am] Reload for file change: C:\repos\nus-cs2103\cs2103-website-base\schedule\week2\notices-cs2103-fragment.md
2024-01-18T16:23:47.009Z - info: Synchronizing opened pages list before reload
2024-01-18T16:23:47.009Z - info: Current opened pages, from most-to-least recent:
2024-01-18T16:23:47.009Z - info: 1. schedule/week2/index
2024-01-18T16:23:48.017Z - info: Rebuilding 1 pages
2024-01-18T16:23:48.324Z - info: Site data built
2024-01-18T16:23:48.324Z - info: Pages rebuilt
2024-01-18T16:23:48.324Z - info: Website regeneration complete! Total build time: 0.309s
2024-01-18T16:24:25.006Z - info: [12:24:25 am] Reload for file change: C:\repos\nus-cs2103\cs2103-website-base\schedule\week2\notices-cs2103-fragment.md
2024-01-18T16:24:25.006Z - info: Synchronizing opened pages list before reload
2024-01-18T16:24:25.006Z - info: Current opened pages, from most-to-least recent:
2024-01-18T16:24:25.006Z - info: 1. schedule/week2/index
2024-01-18T16:24:26.021Z - info: Rebuilding 1 pages
2024-01-18T16:24:26.462Z - info: Site data built
2024-01-18T16:24:26.462Z - info: Pages rebuilt
2024-01-18T16:24:26.462Z - info: Website regeneration complete! Total build time: 0.444s
2024-01-18T16:39:28.137Z - info: [12:39:28 am] Reload for file change: C:\repos\nus-cs2103\cs2103-website-base\schedule\week2\notices-cs2103-fragment.md
2024-01-18T16:39:28.138Z - info: Synchronizing opened pages list before reload
2024-01-18T16:39:28.138Z - info: Current opened pages, from most-to-least recent:
2024-01-18T16:39:28.138Z - info: 1. schedule/week2/index
2024-01-18T16:39:29.141Z - info: Rebuilding 1 pages
2024-01-18T16:39:29.623Z - info: Site data built
2024-01-18T16:39:29.623Z - info: Pages rebuilt
2024-01-18T16:39:29.623Z - info: Website regeneration complete! Total build time: 0.483s
2024-01-18T16:40:21.190Z - info: [12:40:21 am] Reload for file change: C:\repos\nus-cs2103\cs2103-website-base\schedule\week2\notices-cs2103-fragment.md
2024-01-18T16:40:21.191Z - info: Synchronizing opened pages list before reload
2024-01-18T16:40:21.191Z - info: Current opened pages, from most-to-least recent:
2024-01-18T16:40:21.191Z - info: 1. schedule/week2/index
2024-01-18T16:40:22.204Z - info: Rebuilding 1 pages
2024-01-18T16:40:22.673Z - info: Site data built
2024-01-18T16:40:22.673Z - info: Pages rebuilt
2024-01-18T16:40:22.673Z - info: Website regeneration complete! Total build time: 0.471s
2024-01-18T16:42:05.244Z - info: [12:42:05 am] Reload for file change: C:\repos\nus-cs2103\cs2103-website-base\schedule\week2\notices-cs2103-fragment.md
2024-01-18T16:42:05.245Z - info: Synchronizing opened pages list before reload
2024-01-18T16:42:05.245Z - info: Current opened pages, from most-to-least recent:
2024-01-18T16:42:05.245Z - info: 1. schedule/week2/index
2024-01-18T16:42:06.251Z - info: Rebuilding 1 pages
2024-01-18T16:42:06.797Z - info: Site data built
2024-01-18T16:42:06.797Z - info: Pages rebuilt
2024-01-18T16:42:06.797Z - info: Website regeneration complete! Total build time: 0.546s
2024-01-18T16:42:29.995Z - info: [12:42:29 am] Reload for file change: C:\repos\nus-cs2103\cs2103-website-base\schedule\week2\notices-cs2103-fragment.md
2024-01-18T16:42:29.995Z - info: Synchronizing opened pages list before reload
2024-01-18T16:42:29.995Z - info: Current opened pages, from most-to-least recent:
2024-01-18T16:42:29.995Z - info: 1. schedule/week2/index
2024-01-18T16:42:31.009Z - info: Rebuilding 1 pages
2024-01-18T16:42:31.363Z - info: Site data built
2024-01-18T16:42:31.363Z - info: Pages rebuilt
2024-01-18T16:42:31.363Z - info: Website regeneration complete! Total build time: 0.355s
2024-01-18T16:42:35.893Z - info: [12:42:35 am] Reload for file change: C:\repos\nus-cs2103\cs2103-website-base\schedule\week2\notices-cs2103-fragment.md
2024-01-18T16:42:35.893Z - info: Synchronizing opened pages list before reload
2024-01-18T16:42:35.894Z - info: Current opened pages, from most-to-least recent:
2024-01-18T16:42:35.894Z - info: 1. schedule/week2/index
2024-01-18T16:42:36.901Z - info: Rebuilding 1 pages
2024-01-18T16:42:37.234Z - info: Site data built
2024-01-18T16:42:37.234Z - info: Pages rebuilt
2024-01-18T16:42:37.234Z - info: Website regeneration complete! Total build time: 0.336s
2024-01-18T16:43:37.001Z - info: [12:43:37 am] Reload for file change: C:\repos\nus-cs2103\cs2103-website-base\schedule\week2\notices-cs2103-fragment.md
2024-01-18T16:43:37.002Z - info: Synchronizing opened pages list before reload
2024-01-18T16:43:37.002Z - info: Current opened pages, from most-to-least recent:
2024-01-18T16:43:37.002Z - info: 1. schedule/week2/index
2024-01-18T16:43:38.016Z - info: Rebuilding 1 pages
2024-01-18T16:43:38.455Z - info: Site data built
2024-01-18T16:43:38.455Z - info: Pages rebuilt
2024-01-18T16:43:38.455Z - info: Website regeneration complete! Total build time: 0.442s
2024-01-18T16:43:58.521Z - info: [12:43:58 am] Reload for file change: C:\repos\nus-cs2103\cs2103-website-base\schedule\week2\notices-cs2103-fragment.md
2024-01-18T16:43:58.522Z - info: Synchronizing opened pages list before reload
2024-01-18T16:43:58.522Z - info: Current opened pages, from most-to-least recent:
2024-01-18T16:43:58.522Z - info: 1. schedule/week2/index
2024-01-18T16:43:59.529Z - info: Rebuilding 1 pages
2024-01-18T16:43:59.898Z - info: Site data built
2024-01-18T16:43:59.898Z - info: Pages rebuilt
2024-01-18T16:43:59.898Z - info: Website regeneration complete! Total build time: 0.371s
2024-01-18T16:45:57.764Z - info: [12:45:57 am] Reload for file change: C:\repos\nus-cs2103\cs2103-website-base\schedule\week2\notices-cs2103-fragment.md
2024-01-18T16:45:57.765Z - info: Synchronizing opened pages list before reload
2024-01-18T16:45:57.765Z - info: Current opened pages, from most-to-least recent:
2024-01-18T16:45:57.765Z - info: 1. schedule/week2/index
2024-01-18T16:45:58.776Z - info: Rebuilding 1 pages
2024-01-18T16:45:59.393Z - info: Site data built
2024-01-18T16:45:59.393Z - info: Pages rebuilt
2024-01-18T16:45:59.393Z - info: Website regeneration complete! Total build time: 0.618s
2024-01-18T16:46:22.073Z - info: [12:46:22 am] Reload for file change: C:\repos\nus-cs2103\cs2103-website-base\schedule\week2\notices-cs2103-fragment.md
2024-01-18T16:46:22.073Z - info: Synchronizing opened pages list before reload
2024-01-18T16:46:22.073Z - info: Current opened pages, from most-to-least recent:
2024-01-18T16:46:22.073Z - info: 1. schedule/week2/index
2024-01-18T16:46:23.079Z - info: Rebuilding 1 pages
2024-01-18T16:46:23.452Z - info: Site data built
2024-01-18T16:46:23.452Z - info: Pages rebuilt
2024-01-18T16:46:23.452Z - info: Website regeneration complete! Total build time: 0.373s
2024-01-18T16:46:41.079Z - info: [12:46:41 am] Reload for file change: C:\repos\nus-cs2103\cs2103-website-base\schedule\week2\notices-cs2103-fragment.md
2024-01-18T16:46:41.079Z - info: Synchronizing opened pages list before reload
2024-01-18T16:46:41.080Z - info: Current opened pages, from most-to-least recent:
2024-01-18T16:46:41.080Z - info: 1. schedule/week2/index
2024-01-18T16:46:42.095Z - info: Rebuilding 1 pages
2024-01-18T16:46:42.546Z - info: Site data built
2024-01-18T16:46:42.546Z - info: Pages rebuilt
2024-01-18T16:46:42.546Z - info: Website regeneration complete! Total build time: 0.453s
2024-01-18T16:48:38.541Z - info: [12:48:38 am] Reload for file change: C:\repos\nus-cs2103\cs2103-website-base\schedule\week2\notices-cs2103-fragment.md
2024-01-18T16:48:38.541Z - info: Synchronizing opened pages list before reload
2024-01-18T16:48:38.541Z - info: Current opened pages, from most-to-least recent:
2024-01-18T16:48:38.541Z - info: 1. schedule/week2/index
2024-01-18T16:48:39.555Z - info: Rebuilding 1 pages
2024-01-18T16:48:40.029Z - info: Site data built
2024-01-18T16:48:40.029Z - info: Pages rebuilt
2024-01-18T16:48:40.029Z - info: Website regeneration complete! Total build time: 0.475s
2024-01-18T16:49:01.069Z - info: [12:49:01 am] Reload for file change: C:\repos\nus-cs2103\cs2103-website-base\schedule\week2\notices-cs2103-fragment.md
2024-01-18T16:49:01.070Z - info: Synchronizing opened pages list before reload
2024-01-18T16:49:01.070Z - info: Current opened pages, from most-to-least recent:
2024-01-18T16:49:01.070Z - info: 1. schedule/week2/index
2024-01-18T16:49:02.076Z - info: Rebuilding 1 pages
2024-01-18T16:49:02.543Z - info: Site data built
2024-01-18T16:49:02.543Z - info: Pages rebuilt
2024-01-18T16:49:02.543Z - info: Website regeneration complete! Total build time: 0.468s
2024-01-18T16:49:10.199Z - info: [12:49:10 am] Reload for file change: C:\repos\nus-cs2103\cs2103-website-base\schedule\week2\notices-cs2103-fragment.md
2024-01-18T16:49:10.199Z - info: Synchronizing opened pages list before reload
2024-01-18T16:49:10.199Z - info: Current opened pages, from most-to-least recent:
2024-01-18T16:49:10.199Z - info: 1. schedule/week2/index
2024-01-18T16:49:11.216Z - info: Rebuilding 1 pages
2024-01-18T16:49:11.544Z - info: Site data built
2024-01-18T16:49:11.544Z - info: Pages rebuilt
2024-01-18T16:49:11.544Z - info: Website regeneration complete! Total build time: 0.33s
2024-01-18T16:52:03.539Z - info: [12:52:03 am] Reload for file change: C:\repos\nus-cs2103\cs2103-website-base\schedule\week2\notices-cs2103-fragment.md
2024-01-18T16:52:03.540Z - info: Synchronizing opened pages list before reload
2024-01-18T16:52:03.540Z - info: Current opened pages, from most-to-least recent:
2024-01-18T16:52:03.540Z - info: 1. schedule/week2/index
2024-01-18T16:52:04.555Z - info: Rebuilding 1 pages
2024-01-18T16:52:04.901Z - info: Site data built
2024-01-18T16:52:04.902Z - info: Pages rebuilt
2024-01-18T16:52:04.902Z - info: Website regeneration complete! Total build time: 0.348s
2024-01-18T16:52:56.133Z - info: [12:52:56 am] Reload for file change: C:\repos\nus-cs2103\cs2103-website-base\schedule\week2\notices-cs2103-fragment.md
2024-01-18T16:52:56.134Z - info: Synchronizing opened pages list before reload
2024-01-18T16:52:56.134Z - info: Current opened pages, from most-to-least recent:
2024-01-18T16:52:56.134Z - info: 1. schedule/week2/index
2024-01-18T16:52:57.149Z - info: Rebuilding 1 pages
2024-01-18T16:52:57.602Z - info: Site data built
2024-01-18T16:52:57.602Z - info: Pages rebuilt
2024-01-18T16:52:57.602Z - info: Website regeneration complete! Total build time: 0.457s
2024-01-18T16:53:09.802Z - info: [12:53:09 am] Reload for file change: C:\repos\nus-cs2103\cs2103-website-base\schedule\week2\notices-cs2103-fragment.md
2024-01-18T16:53:09.803Z - info: Synchronizing opened pages list before reload
2024-01-18T16:53:09.803Z - info: Current opened pages, from most-to-least recent:
2024-01-18T16:53:09.803Z - info: 1. schedule/week2/index
2024-01-18T16:53:10.806Z - info: Rebuilding 1 pages
2024-01-18T16:53:11.161Z - info: Site data built
2024-01-18T16:53:11.161Z - info: Pages rebuilt
2024-01-18T16:53:11.162Z - info: Website regeneration complete! Total build time: 0.356s
2024-01-18T16:54:48.174Z - info: [12:54:48 am] Reload for file change: C:\repos\nus-cs2103\cs2103-website-base\schedule\week2\notices-cs2103-fragment.md
2024-01-18T16:54:48.174Z - info: Synchronizing opened pages list before reload
2024-01-18T16:54:48.174Z - info: Current opened pages, from most-to-least recent:
2024-01-18T16:54:48.174Z - info: 1. schedule/week2/index
2024-01-18T16:54:49.184Z - info: Rebuilding 1 pages
2024-01-18T16:54:49.655Z - info: Site data built
2024-01-18T16:54:49.655Z - info: Pages rebuilt
2024-01-18T16:54:49.655Z - info: Website regeneration complete! Total build time: 0.472s
2024-01-18T16:57:56.701Z - info: [12:57:56 am] Reload for file change: C:\repos\nus-cs2103\cs2103-website-base\schedule\week2\notices-cs2103-fragment.md
2024-01-18T16:57:56.701Z - info: Synchronizing opened pages list before reload
2024-01-18T16:57:56.701Z - info: Current opened pages, from most-to-least recent:
2024-01-18T16:57:56.701Z - info: 1. schedule/week2/index
2024-01-18T16:57:57.704Z - info: Rebuilding 1 pages
2024-01-18T16:57:58.076Z - info: Site data built
2024-01-18T16:57:58.076Z - info: Pages rebuilt
2024-01-18T16:57:58.076Z - info: Website regeneration complete! Total build time: 0.373s
2024-01-18T16:58:18.929Z - info: [12:58:18 am] Reload for file change: C:\repos\nus-cs2103\cs2103-website-base\schedule\week2\notices-cs2103-fragment.md
2024-01-18T16:58:18.930Z - info: Synchronizing opened pages list before reload
2024-01-18T16:58:18.930Z - info: Current opened pages, from most-to-least recent:
2024-01-18T16:58:18.931Z - info: 1. schedule/week2/index
2024-01-18T16:58:19.940Z - info: Rebuilding 1 pages
2024-01-18T16:58:20.367Z - info: Site data built
2024-01-18T16:58:20.367Z - info: Pages rebuilt
2024-01-18T16:58:20.367Z - info: Website regeneration complete! Total build time: 0.427s
2024-01-18T16:59:51.823Z - info: [12:59:51 am] Reload for file change: C:\repos\nus-cs2103\cs2103-website-base\schedule\week2\notices-cs2103-fragment.md
2024-01-18T16:59:51.823Z - info: Synchronizing opened pages list before reload
2024-01-18T16:59:51.823Z - info: Current opened pages, from most-to-least recent:
2024-01-18T16:59:51.823Z - info: 1. schedule/week2/index
2024-01-18T16:59:52.826Z - info: Rebuilding 1 pages
2024-01-18T16:59:53.211Z - info: Site data built
2024-01-18T16:59:53.211Z - info: Pages rebuilt
2024-01-18T16:59:53.211Z - info: Website regeneration complete! Total build time: 0.387s
2024-01-18T17:00:19.945Z - info: [1:00:19 am] Reload for file change: C:\repos\nus-cs2103\cs2103-website-base\schedule\week2\notices-cs2103-fragment.md
2024-01-18T17:00:19.946Z - info: Synchronizing opened pages list before reload
2024-01-18T17:00:19.946Z - info: Current opened pages, from most-to-least recent:
2024-01-18T17:00:19.946Z - info: 1. schedule/week2/index
2024-01-18T17:00:20.954Z - info: Rebuilding 1 pages
2024-01-18T17:00:21.432Z - info: Site data built
2024-01-18T17:00:21.432Z - info: Pages rebuilt
2024-01-18T17:00:21.432Z - info: Website regeneration complete! Total build time: 0.48s
2024-01-18T17:00:32.005Z - info: [1:00:32 am] Reload for file change: C:\repos\nus-cs2103\cs2103-website-base\schedule\week2\notices-cs2103-fragment.md
2024-01-18T17:00:32.005Z - info: Synchronizing opened pages list before reload
2024-01-18T17:00:32.005Z - info: Current opened pages, from most-to-least recent:
2024-01-18T17:00:32.005Z - info: 1. schedule/week2/index
2024-01-18T17:00:33.012Z - info: Rebuilding 1 pages
2024-01-18T17:00:33.359Z - info: Site data built
2024-01-18T17:00:33.359Z - info: Pages rebuilt
2024-01-18T17:00:33.359Z - info: Website regeneration complete! Total build time: 0.349s
2024-01-18T17:01:12.900Z - info: [1:01:12 am] Reload for file change: C:\repos\nus-cs2103\cs2103-website-base\schedule\week2\notices-cs2103-fragment.md
2024-01-18T17:01:12.900Z - info: Synchronizing opened pages list before reload
2024-01-18T17:01:12.900Z - info: Current opened pages, from most-to-least recent:
2024-01-18T17:01:12.900Z - info: 1. schedule/week2/index
2024-01-18T17:01:13.908Z - info: Rebuilding 1 pages
2024-01-18T17:01:14.359Z - info: Site data built
2024-01-18T17:01:14.359Z - info: Pages rebuilt
2024-01-18T17:01:14.359Z - info: Website regeneration complete! Total build time: 0.452s
2024-01-18T17:01:27.479Z - info: [1:01:27 am] Reload for file change: C:\repos\nus-cs2103\cs2103-website-base\schedule\week2\notices-cs2103-fragment.md
2024-01-18T17:01:27.479Z - info: Synchronizing opened pages list before reload
2024-01-18T17:01:27.479Z - info: Current opened pages, from most-to-least recent:
2024-01-18T17:01:27.479Z - info: 1. schedule/week2/index
2024-01-18T17:01:28.487Z - info: Rebuilding 1 pages
2024-01-18T17:01:28.846Z - info: Site data built
2024-01-18T17:01:28.846Z - info: Pages rebuilt
2024-01-18T17:01:28.846Z - info: Website regeneration complete! Total build time: 0.36s
2024-01-18T17:02:58.415Z - info: [1:02:58 am] Reload for file change: C:\repos\nus-cs2103\cs2103-website-base\schedule\week2\notices-cs2103-fragment.md
2024-01-18T17:02:58.415Z - info: Synchronizing opened pages list before reload
2024-01-18T17:02:58.416Z - info: Current opened pages, from most-to-least recent:
2024-01-18T17:02:58.416Z - info: 1. schedule/week2/index
2024-01-18T17:02:59.420Z - info: Rebuilding 1 pages
2024-01-18T17:02:59.873Z - info: Site data built
2024-01-18T17:02:59.873Z - info: Pages rebuilt
2024-01-18T17:02:59.873Z - info: Website regeneration complete! Total build time: 0.455s
2024-01-18T17:03:32.498Z - info: [1:03:32 am] Reload for file change: C:\repos\nus-cs2103\cs2103-website-base\schedule\week2\notices-cs2103-fragment.md
2024-01-18T17:03:32.498Z - info: Synchronizing opened pages list before reload
2024-01-18T17:03:32.498Z - info: Current opened pages, from most-to-least recent:
2024-01-18T17:03:32.498Z - info: 1. schedule/week2/index
2024-01-18T17:03:33.503Z - info: Rebuilding 1 pages
2024-01-18T17:03:33.884Z - info: Site data built
2024-01-18T17:03:33.884Z - info: Pages rebuilt
2024-01-18T17:03:33.884Z - info: Website regeneration complete! Total build time: 0.382s
2024-01-18T17:03:50.355Z - info: [1:03:50 am] Reload for file change: C:\repos\nus-cs2103\cs2103-website-base\schedule\week2\notices-cs2103-fragment.md
2024-01-18T17:03:50.356Z - info: Synchronizing opened pages list before reload
2024-01-18T17:03:50.356Z - info: Current opened pages, from most-to-least recent:
2024-01-18T17:03:50.356Z - info: 1. schedule/week2/index
2024-01-18T17:03:51.361Z - info: Rebuilding 1 pages
2024-01-18T17:03:51.852Z - info: Site data built
2024-01-18T17:03:51.852Z - info: Pages rebuilt
2024-01-18T17:03:51.852Z - info: Website regeneration complete! Total build time: 0.492s
2024-01-18T17:04:43.131Z - info: [1:04:43 am] Reload for file change: C:\repos\nus-cs2103\cs2103-website-base\schedule\week2\notices-cs2103-fragment.md
2024-01-18T17:04:43.131Z - info: Synchronizing opened pages list before reload
2024-01-18T17:04:43.131Z - info: Current opened pages, from most-to-least recent:
2024-01-18T17:04:43.131Z - info: 1. schedule/week2/index
2024-01-18T17:04:44.148Z - info: Rebuilding 1 pages
2024-01-18T17:04:44.516Z - info: Site data built
2024-01-18T17:04:44.516Z - info: Pages rebuilt
2024-01-18T17:04:44.516Z - info: Website regeneration complete! Total build time: 0.37s
2024-01-18T17:05:29.120Z - info: [1:05:29 am] Reload for file change: C:\repos\nus-cs2103\cs2103-website-base\schedule\week2\notices-cs2103-fragment.md
2024-01-18T17:05:29.120Z - info: Synchronizing opened pages list before reload
2024-01-18T17:05:29.120Z - info: Current opened pages, from most-to-least recent:
2024-01-18T17:05:29.120Z - info: 1. schedule/week2/index
2024-01-18T17:05:30.129Z - info: Rebuilding 1 pages
2024-01-18T17:05:30.591Z - info: Site data built
2024-01-18T17:05:30.591Z - info: Pages rebuilt
2024-01-18T17:05:30.591Z - info: Website regeneration complete! Total build time: 0.462s
2024-01-18T17:10:32.403Z - info: [1:10:32 am] Reload for file change: C:\repos\nus-cs2103\cs2103-website-base\schedule\week2\notices-cs2103-fragment.md
2024-01-18T17:10:32.403Z - info: Synchronizing opened pages list before reload
2024-01-18T17:10:32.403Z - info: Current opened pages, from most-to-least recent:
2024-01-18T17:10:32.403Z - info: 1. schedule/week2/index
2024-01-18T17:10:33.415Z - info: Rebuilding 1 pages
2024-01-18T17:10:33.936Z - info: Site data built
2024-01-18T17:10:33.936Z - info: Pages rebuilt
2024-01-18T17:10:33.936Z - info: Website regeneration complete! Total build time: 0.523s
2024-01-18T17:10:37.447Z - info: Building C:\repos\nus-cs2103\cs2103-website-base\schedule\week2\topics as some of its dependencies were changed since the last visit
2024-01-18T17:10:38.813Z - info: Site data built
2024-01-18T17:10:38.813Z - info: Lazy website regeneration complete! Total build time: 1.366s
2024-01-18T17:11:02.807Z - info: [1:11:02 am] Reload for file change: C:\repos\nus-cs2103\cs2103-website-base\schedule\week2\notices-cs2103-fragment.md
2024-01-18T17:11:02.808Z - info: Synchronizing opened pages list before reload
2024-01-18T17:11:02.808Z - info: Current opened pages, from most-to-least recent:
2024-01-18T17:11:02.808Z - info: 1. schedule/week2/topics
2024-01-18T17:11:02.808Z - info: 2. schedule/week2/index
2024-01-18T17:11:03.825Z - info: Rebuilding 1 pages
2024-01-18T17:11:04.292Z - info: Site data built
2024-01-18T17:11:04.292Z - info: Pages rebuilt
2024-01-18T17:11:04.292Z - info: Website regeneration complete! Total build time: 0.468s
2024-01-18T17:12:11.301Z - info: [1:12:11 am] Reload for file change: C:\repos\nus-cs2103\cs2103-website-base\schedule\week2\notices-cs2103-fragment.md
2024-01-18T17:12:11.301Z - info: Synchronizing opened pages list before reload
2024-01-18T17:12:11.301Z - info: Current opened pages, from most-to-least recent:
2024-01-18T17:12:11.301Z - info: 1. schedule/week2/topics
2024-01-18T17:12:11.301Z - info: 2. schedule/week2/index
2024-01-18T17:12:12.317Z - info: Rebuilding 1 pages
2024-01-18T17:12:12.703Z - info: Site data built
2024-01-18T17:12:12.703Z - info: Pages rebuilt
2024-01-18T17:12:12.703Z - info: Website regeneration complete! Total build time: 0.387s
2024-01-18T17:12:22.202Z - info: [1:12:22 am] Reload for file change: C:\repos\nus-cs2103\cs2103-website-base\schedule\week2\notices-cs2103-fragment.md
2024-01-18T17:12:22.202Z - info: Synchronizing opened pages list before reload
2024-01-18T17:12:22.202Z - info: Current opened pages, from most-to-least recent:
2024-01-18T17:12:22.203Z - info: 1. schedule/week2/topics
2024-01-18T17:12:22.203Z - info: 2. schedule/week2/index
2024-01-18T17:12:23.208Z - info: Rebuilding 1 pages
2024-01-18T17:12:23.540Z - info: Site data built
2024-01-18T17:12:23.541Z - info: Pages rebuilt
2024-01-18T17:12:23.541Z - info: Website regeneration complete! Total build time: 0.334s
2024-01-18T17:12:36.580Z - info: [1:12:36 am] Reload for file change: C:\repos\nus-cs2103\cs2103-website-base\schedule\week2\notices-cs2103-fragment.md
2024-01-18T17:12:36.580Z - info: Synchronizing opened pages list before reload
2024-01-18T17:12:36.580Z - info: Current opened pages, from most-to-least recent:
2024-01-18T17:12:36.580Z - info: 1. schedule/week2/topics
2024-01-18T17:12:36.580Z - info: 2. schedule/week2/index
2024-01-18T17:12:37.586Z - info: Rebuilding 1 pages
2024-01-18T17:12:38.050Z - info: Site data built
2024-01-18T17:12:38.050Z - info: Pages rebuilt
2024-01-18T17:12:38.050Z - info: Website regeneration complete! Total build time: 0.464s
2024-01-18T17:13:12.340Z - info: [1:13:12 am] Reload for file change: C:\repos\nus-cs2103\cs2103-website-base\schedule\week2\notices-cs2103-fragment.md
2024-01-18T17:13:12.340Z - info: Synchronizing opened pages list before reload
2024-01-18T17:13:12.340Z - info: Current opened pages, from most-to-least recent:
2024-01-18T17:13:12.340Z - info: 1. schedule/week2/topics
2024-01-18T17:13:12.340Z - info: 2. schedule/week2/index
2024-01-18T17:13:13.352Z - info: Rebuilding 1 pages
2024-01-18T17:13:13.780Z - info: Site data built
2024-01-18T17:13:13.780Z - info: Pages rebuilt
2024-01-18T17:13:13.780Z - info: Website regeneration complete! Total build time: 0.429s
2024-01-18T17:13:43.059Z - info: [1:13:43 am] Reload for file change: C:\repos\nus-cs2103\cs2103-website-base\schedule\week2\notices-cs2103-fragment.md
2024-01-18T17:13:43.059Z - info: Synchronizing opened pages list before reload
2024-01-18T17:13:43.059Z - info: Current opened pages, from most-to-least recent:
2024-01-18T17:13:43.059Z - info: 1. schedule/week2/topics
2024-01-18T17:13:43.059Z - info: 2. schedule/week2/index
2024-01-18T17:13:44.066Z - info: Rebuilding 1 pages
2024-01-18T17:13:44.436Z - info: Site data built
2024-01-18T17:13:44.436Z - info: Pages rebuilt
2024-01-18T17:13:44.437Z - info: Website regeneration complete! Total build time: 0.371s
2024-01-18T17:13:59.162Z - info: [1:13:59 am] Reload for file change: C:\repos\nus-cs2103\cs2103-website-base\schedule\week2\notices-cs2103-fragment.md
2024-01-18T17:13:59.162Z - info: Synchronizing opened pages list before reload
2024-01-18T17:13:59.162Z - info: Current opened pages, from most-to-least recent:
2024-01-18T17:13:59.162Z - info: 1. schedule/week2/topics
2024-01-18T17:13:59.162Z - info: 2. schedule/week2/index
2024-01-18T17:14:00.178Z - info: Rebuilding 1 pages
2024-01-18T17:14:00.544Z - info: Site data built
2024-01-18T17:14:00.544Z - info: Pages rebuilt
2024-01-18T17:14:00.544Z - info: Website regeneration complete! Total build time: 0.368s
2024-01-18T17:14:51.659Z - info: [1:14:51 am] Reload for file change: C:\repos\nus-cs2103\cs2103-website-base\schedule\week2\notices-cs2103-fragment.md
2024-01-18T17:14:51.659Z - info: Synchronizing opened pages list before reload
2024-01-18T17:14:51.659Z - info: Current opened pages, from most-to-least recent:
2024-01-18T17:14:51.659Z - info: 1. schedule/week2/topics
2024-01-18T17:14:51.659Z - info: 2. schedule/week2/index
2024-01-18T17:14:52.673Z - info: Rebuilding 1 pages
2024-01-18T17:14:53.145Z - info: Site data built
2024-01-18T17:14:53.145Z - info: Pages rebuilt
2024-01-18T17:14:53.145Z - info: Website regeneration complete! Total build time: 0.473s
2024-01-18T17:15:13.365Z - info: [1:15:13 am] Reload for file change: C:\repos\nus-cs2103\cs2103-website-base\schedule\week2\notices-cs2103-fragment.md
2024-01-18T17:15:13.366Z - info: Synchronizing opened pages list before reload
2024-01-18T17:15:13.366Z - info: Current opened pages, from most-to-least recent:
2024-01-18T17:15:13.366Z - info: 1. schedule/week2/topics
2024-01-18T17:15:13.366Z - info: 2. schedule/week2/index
2024-01-18T17:15:14.377Z - info: Rebuilding 1 pages
2024-01-18T17:15:14.871Z - info: Site data built
2024-01-18T17:15:14.871Z - info: Pages rebuilt
2024-01-18T17:15:14.871Z - info: Website regeneration complete! Total build time: 0.495s
2024-01-18T17:16:01.308Z - info: [1:16:01 am] Reload for file change: C:\repos\nus-cs2103\cs2103-website-base\schedule\week2\notices-cs2103-fragment.md
2024-01-18T17:16:01.308Z - info: Synchronizing opened pages list before reload
2024-01-18T17:16:01.308Z - info: Current opened pages, from most-to-least recent:
2024-01-18T17:16:01.308Z - info: 1. schedule/week2/topics
2024-01-18T17:16:01.308Z - info: 2. schedule/week2/index
2024-01-18T17:16:02.325Z - info: Rebuilding 1 pages
2024-01-18T17:16:02.716Z - info: Site data built
2024-01-18T17:16:02.716Z - info: Pages rebuilt
2024-01-18T17:16:02.716Z - info: Website regeneration complete! Total build time: 0.392s
2024-01-18T17:23:32.514Z - info: Website generation started at 1:23:31 am
2024-01-18T17:23:40.202Z - info: Building assets...
2024-01-18T17:23:45.266Z - info: Assets built
2024-01-18T17:23:45.267Z - info: Generating pages...
2024-01-18T17:23:57.061Z - debug:  
2024-01-18T17:23:57.062Z - debug:  
2024-01-18T17:23:57.063Z - debug:  
2024-01-18T17:23:57.063Z - debug:  
2024-01-18T17:23:57.063Z - debug:  
2024-01-18T17:23:57.064Z - debug:  
2024-01-18T17:23:57.064Z - debug:  
2024-01-18T17:23:57.064Z - debug:  
2024-01-18T17:23:57.065Z - debug:  
2024-01-18T17:23:57.225Z - debug:  
2024-01-18T17:23:58.466Z - debug:  
2024-01-18T17:23:58.466Z - debug:  
2024-01-18T17:23:58.472Z - debug:  
2024-01-18T17:23:58.472Z - debug:  
2024-01-18T17:23:58.472Z - debug:  
2024-01-18T17:23:58.610Z - debug:  
2024-01-18T17:23:58.845Z - debug:  
2024-01-18T17:25:30.907Z - debug:  
2024-01-18T17:25:42.566Z - debug:  
2024-01-18T17:25:42.626Z - debug:  
2024-01-18T17:25:51.611Z - info: Pages built
2024-01-18T17:25:52.388Z - info: Site data built
2024-01-18T17:25:52.388Z - info: Website generation complete! Total build time: 141.197s
2024-01-18T17:25:52.388Z - info: Build success!
2024-01-18T17:28:15.940Z - info: The website has been deployed at: https://nus-cs2103-ay2324s2.github.io/website
2024-01-18T17:33:21.367Z - info: Website generation started at 1:33:17 am
2024-01-18T17:33:29.078Z - info: Building assets...
2024-01-18T17:33:34.118Z - info: Assets built
2024-01-18T17:33:34.118Z - info: Generating pages...
2024-01-18T17:33:45.832Z - debug:  
2024-01-18T17:33:45.833Z - debug:  
2024-01-18T17:33:47.301Z - debug:  
2024-01-18T17:33:47.302Z - debug:  
2024-01-18T17:33:47.302Z - debug:  
2024-01-18T17:33:47.302Z - debug:  
2024-01-18T17:33:47.302Z - debug:  
2024-01-18T17:33:47.302Z - debug:  
2024-01-18T17:33:47.302Z - debug:  
2024-01-18T17:33:47.302Z - debug:  
2024-01-18T17:33:47.302Z - debug:  
2024-01-18T17:33:47.303Z - debug:  
2024-01-18T17:33:47.303Z - debug:  
2024-01-18T17:33:47.303Z - debug:  
2024-01-18T17:33:47.303Z - debug:  
2024-01-18T17:33:47.431Z - debug:  
2024-01-18T17:33:47.599Z - debug:  
2024-01-18T17:35:21.353Z - debug:  
2024-01-18T17:35:33.153Z - debug:  
2024-01-18T17:35:33.208Z - debug:  
2024-01-18T17:35:41.532Z - info: Pages built
2024-01-18T17:35:42.368Z - info: Site data built
2024-01-18T17:35:42.369Z - info: Website generation complete! Total build time: 144.895s
2024-01-18T17:35:42.369Z - info: Build success!
2024-01-18T17:39:47.772Z - info: The website has been deployed at: https://nus-cs2103-ay2324s2.github.io/website
2024-01-18T17:45:34.329Z - info: Website generation started at 1:45:30 am
2024-01-18T17:45:42.660Z - info: Building assets...
2024-01-18T17:45:48.989Z - info: Assets built
2024-01-18T17:45:48.990Z - info: Generating pages...
2024-01-18T17:46:03.191Z - debug:  
2024-01-18T17:46:03.194Z - debug:  
2024-01-18T17:46:03.196Z - debug:  
2024-01-18T17:46:03.197Z - debug:  
2024-01-18T17:46:03.356Z - debug:  
2024-01-18T17:46:04.698Z - debug:  
2024-01-18T17:46:04.698Z - debug:  
2024-01-18T17:46:04.699Z - debug:  
2024-01-18T17:46:04.699Z - debug:  
2024-01-18T17:46:04.699Z - debug:  
2024-01-18T17:46:04.699Z - debug:  
2024-01-18T17:46:04.699Z - debug:  
2024-01-18T17:46:04.699Z - debug:  
2024-01-18T17:46:04.699Z - debug:  
2024-01-18T17:46:04.699Z - debug:  
2024-01-18T17:46:04.841Z - debug:  
2024-01-18T17:46:04.914Z - debug:  
2024-01-18T17:47:45.731Z - debug:  
2024-01-18T17:47:59.025Z - debug:  
2024-01-18T17:47:59.035Z - debug:  
2024-01-18T17:48:05.293Z - info: Pages built
2024-01-18T17:48:06.154Z - info: Site data built
2024-01-18T17:48:06.155Z - info: Website generation complete! Total build time: 155.612s
2024-01-18T17:48:06.155Z - info: Build success!
2024-01-18T17:50:29.794Z - info: The website has been deployed at: https://nus-cs2103-ay2324s2.github.io/website
2024-01-18T17:53:37.364Z - info: Website generation started at 1:53:33 am
2024-01-18T17:53:44.849Z - info: Building assets...
2024-01-18T17:53:49.907Z - info: Assets built
2024-01-18T17:53:49.908Z - info: Generating pages...
2024-01-18T17:54:01.173Z - debug:  
2024-01-18T17:54:01.176Z - debug:  
2024-01-18T17:54:01.178Z - debug:  
2024-01-18T17:54:01.178Z - debug:  
2024-01-18T17:54:02.773Z - debug:  
2024-01-18T17:54:02.774Z - debug:  
2024-01-18T17:54:02.774Z - debug:  
2024-01-18T17:54:02.774Z - debug:  
2024-01-18T17:54:02.774Z - debug:  
2024-01-18T17:54:02.774Z - debug:  
2024-01-18T17:54:02.774Z - debug:  
2024-01-18T17:54:02.775Z - debug:  
2024-01-18T17:54:02.775Z - debug:  
2024-01-18T17:54:02.775Z - debug:  
2024-01-18T17:54:02.776Z - debug:  
2024-01-18T17:54:02.853Z - debug:  
2024-01-18T17:54:03.097Z - debug:  
2024-01-18T17:55:35.764Z - debug:  
2024-01-18T17:55:47.699Z - debug:  
2024-01-18T17:55:47.745Z - debug:  
2024-01-18T17:55:54.176Z - info: Pages built
2024-01-18T17:55:54.893Z - info: Site data built
2024-01-18T17:55:54.894Z - info: Website generation complete! Total build time: 141.11s
2024-01-18T17:55:54.894Z - info: Build success!
2024-01-18T17:58:18.782Z - info: The website has been deployed at: https://nus-cs2103-ay2324s2.github.io/website
2024-01-19T02:23:23.039Z - info: Website generation started at 10:23:18 am
2024-01-19T02:23:33.717Z - info: Building assets...
2024-01-19T02:23:40.212Z - info: Assets built
2024-01-19T02:23:40.213Z - info: Generating pages...
2024-01-19T02:23:53.904Z - debug:  
2024-01-19T02:23:53.905Z - debug:  
2024-01-19T02:23:53.906Z - debug:  
2024-01-19T02:23:53.906Z - debug:  
2024-01-19T02:23:53.907Z - debug:  
2024-01-19T02:23:53.907Z - debug:  
2024-01-19T02:23:53.908Z - debug:  
2024-01-19T02:23:54.070Z - debug:  
2024-01-19T02:23:54.070Z - debug:  
2024-01-19T02:23:54.181Z - debug:  
2024-01-19T02:23:54.181Z - debug:  
2024-01-19T02:23:54.230Z - debug:  
2024-01-19T02:23:55.560Z - debug:  
2024-01-19T02:23:55.560Z - debug:  
2024-01-19T02:23:55.560Z - debug:  
2024-01-19T02:23:55.600Z - debug:  
2024-01-19T02:23:55.821Z - debug:  
2024-01-19T02:25:41.731Z - debug:  
2024-01-19T02:25:54.860Z - debug:  
2024-01-19T02:25:54.876Z - debug:  
2024-01-19T02:26:02.379Z - info: Pages built
2024-01-19T02:26:03.205Z - info: Site data built
2024-01-19T02:26:03.205Z - info: Website generation complete! Total build time: 164.918s
2024-01-19T02:26:03.206Z - info: Build success!
2024-01-19T02:28:57.634Z - info: The website has been deployed at: https://nus-cs2103-ay2324s2.github.io/website
2024-01-19T04:22:51.411Z - info: Website generation (lazy) started at 12:22:39 pm
2024-01-19T04:23:09.931Z - info: Building assets...
2024-01-19T04:23:20.579Z - info: Assets built
2024-01-19T04:23:20.582Z - info: Generating landing page...
2024-01-19T04:23:22.328Z - info: Landing page built, other pages will be built as you navigate to them!
2024-01-19T04:23:23.464Z - info: Site data built
2024-01-19T04:23:23.464Z - info: Website generation (lazy) complete! Total build time: 43.64s
2024-01-19T04:23:23.502Z - info: Serving "C:\repos\nus-cs2103\cs2103-website-base\_site" at http://127.0.0.1:8080
2024-01-19T04:23:23.502Z - info: Press CTRL+C to stop ...
2024-01-19T04:24:11.585Z - info: [12:24:11 pm] Reload for file change: C:\repos\nus-cs2103\cs2103-website-base\schedule\week2\notices-cs2103-fragment.md
2024-01-19T04:24:11.585Z - info: Synchronizing opened pages list before reload
2024-01-19T04:24:11.586Z - info: Current opened pages, from most-to-least recent:
2024-01-19T04:24:11.586Z - info: 1. index
2024-01-19T04:24:12.599Z - info: Assets built
2024-01-19T04:24:18.439Z - info: Building C:\repos\nus-cs2103\cs2103-website-base\schedule\week2\index as some of its dependencies were changed since the last visit
2024-01-19T04:24:19.205Z - info: Site data built
2024-01-19T04:24:19.205Z - info: Lazy website regeneration complete! Total build time: 0.766s
2024-01-19T04:25:11.974Z - info: [12:25:11 pm] Reload for file change: C:\repos\nus-cs2103\cs2103-website-base\schedule\week2\notices-cs2103-fragment.md
2024-01-19T04:25:11.974Z - info: Synchronizing opened pages list before reload
2024-01-19T04:25:11.975Z - info: Current opened pages, from most-to-least recent:
2024-01-19T04:25:11.975Z - info: 1. schedule/week2/index
2024-01-19T04:25:12.980Z - info: Rebuilding 1 pages
2024-01-19T04:25:13.550Z - info: Site data built
2024-01-19T04:25:13.550Z - info: Pages rebuilt
2024-01-19T04:25:13.550Z - info: Website regeneration complete! Total build time: 0.572s
2024-01-19T04:26:08.373Z - info: [12:26:08 pm] Reload for file change: C:\repos\nus-cs2103\cs2103-website-base\schedule\week2\notices-cs2103-fragment.md
2024-01-19T04:26:08.374Z - info: Synchronizing opened pages list before reload
2024-01-19T04:26:08.374Z - info: Current opened pages, from most-to-least recent:
2024-01-19T04:26:08.374Z - info: 1. schedule/week2/index
2024-01-19T04:26:09.391Z - info: Rebuilding 1 pages
2024-01-19T04:26:09.874Z - info: Site data built
2024-01-19T04:26:09.874Z - info: Pages rebuilt
2024-01-19T04:26:09.874Z - info: Website regeneration complete! Total build time: 0.484s
2024-01-19T04:27:05.588Z - info: [12:27:05 pm] Reload for file change: C:\repos\nus-cs2103\cs2103-website-base\schedule\week2\notices-cs2103-fragment.md
2024-01-19T04:27:05.588Z - info: Synchronizing opened pages list before reload
2024-01-19T04:27:05.588Z - info: Current opened pages, from most-to-least recent:
2024-01-19T04:27:05.588Z - info: 1. schedule/week2/index
2024-01-19T04:27:06.606Z - info: Rebuilding 1 pages
2024-01-19T04:27:07.219Z - info: Site data built
2024-01-19T04:27:07.219Z - info: Pages rebuilt
2024-01-19T04:27:07.219Z - info: Website regeneration complete! Total build time: 0.614s
2024-01-19T04:27:30.902Z - info: Website generation started at 12:27:29 pm
2024-01-19T04:27:38.083Z - info: Building assets...
2024-01-19T04:27:42.795Z - info: Assets built
2024-01-19T04:27:42.796Z - info: Generating pages...
2024-01-19T04:27:53.779Z - debug:  
2024-01-19T04:27:53.782Z - debug:  
2024-01-19T04:27:53.783Z - debug:  
2024-01-19T04:27:53.783Z - debug:  
2024-01-19T04:27:53.784Z - debug:  
2024-01-19T04:27:53.784Z - debug:  
2024-01-19T04:27:53.784Z - debug:  
2024-01-19T04:27:55.213Z - debug:  
2024-01-19T04:27:55.214Z - debug:  
2024-01-19T04:27:55.214Z - debug:  
2024-01-19T04:27:55.214Z - debug:  
2024-01-19T04:27:55.214Z - debug:  
2024-01-19T04:27:55.214Z - debug:  
2024-01-19T04:27:55.214Z - debug:  
2024-01-19T04:27:55.214Z - debug:  
2024-01-19T04:27:55.215Z - debug:  
2024-01-19T04:27:55.380Z - debug:  
2024-01-19T04:29:25.875Z - debug:  
2024-01-19T04:29:37.577Z - debug:  
2024-01-19T04:29:37.594Z - debug:  
2024-01-19T04:29:43.809Z - info: Pages built
2024-01-19T04:29:44.492Z - info: Site data built
2024-01-19T04:29:44.492Z - info: Website generation complete! Total build time: 134.87s
2024-01-19T04:29:44.492Z - info: Build success!
2024-01-19T04:33:01.167Z - info: The website has been deployed at: https://nus-cs2103-ay2324s2.github.io/website
2024-01-19T05:15:10.209Z - info: Website generation (lazy) started at 1:14:57 pm
2024-01-19T05:15:27.737Z - info: Building assets...
2024-01-19T05:15:41.790Z - info: Assets built
2024-01-19T05:15:41.792Z - info: Generating landing page...
2024-01-19T05:15:43.665Z - info: Landing page built, other pages will be built as you navigate to them!
2024-01-19T05:15:45.320Z - info: Site data built
2024-01-19T05:15:45.322Z - info: Website generation (lazy) complete! Total build time: 47.49s
2024-01-19T05:15:46.758Z - info: Serving "C:\repos\nus-cs2103\cs2103-website-base\_site" at http://127.0.0.1:8080
2024-01-19T05:15:46.758Z - info: Press CTRL+C to stop ...
2024-01-19T05:16:10.890Z - info: Building C:\repos\nus-cs2103\cs2103-website-base\schedule\week2\index as some of its dependencies were changed since the last visit
2024-01-19T05:16:12.269Z - info: Site data built
2024-01-19T05:16:12.269Z - info: Lazy website regeneration complete! Total build time: 1.38s
2024-01-19T05:16:15.272Z - info: Building C:\repos\nus-cs2103\cs2103-website-base\schedule\week2\admin as some of its dependencies were changed since the last visit
2024-01-19T05:16:16.475Z - info: Site data built
2024-01-19T05:16:16.475Z - info: Lazy website regeneration complete! Total build time: 1.203s
2024-01-19T05:27:14.810Z - info: Building C:\repos\nus-cs2103\cs2103-website-base\schedule\week2\topics as some of its dependencies were changed since the last visit
2024-01-19T05:27:16.702Z - info: Site data built
2024-01-19T05:27:16.702Z - info: Lazy website regeneration complete! Total build time: 1.892s
2024-01-19T05:27:50.366Z - info: Building C:\repos\nus-cs2103\cs2103-website-base\schedule\week2\project as some of its dependencies were changed since the last visit
2024-01-19T05:27:51.970Z - info: Site data built
2024-01-19T05:27:51.971Z - info: Lazy website regeneration complete! Total build time: 1.606s
2024-01-19T05:34:07.950Z - info: [1:34:07 pm] Reload for file change: C:\repos\nus-cs2103\cs2103-website-base\admin\ip-tasks-fragment.md
2024-01-19T05:34:07.951Z - info: Synchronizing opened pages list before reload
2024-01-19T05:34:07.951Z - info: Current opened pages, from most-to-least recent:
2024-01-19T05:34:07.951Z - info: 1. schedule/week2/project
2024-01-19T05:34:08.970Z - info: Rebuilding 1 pages
2024-01-19T05:34:10.283Z - info: Site data built
2024-01-19T05:34:10.283Z - info: Pages rebuilt
2024-01-19T05:34:10.283Z - info: Website regeneration complete! Total build time: 1.314s
2024-01-19T05:35:22.813Z - info: [1:35:22 pm] Reload for file change: C:\repos\nus-cs2103\cs2103-website-base\admin\ip-tasks-fragment.md
2024-01-19T05:35:22.814Z - info: Synchronizing opened pages list before reload
2024-01-19T05:35:22.814Z - info: Current opened pages, from most-to-least recent:
2024-01-19T05:35:22.814Z - info: 1. schedule/week2/project
2024-01-19T05:35:23.835Z - info: Rebuilding 1 pages
2024-01-19T05:35:25.035Z - info: Site data built
2024-01-19T05:35:25.035Z - info: Pages rebuilt
2024-01-19T05:35:25.035Z - info: Website regeneration complete! Total build time: 1.202s
2024-01-19T05:35:59.134Z - info: Website generation started at 1:35:57 pm
2024-01-19T05:36:06.604Z - info: Building assets...
2024-01-19T05:36:11.624Z - info: Assets built
2024-01-19T05:36:11.624Z - info: Generating pages...
2024-01-19T05:36:22.839Z - debug:  
2024-01-19T05:36:22.840Z - debug:  
2024-01-19T05:36:22.841Z - debug:  
2024-01-19T05:36:22.841Z - debug:  
2024-01-19T05:36:22.841Z - debug:  
2024-01-19T05:36:24.331Z - debug:  
2024-01-19T05:36:24.331Z - debug:  
2024-01-19T05:36:24.331Z - debug:  
2024-01-19T05:36:24.331Z - debug:  
2024-01-19T05:36:24.332Z - debug:  
2024-01-19T05:36:24.332Z - debug:  
2024-01-19T05:36:24.332Z - debug:  
2024-01-19T05:36:24.332Z - debug:  
2024-01-19T05:36:24.332Z - debug:  
2024-01-19T05:36:24.332Z - debug:  
2024-01-19T05:36:24.332Z - debug:  
2024-01-19T05:36:24.520Z - debug:  
2024-01-19T05:37:53.840Z - debug:  
2024-01-19T05:38:05.493Z - debug:  
2024-01-19T05:38:05.578Z - debug:  
2024-01-19T05:38:12.699Z - info: Pages built
2024-01-19T05:38:13.639Z - info: Site data built
2024-01-19T05:38:13.639Z - info: Website generation complete! Total build time: 135.802s
2024-01-19T05:38:13.639Z - info: Build success!
2024-01-19T05:39:28.488Z - info: The website has been deployed at: https://nus-cs2103-ay2324s2.github.io/website
2024-01-19T10:30:55.942Z - info: Website generation (lazy) started at 6:30:50 pm
2024-01-19T10:31:04.805Z - info: Building assets...
2024-01-19T10:31:10.068Z - info: Assets built
2024-01-19T10:31:10.069Z - info: Generating landing page...
2024-01-19T10:31:10.900Z - info: Landing page built, other pages will be built as you navigate to them!
2024-01-19T10:31:11.616Z - info: Site data built
2024-01-19T10:31:11.617Z - info: Website generation (lazy) complete! Total build time: 21.387s
2024-01-19T10:31:12.436Z - info: Serving "C:\repos\nus-cs2103\cs2103-website-base\_site" at http://127.0.0.1:8080
2024-01-19T10:31:12.437Z - info: Press CTRL+C to stop ...
2024-01-19T10:31:59.904Z - info: Building C:\repos\nus-cs2103\cs2103-website-base\admin\instructors as some of its dependencies were changed since the last visit
2024-01-19T10:32:00.340Z - info: Site data built
2024-01-19T10:32:00.341Z - info: Lazy website regeneration complete! Total build time: 0.438s
2024-01-19T10:32:15.419Z - info: [6:32:15 pm] Reload for file change: C:\repos\nus-cs2103\cs2103-website-base\admin\tutors-info.md
2024-01-19T10:32:15.419Z - info: Synchronizing opened pages list before reload
2024-01-19T10:32:15.419Z - info: Current opened pages, from most-to-least recent:
2024-01-19T10:32:15.419Z - info: 1. admin/instructors
2024-01-19T10:32:16.424Z - info: Rebuilding 1 pages
2024-01-19T10:32:16.623Z - info: Site data built
2024-01-19T10:32:16.624Z - info: Pages rebuilt
2024-01-19T10:32:16.624Z - info: Website regeneration complete! Total build time: 0.2s
2024-01-19T10:38:34.198Z - info: [6:38:34 pm] Reload for file change: C:\repos\nus-cs2103\cs2103-website-base\admin\instructors.md
2024-01-19T10:38:34.198Z - info: Synchronizing opened pages list before reload
2024-01-19T10:38:34.198Z - info: Current opened pages, from most-to-least recent:
2024-01-19T10:38:34.199Z - info: 1. admin/instructors
2024-01-19T10:38:35.212Z - info: Rebuilding 1 pages
2024-01-19T10:38:35.495Z - info: Site data built
2024-01-19T10:38:35.495Z - info: Pages rebuilt
2024-01-19T10:38:35.495Z - info: Website regeneration complete! Total build time: 0.284s
2024-01-19T10:40:00.598Z - info: [6:40:00 pm] Reload for file change: C:\repos\nus-cs2103\cs2103-website-base\admin\instructors.md
2024-01-19T10:40:00.599Z - info: Synchronizing opened pages list before reload
2024-01-19T10:40:00.599Z - info: Current opened pages, from most-to-least recent:
2024-01-19T10:40:00.599Z - info: 1. admin/instructors
2024-01-19T10:40:01.604Z - info: Rebuilding 1 pages
2024-01-19T10:40:01.882Z - info: Site data built
2024-01-19T10:40:01.882Z - info: Pages rebuilt
2024-01-19T10:40:01.882Z - info: Website regeneration complete! Total build time: 0.279s
2024-01-19T10:40:46.396Z - info: [6:40:46 pm] Reload for file change: C:\repos\nus-cs2103\cs2103-website-base\admin\instructors.md
2024-01-19T10:40:46.396Z - info: Synchronizing opened pages list before reload
2024-01-19T10:40:46.396Z - info: Current opened pages, from most-to-least recent:
2024-01-19T10:40:46.396Z - info: 1. admin/instructors
2024-01-19T10:40:47.399Z - info: Rebuilding 1 pages
2024-01-19T10:40:47.596Z - info: Site data built
2024-01-19T10:40:47.596Z - info: Pages rebuilt
2024-01-19T10:40:47.596Z - info: Website regeneration complete! Total build time: 0.198s
2024-01-19T10:43:35.854Z - info: [6:43:35 pm] Reload for file change: C:\repos\nus-cs2103\cs2103-website-base\admin\instructors.md
2024-01-19T10:43:35.854Z - info: Synchronizing opened pages list before reload
2024-01-19T10:43:35.855Z - info: Current opened pages, from most-to-least recent:
2024-01-19T10:43:35.855Z - info: 1. admin/instructors
2024-01-19T10:43:36.861Z - info: Rebuilding 1 pages
2024-01-19T10:43:37.122Z - info: Site data built
2024-01-19T10:43:37.122Z - info: Pages rebuilt
2024-01-19T10:43:37.122Z - info: Website regeneration complete! Total build time: 0.262s
2024-01-19T10:45:56.071Z - info: [6:45:56 pm] Reload for file change: C:\repos\nus-cs2103\cs2103-website-base\admin\instructors.md
2024-01-19T10:45:56.072Z - info: Synchronizing opened pages list before reload
2024-01-19T10:45:56.072Z - info: Current opened pages, from most-to-least recent:
2024-01-19T10:45:56.072Z - info: 1. admin/instructors
2024-01-19T10:45:57.090Z - info: Rebuilding 1 pages
2024-01-19T10:45:57.335Z - info: Site data built
2024-01-19T10:45:57.335Z - info: Pages rebuilt
2024-01-19T10:45:57.335Z - info: Website regeneration complete! Total build time: 0.247s
2024-01-19T10:46:31.609Z - info: [6:46:31 pm] Reload for file change: C:\repos\nus-cs2103\cs2103-website-base\admin\instructors.md
2024-01-19T10:46:31.609Z - info: Synchronizing opened pages list before reload
2024-01-19T10:46:31.609Z - info: Current opened pages, from most-to-least recent:
2024-01-19T10:46:31.609Z - info: 1. admin/instructors
2024-01-19T10:46:32.613Z - info: Rebuilding 1 pages
2024-01-19T10:46:32.817Z - info: Site data built
2024-01-19T10:46:32.817Z - info: Pages rebuilt
2024-01-19T10:46:32.817Z - info: Website regeneration complete! Total build time: 0.205s
2024-01-19T10:47:21.930Z - info: [6:47:21 pm] Reload for file change: C:\repos\nus-cs2103\cs2103-website-base\admin\instructors.md
2024-01-19T10:47:21.930Z - info: Synchronizing opened pages list before reload
2024-01-19T10:47:21.930Z - info: Current opened pages, from most-to-least recent:
2024-01-19T10:47:21.930Z - info: 1. admin/instructors
2024-01-19T10:47:22.935Z - info: Rebuilding 1 pages
2024-01-19T10:47:23.129Z - info: Site data built
2024-01-19T10:47:23.130Z - info: Pages rebuilt
2024-01-19T10:47:23.130Z - info: Website regeneration complete! Total build time: 0.196s
2024-01-19T10:49:42.029Z - info: [6:49:42 pm] Reload for file change: C:\repos\nus-cs2103\cs2103-website-base\admin\instructors.md
2024-01-19T10:49:42.029Z - info: Synchronizing opened pages list before reload
2024-01-19T10:49:42.030Z - info: Current opened pages, from most-to-least recent:
2024-01-19T10:49:42.030Z - info: 1. admin/instructors
2024-01-19T10:49:43.037Z - info: Rebuilding 1 pages
2024-01-19T10:49:43.290Z - info: Site data built
2024-01-19T10:49:43.291Z - info: Pages rebuilt
2024-01-19T10:49:43.291Z - info: Website regeneration complete! Total build time: 0.255s
2024-01-19T10:50:31.388Z - info: Website generation started at 6:50:30 pm
2024-01-19T10:50:39.119Z - info: Building assets...
2024-01-19T10:50:44.363Z - info: Assets built
2024-01-19T10:50:44.364Z - info: Generating pages...
2024-01-19T10:50:56.707Z - debug:  
2024-01-19T10:50:56.708Z - debug:  
2024-01-19T10:50:56.709Z - debug:  
2024-01-19T10:50:56.709Z - debug:  
2024-01-19T10:50:56.710Z - debug:  
2024-01-19T10:50:56.710Z - debug:  
2024-01-19T10:50:56.711Z - debug:  
2024-01-19T10:50:56.711Z - debug:  
2024-01-19T10:50:56.987Z - debug:  
2024-01-19T10:50:56.987Z - debug:  
2024-01-19T10:50:56.994Z - debug:  
2024-01-19T10:50:57.005Z - debug:  
2024-01-19T10:50:57.007Z - debug:  
2024-01-19T10:50:58.257Z - debug:  
2024-01-19T10:50:58.257Z - debug:  
2024-01-19T10:50:58.258Z - debug:  
2024-01-19T10:50:58.417Z - debug:  
2024-01-19T10:52:42.063Z - debug:  
2024-01-19T10:52:58.711Z - debug:  
2024-01-19T10:52:58.727Z - debug:  
2024-01-19T10:53:04.878Z - info: Pages built
2024-01-19T10:53:05.620Z - info: Site data built
2024-01-19T10:53:05.620Z - info: Website generation complete! Total build time: 155.55s
2024-01-19T10:53:05.621Z - info: Build success!
2024-01-19T10:54:41.314Z - info: The website has been deployed at: https://nus-cs2103-ay2324s2.github.io/website
2024-01-19T15:25:52.121Z - info: Website generation started at 11:25:47 pm
2024-01-19T15:26:01.242Z - info: Building assets...
2024-01-19T15:26:06.501Z - info: Assets built
2024-01-19T15:26:06.502Z - info: Generating pages...
2024-01-19T15:26:18.670Z - debug:  
2024-01-19T15:26:18.671Z - debug:  
2024-01-19T15:26:18.672Z - debug:  
2024-01-19T15:26:18.672Z - debug:  
2024-01-19T15:26:18.673Z - debug:  
2024-01-19T15:26:18.673Z - debug:  
2024-01-19T15:26:18.674Z - debug:  
2024-01-19T15:26:18.674Z - debug:  
2024-01-19T15:26:18.674Z - debug:  
2024-01-19T15:26:18.922Z - debug:  
2024-01-19T15:26:20.152Z - debug:  
2024-01-19T15:26:20.153Z - debug:  
2024-01-19T15:26:20.153Z - debug:  
2024-01-19T15:26:20.153Z - debug:  
2024-01-19T15:26:20.153Z - debug:  
2024-01-19T15:26:20.244Z - debug:  
2024-01-19T15:26:20.496Z - debug:  
2024-01-19T15:27:51.150Z - debug:  
2024-01-19T15:28:02.567Z - debug:  
2024-01-19T15:28:02.582Z - debug:  
2024-01-19T15:28:09.093Z - info: Pages built
2024-01-19T15:28:09.905Z - info: Site data built
2024-01-19T15:28:09.905Z - info: Website generation complete! Total build time: 142.798s
2024-01-19T15:28:09.906Z - info: Build success!
2024-01-19T15:30:45.048Z - info: The website has been deployed at: https://nus-cs2103-ay2324s2.github.io/website
