2024-01-18T03:13:41.055Z - info: Website generation (lazy) started at 11:13:32 am
2024-01-18T03:13:52.476Z - info: Building assets...
2024-01-18T03:13:58.759Z - info: Assets built
2024-01-18T03:13:58.760Z - info: Generating landing page...
2024-01-18T03:13:59.347Z - info: Landing page built, other pages will be built as you navigate to them!
2024-01-18T03:14:00.189Z - info: Site data built
2024-01-18T03:14:00.189Z - info: Website generation (lazy) complete! Total build time: 28.136s
2024-01-18T03:14:01.187Z - info: Serving "C:\repos\nus-cs2103\cs2103-website-base\_site" at http://127.0.0.1:8080
2024-01-18T03:14:01.187Z - info: Press CTRL+C to stop ...
2024-01-18T03:17:07.689Z - info: [11:17:07 am] Reload for file change: C:\repos\nus-cs2103\cs2103-website-base\admin\tp-deliverables-ug-fragment.md
2024-01-18T03:17:07.690Z - info: Synchronizing opened pages list before reload
2024-01-18T03:17:07.691Z - info: Current opened pages, from most-to-least recent:
2024-01-18T03:17:07.691Z - info: 1. index
2024-01-18T03:17:07.724Z - info: [11:17:07 am] Reload for file change: C:\repos\nus-cs2103\cs2103-website-base\admin\tp-expectations.md
2024-01-18T03:17:07.724Z - info: Synchronizing opened pages list before reload
2024-01-18T03:17:07.724Z - info: Current opened pages, from most-to-least recent:
2024-01-18T03:17:07.724Z - info: 1. index
2024-01-18T03:17:07.730Z - info: [11:17:07 am] Reload for file change: C:\repos\nus-cs2103\cs2103-website-base\admin\tp-deliverables-executable-fragment.md
2024-01-18T03:17:07.731Z - info: Synchronizing opened pages list before reload
2024-01-18T03:17:07.731Z - info: Current opened pages, from most-to-least recent:
2024-01-18T03:17:07.731Z - info: 1. index
2024-01-18T03:17:07.770Z - info: [11:17:07 am] Reload for file change: C:\repos\nus-cs2103\cs2103-website-base\admin\tp-tasks-fragment.md
2024-01-18T03:17:07.770Z - info: Synchronizing opened pages list before reload
2024-01-18T03:17:07.770Z - info: Current opened pages, from most-to-least recent:
2024-01-18T03:17:07.770Z - info: 1. index
2024-01-18T03:17:08.705Z - info: Assets built
2024-01-18T03:17:08.736Z - info: No pages needed to be rebuilt
2024-01-18T03:17:12.147Z - info: Building C:\repos\nus-cs2103\cs2103-website-base\schedule\week4\index as some of its dependencies were changed since the last visit
2024-01-18T03:17:13.306Z - info: Site data built
2024-01-18T03:17:13.307Z - info: Lazy website regeneration complete! Total build time: 1.16s
2024-01-18T03:17:20.923Z - info: Building C:\repos\nus-cs2103\cs2103-website-base\schedule\week4\project as some of its dependencies were changed since the last visit
2024-01-18T03:17:22.523Z - info: Site data built
2024-01-18T03:17:22.523Z - info: Lazy website regeneration complete! Total build time: 1.6s
2024-01-18T03:19:17.151Z - info: Building C:\repos\nus-cs2103\cs2103-website-base\schedule\week1\index as some of its dependencies were changed since the last visit
2024-01-18T03:19:17.995Z - info: Site data built
2024-01-18T03:19:17.995Z - info: Lazy website regeneration complete! Total build time: 0.844s
2024-01-18T03:19:20.659Z - info: Building C:\repos\nus-cs2103\cs2103-website-base\schedule\week1\topics as some of its dependencies were changed since the last visit
2024-01-18T03:19:26.344Z - debug:  
2024-01-18T03:19:26.684Z - info: Site data built
2024-01-18T03:19:26.684Z - info: Lazy website regeneration complete! Total build time: 6.025s
2024-01-18T03:22:32.651Z - info: [11:22:32 am] Reload for file change: C:\repos\nus-cs2103\cs2103-website-base\book\oop\inheritance\overriding\text.md
2024-01-18T03:22:32.652Z - info: Synchronizing opened pages list before reload
2024-01-18T03:22:32.653Z - info: Current opened pages, from most-to-least recent:
2024-01-18T03:22:32.654Z - info: 1. schedule/week1/topics
2024-01-18T03:22:33.672Z - info: Rebuilding 1 pages
2024-01-18T03:22:35.776Z - info: Site data built
2024-01-18T03:22:35.776Z - info: Pages rebuilt
2024-01-18T03:22:35.777Z - info: Website regeneration complete! Total build time: 2.107s
2024-01-18T03:24:04.950Z - info: Website generation started at 11:24:03 am
2024-01-18T03:24:14.378Z - info: Building assets...
2024-01-18T03:24:20.866Z - info: Assets built
2024-01-18T03:24:20.867Z - info: Generating pages...
2024-01-18T03:24:34.391Z - debug:  
2024-01-18T03:24:34.392Z - debug:  
2024-01-18T03:24:34.394Z - debug:  
2024-01-18T03:24:34.396Z - debug:  
2024-01-18T03:24:34.396Z - debug:  
2024-01-18T03:24:34.397Z - debug:  
2024-01-18T03:24:34.398Z - debug:  
2024-01-18T03:24:34.398Z - debug:  
2024-01-18T03:24:34.399Z - debug:  
2024-01-18T03:24:34.399Z - debug:  
2024-01-18T03:24:34.654Z - debug:  
2024-01-18T03:24:36.521Z - debug:  
2024-01-18T03:24:36.521Z - debug:  
2024-01-18T03:24:36.521Z - debug:  
2024-01-18T03:24:36.521Z - debug:  
2024-01-18T03:24:36.522Z - debug:  
2024-01-18T03:24:36.665Z - debug:  
2024-01-18T03:26:28.472Z - debug:  
2024-01-18T03:26:41.534Z - debug:  
2024-01-18T03:26:41.548Z - debug:  
2024-01-18T03:26:49.264Z - info: Pages built
2024-01-18T03:26:50.051Z - info: Site data built
2024-01-18T03:26:50.051Z - info: Website generation complete! Total build time: 166.859s
2024-01-18T03:26:50.051Z - info: Build success!
2024-01-18T03:29:30.037Z - info: The website has been deployed at: https://nus-cs2103-ay2324s2.github.io/website
