2024-04-29T07:43:01.352Z - info: Website generation (lazy) started at 3:42:54 pm
2024-04-29T07:43:10.909Z - info: Building assets...
2024-04-29T07:43:16.970Z - info: Assets built
2024-04-29T07:43:16.971Z - info: Generating landing page...
2024-04-29T07:43:18.220Z - info: Landing page built, other pages will be built as you navigate to them!
2024-04-29T07:43:19.049Z - warn:  Error: Cannot find module 'bootstrap-icons/font/bootstrap-icons.css'
Require stack:
- C:\Users\dcsdcr\AppData\Roaming\npm\node_modules\markbind-cli\node_modules\@markbind\core\src\Site\index.js
- C:\Users\dcsdcr\AppData\Roaming\npm\node_modules\markbind-cli\node_modules\@markbind\core\index.js
- C:\Users\dcsdcr\AppData\Roaming\npm\node_modules\markbind-cli\src\cmd\build.js
- C:\Users\dcsdcr\AppData\Roaming\npm\node_modules\markbind-cli\index.js
    at Module._resolveFilename (node:internal/modules/cjs/loader:1144:15)
    at Function.resolve (node:internal/modules/helpers:187:19)
    at Site.copyBootstrapIconsAsset (C:\Users\dcsdcr\AppData\Roaming\npm\node_modules\markbind-cli\node_modules\@markbind\core\src\Site\index.js:1171:50)
    at Site.<anonymous> (C:\Users\dcsdcr\AppData\Roaming\npm\node_modules\markbind-cli\node_modules\@markbind\core\src\Site\index.js:460:28)
    at Generator.next (<anonymous>)
    at fulfilled (C:\Users\dcsdcr\AppData\Roaming\npm\node_modules\markbind-cli\node_modules\@markbind\core\src\Site\index.js:28:58)
2024-04-29T07:43:19.812Z - info: Serving "C:\repos\nus-cs2103\cs2103-website-base\_site" at http://127.0.0.1:8080
2024-04-29T07:43:19.813Z - info: Press CTRL+C to stop ...
2024-04-29T07:44:12.795Z - info: Website generation started at 3:44:12 pm
2024-04-29T07:44:19.552Z - info: Building assets...
2024-04-29T07:44:24.751Z - info: Assets built
2024-04-29T07:44:24.751Z - info: Generating pages...
2024-04-29T07:44:49.537Z - debug:  
2024-04-29T07:44:49.661Z - debug:  
2024-04-29T07:44:49.740Z - debug:  
2024-04-29T07:44:49.899Z - debug:  
2024-04-29T07:44:49.900Z - debug:  
2024-04-29T07:44:49.900Z - debug:  
2024-04-29T07:44:49.900Z - debug:  
2024-04-29T07:44:52.134Z - debug:  
2024-04-29T07:44:52.134Z - debug:  
2024-04-29T07:44:52.135Z - debug:  
2024-04-29T07:44:52.135Z - debug:  
2024-04-29T07:44:52.135Z - debug:  
2024-04-29T07:44:52.135Z - debug:  
2024-04-29T07:44:52.136Z - debug:  
2024-04-29T07:44:52.136Z - debug:  
2024-04-29T07:44:52.136Z - debug:  
2024-04-29T07:44:52.136Z - debug:  
2024-04-29T07:44:53.913Z - warn: Empty file included in C:\repos\nus-cs2103\cs2103-website-base\book\uml\container-inPage-asFlat.md:
File: C:\repos\nus-cs2103\cs2103-website-base\book\path.md is empty or contains only whitespace
2024-04-29T07:45:00.286Z - warn: Empty file included in C:\repos\nus-cs2103\cs2103-website-base\book\testing\container-inPage-asFlat.md:
File: C:\repos\nus-cs2103\cs2103-website-base\book\path.md is empty or contains only whitespace
2024-04-29T07:45:02.152Z - warn: Empty file included in C:\repos\nus-cs2103\cs2103-website-base\book\testCaseDesign\container-inPage-asFlat.md:
File: C:\repos\nus-cs2103\cs2103-website-base\book\path.md is empty or contains only whitespace
2024-04-29T07:45:03.675Z - warn: Empty file included in C:\repos\nus-cs2103\cs2103-website-base\book\teamwork\container-inPage-asFlat.md:
File: C:\repos\nus-cs2103\cs2103-website-base\book\path.md is empty or contains only whitespace
2024-04-29T07:45:04.879Z - warn: Empty file included in C:\repos\nus-cs2103\cs2103-website-base\book\specifyingRequirements\container-inPage-asFlat.md:
File: C:\repos\nus-cs2103\cs2103-website-base\book\path.md is empty or contains only whitespace
2024-04-29T07:45:05.593Z - warn: Empty file included in C:\repos\nus-cs2103\cs2103-website-base\book\softwareEngineering\container-inPage-asFlat.md:
File: C:\repos\nus-cs2103\cs2103-website-base\book\path.md is empty or contains only whitespace
2024-04-29T07:45:05.982Z - warn: Empty file included in C:\repos\nus-cs2103\cs2103-website-base\book\revisionControl\container-inPage-asFlat.md:
File: C:\repos\nus-cs2103\cs2103-website-base\book\path.md is empty or contains only whitespace
2024-04-29T07:45:06.746Z - warn: Empty file included in C:\repos\nus-cs2103\cs2103-website-base\book\reuse\container-inPage-asFlat.md:
File: C:\repos\nus-cs2103\cs2103-website-base\book\path.md is empty or contains only whitespace
2024-04-29T07:45:07.626Z - warn: Empty file included in C:\repos\nus-cs2103\cs2103-website-base\book\requirements\container-inPage-asFlat.md:
File: C:\repos\nus-cs2103\cs2103-website-base\book\path.md is empty or contains only whitespace
2024-04-29T07:45:08.125Z - warn: Empty file included in C:\repos\nus-cs2103\cs2103-website-base\book\refactoring\container-inPage-asFlat.md:
File: C:\repos\nus-cs2103\cs2103-website-base\book\path.md is empty or contains only whitespace
2024-04-29T07:45:08.560Z - warn: Empty file included in C:\repos\nus-cs2103\cs2103-website-base\book\qualityAssurance\container-inPage-asFlat.md:
File: C:\repos\nus-cs2103\cs2103-website-base\book\path.md is empty or contains only whitespace
2024-04-29T07:45:09.135Z - warn: Empty file included in C:\repos\nus-cs2103\cs2103-website-base\book\projectPlanning\container-inPage-asFlat.md:
File: C:\repos\nus-cs2103\cs2103-website-base\book\path.md is empty or contains only whitespace
2024-04-29T07:45:09.329Z - warn: Empty file included in C:\repos\nus-cs2103\cs2103-website-base\book\projectDuke\container-inPage-asFlat.md:
File: C:\repos\nus-cs2103\cs2103-website-base\book\path.md is empty or contains only whitespace
2024-04-29T07:45:10.169Z - warn: Empty file included in C:\repos\nus-cs2103\cs2103-website-base\book\processModels\container-inPage-asFlat.md:
File: C:\repos\nus-cs2103\cs2103-website-base\book\path.md is empty or contains only whitespace
2024-04-29T07:45:11.525Z - warn: Empty file included in C:\repos\nus-cs2103\cs2103-website-base\book\principles\container-inPage-asFlat.md:
File: C:\repos\nus-cs2103\cs2103-website-base\book\path.md is empty or contains only whitespace
2024-04-29T07:45:13.623Z - warn: Empty file included in C:\repos\nus-cs2103\cs2103-website-base\book\oop\container-inPage-asFlat.md:
File: C:\repos\nus-cs2103\cs2103-website-base\book\path.md is empty or contains only whitespace
2024-04-29T07:45:15.219Z - warn: Empty file included in C:\repos\nus-cs2103\cs2103-website-base\book\modeling\modelingStructures\ooStructures\text.md:
File: C:\repos\nus-cs2103\cs2103-website-base\book\modeling\modelingStructures\ooStructures\exercises.md is empty or contains only whitespace
2024-04-29T07:45:15.425Z - warn: Empty file included in C:\repos\nus-cs2103\cs2103-website-base\book\modeling\modelingStructures\ooStructures\text.md:
File: C:\repos\nus-cs2103\cs2103-website-base\book\modeling\modelingStructures\ooStructures\exercises.md is empty or contains only whitespace
2024-04-29T07:45:18.290Z - warn: Empty file included in C:\repos\nus-cs2103\cs2103-website-base\book\modeling\container-inPage-asFlat.md:
File: C:\repos\nus-cs2103\cs2103-website-base\book\path.md is empty or contains only whitespace
2024-04-29T07:45:18.365Z - warn: Empty file included in C:\repos\nus-cs2103\cs2103-website-base\book\modeling\modelingStructures\ooStructures\text.md:
File: C:\repos\nus-cs2103\cs2103-website-base\book\modeling\modelingStructures\ooStructures\exercises.md is empty or contains only whitespace
2024-04-29T07:45:19.685Z - warn: Empty file included in C:\repos\nus-cs2103\cs2103-website-base\book\intellij\container-inPage-asFlat.md:
File: C:\repos\nus-cs2103\cs2103-website-base\book\path.md is empty or contains only whitespace
2024-04-29T07:45:20.107Z - warn: Empty file included in C:\repos\nus-cs2103\cs2103-website-base\book\integration\container-inPage-asFlat.md:
File: C:\repos\nus-cs2103\cs2103-website-base\book\path.md is empty or contains only whitespace
2024-04-29T07:45:20.854Z - warn: Empty file included in C:\repos\nus-cs2103\cs2103-website-base\book\ides\container-inPage-asFlat.md:
File: C:\repos\nus-cs2103\cs2103-website-base\book\path.md is empty or contains only whitespace
2024-04-29T07:45:21.568Z - warn: Empty file included in C:\repos\nus-cs2103\cs2103-website-base\book\gitAndGithub\container-inPage-asFlat.md:
File: C:\repos\nus-cs2103\cs2103-website-base\book\path.md is empty or contains only whitespace
2024-04-29T07:45:23.149Z - warn: Empty file included in C:\repos\nus-cs2103\cs2103-website-base\book\gatheringRequirements\container-inPage-asFlat.md:
File: C:\repos\nus-cs2103\cs2103-website-base\book\path.md is empty or contains only whitespace
2024-04-29T07:45:23.631Z - warn: Empty file included in C:\repos\nus-cs2103\cs2103-website-base\book\errorHandling\container-inPage-asFlat.md:
File: C:\repos\nus-cs2103\cs2103-website-base\book\path.md is empty or contains only whitespace
2024-04-29T07:45:25.976Z - warn: Empty file included in C:\repos\nus-cs2103\cs2103-website-base\book\documentation\container-inPage-asFlat.md:
File: C:\repos\nus-cs2103\cs2103-website-base\book\path.md is empty or contains only whitespace
2024-04-29T07:45:27.833Z - warn: Empty file included in C:\repos\nus-cs2103\cs2103-website-base\book\designPatterns\container-inPage-asFlat.md:
File: C:\repos\nus-cs2103\cs2103-website-base\book\path.md is empty or contains only whitespace
2024-04-29T07:45:28.537Z - warn: Empty file included in C:\repos\nus-cs2103\cs2103-website-base\book\designFundamentals\container-inPage-asFlat.md:
File: C:\repos\nus-cs2103\cs2103-website-base\book\path.md is empty or contains only whitespace
2024-04-29T07:45:29.475Z - warn: Empty file included in C:\repos\nus-cs2103\cs2103-website-base\book\designApproaches\container-inPage-asFlat.md:
File: C:\repos\nus-cs2103\cs2103-website-base\book\path.md is empty or contains only whitespace
2024-04-29T07:45:29.772Z - warn: Empty file included in C:\repos\nus-cs2103\cs2103-website-base\book\design\container-inPage-asFlat.md:
File: C:\repos\nus-cs2103\cs2103-website-base\book\path.md is empty or contains only whitespace
2024-04-29T07:45:34.429Z - warn: Empty file included in C:\repos\nus-cs2103\cs2103-website-base\book\cppToJava\container-inPage-asFlat.md:
File: C:\repos\nus-cs2103\cs2103-website-base\book\path.md is empty or contains only whitespace
2024-04-29T07:45:34.446Z - warn: Empty reference in C:\repos\nus-cs2103\cs2103-website-base\book\cppToJava\about\unit-inParent-asPanel.md:
Segment '#outcomes' in file: C:\repos\nus-cs2103\cs2103-website-base\book\cppToJava\about\text.md is empty
2024-04-29T07:45:40.281Z - warn: Empty reference in C:\repos\nus-cs2103\cs2103-website-base\book\cppToJava\about\unit-inPage-asFlat.md:
Segment '#outcomes' in file: C:\repos\nus-cs2103\cs2103-website-base\book\cppToJava\about\text.md is empty
2024-04-29T07:45:42.143Z - warn: Empty file included in C:\repos\nus-cs2103\cs2103-website-base\book\codeQuality\container-inPage-asFlat.md:
File: C:\repos\nus-cs2103\cs2103-website-base\book\path.md is empty or contains only whitespace
2024-04-29T07:45:44.505Z - warn: Empty file included in C:\repos\nus-cs2103\cs2103-website-base\book\architecture\container-inPage-asFlat.md:
File: C:\repos\nus-cs2103\cs2103-website-base\book\path.md is empty or contains only whitespace
2024-04-29T07:45:54.770Z - warn: Empty file included in C:\repos\nus-cs2103\cs2103-website-base\se-book-adapted\chapters\uml.md:
File: C:\repos\nus-cs2103\cs2103-website-base\book\path.md is empty or contains only whitespace
2024-04-29T07:45:55.883Z - warn: Empty file included in C:\repos\nus-cs2103\cs2103-website-base\se-book-adapted\chapters\testing.md:
File: C:\repos\nus-cs2103\cs2103-website-base\book\path.md is empty or contains only whitespace
2024-04-29T07:45:56.860Z - warn: Empty file included in C:\repos\nus-cs2103\cs2103-website-base\se-book-adapted\chapters\testCaseDesign.md:
File: C:\repos\nus-cs2103\cs2103-website-base\book\path.md is empty or contains only whitespace
2024-04-29T07:45:57.446Z - warn: Empty file included in C:\repos\nus-cs2103\cs2103-website-base\se-book-adapted\chapters\teamwork.md:
File: C:\repos\nus-cs2103\cs2103-website-base\book\path.md is empty or contains only whitespace
2024-04-29T07:45:57.593Z - warn: Empty file included in C:\repos\nus-cs2103\cs2103-website-base\se-book-adapted\chapters\specifyingRequirements.md:
File: C:\repos\nus-cs2103\cs2103-website-base\book\path.md is empty or contains only whitespace
2024-04-29T07:45:58.029Z - warn: Empty file included in C:\repos\nus-cs2103\cs2103-website-base\se-book-adapted\chapters\softwareEngineering.md:
File: C:\repos\nus-cs2103\cs2103-website-base\book\path.md is empty or contains only whitespace
2024-04-29T07:45:58.108Z - warn: Empty file included in C:\repos\nus-cs2103\cs2103-website-base\se-book-adapted\chapters\revisionControl.md:
File: C:\repos\nus-cs2103\cs2103-website-base\book\path.md is empty or contains only whitespace
2024-04-29T07:45:58.345Z - warn: Empty file included in C:\repos\nus-cs2103\cs2103-website-base\se-book-adapted\chapters\reuse.md:
File: C:\repos\nus-cs2103\cs2103-website-base\book\path.md is empty or contains only whitespace
2024-04-29T07:45:58.632Z - warn: Empty file included in C:\repos\nus-cs2103\cs2103-website-base\se-book-adapted\chapters\requirements.md:
File: C:\repos\nus-cs2103\cs2103-website-base\book\path.md is empty or contains only whitespace
2024-04-29T07:45:58.758Z - warn: Empty file included in C:\repos\nus-cs2103\cs2103-website-base\se-book-adapted\chapters\refactoring.md:
File: C:\repos\nus-cs2103\cs2103-website-base\book\path.md is empty or contains only whitespace
2024-04-29T07:45:58.823Z - warn: Empty file included in C:\repos\nus-cs2103\cs2103-website-base\se-book-adapted\chapters\qualityAssurance.md:
File: C:\repos\nus-cs2103\cs2103-website-base\book\path.md is empty or contains only whitespace
2024-04-29T07:45:59.069Z - warn: Empty file included in C:\repos\nus-cs2103\cs2103-website-base\se-book-adapted\chapters\projectPlanning.md:
File: C:\repos\nus-cs2103\cs2103-website-base\book\path.md is empty or contains only whitespace
2024-04-29T07:45:59.185Z - warn: Empty file included in C:\repos\nus-cs2103\cs2103-website-base\se-book-adapted\chapters\processModels.md:
File: C:\repos\nus-cs2103\cs2103-website-base\book\path.md is empty or contains only whitespace
2024-04-29T07:45:59.374Z - warn: Empty file included in C:\repos\nus-cs2103\cs2103-website-base\se-book-adapted\chapters\principles.md:
File: C:\repos\nus-cs2103\cs2103-website-base\book\path.md is empty or contains only whitespace
2024-04-29T07:45:59.743Z - warn: Empty file included in C:\repos\nus-cs2103\cs2103-website-base\se-book-adapted\chapters\oop.md:
File: C:\repos\nus-cs2103\cs2103-website-base\book\path.md is empty or contains only whitespace
2024-04-29T07:46:00.605Z - warn: Empty file included in C:\repos\nus-cs2103\cs2103-website-base\se-book-adapted\chapters\modeling.md:
File: C:\repos\nus-cs2103\cs2103-website-base\book\path.md is empty or contains only whitespace
2024-04-29T07:46:00.680Z - warn: Empty file included in C:\repos\nus-cs2103\cs2103-website-base\book\modeling\modelingStructures\ooStructures\text.md:
File: C:\repos\nus-cs2103\cs2103-website-base\book\modeling\modelingStructures\ooStructures\exercises.md is empty or contains only whitespace
2024-04-29T07:46:01.915Z - warn: Empty file included in C:\repos\nus-cs2103\cs2103-website-base\se-book-adapted\chapters\intellij.md:
File: C:\repos\nus-cs2103\cs2103-website-base\book\path.md is empty or contains only whitespace
2024-04-29T07:46:01.984Z - warn: Empty file included in C:\repos\nus-cs2103\cs2103-website-base\se-book-adapted\chapters\integration.md:
File: C:\repos\nus-cs2103\cs2103-website-base\book\path.md is empty or contains only whitespace
2024-04-29T07:46:02.057Z - warn: Empty file included in C:\repos\nus-cs2103\cs2103-website-base\se-book-adapted\chapters\ides.md:
File: C:\repos\nus-cs2103\cs2103-website-base\book\path.md is empty or contains only whitespace
2024-04-29T07:46:02.360Z - warn: Empty file included in C:\repos\nus-cs2103\cs2103-website-base\se-book-adapted\chapters\gitAndGithub.md:
File: C:\repos\nus-cs2103\cs2103-website-base\book\path.md is empty or contains only whitespace
2024-04-29T07:46:03.176Z - warn: Empty file included in C:\repos\nus-cs2103\cs2103-website-base\se-book-adapted\chapters\gatheringRequirements.md:
File: C:\repos\nus-cs2103\cs2103-website-base\book\path.md is empty or contains only whitespace
2024-04-29T07:46:03.287Z - warn: Empty file included in C:\repos\nus-cs2103\cs2103-website-base\se-book-adapted\chapters\errorHandling.md:
File: C:\repos\nus-cs2103\cs2103-website-base\book\path.md is empty or contains only whitespace
2024-04-29T07:46:03.499Z - warn: Empty file included in C:\repos\nus-cs2103\cs2103-website-base\se-book-adapted\chapters\documentation.md:
File: C:\repos\nus-cs2103\cs2103-website-base\book\path.md is empty or contains only whitespace
2024-04-29T07:46:04.179Z - warn: Empty file included in C:\repos\nus-cs2103\cs2103-website-base\se-book-adapted\chapters\designPatterns.md:
File: C:\repos\nus-cs2103\cs2103-website-base\book\path.md is empty or contains only whitespace
2024-04-29T07:46:04.544Z - warn: Empty file included in C:\repos\nus-cs2103\cs2103-website-base\se-book-adapted\chapters\designFundamentals.md:
File: C:\repos\nus-cs2103\cs2103-website-base\book\path.md is empty or contains only whitespace
2024-04-29T07:46:04.818Z - warn: Empty file included in C:\repos\nus-cs2103\cs2103-website-base\se-book-adapted\chapters\designApproaches.md:
File: C:\repos\nus-cs2103\cs2103-website-base\book\path.md is empty or contains only whitespace
2024-04-29T07:46:04.863Z - warn: Empty file included in C:\repos\nus-cs2103\cs2103-website-base\se-book-adapted\chapters\design.md:
File: C:\repos\nus-cs2103\cs2103-website-base\book\path.md is empty or contains only whitespace
2024-04-29T07:46:05.005Z - warn: Empty file included in C:\repos\nus-cs2103\cs2103-website-base\se-book-adapted\chapters\cppToJava.md:
File: C:\repos\nus-cs2103\cs2103-website-base\book\path.md is empty or contains only whitespace
2024-04-29T07:46:05.009Z - warn: Empty reference in C:\repos\nus-cs2103\cs2103-website-base\se-book-adapted\chapters\cppToJava.md:
Segment '#outcomes' in file: C:\repos\nus-cs2103\cs2103-website-base\book\cppToJava\about\text.md is empty
2024-04-29T07:46:07.299Z - warn: Empty file included in C:\repos\nus-cs2103\cs2103-website-base\se-book-adapted\chapters\codeQuality.md:
File: C:\repos\nus-cs2103\cs2103-website-base\book\path.md is empty or contains only whitespace
2024-04-29T07:46:07.951Z - warn: Empty file included in C:\repos\nus-cs2103\cs2103-website-base\se-book-adapted\chapters\architecture.md:
File: C:\repos\nus-cs2103\cs2103-website-base\book\path.md is empty or contains only whitespace
2024-04-29T07:46:18.567Z - warn: Empty file included in C:\repos\nus-cs2103\cs2103-website-base\book\modeling\modelingStructures\ooStructures\text.md:
File: C:\repos\nus-cs2103\cs2103-website-base\book\modeling\modelingStructures\ooStructures\exercises.md is empty or contains only whitespace
2024-04-29T07:46:58.170Z - debug:  
2024-04-29T07:47:20.882Z - debug:  
2024-04-29T07:47:20.945Z - debug:  
2024-04-29T07:47:25.198Z - error: Invalid HTML in C:\repos\nus-cs2103\cs2103-website-base\admin\mid-semester-survey-results.md.
Table must have a tbody tag. Please correct this to avoid Vue hydration issues.

2024-04-29T07:47:33.138Z - info: Pages built
2024-04-29T07:47:33.869Z - warn:  Error: Cannot find module 'bootstrap-icons/font/bootstrap-icons.css'
Require stack:
- C:\Users\dcsdcr\AppData\Roaming\npm\node_modules\markbind-cli\node_modules\@markbind\core\src\Site\index.js
- C:\Users\dcsdcr\AppData\Roaming\npm\node_modules\markbind-cli\node_modules\@markbind\core\index.js
- C:\Users\dcsdcr\AppData\Roaming\npm\node_modules\markbind-cli\src\cmd\build.js
- C:\Users\dcsdcr\AppData\Roaming\npm\node_modules\markbind-cli\index.js
    at Module._resolveFilename (node:internal/modules/cjs/loader:1144:15)
    at Function.resolve (node:internal/modules/helpers:187:19)
    at Site.copyBootstrapIconsAsset (C:\Users\dcsdcr\AppData\Roaming\npm\node_modules\markbind-cli\node_modules\@markbind\core\src\Site\index.js:1171:50)
    at Site.<anonymous> (C:\Users\dcsdcr\AppData\Roaming\npm\node_modules\markbind-cli\node_modules\@markbind\core\src\Site\index.js:460:28)
    at Generator.next (<anonymous>)
    at fulfilled (C:\Users\dcsdcr\AppData\Roaming\npm\node_modules\markbind-cli\node_modules\@markbind\core\src\Site\index.js:28:58)
2024-04-29T07:47:35.865Z - info: Build success!
2024-04-29T07:48:07.355Z - info: Website generation started at 3:48:07 pm
2024-04-29T07:48:14.727Z - info: Building assets...
2024-04-29T07:48:20.737Z - info: Assets built
2024-04-29T07:48:20.738Z - info: Generating pages...
2024-04-29T07:48:45.023Z - debug:  
2024-04-29T07:48:45.434Z - debug:  
2024-04-29T07:48:45.595Z - debug:  
2024-04-29T07:48:45.626Z - debug:  
2024-04-29T07:48:45.678Z - debug:  
2024-04-29T07:48:45.679Z - debug:  
2024-04-29T07:48:45.733Z - debug:  
2024-04-29T07:48:48.144Z - debug:  
2024-04-29T07:48:48.144Z - debug:  
2024-04-29T07:48:48.144Z - debug:  
2024-04-29T07:48:48.144Z - debug:  
2024-04-29T07:48:48.144Z - debug:  
2024-04-29T07:48:48.144Z - debug:  
2024-04-29T07:48:48.145Z - debug:  
2024-04-29T07:48:48.145Z - debug:  
2024-04-29T07:48:48.145Z - debug:  
2024-04-29T07:48:48.350Z - debug:  
2024-04-29T07:48:50.064Z - warn: Empty file included in C:\repos\nus-cs2103\cs2103-website-base\book\uml\container-inPage-asFlat.md:
File: C:\repos\nus-cs2103\cs2103-website-base\book\path.md is empty or contains only whitespace
2024-04-29T07:48:55.944Z - warn: Empty file included in C:\repos\nus-cs2103\cs2103-website-base\book\testing\container-inPage-asFlat.md:
File: C:\repos\nus-cs2103\cs2103-website-base\book\path.md is empty or contains only whitespace
2024-04-29T07:48:57.795Z - warn: Empty file included in C:\repos\nus-cs2103\cs2103-website-base\book\testCaseDesign\container-inPage-asFlat.md:
File: C:\repos\nus-cs2103\cs2103-website-base\book\path.md is empty or contains only whitespace
2024-04-29T07:48:59.316Z - warn: Empty file included in C:\repos\nus-cs2103\cs2103-website-base\book\teamwork\container-inPage-asFlat.md:
File: C:\repos\nus-cs2103\cs2103-website-base\book\path.md is empty or contains only whitespace
2024-04-29T07:49:00.445Z - warn: Empty file included in C:\repos\nus-cs2103\cs2103-website-base\book\specifyingRequirements\container-inPage-asFlat.md:
File: C:\repos\nus-cs2103\cs2103-website-base\book\path.md is empty or contains only whitespace
2024-04-29T07:49:01.243Z - warn: Empty file included in C:\repos\nus-cs2103\cs2103-website-base\book\softwareEngineering\container-inPage-asFlat.md:
File: C:\repos\nus-cs2103\cs2103-website-base\book\path.md is empty or contains only whitespace
2024-04-29T07:49:01.564Z - warn: Empty file included in C:\repos\nus-cs2103\cs2103-website-base\book\revisionControl\container-inPage-asFlat.md:
File: C:\repos\nus-cs2103\cs2103-website-base\book\path.md is empty or contains only whitespace
2024-04-29T07:49:02.311Z - warn: Empty file included in C:\repos\nus-cs2103\cs2103-website-base\book\reuse\container-inPage-asFlat.md:
File: C:\repos\nus-cs2103\cs2103-website-base\book\path.md is empty or contains only whitespace
2024-04-29T07:49:03.208Z - warn: Empty file included in C:\repos\nus-cs2103\cs2103-website-base\book\requirements\container-inPage-asFlat.md:
File: C:\repos\nus-cs2103\cs2103-website-base\book\path.md is empty or contains only whitespace
2024-04-29T07:49:03.473Z - warn: Empty file included in C:\repos\nus-cs2103\cs2103-website-base\book\refactoring\container-inPage-asFlat.md:
File: C:\repos\nus-cs2103\cs2103-website-base\book\path.md is empty or contains only whitespace
2024-04-29T07:49:03.860Z - warn: Empty file included in C:\repos\nus-cs2103\cs2103-website-base\book\qualityAssurance\container-inPage-asFlat.md:
File: C:\repos\nus-cs2103\cs2103-website-base\book\path.md is empty or contains only whitespace
2024-04-29T07:49:04.418Z - warn: Empty file included in C:\repos\nus-cs2103\cs2103-website-base\book\projectPlanning\container-inPage-asFlat.md:
File: C:\repos\nus-cs2103\cs2103-website-base\book\path.md is empty or contains only whitespace
2024-04-29T07:49:04.570Z - warn: Empty file included in C:\repos\nus-cs2103\cs2103-website-base\book\projectDuke\container-inPage-asFlat.md:
File: C:\repos\nus-cs2103\cs2103-website-base\book\path.md is empty or contains only whitespace
2024-04-29T07:49:05.441Z - warn: Empty file included in C:\repos\nus-cs2103\cs2103-website-base\book\processModels\container-inPage-asFlat.md:
File: C:\repos\nus-cs2103\cs2103-website-base\book\path.md is empty or contains only whitespace
2024-04-29T07:49:06.783Z - warn: Empty file included in C:\repos\nus-cs2103\cs2103-website-base\book\principles\container-inPage-asFlat.md:
File: C:\repos\nus-cs2103\cs2103-website-base\book\path.md is empty or contains only whitespace
2024-04-29T07:49:08.871Z - warn: Empty file included in C:\repos\nus-cs2103\cs2103-website-base\book\oop\container-inPage-asFlat.md:
File: C:\repos\nus-cs2103\cs2103-website-base\book\path.md is empty or contains only whitespace
2024-04-29T07:49:10.493Z - warn: Empty file included in C:\repos\nus-cs2103\cs2103-website-base\book\modeling\modelingStructures\ooStructures\text.md:
File: C:\repos\nus-cs2103\cs2103-website-base\book\modeling\modelingStructures\ooStructures\exercises.md is empty or contains only whitespace
2024-04-29T07:49:10.658Z - warn: Empty file included in C:\repos\nus-cs2103\cs2103-website-base\book\modeling\modelingStructures\ooStructures\text.md:
File: C:\repos\nus-cs2103\cs2103-website-base\book\modeling\modelingStructures\ooStructures\exercises.md is empty or contains only whitespace
2024-04-29T07:49:13.551Z - warn: Empty file included in C:\repos\nus-cs2103\cs2103-website-base\book\modeling\container-inPage-asFlat.md:
File: C:\repos\nus-cs2103\cs2103-website-base\book\path.md is empty or contains only whitespace
2024-04-29T07:49:13.631Z - warn: Empty file included in C:\repos\nus-cs2103\cs2103-website-base\book\modeling\modelingStructures\ooStructures\text.md:
File: C:\repos\nus-cs2103\cs2103-website-base\book\modeling\modelingStructures\ooStructures\exercises.md is empty or contains only whitespace
2024-04-29T07:49:14.978Z - warn: Empty file included in C:\repos\nus-cs2103\cs2103-website-base\book\intellij\container-inPage-asFlat.md:
File: C:\repos\nus-cs2103\cs2103-website-base\book\path.md is empty or contains only whitespace
2024-04-29T07:49:15.411Z - warn: Empty file included in C:\repos\nus-cs2103\cs2103-website-base\book\integration\container-inPage-asFlat.md:
File: C:\repos\nus-cs2103\cs2103-website-base\book\path.md is empty or contains only whitespace
2024-04-29T07:49:16.142Z - warn: Empty file included in C:\repos\nus-cs2103\cs2103-website-base\book\ides\container-inPage-asFlat.md:
File: C:\repos\nus-cs2103\cs2103-website-base\book\path.md is empty or contains only whitespace
2024-04-29T07:49:16.910Z - warn: Empty file included in C:\repos\nus-cs2103\cs2103-website-base\book\gitAndGithub\container-inPage-asFlat.md:
File: C:\repos\nus-cs2103\cs2103-website-base\book\path.md is empty or contains only whitespace
2024-04-29T07:49:18.493Z - warn: Empty file included in C:\repos\nus-cs2103\cs2103-website-base\book\gatheringRequirements\container-inPage-asFlat.md:
File: C:\repos\nus-cs2103\cs2103-website-base\book\path.md is empty or contains only whitespace
2024-04-29T07:49:18.957Z - warn: Empty file included in C:\repos\nus-cs2103\cs2103-website-base\book\errorHandling\container-inPage-asFlat.md:
File: C:\repos\nus-cs2103\cs2103-website-base\book\path.md is empty or contains only whitespace
2024-04-29T07:49:21.315Z - warn: Empty file included in C:\repos\nus-cs2103\cs2103-website-base\book\documentation\container-inPage-asFlat.md:
File: C:\repos\nus-cs2103\cs2103-website-base\book\path.md is empty or contains only whitespace
2024-04-29T07:49:23.165Z - warn: Empty file included in C:\repos\nus-cs2103\cs2103-website-base\book\designPatterns\container-inPage-asFlat.md:
File: C:\repos\nus-cs2103\cs2103-website-base\book\path.md is empty or contains only whitespace
2024-04-29T07:49:23.916Z - warn: Empty file included in C:\repos\nus-cs2103\cs2103-website-base\book\designFundamentals\container-inPage-asFlat.md:
File: C:\repos\nus-cs2103\cs2103-website-base\book\path.md is empty or contains only whitespace
2024-04-29T07:49:24.839Z - warn: Empty file included in C:\repos\nus-cs2103\cs2103-website-base\book\designApproaches\container-inPage-asFlat.md:
File: C:\repos\nus-cs2103\cs2103-website-base\book\path.md is empty or contains only whitespace
2024-04-29T07:49:25.112Z - warn: Empty file included in C:\repos\nus-cs2103\cs2103-website-base\book\design\container-inPage-asFlat.md:
File: C:\repos\nus-cs2103\cs2103-website-base\book\path.md is empty or contains only whitespace
2024-04-29T07:49:29.049Z - warn: Empty file included in C:\repos\nus-cs2103\cs2103-website-base\book\cppToJava\container-inPage-asFlat.md:
File: C:\repos\nus-cs2103\cs2103-website-base\book\path.md is empty or contains only whitespace
2024-04-29T07:49:29.063Z - warn: Empty reference in C:\repos\nus-cs2103\cs2103-website-base\book\cppToJava\about\unit-inParent-asPanel.md:
Segment '#outcomes' in file: C:\repos\nus-cs2103\cs2103-website-base\book\cppToJava\about\text.md is empty
2024-04-29T07:49:34.974Z - warn: Empty reference in C:\repos\nus-cs2103\cs2103-website-base\book\cppToJava\about\unit-inPage-asFlat.md:
Segment '#outcomes' in file: C:\repos\nus-cs2103\cs2103-website-base\book\cppToJava\about\text.md is empty
2024-04-29T07:49:36.794Z - warn: Empty file included in C:\repos\nus-cs2103\cs2103-website-base\book\codeQuality\container-inPage-asFlat.md:
File: C:\repos\nus-cs2103\cs2103-website-base\book\path.md is empty or contains only whitespace
2024-04-29T07:49:39.106Z - warn: Empty file included in C:\repos\nus-cs2103\cs2103-website-base\book\architecture\container-inPage-asFlat.md:
File: C:\repos\nus-cs2103\cs2103-website-base\book\path.md is empty or contains only whitespace
2024-04-29T07:49:50.037Z - warn: Empty file included in C:\repos\nus-cs2103\cs2103-website-base\se-book-adapted\chapters\uml.md:
File: C:\repos\nus-cs2103\cs2103-website-base\book\path.md is empty or contains only whitespace
2024-04-29T07:49:51.087Z - warn: Empty file included in C:\repos\nus-cs2103\cs2103-website-base\se-book-adapted\chapters\testing.md:
File: C:\repos\nus-cs2103\cs2103-website-base\book\path.md is empty or contains only whitespace
2024-04-29T07:49:51.976Z - warn: Empty file included in C:\repos\nus-cs2103\cs2103-website-base\se-book-adapted\chapters\testCaseDesign.md:
File: C:\repos\nus-cs2103\cs2103-website-base\book\path.md is empty or contains only whitespace
2024-04-29T07:49:52.516Z - warn: Empty file included in C:\repos\nus-cs2103\cs2103-website-base\se-book-adapted\chapters\teamwork.md:
File: C:\repos\nus-cs2103\cs2103-website-base\book\path.md is empty or contains only whitespace
2024-04-29T07:49:52.618Z - warn: Empty file included in C:\repos\nus-cs2103\cs2103-website-base\se-book-adapted\chapters\specifyingRequirements.md:
File: C:\repos\nus-cs2103\cs2103-website-base\book\path.md is empty or contains only whitespace
2024-04-29T07:49:53.248Z - warn: Empty file included in C:\repos\nus-cs2103\cs2103-website-base\se-book-adapted\chapters\softwareEngineering.md:
File: C:\repos\nus-cs2103\cs2103-website-base\book\path.md is empty or contains only whitespace
2024-04-29T07:49:53.292Z - warn: Empty file included in C:\repos\nus-cs2103\cs2103-website-base\se-book-adapted\chapters\revisionControl.md:
File: C:\repos\nus-cs2103\cs2103-website-base\book\path.md is empty or contains only whitespace
2024-04-29T07:49:53.421Z - warn: Empty file included in C:\repos\nus-cs2103\cs2103-website-base\se-book-adapted\chapters\reuse.md:
File: C:\repos\nus-cs2103\cs2103-website-base\book\path.md is empty or contains only whitespace
2024-04-29T07:49:53.816Z - warn: Empty file included in C:\repos\nus-cs2103\cs2103-website-base\se-book-adapted\chapters\requirements.md:
File: C:\repos\nus-cs2103\cs2103-website-base\book\path.md is empty or contains only whitespace
2024-04-29T07:49:53.940Z - warn: Empty file included in C:\repos\nus-cs2103\cs2103-website-base\se-book-adapted\chapters\refactoring.md:
File: C:\repos\nus-cs2103\cs2103-website-base\book\path.md is empty or contains only whitespace
2024-04-29T07:49:54.078Z - warn: Empty file included in C:\repos\nus-cs2103\cs2103-website-base\se-book-adapted\chapters\qualityAssurance.md:
File: C:\repos\nus-cs2103\cs2103-website-base\book\path.md is empty or contains only whitespace
2024-04-29T07:49:54.161Z - warn: Empty file included in C:\repos\nus-cs2103\cs2103-website-base\se-book-adapted\chapters\projectPlanning.md:
File: C:\repos\nus-cs2103\cs2103-website-base\book\path.md is empty or contains only whitespace
2024-04-29T07:49:54.323Z - warn: Empty file included in C:\repos\nus-cs2103\cs2103-website-base\se-book-adapted\chapters\processModels.md:
File: C:\repos\nus-cs2103\cs2103-website-base\book\path.md is empty or contains only whitespace
2024-04-29T07:49:54.586Z - warn: Empty file included in C:\repos\nus-cs2103\cs2103-website-base\se-book-adapted\chapters\principles.md:
File: C:\repos\nus-cs2103\cs2103-website-base\book\path.md is empty or contains only whitespace
2024-04-29T07:49:55.100Z - warn: Empty file included in C:\repos\nus-cs2103\cs2103-website-base\se-book-adapted\chapters\oop.md:
File: C:\repos\nus-cs2103\cs2103-website-base\book\path.md is empty or contains only whitespace
2024-04-29T07:49:55.484Z - warn: Empty file included in C:\repos\nus-cs2103\cs2103-website-base\se-book-adapted\chapters\modeling.md:
File: C:\repos\nus-cs2103\cs2103-website-base\book\path.md is empty or contains only whitespace
2024-04-29T07:49:55.563Z - warn: Empty file included in C:\repos\nus-cs2103\cs2103-website-base\book\modeling\modelingStructures\ooStructures\text.md:
File: C:\repos\nus-cs2103\cs2103-website-base\book\modeling\modelingStructures\ooStructures\exercises.md is empty or contains only whitespace
2024-04-29T07:49:56.968Z - warn: Empty file included in C:\repos\nus-cs2103\cs2103-website-base\se-book-adapted\chapters\intellij.md:
File: C:\repos\nus-cs2103\cs2103-website-base\book\path.md is empty or contains only whitespace
2024-04-29T07:49:57.345Z - warn: Empty file included in C:\repos\nus-cs2103\cs2103-website-base\se-book-adapted\chapters\integration.md:
File: C:\repos\nus-cs2103\cs2103-website-base\book\path.md is empty or contains only whitespace
2024-04-29T07:49:57.481Z - warn: Empty file included in C:\repos\nus-cs2103\cs2103-website-base\se-book-adapted\chapters\ides.md:
File: C:\repos\nus-cs2103\cs2103-website-base\book\path.md is empty or contains only whitespace
2024-04-29T07:49:57.513Z - warn: Empty file included in C:\repos\nus-cs2103\cs2103-website-base\se-book-adapted\chapters\gitAndGithub.md:
File: C:\repos\nus-cs2103\cs2103-website-base\book\path.md is empty or contains only whitespace
2024-04-29T07:49:58.279Z - warn: Empty file included in C:\repos\nus-cs2103\cs2103-website-base\se-book-adapted\chapters\gatheringRequirements.md:
File: C:\repos\nus-cs2103\cs2103-website-base\book\path.md is empty or contains only whitespace
2024-04-29T07:49:58.604Z - warn: Empty file included in C:\repos\nus-cs2103\cs2103-website-base\se-book-adapted\chapters\errorHandling.md:
File: C:\repos\nus-cs2103\cs2103-website-base\book\path.md is empty or contains only whitespace
2024-04-29T07:49:59.092Z - warn: Empty file included in C:\repos\nus-cs2103\cs2103-website-base\se-book-adapted\chapters\documentation.md:
File: C:\repos\nus-cs2103\cs2103-website-base\book\path.md is empty or contains only whitespace
2024-04-29T07:49:59.212Z - warn: Empty file included in C:\repos\nus-cs2103\cs2103-website-base\se-book-adapted\chapters\designPatterns.md:
File: C:\repos\nus-cs2103\cs2103-website-base\book\path.md is empty or contains only whitespace
2024-04-29T07:49:59.651Z - warn: Empty file included in C:\repos\nus-cs2103\cs2103-website-base\se-book-adapted\chapters\designFundamentals.md:
File: C:\repos\nus-cs2103\cs2103-website-base\book\path.md is empty or contains only whitespace
2024-04-29T07:49:59.997Z - warn: Empty file included in C:\repos\nus-cs2103\cs2103-website-base\se-book-adapted\chapters\designApproaches.md:
File: C:\repos\nus-cs2103\cs2103-website-base\book\path.md is empty or contains only whitespace
2024-04-29T07:50:00.051Z - warn: Empty file included in C:\repos\nus-cs2103\cs2103-website-base\se-book-adapted\chapters\design.md:
File: C:\repos\nus-cs2103\cs2103-website-base\book\path.md is empty or contains only whitespace
2024-04-29T07:50:00.067Z - warn: Empty file included in C:\repos\nus-cs2103\cs2103-website-base\se-book-adapted\chapters\cppToJava.md:
File: C:\repos\nus-cs2103\cs2103-website-base\book\path.md is empty or contains only whitespace
2024-04-29T07:50:00.071Z - warn: Empty reference in C:\repos\nus-cs2103\cs2103-website-base\se-book-adapted\chapters\cppToJava.md:
Segment '#outcomes' in file: C:\repos\nus-cs2103\cs2103-website-base\book\cppToJava\about\text.md is empty
2024-04-29T07:50:02.463Z - warn: Empty file included in C:\repos\nus-cs2103\cs2103-website-base\se-book-adapted\chapters\codeQuality.md:
File: C:\repos\nus-cs2103\cs2103-website-base\book\path.md is empty or contains only whitespace
2024-04-29T07:50:03.446Z - warn: Empty file included in C:\repos\nus-cs2103\cs2103-website-base\se-book-adapted\chapters\architecture.md:
File: C:\repos\nus-cs2103\cs2103-website-base\book\path.md is empty or contains only whitespace
2024-04-29T07:50:13.714Z - warn: Empty file included in C:\repos\nus-cs2103\cs2103-website-base\book\modeling\modelingStructures\ooStructures\text.md:
File: C:\repos\nus-cs2103\cs2103-website-base\book\modeling\modelingStructures\ooStructures\exercises.md is empty or contains only whitespace
2024-04-29T07:50:59.473Z - debug:  
2024-04-29T07:51:16.292Z - debug:  
2024-04-29T07:51:16.307Z - debug:  
2024-04-29T07:51:20.391Z - error: Invalid HTML in C:\repos\nus-cs2103\cs2103-website-base\admin\mid-semester-survey-results.md.
Table must have a tbody tag. Please correct this to avoid Vue hydration issues.

2024-04-29T07:51:28.367Z - info: Pages built
2024-04-29T07:51:29.082Z - warn:  Error: Cannot find module 'bootstrap-icons/font/bootstrap-icons.css'
Require stack:
- C:\Users\dcsdcr\AppData\Roaming\npm\node_modules\markbind-cli\node_modules\@markbind\core\src\Site\index.js
- C:\Users\dcsdcr\AppData\Roaming\npm\node_modules\markbind-cli\node_modules\@markbind\core\index.js
- C:\Users\dcsdcr\AppData\Roaming\npm\node_modules\markbind-cli\src\cmd\build.js
- C:\Users\dcsdcr\AppData\Roaming\npm\node_modules\markbind-cli\index.js
    at Module._resolveFilename (node:internal/modules/cjs/loader:1144:15)
    at Function.resolve (node:internal/modules/helpers:187:19)
    at Site.copyBootstrapIconsAsset (C:\Users\dcsdcr\AppData\Roaming\npm\node_modules\markbind-cli\node_modules\@markbind\core\src\Site\index.js:1171:50)
    at Site.<anonymous> (C:\Users\dcsdcr\AppData\Roaming\npm\node_modules\markbind-cli\node_modules\@markbind\core\src\Site\index.js:460:28)
    at Generator.next (<anonymous>)
    at fulfilled (C:\Users\dcsdcr\AppData\Roaming\npm\node_modules\markbind-cli\node_modules\@markbind\core\src\Site\index.js:28:58)
2024-04-29T07:51:31.121Z - info: Serving "C:\repos\nus-cs2103\cs2103-website-base\_site" at http://127.0.0.1:8080
2024-04-29T07:51:31.122Z - info: Press CTRL+C to stop ...
2024-04-29T07:59:51.409Z - info: Website generation started at 3:59:51 pm
2024-04-29T07:59:58.527Z - info: Building assets...
2024-04-29T08:00:04.136Z - info: Assets built
2024-04-29T08:00:04.137Z - info: Generating pages...
2024-04-29T08:00:29.437Z - debug:  
2024-04-29T08:00:29.527Z - debug:  
2024-04-29T08:00:29.569Z - debug:  
2024-04-29T08:00:29.569Z - debug:  
2024-04-29T08:00:29.656Z - debug:  
2024-04-29T08:00:29.658Z - debug:  
2024-04-29T08:00:29.673Z - debug:  
2024-04-29T08:00:32.306Z - debug:  
2024-04-29T08:00:32.307Z - debug:  
2024-04-29T08:00:32.307Z - debug:  
2024-04-29T08:00:32.307Z - debug:  
2024-04-29T08:00:32.307Z - debug:  
2024-04-29T08:00:32.307Z - debug:  
2024-04-29T08:00:32.308Z - debug:  
2024-04-29T08:00:32.308Z - debug:  
2024-04-29T08:00:32.308Z - debug:  
2024-04-29T08:00:32.500Z - debug:  
2024-04-29T08:02:41.504Z - debug:  
2024-04-29T08:03:04.539Z - debug:  
2024-04-29T08:03:04.555Z - debug:  
2024-04-29T08:03:16.967Z - info: Pages built
2024-04-29T08:03:18.037Z - info: Site data built
2024-04-29T08:03:18.038Z - info: Website generation complete! Total build time: 206.65s
2024-04-29T08:03:18.075Z - info: Serving "C:\repos\nus-cs2103\cs2103-website-base\_site" at http://127.0.0.1:8080
2024-04-29T08:03:18.075Z - info: Press CTRL+C to stop ...
