2024-02-12T07:18:41.533Z - info: Website generation (lazy) started at 3:18:35 pm
2024-02-12T07:18:50.155Z - info: Building assets...
2024-02-12T07:18:56.229Z - info: Assets built
2024-02-12T07:18:56.230Z - info: Generating landing page...
2024-02-12T07:18:57.729Z - info: Landing page built, other pages will be built as you navigate to them!
2024-02-12T07:18:58.854Z - info: Site data built
2024-02-12T07:18:58.855Z - info: Website generation (lazy) complete! Total build time: 23.188s
2024-02-12T07:18:59.410Z - info: Serving "C:\repos\nus-cs2103\cs2103-website-base\_site" at http://127.0.0.1:8080
2024-02-12T07:18:59.410Z - info: Press CTRL+C to stop ...
2024-02-12T07:19:17.164Z - info: Building C:\repos\nus-cs2103\cs2103-website-base\schedule\week5\topics as some of its dependencies were changed since the last visit
2024-02-12T07:19:20.869Z - info: Site data built
2024-02-12T07:19:20.869Z - info: Lazy website regeneration complete! Total build time: 3.705s
2024-02-12T07:23:00.694Z - info: [3:23:00 pm] Reload for file change: C:\repos\nus-cs2103\cs2103-website-base\schedule\week5\tutorial-cs2103-fragment.md
2024-02-12T07:23:00.695Z - info: Synchronizing opened pages list before reload
2024-02-12T07:23:00.695Z - info: Current opened pages, from most-to-least recent:
2024-02-12T07:23:00.695Z - info: 1. schedule/week5/topics
2024-02-12T07:23:00.716Z - info: [3:23:00 pm] Reload for file change: C:\repos\nus-cs2103\cs2103-website-base\book\gitAndGithub\reviewPRs\text.md
2024-02-12T07:23:00.717Z - info: Synchronizing opened pages list before reload
2024-02-12T07:23:00.717Z - info: Current opened pages, from most-to-least recent:
2024-02-12T07:23:00.717Z - info: 1. schedule/week5/topics
2024-02-12T07:23:01.705Z - info: Assets built
2024-02-12T07:23:08.106Z - info: Building C:\repos\nus-cs2103\cs2103-website-base\schedule\week5\tutorial as some of its dependencies were changed since the last visit
2024-02-12T07:23:09.321Z - info: Site data built
2024-02-12T07:23:09.321Z - info: Lazy website regeneration complete! Total build time: 1.216s
2024-02-12T07:25:10.328Z - info: [3:25:10 pm] Reload for file change: C:\repos\nus-cs2103\cs2103-website-base\schedule\week5\tutorial-cs2103-fragment.md
2024-02-12T07:25:10.329Z - info: Synchronizing opened pages list before reload
2024-02-12T07:25:10.330Z - info: Current opened pages, from most-to-least recent:
2024-02-12T07:25:10.330Z - info: 1. schedule/week5/tutorial
2024-02-12T07:25:11.342Z - info: Rebuilding 1 pages
2024-02-12T07:25:11.996Z - info: Site data built
2024-02-12T07:25:11.997Z - info: Pages rebuilt
2024-02-12T07:25:11.997Z - info: Website regeneration complete! Total build time: 0.656s
2024-02-12T07:26:03.894Z - info: [3:26:03 pm] Reload for file change: C:\repos\nus-cs2103\cs2103-website-base\schedule\week5\tutorial-cs2103-fragment.md
2024-02-12T07:26:03.894Z - info: Synchronizing opened pages list before reload
2024-02-12T07:26:03.895Z - info: Current opened pages, from most-to-least recent:
2024-02-12T07:26:03.895Z - info: 1. schedule/week5/tutorial
2024-02-12T07:26:04.911Z - info: Rebuilding 1 pages
2024-02-12T07:26:05.672Z - info: Site data built
2024-02-12T07:26:05.673Z - info: Pages rebuilt
2024-02-12T07:26:05.673Z - info: Website regeneration complete! Total build time: 0.764s
2024-02-12T07:26:21.228Z - info: [3:26:21 pm] Reload for file change: C:\repos\nus-cs2103\cs2103-website-base\schedule\week5\tutorial-cs2103-fragment.md
2024-02-12T07:26:21.228Z - info: Synchronizing opened pages list before reload
2024-02-12T07:26:21.228Z - info: Current opened pages, from most-to-least recent:
2024-02-12T07:26:21.228Z - info: 1. schedule/week5/tutorial
2024-02-12T07:26:22.238Z - info: Rebuilding 1 pages
2024-02-12T07:26:22.843Z - info: Site data built
2024-02-12T07:26:22.844Z - info: Pages rebuilt
2024-02-12T07:26:22.844Z - info: Website regeneration complete! Total build time: 0.608s
2024-02-12T07:26:38.013Z - info: [3:26:38 pm] Reload for file change: C:\repos\nus-cs2103\cs2103-website-base\schedule\week5\tutorial-cs2103-fragment.md
2024-02-12T07:26:38.014Z - info: Synchronizing opened pages list before reload
2024-02-12T07:26:38.014Z - info: Current opened pages, from most-to-least recent:
2024-02-12T07:26:38.015Z - info: 1. schedule/week5/tutorial
2024-02-12T07:26:39.023Z - info: Rebuilding 1 pages
2024-02-12T07:26:39.764Z - info: Site data built
2024-02-12T07:26:39.764Z - info: Pages rebuilt
2024-02-12T07:26:39.764Z - info: Website regeneration complete! Total build time: 0.742s
2024-02-12T07:26:52.137Z - info: [3:26:52 pm] Reload for file change: C:\repos\nus-cs2103\cs2103-website-base\schedule\week5\tutorial-cs2103-fragment.md
2024-02-12T07:26:52.138Z - info: Synchronizing opened pages list before reload
2024-02-12T07:26:52.138Z - info: Current opened pages, from most-to-least recent:
2024-02-12T07:26:52.138Z - info: 1. schedule/week5/tutorial
2024-02-12T07:26:53.153Z - info: Rebuilding 1 pages
2024-02-12T07:26:53.805Z - info: Site data built
2024-02-12T07:26:53.805Z - info: Pages rebuilt
2024-02-12T07:26:53.805Z - info: Website regeneration complete! Total build time: 0.653s
2024-02-12T07:27:03.026Z - info: [3:27:03 pm] Reload for file change: C:\repos\nus-cs2103\cs2103-website-base\schedule\week5\tutorial-cs2103-fragment.md
2024-02-12T07:27:03.027Z - info: Synchronizing opened pages list before reload
2024-02-12T07:27:03.027Z - info: Current opened pages, from most-to-least recent:
2024-02-12T07:27:03.027Z - info: 1. schedule/week5/tutorial
2024-02-12T07:27:04.038Z - info: Rebuilding 1 pages
2024-02-12T07:27:04.648Z - info: Site data built
2024-02-12T07:27:04.648Z - info: Pages rebuilt
2024-02-12T07:27:04.648Z - info: Website regeneration complete! Total build time: 0.611s
2024-02-12T07:33:10.310Z - info: [3:33:10 pm] Reload for file change: C:\repos\nus-cs2103\cs2103-website-base\schedule\week5\tutorial-cs2103-fragment.md
2024-02-12T07:33:10.310Z - info: Synchronizing opened pages list before reload
2024-02-12T07:33:10.311Z - info: Current opened pages, from most-to-least recent:
2024-02-12T07:33:10.311Z - info: 1. schedule/week5/tutorial
2024-02-12T07:33:11.317Z - info: Rebuilding 1 pages
2024-02-12T07:33:12.141Z - info: Site data built
2024-02-12T07:33:12.142Z - info: Pages rebuilt
2024-02-12T07:33:12.142Z - info: Website regeneration complete! Total build time: 0.826s
2024-02-12T07:33:24.136Z - info: [3:33:24 pm] Reload for file add: C:\repos\nus-cs2103\cs2103-website-base\book\gitAndGithub\reviewPRs\images\hideExistingComments.png
2024-02-12T07:33:24.136Z - info: Synchronizing opened pages list before reload
2024-02-12T07:33:24.136Z - info: Current opened pages, from most-to-least recent:
2024-02-12T07:33:24.136Z - info: 1. schedule/week5/tutorial
2024-02-12T07:33:27.357Z - info: [3:33:27 pm] Reload for file change: C:\repos\nus-cs2103\cs2103-website-base\book\gitAndGithub\reviewPRs\images\hideExistingComments.png
2024-02-12T07:33:27.358Z - info: Synchronizing opened pages list before reload
2024-02-12T07:33:27.358Z - info: Current opened pages, from most-to-least recent:
2024-02-12T07:33:27.358Z - info: 1. schedule/week5/tutorial
2024-02-12T07:33:28.372Z - info: Assets built
2024-02-12T07:33:55.081Z - info: [3:33:55 pm] Reload for file change: C:\repos\nus-cs2103\cs2103-website-base\schedule\week5\tutorial-cs2103-fragment.md
2024-02-12T07:33:55.081Z - info: Synchronizing opened pages list before reload
2024-02-12T07:33:55.081Z - info: Current opened pages, from most-to-least recent:
2024-02-12T07:33:55.082Z - info: 1. schedule/week5/tutorial
2024-02-12T07:33:56.089Z - info: Rebuilding 1 pages
2024-02-12T07:33:56.843Z - info: Site data built
2024-02-12T07:33:56.843Z - info: Pages rebuilt
2024-02-12T07:33:56.843Z - info: Website regeneration complete! Total build time: 0.756s
2024-02-12T07:34:34.826Z - info: [3:34:34 pm] Reload for file change: C:\repos\nus-cs2103\cs2103-website-base\schedule\week5\tutorial-cs2103-fragment.md
2024-02-12T07:34:34.827Z - info: Synchronizing opened pages list before reload
2024-02-12T07:34:34.827Z - info: Current opened pages, from most-to-least recent:
2024-02-12T07:34:34.827Z - info: 1. schedule/week5/tutorial
2024-02-12T07:34:35.841Z - info: Rebuilding 1 pages
2024-02-12T07:34:36.643Z - info: Site data built
2024-02-12T07:34:36.643Z - info: Pages rebuilt
2024-02-12T07:34:36.644Z - info: Website regeneration complete! Total build time: 0.804s
2024-02-12T07:34:55.953Z - info: [3:34:55 pm] Reload for file change: C:\repos\nus-cs2103\cs2103-website-base\schedule\week5\tutorial-cs2103-fragment.md
2024-02-12T07:34:55.953Z - info: Synchronizing opened pages list before reload
2024-02-12T07:34:55.953Z - info: Current opened pages, from most-to-least recent:
2024-02-12T07:34:55.953Z - info: 1. schedule/week5/tutorial
2024-02-12T07:34:56.956Z - info: Rebuilding 1 pages
2024-02-12T07:34:57.562Z - info: Site data built
2024-02-12T07:34:57.562Z - info: Pages rebuilt
2024-02-12T07:34:57.562Z - info: Website regeneration complete! Total build time: 0.607s
2024-02-12T07:35:26.654Z - info: [3:35:26 pm] Reload for file change: C:\repos\nus-cs2103\cs2103-website-base\schedule\week5\tutorial-cs2103-fragment.md
2024-02-12T07:35:26.655Z - info: Synchronizing opened pages list before reload
2024-02-12T07:35:26.655Z - info: Current opened pages, from most-to-least recent:
2024-02-12T07:35:26.655Z - info: 1. schedule/week5/tutorial
2024-02-12T07:35:27.668Z - info: Rebuilding 1 pages
2024-02-12T07:35:28.498Z - info: Site data built
2024-02-12T07:35:28.498Z - info: Pages rebuilt
2024-02-12T07:35:28.498Z - info: Website regeneration complete! Total build time: 0.831s
2024-02-12T07:35:51.584Z - info: [3:35:51 pm] Reload for file change: C:\repos\nus-cs2103\cs2103-website-base\schedule\week5\tutorial-cs2103-fragment.md
2024-02-12T07:35:51.584Z - info: Synchronizing opened pages list before reload
2024-02-12T07:35:51.584Z - info: Current opened pages, from most-to-least recent:
2024-02-12T07:35:51.584Z - info: 1. schedule/week5/tutorial
2024-02-12T07:35:52.596Z - info: Rebuilding 1 pages
2024-02-12T07:35:53.209Z - info: Site data built
2024-02-12T07:35:53.210Z - info: Pages rebuilt
2024-02-12T07:35:53.210Z - info: Website regeneration complete! Total build time: 0.615s
2024-02-12T07:36:11.821Z - info: [3:36:11 pm] Reload for file change: C:\repos\nus-cs2103\cs2103-website-base\schedule\week5\tutorial-cs2103-fragment.md
2024-02-12T07:36:11.822Z - info: Synchronizing opened pages list before reload
2024-02-12T07:36:11.822Z - info: Current opened pages, from most-to-least recent:
2024-02-12T07:36:11.822Z - info: 1. schedule/week5/tutorial
2024-02-12T07:36:12.830Z - info: Rebuilding 1 pages
2024-02-12T07:36:13.685Z - info: Site data built
2024-02-12T07:36:13.685Z - info: Pages rebuilt
2024-02-12T07:36:13.685Z - info: Website regeneration complete! Total build time: 0.856s
2024-02-12T07:37:10.401Z - info: [3:37:10 pm] Reload for file change: C:\repos\nus-cs2103\cs2103-website-base\schedule\week5\tutorial-cs2103-fragment.md
2024-02-12T07:37:10.401Z - info: Synchronizing opened pages list before reload
2024-02-12T07:37:10.402Z - info: Current opened pages, from most-to-least recent:
2024-02-12T07:37:10.402Z - info: 1. schedule/week5/tutorial
2024-02-12T07:37:11.417Z - info: Rebuilding 1 pages
2024-02-12T07:37:12.018Z - info: Site data built
2024-02-12T07:37:12.018Z - info: Pages rebuilt
2024-02-12T07:37:12.018Z - info: Website regeneration complete! Total build time: 0.602s
2024-02-12T07:37:38.159Z - info: [3:37:38 pm] Reload for file change: C:\repos\nus-cs2103\cs2103-website-base\schedule\week5\tutorial-cs2103-fragment.md
2024-02-12T07:37:38.160Z - info: Synchronizing opened pages list before reload
2024-02-12T07:37:38.160Z - info: Current opened pages, from most-to-least recent:
2024-02-12T07:37:38.160Z - info: 1. schedule/week5/tutorial
2024-02-12T07:37:39.177Z - info: Rebuilding 1 pages
2024-02-12T07:37:40.104Z - info: Site data built
2024-02-12T07:37:40.104Z - info: Pages rebuilt
2024-02-12T07:37:40.104Z - info: Website regeneration complete! Total build time: 0.928s
2024-02-12T07:39:09.293Z - info: [3:39:09 pm] Reload for file change: C:\repos\nus-cs2103\cs2103-website-base\schedule\week5\tutorial-cs2103-fragment.md
2024-02-12T07:39:09.294Z - info: Synchronizing opened pages list before reload
2024-02-12T07:39:09.295Z - info: Current opened pages, from most-to-least recent:
2024-02-12T07:39:09.295Z - info: 1. schedule/week5/tutorial
2024-02-12T07:39:10.301Z - info: Rebuilding 1 pages
2024-02-12T07:39:11.186Z - info: Site data built
2024-02-12T07:39:11.187Z - info: Pages rebuilt
2024-02-12T07:39:11.187Z - info: Website regeneration complete! Total build time: 0.887s
2024-02-12T07:39:25.989Z - info: [3:39:25 pm] Reload for file change: C:\repos\nus-cs2103\cs2103-website-base\schedule\week5\tutorial-cs2103-fragment.md
2024-02-12T07:39:25.989Z - info: Synchronizing opened pages list before reload
2024-02-12T07:39:25.990Z - info: Current opened pages, from most-to-least recent:
2024-02-12T07:39:25.990Z - info: 1. schedule/week5/tutorial
2024-02-12T07:39:27.007Z - info: Rebuilding 1 pages
2024-02-12T07:39:27.692Z - info: Site data built
2024-02-12T07:39:27.692Z - info: Pages rebuilt
2024-02-12T07:39:27.693Z - info: Website regeneration complete! Total build time: 0.686s
2024-02-12T07:40:05.047Z - info: [3:40:05 pm] Reload for file change: C:\repos\nus-cs2103\cs2103-website-base\schedule\week5\tutorial-cs2103-fragment.md
2024-02-12T07:40:05.048Z - info: Synchronizing opened pages list before reload
2024-02-12T07:40:05.048Z - info: Current opened pages, from most-to-least recent:
2024-02-12T07:40:05.049Z - info: 1. schedule/week5/tutorial
2024-02-12T07:40:06.067Z - info: Rebuilding 1 pages
2024-02-12T07:40:07.107Z - info: Site data built
2024-02-12T07:40:07.107Z - info: Pages rebuilt
2024-02-12T07:40:07.108Z - info: Website regeneration complete! Total build time: 1.042s
2024-02-12T07:40:37.695Z - info: [3:40:37 pm] Reload for file change: C:\repos\nus-cs2103\cs2103-website-base\schedule\week5\tutorial-cs2103-fragment.md
2024-02-12T07:40:37.696Z - info: Synchronizing opened pages list before reload
2024-02-12T07:40:37.696Z - info: Current opened pages, from most-to-least recent:
2024-02-12T07:40:37.697Z - info: 1. schedule/week5/tutorial
2024-02-12T07:40:38.701Z - info: Rebuilding 1 pages
2024-02-12T07:40:39.428Z - info: Site data built
2024-02-12T07:40:39.428Z - info: Pages rebuilt
2024-02-12T07:40:39.428Z - info: Website regeneration complete! Total build time: 0.729s
2024-02-12T08:08:11.795Z - info: Website generation (lazy) started at 4:08:09 pm
2024-02-12T08:08:20.870Z - info: Building assets...
2024-02-12T08:08:26.817Z - info: Assets built
2024-02-12T08:08:26.818Z - info: Generating landing page...
2024-02-12T08:08:28.334Z - info: Landing page built, other pages will be built as you navigate to them!
2024-02-12T08:08:29.411Z - info: Site data built
2024-02-12T08:08:29.411Z - info: Website generation (lazy) complete! Total build time: 20.285s
2024-02-12T08:08:29.463Z - info: Serving "C:\repos\nus-cs2103\cs2103-website-base\_site" at http://127.0.0.1:8080
2024-02-12T08:08:29.463Z - info: Press CTRL+C to stop ...
2024-02-12T08:09:22.833Z - info: Building C:\repos\nus-cs2103\cs2103-website-base\schedule\week5\tutorial as some of its dependencies were changed since the last visit
2024-02-12T08:09:24.084Z - info: Site data built
2024-02-12T08:09:24.084Z - info: Lazy website regeneration complete! Total build time: 1.251s
2024-02-12T08:19:08.341Z - info: Website generation started at 4:19:06 pm
2024-02-12T08:19:16.105Z - info: Building assets...
2024-02-12T08:19:25.053Z - info: Assets built
2024-02-12T08:19:25.054Z - info: Generating pages...
2024-02-12T08:20:01.250Z - debug:  
2024-02-12T08:20:01.317Z - debug:  
2024-02-12T08:20:01.352Z - debug:  
2024-02-12T08:20:01.428Z - debug:  
2024-02-12T08:20:01.439Z - debug:  
2024-02-12T08:20:01.478Z - debug:  
2024-02-12T08:20:01.557Z - debug:  
2024-02-12T08:20:01.564Z - debug:  
2024-02-12T08:20:01.574Z - debug:  
2024-02-12T08:20:01.585Z - debug:  
2024-02-12T08:20:01.607Z - debug:  
2024-02-12T08:20:01.607Z - debug:  
2024-02-12T08:20:01.621Z - debug:  
2024-02-12T08:20:01.628Z - debug:  
2024-02-12T08:20:01.646Z - debug:  
2024-02-12T08:20:03.828Z - debug:  
2024-02-12T08:20:03.828Z - debug:  
2024-02-12T08:22:09.590Z - debug:  
2024-02-12T08:22:25.976Z - debug:  
2024-02-12T08:22:25.991Z - debug:  
2024-02-12T08:22:37.438Z - info: Pages built
2024-02-12T08:22:38.468Z - info: Site data built
2024-02-12T08:22:38.468Z - info: Website generation complete! Total build time: 212.242s
2024-02-12T08:22:38.468Z - info: Build success!
2024-02-12T08:25:26.403Z - info: The website has been deployed at: https://nus-cs2103-ay2324s2.github.io/website
2024-02-12T10:54:38.631Z - info: Website generation (lazy) started at 6:54:32 pm
2024-02-12T10:54:47.023Z - info: Building assets...
2024-02-12T10:54:53.097Z - info: Assets built
2024-02-12T10:54:53.098Z - info: Generating landing page...
2024-02-12T10:54:54.642Z - info: Landing page built, other pages will be built as you navigate to them!
2024-02-12T10:54:55.735Z - info: Site data built
2024-02-12T10:54:55.736Z - info: Website generation (lazy) complete! Total build time: 23.07s
2024-02-12T10:54:55.786Z - info: Serving "C:\repos\nus-cs2103\cs2103-website-base\_site" at http://127.0.0.1:8080
2024-02-12T10:54:55.786Z - info: Press CTRL+C to stop ...
2024-02-12T10:55:29.785Z - info: Building C:\repos\nus-cs2103\cs2103-website-base\schedule\week5\project as some of its dependencies were changed since the last visit
2024-02-12T10:55:32.590Z - info: Site data built
2024-02-12T10:55:32.591Z - info: Lazy website regeneration complete! Total build time: 2.807s
2024-02-12T11:17:50.827Z - info: [7:17:50 pm] Reload for file change: C:\repos\nus-cs2103\cs2103-website-base\book\codeQuality\maximizeReadability\basic\avoidLongMethods\text.md
2024-02-12T11:17:50.828Z - info: Synchronizing opened pages list before reload
2024-02-12T11:17:50.828Z - info: Current opened pages, from most-to-least recent:
2024-02-12T11:17:50.829Z - info: 1. schedule/week5/project
2024-02-12T11:17:51.836Z - info: No pages needed to be rebuilt
2024-02-12T11:20:47.112Z - info: [7:20:47 pm] Reload for file change: C:\repos\nus-cs2103\cs2103-website-base\admin\tp-tasks-fragment.md
2024-02-12T11:20:47.113Z - info: Synchronizing opened pages list before reload
2024-02-12T11:20:47.113Z - info: Current opened pages, from most-to-least recent:
2024-02-12T11:20:47.114Z - info: 1. schedule/week5/project
2024-02-12T11:20:48.120Z - info: Rebuilding 1 pages
2024-02-12T11:20:50.225Z - info: Site data built
2024-02-12T11:20:50.226Z - info: Pages rebuilt
2024-02-12T11:20:50.226Z - info: Website regeneration complete! Total build time: 2.108s
2024-02-12T11:21:54.381Z - info: Website generation started at 7:21:52 pm
2024-02-12T11:22:03.424Z - info: Building assets...
2024-02-12T11:22:09.817Z - info: Assets built
2024-02-12T11:22:09.819Z - info: Generating pages...
2024-02-12T11:22:37.855Z - debug:  
2024-02-12T11:22:37.864Z - debug:  
2024-02-12T11:22:37.865Z - debug:  
2024-02-12T11:22:38.188Z - debug:  
2024-02-12T11:22:38.326Z - debug:  
2024-02-12T11:22:38.401Z - debug:  
2024-02-12T11:22:38.429Z - debug:  
2024-02-12T11:22:38.487Z - debug:  
2024-02-12T11:22:40.931Z - debug:  
2024-02-12T11:22:40.932Z - debug:  
2024-02-12T11:22:40.932Z - debug:  
2024-02-12T11:22:40.932Z - debug:  
2024-02-12T11:22:40.932Z - debug:  
2024-02-12T11:22:40.932Z - debug:  
2024-02-12T11:22:40.932Z - debug:  
2024-02-12T11:22:40.933Z - debug:  
2024-02-12T11:22:41.179Z - debug:  
2024-02-12T11:24:39.124Z - debug:  
2024-02-12T11:25:00.023Z - debug:  
2024-02-12T11:25:00.084Z - debug:  
2024-02-12T11:25:12.695Z - info: Pages built
2024-02-12T11:25:13.718Z - info: Site data built
2024-02-12T11:25:13.719Z - info: Website generation complete! Total build time: 201.487s
2024-02-12T11:25:13.719Z - info: Build success!
2024-02-12T11:27:54.984Z - info: The website has been deployed at: https://nus-cs2103-ay2324s2.github.io/website
