2024-02-15T03:37:22.163Z - info: Website generation (lazy) started at 11:37:16 am
2024-02-15T03:37:30.118Z - info: Building assets...
2024-02-15T03:37:35.377Z - info: Assets built
2024-02-15T03:37:35.378Z - info: Generating landing page...
2024-02-15T03:37:37.044Z - info: Landing page built, other pages will be built as you navigate to them!
2024-02-15T03:37:38.117Z - info: Site data built
2024-02-15T03:37:38.117Z - info: Website generation (lazy) complete! Total build time: 21.888s
2024-02-15T03:37:38.588Z - info: Serving "C:\repos\nus-cs2103\cs2103-website-base\_site" at http://127.0.0.1:8080
2024-02-15T03:37:38.588Z - info: Press CTRL+C to stop ...
2024-02-15T03:37:51.518Z - info: Building C:\repos\nus-cs2103\cs2103-website-base\schedule\week5\project as some of its dependencies were changed since the last visit
2024-02-15T03:37:54.663Z - info: Site data built
2024-02-15T03:37:54.663Z - info: Lazy website regeneration complete! Total build time: 3.146s
2024-02-15T03:38:36.208Z - info: [11:38:36 am] Reload for file change: C:\repos\nus-cs2103\cs2103-website-base\admin\ip-tasks-fragment.md
2024-02-15T03:38:36.209Z - info: Synchronizing opened pages list before reload
2024-02-15T03:38:36.209Z - info: Current opened pages, from most-to-least recent:
2024-02-15T03:38:36.210Z - info: 1. schedule/week5/project
2024-02-15T03:38:37.229Z - info: Rebuilding 1 pages
2024-02-15T03:38:39.485Z - info: Site data built
2024-02-15T03:38:39.486Z - info: Pages rebuilt
2024-02-15T03:38:39.486Z - info: Website regeneration complete! Total build time: 2.259s
2024-02-15T03:39:07.650Z - info: [11:39:07 am] Reload for file change: C:\repos\nus-cs2103\cs2103-website-base\admin\ip-tasks-fragment.md
2024-02-15T03:39:07.650Z - info: Synchronizing opened pages list before reload
2024-02-15T03:39:07.651Z - info: Current opened pages, from most-to-least recent:
2024-02-15T03:39:07.651Z - info: 1. schedule/week5/project
2024-02-15T03:39:08.657Z - info: Rebuilding 1 pages
2024-02-15T03:39:10.418Z - info: Site data built
2024-02-15T03:39:10.418Z - info: Pages rebuilt
2024-02-15T03:39:10.418Z - info: Website regeneration complete! Total build time: 1.761s
2024-02-15T04:08:22.966Z - info: [12:08:22 pm] Reload for file change: C:\repos\nus-cs2103\cs2103-website-base\admin\ip-tasks-fragment.md
2024-02-15T04:08:22.966Z - info: Synchronizing opened pages list before reload
2024-02-15T04:08:22.967Z - info: Current opened pages, from most-to-least recent:
2024-02-15T04:08:22.967Z - info: 1. schedule/week5/project
2024-02-15T04:08:23.981Z - info: Rebuilding 1 pages
2024-02-15T04:08:25.306Z - info: Site data built
2024-02-15T04:08:25.307Z - info: Pages rebuilt
2024-02-15T04:08:25.307Z - info: Website regeneration complete! Total build time: 1.328s
2024-02-15T04:09:09.735Z - info: [12:09:09 pm] Reload for file change: C:\repos\nus-cs2103\cs2103-website-base\admin\ip-tasks-fragment.md
2024-02-15T04:09:09.736Z - info: Synchronizing opened pages list before reload
2024-02-15T04:09:09.736Z - info: Current opened pages, from most-to-least recent:
2024-02-15T04:09:09.736Z - info: 1. schedule/week5/project
2024-02-15T04:09:10.743Z - info: Rebuilding 1 pages
2024-02-15T04:09:12.031Z - info: Site data built
2024-02-15T04:09:12.031Z - info: Pages rebuilt
2024-02-15T04:09:12.031Z - info: Website regeneration complete! Total build time: 1.289s
2024-02-15T04:09:26.276Z - info: [12:09:26 pm] Reload for file change: C:\repos\nus-cs2103\cs2103-website-base\admin\ip-tasks-fragment.md
2024-02-15T04:09:26.277Z - info: Synchronizing opened pages list before reload
2024-02-15T04:09:26.277Z - info: Current opened pages, from most-to-least recent:
2024-02-15T04:09:26.277Z - info: 1. schedule/week5/project
2024-02-15T04:09:27.294Z - info: Rebuilding 1 pages
2024-02-15T04:09:28.372Z - info: Site data built
2024-02-15T04:09:28.372Z - info: Pages rebuilt
2024-02-15T04:09:28.372Z - info: Website regeneration complete! Total build time: 1.081s
