2024-02-07T07:15:12.961Z - info: Website generation started at 3:15:10 pm
2024-02-07T07:15:22.012Z - info: Building assets...
2024-02-07T07:15:27.990Z - info: Assets built
2024-02-07T07:15:27.991Z - info: Generating pages...
2024-02-07T07:15:54.595Z - debug:  
2024-02-07T07:15:54.598Z - debug:  
2024-02-07T07:15:54.600Z - debug:  
2024-02-07T07:15:54.602Z - debug:  
2024-02-07T07:15:54.603Z - debug:  
2024-02-07T07:15:54.607Z - debug:  
2024-02-07T07:15:54.607Z - debug:  
2024-02-07T07:15:54.935Z - debug:  
2024-02-07T07:15:54.935Z - debug:  
2024-02-07T07:15:55.049Z - debug:  
2024-02-07T07:15:55.050Z - debug:  
2024-02-07T07:15:55.064Z - debug:  
2024-02-07T07:15:55.228Z - debug:  
2024-02-07T07:15:55.233Z - debug:  
2024-02-07T07:15:57.555Z - debug:  
2024-02-07T07:15:57.555Z - debug:  
2024-02-07T07:15:57.803Z - debug:  
2024-02-07T07:18:00.313Z - debug:  
2024-02-07T07:18:21.605Z - debug:  
2024-02-07T07:18:21.637Z - debug:  
2024-02-07T07:18:31.480Z - info: Pages built
2024-02-07T07:18:32.553Z - info: Site data built
2024-02-07T07:18:32.554Z - info: Website generation complete! Total build time: 202.325s
2024-02-07T07:18:32.554Z - info: Build success!
2024-02-07T07:20:07.690Z - info: The website has been deployed at: https://nus-cs2103-ay2324s2.github.io/website
2024-02-07T12:09:17.882Z - info: Website generation started at 8:09:11 pm
2024-02-07T12:09:29.848Z - info: Building assets...
2024-02-07T12:09:36.565Z - info: Assets built
2024-02-07T12:09:36.566Z - info: Generating pages...
2024-02-07T12:09:54.400Z - debug:  
2024-02-07T12:09:54.401Z - debug:  
2024-02-07T12:09:54.485Z - debug:  
2024-02-07T12:09:54.485Z - debug:  
2024-02-07T12:09:56.244Z - debug:  
2024-02-07T12:09:56.245Z - debug:  
2024-02-07T12:09:56.245Z - debug:  
2024-02-07T12:09:56.245Z - debug:  
2024-02-07T12:09:56.246Z - debug:  
2024-02-07T12:09:56.246Z - debug:  
2024-02-07T12:09:56.246Z - debug:  
2024-02-07T12:09:56.246Z - debug:  
2024-02-07T12:09:56.247Z - debug:  
2024-02-07T12:09:56.247Z - debug:  
2024-02-07T12:09:56.247Z - debug:  
2024-02-07T12:09:59.952Z - debug:  
2024-02-07T12:10:31.200Z - debug:  
2024-02-07T12:11:24.189Z - info: Pages built
2024-02-07T12:11:25.275Z - info: Site data built
2024-02-07T12:11:25.275Z - info: Website generation complete! Total build time: 133.906s
2024-02-07T12:11:25.275Z - info: Build success!
2024-02-07T12:13:09.247Z - info: The website has been deployed at: https://nus-tic2002-ay2324s2.github.io/website
