2024-02-29T16:15:28.541Z - info: [12:15:28 am] Reload for file change: C:\repos\nus-cs2103\cs2103-website-base\_course-CS2103\mid-semester-survey-results.md
2024-02-29T16:15:28.551Z - info: Synchronizing opened pages list before reload
2024-02-29T16:15:28.552Z - info: Current opened pages, from most-to-least recent:
2024-02-29T16:15:28.552Z - info: 1. admin/mid-semester-survey-results
2024-02-29T16:15:29.562Z - info: Rebuilding 1 pages
2024-02-29T16:15:29.702Z - info: Site data built
2024-02-29T16:15:29.702Z - info: Pages rebuilt
2024-02-29T16:15:29.702Z - info: Website regeneration complete! Total build time: 0.141s
2024-02-29T16:18:54.855Z - info: [12:18:54 am] Reload for file change: C:\repos\nus-cs2103\cs2103-website-base\_course-CS2103\mid-semester-survey-results.md
2024-02-29T16:18:54.855Z - info: Synchronizing opened pages list before reload
2024-02-29T16:18:54.855Z - info: Current opened pages, from most-to-least recent:
2024-02-29T16:18:54.855Z - info: 1. admin/mid-semester-survey-results
2024-02-29T16:18:55.866Z - info: Rebuilding 1 pages
2024-02-29T16:18:56.055Z - info: Site data built
2024-02-29T16:18:56.056Z - info: Pages rebuilt
2024-02-29T16:18:56.056Z - info: Website regeneration complete! Total build time: 0.191s
2024-02-29T16:24:20.521Z - info: [12:24:20 am] Reload for file change: C:\repos\nus-cs2103\cs2103-website-base\_course-CS2103\mid-semester-survey-results.md
2024-02-29T16:24:20.522Z - info: Synchronizing opened pages list before reload
2024-02-29T16:24:20.522Z - info: Current opened pages, from most-to-least recent:
2024-02-29T16:24:20.522Z - info: 1. admin/mid-semester-survey-results
2024-02-29T16:24:21.524Z - info: Rebuilding 1 pages
2024-02-29T16:24:21.766Z - info: Site data built
2024-02-29T16:24:21.766Z - info: Pages rebuilt
2024-02-29T16:24:21.766Z - info: Website regeneration complete! Total build time: 0.243s
2024-02-29T16:25:04.406Z - info: [12:25:04 am] Reload for file change: C:\repos\nus-cs2103\cs2103-website-base\_course-CS2103\mid-semester-survey-results.md
2024-02-29T16:25:04.406Z - info: Synchronizing opened pages list before reload
2024-02-29T16:25:04.406Z - info: Current opened pages, from most-to-least recent:
2024-02-29T16:25:04.406Z - info: 1. admin/mid-semester-survey-results
2024-02-29T16:25:05.422Z - info: Rebuilding 1 pages
2024-02-29T16:25:05.566Z - info: Site data built
2024-02-29T16:25:05.566Z - info: Pages rebuilt
2024-02-29T16:25:05.566Z - info: Website regeneration complete! Total build time: 0.146s
2024-02-29T16:28:16.653Z - info: [12:28:16 am] Reload for file change: C:\repos\nus-cs2103\cs2103-website-base\_course-CS2103\mid-semester-survey-results.md
2024-02-29T16:28:16.653Z - info: Synchronizing opened pages list before reload
2024-02-29T16:28:16.653Z - info: Current opened pages, from most-to-least recent:
2024-02-29T16:28:16.653Z - info: 1. admin/mid-semester-survey-results
2024-02-29T16:28:17.662Z - info: Rebuilding 1 pages
2024-02-29T16:28:17.857Z - info: Site data built
2024-02-29T16:28:17.857Z - info: Pages rebuilt
2024-02-29T16:28:17.857Z - info: Website regeneration complete! Total build time: 0.196s
2024-02-29T16:29:41.751Z - info: [12:29:41 am] Reload for file change: C:\repos\nus-cs2103\cs2103-website-base\_course-CS2103\mid-semester-survey-results.md
2024-02-29T16:29:41.751Z - info: Synchronizing opened pages list before reload
2024-02-29T16:29:41.751Z - info: Current opened pages, from most-to-least recent:
2024-02-29T16:29:41.751Z - info: 1. admin/mid-semester-survey-results
2024-02-29T16:29:42.766Z - info: Rebuilding 1 pages
2024-02-29T16:29:42.982Z - info: Site data built
2024-02-29T16:29:42.983Z - info: Pages rebuilt
2024-02-29T16:29:42.983Z - info: Website regeneration complete! Total build time: 0.218s
2024-02-29T16:30:59.988Z - info: [12:30:59 am] Reload for file change: C:\repos\nus-cs2103\cs2103-website-base\_course-CS2103\mid-semester-survey-results.md
2024-02-29T16:30:59.988Z - info: Synchronizing opened pages list before reload
2024-02-29T16:30:59.988Z - info: Current opened pages, from most-to-least recent:
2024-02-29T16:30:59.988Z - info: 1. admin/mid-semester-survey-results
2024-02-29T16:31:01.005Z - info: Rebuilding 1 pages
2024-02-29T16:31:01.125Z - info: Site data built
2024-02-29T16:31:01.125Z - info: Pages rebuilt
2024-02-29T16:31:01.125Z - info: Website regeneration complete! Total build time: 0.122s
2024-02-29T16:33:46.529Z - info: [12:33:46 am] Reload for file change: C:\repos\nus-cs2103\cs2103-website-base\_course-CS2103\mid-semester-survey-results.md
2024-02-29T16:33:46.529Z - info: Synchronizing opened pages list before reload
2024-02-29T16:33:46.530Z - info: Current opened pages, from most-to-least recent:
2024-02-29T16:33:46.530Z - info: 1. admin/mid-semester-survey-results
2024-02-29T16:33:47.537Z - info: Rebuilding 1 pages
2024-02-29T16:33:47.680Z - info: Site data built
2024-02-29T16:33:47.680Z - info: Pages rebuilt
2024-02-29T16:33:47.681Z - info: Website regeneration complete! Total build time: 0.145s
2024-02-29T17:25:34.710Z - info: [1:25:34 am] Reload for file change: C:\repos\nus-cs2103\cs2103-website-base\_course-CS2103\mid-semester-survey-results.md
2024-02-29T17:25:34.713Z - info: Synchronizing opened pages list before reload
2024-02-29T17:25:34.714Z - info: No pages are currently opened
2024-02-29T17:25:35.763Z - info: No pages needed to be rebuilt
2024-02-29T17:27:41.597Z - info: [1:27:41 am] Reload for file change: C:\repos\nus-cs2103\cs2103-website-base\_course-CS2103\mid-semester-survey-results.md
2024-02-29T17:27:41.597Z - info: Synchronizing opened pages list before reload
2024-02-29T17:27:41.609Z - info: No pages are currently opened
2024-02-29T17:27:42.622Z - info: No pages needed to be rebuilt
2024-02-29T17:28:24.158Z - info: [1:28:24 am] Reload for file change: C:\repos\nus-cs2103\cs2103-website-base\_course-CS2103\mid-semester-survey-results.md
2024-02-29T17:28:24.158Z - info: Synchronizing opened pages list before reload
2024-02-29T17:28:24.158Z - info: No pages are currently opened
2024-02-29T17:28:25.166Z - info: No pages needed to be rebuilt
2024-02-29T17:28:26.216Z - info: Building C:\repos\nus-cs2103\cs2103-website-base\admin\mid-semester-survey-results as some of its dependencies were changed since the last visit
2024-02-29T17:28:26.440Z - info: Site data built
2024-02-29T17:28:26.440Z - info: Lazy website regeneration complete! Total build time: 0.224s
2024-02-29T17:30:04.337Z - info: [1:30:04 am] Reload for file change: C:\repos\nus-cs2103\cs2103-website-base\_course-CS2103\mid-semester-survey-results.md
2024-02-29T17:30:04.337Z - info: Synchronizing opened pages list before reload
2024-02-29T17:30:04.337Z - info: Current opened pages, from most-to-least recent:
2024-02-29T17:30:04.337Z - info: 1. admin/mid-semester-survey-results
2024-02-29T17:30:05.341Z - info: Rebuilding 1 pages
2024-02-29T17:30:05.502Z - info: Site data built
2024-02-29T17:30:05.502Z - info: Pages rebuilt
2024-02-29T17:30:05.502Z - info: Website regeneration complete! Total build time: 0.163s
2024-02-29T17:31:17.347Z - info: [1:31:17 am] Reload for file change: C:\repos\nus-cs2103\cs2103-website-base\_course-CS2103\mid-semester-survey-results.md
2024-02-29T17:31:17.347Z - info: Synchronizing opened pages list before reload
2024-02-29T17:31:17.347Z - info: Current opened pages, from most-to-least recent:
2024-02-29T17:31:17.347Z - info: 1. admin/mid-semester-survey-results
2024-02-29T17:31:18.358Z - info: Rebuilding 1 pages
2024-02-29T17:31:18.631Z - info: Site data built
2024-02-29T17:31:18.632Z - info: Pages rebuilt
2024-02-29T17:31:18.632Z - info: Website regeneration complete! Total build time: 0.276s
2024-02-29T17:34:35.023Z - info: [1:34:35 am] Reload for file change: C:\repos\nus-cs2103\cs2103-website-base\_course-CS2103\mid-semester-survey-results.md
2024-02-29T17:34:35.023Z - info: Synchronizing opened pages list before reload
2024-02-29T17:34:35.023Z - info: Current opened pages, from most-to-least recent:
2024-02-29T17:34:35.023Z - info: 1. admin/mid-semester-survey-results
2024-02-29T17:34:36.032Z - info: Rebuilding 1 pages
2024-02-29T17:34:36.202Z - info: Site data built
2024-02-29T17:34:36.202Z - info: Pages rebuilt
2024-02-29T17:34:36.202Z - info: Website regeneration complete! Total build time: 0.171s
2024-02-29T17:35:36.410Z - info: [1:35:36 am] Reload for file change: C:\repos\nus-cs2103\cs2103-website-base\_course-CS2103\mid-semester-survey-results.md
2024-02-29T17:35:36.410Z - info: Synchronizing opened pages list before reload
2024-02-29T17:35:36.410Z - info: Current opened pages, from most-to-least recent:
2024-02-29T17:35:36.410Z - info: 1. admin/mid-semester-survey-results
2024-02-29T17:35:37.419Z - info: Rebuilding 1 pages
2024-02-29T17:35:37.589Z - info: Site data built
2024-02-29T17:35:37.589Z - info: Pages rebuilt
2024-02-29T17:35:37.589Z - info: Website regeneration complete! Total build time: 0.173s
2024-02-29T17:41:59.734Z - info: [1:41:59 am] Reload for file change: C:\repos\nus-cs2103\cs2103-website-base\_course-CS2103\mid-semester-survey-results.md
2024-02-29T17:41:59.734Z - info: Synchronizing opened pages list before reload
2024-02-29T17:41:59.734Z - info: Current opened pages, from most-to-least recent:
2024-02-29T17:41:59.734Z - info: 1. admin/mid-semester-survey-results
2024-02-29T17:42:00.746Z - info: Rebuilding 1 pages
2024-02-29T17:42:00.935Z - info: Site data built
2024-02-29T17:42:00.936Z - info: Pages rebuilt
2024-02-29T17:42:00.936Z - info: Website regeneration complete! Total build time: 0.192s
2024-02-29T17:45:00.943Z - info: [1:45:00 am] Reload for file change: C:\repos\nus-cs2103\cs2103-website-base\_course-CS2103\mid-semester-survey-results.md
2024-02-29T17:45:00.943Z - info: Synchronizing opened pages list before reload
2024-02-29T17:45:00.943Z - info: Current opened pages, from most-to-least recent:
2024-02-29T17:45:00.943Z - info: 1. admin/mid-semester-survey-results
2024-02-29T17:45:01.957Z - info: Rebuilding 1 pages
2024-02-29T17:45:02.103Z - info: Site data built
2024-02-29T17:45:02.103Z - info: Pages rebuilt
2024-02-29T17:45:02.103Z - info: Website regeneration complete! Total build time: 0.147s
2024-02-29T17:46:12.197Z - info: [1:46:12 am] Reload for file change: C:\repos\nus-cs2103\cs2103-website-base\_course-CS2103\mid-semester-survey-results.md
2024-02-29T17:46:12.197Z - info: Synchronizing opened pages list before reload
2024-02-29T17:46:12.197Z - info: Current opened pages, from most-to-least recent:
2024-02-29T17:46:12.198Z - info: 1. admin/mid-semester-survey-results
2024-02-29T17:46:13.209Z - info: Rebuilding 1 pages
2024-02-29T17:46:13.357Z - info: Site data built
2024-02-29T17:46:13.357Z - info: Pages rebuilt
2024-02-29T17:46:13.357Z - info: Website regeneration complete! Total build time: 0.149s
2024-02-29T17:46:42.274Z - info: [1:46:42 am] Reload for file change: C:\repos\nus-cs2103\cs2103-website-base\_course-CS2103\mid-semester-survey-results.md
2024-02-29T17:46:42.274Z - info: Synchronizing opened pages list before reload
2024-02-29T17:46:42.274Z - info: Current opened pages, from most-to-least recent:
2024-02-29T17:46:42.274Z - info: 1. admin/mid-semester-survey-results
2024-02-29T17:46:43.286Z - info: Rebuilding 1 pages
2024-02-29T17:46:43.456Z - info: Site data built
2024-02-29T17:46:43.456Z - info: Pages rebuilt
2024-02-29T17:46:43.456Z - info: Website regeneration complete! Total build time: 0.173s
2024-02-29T17:52:17.169Z - info: [1:52:17 am] Reload for file change: C:\repos\nus-cs2103\cs2103-website-base\_course-CS2103\mid-semester-survey-results.md
2024-02-29T17:52:17.169Z - info: Synchronizing opened pages list before reload
2024-02-29T17:52:17.169Z - info: Current opened pages, from most-to-least recent:
2024-02-29T17:52:17.169Z - info: 1. admin/mid-semester-survey-results
2024-02-29T17:52:18.175Z - info: Rebuilding 1 pages
2024-02-29T17:52:18.336Z - info: Site data built
2024-02-29T17:52:18.336Z - info: Pages rebuilt
2024-02-29T17:52:18.336Z - info: Website regeneration complete! Total build time: 0.162s
2024-02-29T17:52:55.595Z - info: [1:52:55 am] Reload for file change: C:\repos\nus-cs2103\cs2103-website-base\_course-CS2103\mid-semester-survey-results.md
2024-02-29T17:52:55.595Z - info: Synchronizing opened pages list before reload
2024-02-29T17:52:55.595Z - info: Current opened pages, from most-to-least recent:
2024-02-29T17:52:55.595Z - info: 1. admin/mid-semester-survey-results
2024-02-29T17:52:56.603Z - info: Rebuilding 1 pages
2024-02-29T17:52:56.784Z - info: Site data built
2024-02-29T17:52:56.784Z - info: Pages rebuilt
2024-02-29T17:52:56.784Z - info: Website regeneration complete! Total build time: 0.183s
2024-02-29T17:58:44.073Z - info: [1:58:44 am] Reload for file change: C:\repos\nus-cs2103\cs2103-website-base\_course-CS2103\mid-semester-survey-results.md
2024-02-29T17:58:44.074Z - info: Synchronizing opened pages list before reload
2024-02-29T17:58:44.074Z - info: Current opened pages, from most-to-least recent:
2024-02-29T17:58:44.074Z - info: 1. admin/mid-semester-survey-results
2024-02-29T17:58:45.087Z - info: Rebuilding 1 pages
2024-02-29T17:58:45.285Z - info: Site data built
2024-02-29T17:58:45.285Z - info: Pages rebuilt
2024-02-29T17:58:45.285Z - info: Website regeneration complete! Total build time: 0.2s
2024-02-29T18:01:22.876Z - info: [2:01:22 am] Reload for file change: C:\repos\nus-cs2103\cs2103-website-base\_course-CS2103\mid-semester-survey-results.md
2024-02-29T18:01:22.876Z - info: Synchronizing opened pages list before reload
2024-02-29T18:01:22.876Z - info: Current opened pages, from most-to-least recent:
2024-02-29T18:01:22.876Z - info: 1. admin/mid-semester-survey-results
2024-02-29T18:01:23.896Z - info: Rebuilding 1 pages
2024-02-29T18:01:24.057Z - info: Site data built
2024-02-29T18:01:24.057Z - info: Pages rebuilt
2024-02-29T18:01:24.058Z - info: Website regeneration complete! Total build time: 0.174s
2024-03-01T07:48:22.861Z - info: Website generation (lazy) started at 3:48:19 pm
2024-03-01T07:48:30.742Z - info: Building assets...
2024-03-01T07:48:36.149Z - info: Assets built
2024-03-01T07:48:36.150Z - info: Generating landing page...
2024-03-01T07:48:37.641Z - info: Landing page built, other pages will be built as you navigate to them!
2024-03-01T07:48:38.701Z - info: Site data built
2024-03-01T07:48:38.701Z - info: Website generation (lazy) complete! Total build time: 18.994s
2024-03-01T07:48:39.156Z - info: Serving "C:\repos\nus-cs2103\cs2103-website-base\_site" at http://127.0.0.1:8080
2024-03-01T07:48:39.156Z - info: Press CTRL+C to stop ...
2024-03-01T07:48:58.986Z - info: [3:48:58 pm] Reload for file change: C:\repos\nus-cs2103\cs2103-website-base\_course-CS2103\mid-semester-survey-results.md
2024-03-01T07:48:58.987Z - info: Synchronizing opened pages list before reload
2024-03-01T07:48:58.987Z - info: Current opened pages, from most-to-least recent:
2024-03-01T07:48:58.987Z - info: 1. index
2024-03-01T07:49:00.005Z - info: Assets built
2024-03-01T07:49:13.733Z - info: Building C:\repos\nus-cs2103\cs2103-website-base\admin\mid-semester-survey-results as some of its dependencies were changed since the last visit
2024-03-01T07:49:14.211Z - info: Site data built
2024-03-01T07:49:14.211Z - info: Lazy website regeneration complete! Total build time: 0.478s
2024-03-01T08:31:40.853Z - info: [4:31:40 pm] Reload for file change: C:\repos\nus-cs2103\cs2103-website-base\_course-CS2103\mid-semester-survey-results.md
2024-03-01T08:31:40.854Z - info: Synchronizing opened pages list before reload
2024-03-01T08:31:40.854Z - info: Current opened pages, from most-to-least recent:
2024-03-01T08:31:40.855Z - info: 1. admin/mid-semester-survey-results
2024-03-01T08:31:41.869Z - info: Rebuilding 1 pages
2024-03-01T08:31:42.233Z - info: Site data built
2024-03-01T08:31:42.233Z - info: Pages rebuilt
2024-03-01T08:31:42.234Z - info: Website regeneration complete! Total build time: 0.371s
2024-03-01T08:37:11.396Z - info: [4:37:11 pm] Reload for file change: C:\repos\nus-cs2103\cs2103-website-base\_course-CS2103\mid-semester-survey-results.md
2024-03-01T08:37:11.396Z - info: Synchronizing opened pages list before reload
2024-03-01T08:37:11.396Z - info: Current opened pages, from most-to-least recent:
2024-03-01T08:37:11.397Z - info: 1. admin/mid-semester-survey-results
2024-03-01T08:37:12.406Z - info: Rebuilding 1 pages
2024-03-01T08:37:12.604Z - info: Site data built
2024-03-01T08:37:12.605Z - info: Pages rebuilt
2024-03-01T08:37:12.605Z - info: Website regeneration complete! Total build time: 0.201s
2024-03-01T08:49:38.446Z - info: [4:49:38 pm] Reload for file change: C:\repos\nus-cs2103\cs2103-website-base\_course-CS2103\mid-semester-survey-results.md
2024-03-01T08:49:38.446Z - info: Synchronizing opened pages list before reload
2024-03-01T08:49:38.447Z - info: Current opened pages, from most-to-least recent:
2024-03-01T08:49:38.447Z - info: 1. admin/mid-semester-survey-results
2024-03-01T08:49:39.459Z - info: Rebuilding 1 pages
2024-03-01T08:49:39.665Z - info: Site data built
2024-03-01T08:49:39.665Z - info: Pages rebuilt
2024-03-01T08:49:39.666Z - info: Website regeneration complete! Total build time: 0.209s
2024-03-01T09:26:30.406Z - info: [5:26:30 pm] Reload for file change: C:\repos\nus-cs2103\cs2103-website-base\_course-CS2103\mid-semester-survey-results.md
2024-03-01T09:26:30.406Z - info: Synchronizing opened pages list before reload
2024-03-01T09:26:30.407Z - info: Current opened pages, from most-to-least recent:
2024-03-01T09:26:30.407Z - info: 1. admin/mid-semester-survey-results
2024-03-01T09:26:31.426Z - info: Rebuilding 1 pages
2024-03-01T09:26:31.633Z - info: Site data built
2024-03-01T09:26:31.633Z - info: Pages rebuilt
2024-03-01T09:26:31.633Z - info: Website regeneration complete! Total build time: 0.212s
2024-03-01T10:01:14.453Z - info: [6:01:14 pm] Reload for file change: C:\repos\nus-cs2103\cs2103-website-base\_course-CS2103\mid-semester-survey-results.md
2024-03-01T10:01:14.454Z - info: Synchronizing opened pages list before reload
2024-03-01T10:01:14.455Z - info: Current opened pages, from most-to-least recent:
2024-03-01T10:01:14.455Z - info: 1. admin/mid-semester-survey-results
2024-03-01T10:01:15.475Z - info: Rebuilding 1 pages
2024-03-01T10:01:15.742Z - info: Site data built
2024-03-01T10:01:15.743Z - info: Pages rebuilt
2024-03-01T10:01:15.743Z - info: Website regeneration complete! Total build time: 0.271s
2024-03-01T10:29:19.997Z - info: [6:29:19 pm] Reload for file change: C:\repos\nus-cs2103\cs2103-website-base\_course-CS2103\mid-semester-survey-results.md
2024-03-01T10:29:19.997Z - info: Synchronizing opened pages list before reload
2024-03-01T10:29:19.997Z - info: Current opened pages, from most-to-least recent:
2024-03-01T10:29:19.997Z - info: 1. admin/mid-semester-survey-results
2024-03-01T10:29:21.002Z - info: Rebuilding 1 pages
2024-03-01T10:29:21.225Z - info: Site data built
2024-03-01T10:29:21.225Z - info: Pages rebuilt
2024-03-01T10:29:21.225Z - info: Website regeneration complete! Total build time: 0.224s
2024-03-01T10:51:57.036Z - info: [6:51:57 pm] Reload for file change: C:\repos\nus-cs2103\cs2103-website-base\_course-CS2103\mid-semester-survey-results.md
2024-03-01T10:51:57.036Z - info: Synchronizing opened pages list before reload
2024-03-01T10:51:57.036Z - info: Current opened pages, from most-to-least recent:
2024-03-01T10:51:57.036Z - info: 1. admin/mid-semester-survey-results
2024-03-01T10:51:58.044Z - info: Rebuilding 1 pages
2024-03-01T10:51:58.209Z - info: Site data built
2024-03-01T10:51:58.209Z - info: Pages rebuilt
2024-03-01T10:51:58.209Z - info: Website regeneration complete! Total build time: 0.166s
2024-03-01T10:55:42.498Z - info: [6:55:42 pm] Reload for file change: C:\repos\nus-cs2103\cs2103-website-base\_course-CS2103\mid-semester-survey-results.md
2024-03-01T10:55:42.498Z - info: Synchronizing opened pages list before reload
2024-03-01T10:55:42.498Z - info: Current opened pages, from most-to-least recent:
2024-03-01T10:55:42.498Z - info: 1. admin/mid-semester-survey-results
2024-03-01T10:55:43.503Z - info: Rebuilding 1 pages
2024-03-01T10:55:43.824Z - info: Site data built
2024-03-01T10:55:43.825Z - info: Pages rebuilt
2024-03-01T10:55:43.825Z - info: Website regeneration complete! Total build time: 0.324s
2024-03-01T10:59:09.309Z - info: [6:59:09 pm] Reload for file change: C:\repos\nus-cs2103\cs2103-website-base\_course-CS2103\mid-semester-survey-results.md
2024-03-01T10:59:09.310Z - info: Synchronizing opened pages list before reload
2024-03-01T10:59:09.310Z - info: Current opened pages, from most-to-least recent:
2024-03-01T10:59:09.310Z - info: 1. admin/mid-semester-survey-results
2024-03-01T10:59:10.315Z - info: Rebuilding 1 pages
2024-03-01T10:59:10.604Z - info: Site data built
2024-03-01T10:59:10.604Z - info: Pages rebuilt
2024-03-01T10:59:10.604Z - info: Website regeneration complete! Total build time: 0.29s
