2024-01-23T03:18:36.374Z - info: Website generation started at 11:18:29 am
2024-01-23T03:18:45.480Z - info: Building assets...
2024-01-23T03:18:51.786Z - info: Assets built
2024-01-23T03:18:51.787Z - info: Generating pages...
2024-01-23T03:19:19.156Z - debug:  
2024-01-23T03:19:19.157Z - debug:  
2024-01-23T03:19:19.158Z - debug:  
2024-01-23T03:19:19.158Z - debug:  
2024-01-23T03:19:19.159Z - debug:  
2024-01-23T03:19:19.160Z - debug:  
2024-01-23T03:19:19.628Z - debug:  
2024-01-23T03:19:19.630Z - debug:  
2024-01-23T03:19:19.630Z - debug:  
2024-01-23T03:19:19.636Z - debug:  
2024-01-23T03:19:19.638Z - debug:  
2024-01-23T03:19:19.638Z - debug:  
2024-01-23T03:19:19.728Z - debug:  
2024-01-23T03:19:19.737Z - debug:  
2024-01-23T03:19:19.798Z - debug:  
2024-01-23T03:19:22.198Z - debug:  
2024-01-23T03:19:22.625Z - debug:  
2024-01-23T03:21:15.474Z - debug:  
2024-01-23T03:21:35.899Z - debug:  
2024-01-23T03:21:35.924Z - debug:  
2024-01-23T03:21:44.147Z - info: Pages built
2024-01-23T03:21:45.191Z - info: Site data built
2024-01-23T03:21:45.191Z - info: Website generation complete! Total build time: 195.496s
2024-01-23T03:21:45.192Z - info: Build success!
2024-01-23T03:43:57.279Z - info: The website has been deployed at: https://nus-cs2103-ay2324s2.github.io/website
2024-01-23T08:15:01.000Z - info: Website generation (lazy) started at 4:14:54 pm
2024-01-23T08:15:09.914Z - info: Building assets...
2024-01-23T08:15:16.016Z - info: Assets built
2024-01-23T08:15:16.017Z - info: Generating landing page...
2024-01-23T08:15:17.186Z - info: Landing page built, other pages will be built as you navigate to them!
2024-01-23T08:15:18.285Z - info: Site data built
2024-01-23T08:15:18.285Z - info: Website generation (lazy) complete! Total build time: 23.508s
2024-01-23T08:15:18.346Z - info: Serving "C:\repos\nus-cs2103\cs2103-website-base\_site" at http://127.0.0.1:8080
2024-01-23T08:15:18.346Z - info: Press CTRL+C to stop ...
2024-01-23T08:20:32.633Z - info: [4:20:32 pm] Reload for file change: C:\repos\nus-cs2103\cs2103-website-base\book\gitAndGithub\branch\images\sourcetree_HEAD_dot.png
2024-01-23T08:20:32.634Z - info: Synchronizing opened pages list before reload
2024-01-23T08:20:32.634Z - info: Current opened pages, from most-to-least recent:
2024-01-23T08:20:32.634Z - info: 1. index
2024-01-23T08:20:33.674Z - info: Assets built
2024-01-23T08:20:48.404Z - info: Building C:\repos\nus-cs2103\cs2103-website-base\schedule\week3\index as some of its dependencies were changed since the last visit
2024-01-23T08:20:49.646Z - info: Site data built
2024-01-23T08:20:49.647Z - info: Lazy website regeneration complete! Total build time: 1.243s
2024-01-23T08:20:52.447Z - info: Building C:\repos\nus-cs2103\cs2103-website-base\schedule\week3\topics as some of its dependencies were changed since the last visit
2024-01-23T08:20:54.577Z - info: Site data built
2024-01-23T08:20:54.577Z - info: Lazy website regeneration complete! Total build time: 2.13s
2024-01-23T08:21:23.790Z - info: Website generation started at 4:21:21 pm
2024-01-23T08:21:31.776Z - info: Building assets...
