2024-01-13T15:09:43.570Z - info: Website generation started at 11:09:39 pm
2024-01-13T15:09:51.294Z - info: Building assets...
2024-01-13T15:09:56.145Z - info: Assets built
2024-01-13T15:09:56.146Z - info: Generating pages...
2024-01-13T15:10:09.694Z - debug:  
2024-01-13T15:10:09.695Z - debug:  
2024-01-13T15:10:09.696Z - debug:  
2024-01-13T15:10:09.696Z - debug:  
2024-01-13T15:10:09.696Z - debug:  
2024-01-13T15:10:09.697Z - debug:  
2024-01-13T15:10:09.698Z - debug:  
2024-01-13T15:10:09.698Z - debug:  
2024-01-13T15:10:09.698Z - debug:  
2024-01-13T15:10:09.700Z - debug:  
2024-01-13T15:10:10.293Z - debug:  
2024-01-13T15:10:10.293Z - debug:  
2024-01-13T15:10:10.293Z - debug:  
2024-01-13T15:10:10.293Z - debug:  
2024-01-13T15:10:10.293Z - debug:  
2024-01-13T15:10:13.993Z - debug:  
2024-01-13T15:10:43.118Z - debug:  
2024-01-13T15:11:31.335Z - info: Pages built
2024-01-13T15:11:32.178Z - info: Site data built
2024-01-13T15:11:32.178Z - info: Website generation complete! Total build time: 112.926s
2024-01-13T15:11:32.178Z - info: Build success!
2024-01-13T15:14:01.024Z - info: The website has been deployed at: https://nus-tic2002-ay2324s2.github.io/website
