2024-02-23T16:32:44.109Z - info: Website generation started at 12:32:36 am
2024-02-23T16:32:56.859Z - info: Building assets...
2024-02-23T16:33:05.245Z - info: Assets built
2024-02-23T16:33:05.247Z - info: Generating pages...
2024-02-23T16:33:40.997Z - debug:  
2024-02-23T16:33:40.999Z - debug:  
2024-02-23T16:33:41.000Z - debug:  
2024-02-23T16:33:41.001Z - debug:  
2024-02-23T16:33:41.003Z - debug:  
2024-02-23T16:33:41.004Z - debug:  
2024-02-23T16:33:41.005Z - debug:  
2024-02-23T16:33:41.008Z - debug:  
2024-02-23T16:33:41.634Z - debug:  
2024-02-23T16:33:41.635Z - debug:  
2024-02-23T16:33:41.635Z - debug:  
2024-02-23T16:33:41.636Z - debug:  
2024-02-23T16:33:41.637Z - debug:  
2024-02-23T16:33:41.638Z - debug:  
2024-02-23T16:33:41.638Z - debug:  
2024-02-23T16:33:46.758Z - debug:  
2024-02-23T16:33:46.759Z - debug:  
2024-02-23T16:36:49.014Z - debug:  
2024-02-23T16:37:17.100Z - debug:  
2024-02-23T16:37:17.115Z - debug:  
2024-02-23T16:37:34.860Z - info: Pages built
2024-02-23T16:37:36.275Z - info: Site data built
2024-02-23T16:37:36.276Z - info: Website generation complete! Total build time: 300.187s
2024-02-23T16:37:36.277Z - info: Build success!
2024-02-23T16:41:37.500Z - info: The website has been deployed at: https://nus-cs2103-ay2324s2.github.io/website
