2024-02-26T15:54:42.979Z - info: Website generation (lazy) started at 11:54:36 pm
2024-02-26T15:54:50.820Z - info: Building assets...
2024-02-26T15:54:56.321Z - info: Assets built
2024-02-26T15:54:56.322Z - info: Generating landing page...
2024-02-26T15:54:58.114Z - info: Landing page built, other pages will be built as you navigate to them!
2024-02-26T15:54:59.146Z - info: Site data built
2024-02-26T15:54:59.146Z - info: Website generation (lazy) complete! Total build time: 22.32s
2024-02-26T15:54:59.583Z - info: Serving "C:\repos\nus-cs2103\cs2103-website-base\_site" at http://127.0.0.1:8080
2024-02-26T15:54:59.583Z - info: Press CTRL+C to stop ...
2024-02-26T15:56:00.706Z - info: Building C:\repos\nus-cs2103\cs2103-website-base\schedule\week6\index as some of its dependencies were changed since the last visit
2024-02-26T15:56:01.659Z - info: Site data built
2024-02-26T15:56:01.659Z - info: Lazy website regeneration complete! Total build time: 0.955s
2024-02-26T15:56:19.114Z - info: Building C:\repos\nus-cs2103\cs2103-website-base\schedule\week6\project as some of its dependencies were changed since the last visit
2024-02-26T15:56:21.476Z - info: Site data built
2024-02-26T15:56:21.477Z - info: Lazy website regeneration complete! Total build time: 2.364s
2024-02-26T15:57:25.596Z - info: [11:57:25 pm] Reload for file change: C:\repos\nus-cs2103\cs2103-website-base\admin\tp-tasks-fragment.md
2024-02-26T15:57:25.599Z - info: Synchronizing opened pages list before reload
2024-02-26T15:57:25.601Z - info: Current opened pages, from most-to-least recent:
2024-02-26T15:57:25.602Z - info: 1. schedule/week6/project
2024-02-26T15:57:26.613Z - info: Rebuilding 1 pages
2024-02-26T15:57:29.193Z - info: Site data built
2024-02-26T15:57:29.193Z - info: Pages rebuilt
2024-02-26T15:57:29.193Z - info: Website regeneration complete! Total build time: 2.581s
