2024-02-18T03:56:21.144Z - info: Website generation started at 11:56:11 am
2024-02-18T03:56:31.053Z - info: Building assets...
2024-02-18T03:56:36.295Z - info: Assets built
2024-02-18T03:56:36.296Z - info: Generating pages...
2024-02-18T03:56:58.851Z - debug:  
2024-02-18T03:56:59.263Z - debug:  
2024-02-18T03:56:59.268Z - debug:  
2024-02-18T03:56:59.299Z - debug:  
2024-02-18T03:56:59.352Z - debug:  
2024-02-18T03:56:59.368Z - debug:  
2024-02-18T03:56:59.370Z - debug:  
2024-02-18T03:56:59.427Z - debug:  
2024-02-18T03:56:59.475Z - debug:  
2024-02-18T03:56:59.475Z - debug:  
2024-02-18T03:56:59.590Z - debug:  
2024-02-18T03:56:59.609Z - debug:  
2024-02-18T03:57:01.744Z - debug:  
2024-02-18T03:57:01.744Z - debug:  
2024-02-18T03:57:01.745Z - debug:  
2024-02-18T03:57:01.745Z - debug:  
2024-02-18T03:57:01.871Z - debug:  
2024-02-18T03:59:17.832Z - debug:  
2024-02-18T03:59:39.707Z - debug:  
2024-02-18T03:59:39.736Z - debug:  
2024-02-18T03:59:50.792Z - info: Pages built
2024-02-18T03:59:51.489Z - info: Site data built
2024-02-18T03:59:51.489Z - info: Website generation complete! Total build time: 219.508s
2024-02-18T03:59:51.490Z - info: Build success!
2024-02-18T04:02:37.594Z - info: The website has been deployed at: https://nus-cs2103-ay2324s2.github.io/website
2024-02-18T15:00:52.821Z - info: Website generation (lazy) started at 11:00:46 pm
2024-02-18T15:01:00.064Z - info: Building assets...
2024-02-18T15:01:05.009Z - info: Assets built
2024-02-18T15:01:05.010Z - info: Generating landing page...
2024-02-18T15:01:06.076Z - info: Landing page built, other pages will be built as you navigate to them!
2024-02-18T15:01:07.029Z - info: Site data built
2024-02-18T15:01:07.030Z - info: Website generation (lazy) complete! Total build time: 20.349s
2024-02-18T15:01:07.482Z - info: Serving "C:\repos\nus-cs2103\cs2103-website-base\_site" at http://127.0.0.1:8080
2024-02-18T15:01:07.482Z - info: Press CTRL+C to stop ...
2024-02-18T15:06:37.815Z - info: Building C:\repos\nus-cs2103\cs2103-website-base\se-book-adapted\index as some of its dependencies were changed since the last visit
2024-02-18T15:06:38.154Z - info: Site data built
2024-02-18T15:06:38.155Z - info: Lazy website regeneration complete! Total build time: 0.34s
2024-02-18T15:06:43.321Z - info: Building C:\repos\nus-cs2103\cs2103-website-base\se-book-adapted\projectDuke\index as some of its dependencies were changed since the last visit
2024-02-18T15:06:44.046Z - info: Site data built
2024-02-18T15:06:44.047Z - info: Lazy website regeneration complete! Total build time: 0.726s
2024-02-18T15:09:08.148Z - info: [11:09:08 pm] Reload for file change: C:\repos\nus-cs2103\cs2103-website-base\book\projectDuke\extensions-fragment.md
2024-02-18T15:09:08.148Z - info: Synchronizing opened pages list before reload
2024-02-18T15:09:08.149Z - info: Current opened pages, from most-to-least recent:
2024-02-18T15:09:08.149Z - info: 1. se-book-adapted/projectDuke/index
2024-02-18T15:09:09.162Z - info: Rebuilding 1 pages
2024-02-18T15:09:09.931Z - info: Site data built
2024-02-18T15:09:09.932Z - info: Pages rebuilt
2024-02-18T15:09:09.933Z - info: Website regeneration complete! Total build time: 0.772s
2024-02-18T15:10:07.771Z - info: [11:10:07 pm] Reload for file change: C:\repos\nus-cs2103\cs2103-website-base\book\projectDuke\extensions-fragment.md
2024-02-18T15:10:07.771Z - info: Synchronizing opened pages list before reload
2024-02-18T15:10:07.772Z - info: Current opened pages, from most-to-least recent:
2024-02-18T15:10:07.772Z - info: 1. se-book-adapted/projectDuke/index
2024-02-18T15:10:08.788Z - info: Rebuilding 1 pages
2024-02-18T15:10:09.388Z - info: Site data built
2024-02-18T15:10:09.389Z - info: Pages rebuilt
2024-02-18T15:10:09.389Z - info: Website regeneration complete! Total build time: 0.602s
2024-02-18T15:10:52.323Z - info: [11:10:52 pm] Reload for file change: C:\repos\nus-cs2103\cs2103-website-base\book\projectDuke\extensions-fragment.md
2024-02-18T15:10:52.324Z - info: Synchronizing opened pages list before reload
2024-02-18T15:10:52.324Z - info: Current opened pages, from most-to-least recent:
2024-02-18T15:10:52.324Z - info: 1. se-book-adapted/projectDuke/index
2024-02-18T15:10:53.333Z - info: Rebuilding 1 pages
2024-02-18T15:10:53.860Z - info: Site data built
2024-02-18T15:10:53.860Z - info: Pages rebuilt
2024-02-18T15:10:53.860Z - info: Website regeneration complete! Total build time: 0.528s
2024-02-18T15:13:28.758Z - info: [11:13:28 pm] Reload for file change: C:\repos\nus-cs2103\cs2103-website-base\book\projectDuke\extensions-fragment.md
2024-02-18T15:13:28.759Z - info: Synchronizing opened pages list before reload
2024-02-18T15:13:28.759Z - info: Current opened pages, from most-to-least recent:
2024-02-18T15:13:28.760Z - info: 1. se-book-adapted/projectDuke/index
2024-02-18T15:13:29.773Z - info: Rebuilding 1 pages
2024-02-18T15:13:30.380Z - info: Site data built
2024-02-18T15:13:30.381Z - info: Pages rebuilt
2024-02-18T15:13:30.381Z - info: Website regeneration complete! Total build time: 0.609s
2024-02-18T15:14:32.544Z - info: [11:14:32 pm] Reload for file change: C:\repos\nus-cs2103\cs2103-website-base\book\projectDuke\extensions-fragment.md
2024-02-18T15:14:32.545Z - info: Synchronizing opened pages list before reload
2024-02-18T15:14:32.546Z - info: Current opened pages, from most-to-least recent:
2024-02-18T15:14:32.546Z - info: 1. se-book-adapted/projectDuke/index
2024-02-18T15:14:33.551Z - info: Rebuilding 1 pages
2024-02-18T15:14:34.086Z - info: Site data built
2024-02-18T15:14:34.087Z - info: Pages rebuilt
2024-02-18T15:14:34.087Z - info: Website regeneration complete! Total build time: 0.538s
2024-02-18T15:14:53.916Z - info: Building C:\repos\nus-cs2103\cs2103-website-base\schedule\week6\index as some of its dependencies were changed since the last visit
2024-02-18T15:14:54.862Z - info: Site data built
2024-02-18T15:14:54.862Z - info: Lazy website regeneration complete! Total build time: 0.946s
2024-02-18T15:14:57.801Z - info: Building C:\repos\nus-cs2103\cs2103-website-base\schedule\week6\project as some of its dependencies were changed since the last visit
2024-02-18T15:15:00.940Z - info: Site data built
2024-02-18T15:15:00.940Z - info: Lazy website regeneration complete! Total build time: 3.139s
2024-02-18T15:16:20.807Z - info: [11:16:20 pm] Reload for file change: C:\repos\nus-cs2103\cs2103-website-base\_course-CS2103\weeklyIpTasks-fragment.md
2024-02-18T15:16:20.809Z - info: Synchronizing opened pages list before reload
2024-02-18T15:16:20.810Z - info: Current opened pages, from most-to-least recent:
2024-02-18T15:16:20.811Z - info: 1. schedule/week6/project
2024-02-18T15:16:21.820Z - info: Rebuilding 1 pages
2024-02-18T15:16:24.187Z - info: Site data built
2024-02-18T15:16:24.188Z - info: Pages rebuilt
2024-02-18T15:16:24.188Z - info: Website regeneration complete! Total build time: 2.37s
2024-02-18T15:16:32.500Z - info: [11:16:32 pm] Reload for file change: C:\repos\nus-cs2103\cs2103-website-base\_course-CS2103\weeklyIpTasks-fragment.md
2024-02-18T15:16:32.500Z - info: Synchronizing opened pages list before reload
2024-02-18T15:16:32.500Z - info: Current opened pages, from most-to-least recent:
2024-02-18T15:16:32.501Z - info: 1. schedule/week6/project
2024-02-18T15:16:33.511Z - info: Rebuilding 1 pages
2024-02-18T15:16:35.491Z - info: Site data built
2024-02-18T15:16:35.491Z - info: Pages rebuilt
2024-02-18T15:16:35.491Z - info: Website regeneration complete! Total build time: 1.981s
2024-02-18T15:19:32.730Z - info: [11:19:32 pm] Reload for file change: C:\repos\nus-cs2103\cs2103-website-base\admin\ip-tasks-fragment.md
2024-02-18T15:19:32.731Z - info: Synchronizing opened pages list before reload
2024-02-18T15:19:32.732Z - info: Current opened pages, from most-to-least recent:
2024-02-18T15:19:32.732Z - info: 1. schedule/week6/project
2024-02-18T15:19:33.739Z - info: Rebuilding 1 pages
2024-02-18T15:19:35.950Z - info: Site data built
2024-02-18T15:19:35.950Z - info: Pages rebuilt
2024-02-18T15:19:35.950Z - info: Website regeneration complete! Total build time: 2.213s
2024-02-18T15:24:16.461Z - info: [11:24:16 pm] Reload for file change: C:\repos\nus-cs2103\cs2103-website-base\admin\ip-tasks-fragment.md
2024-02-18T15:24:16.462Z - info: Synchronizing opened pages list before reload
2024-02-18T15:24:16.463Z - info: Current opened pages, from most-to-least recent:
2024-02-18T15:24:16.463Z - info: 1. schedule/week6/project
2024-02-18T15:24:17.481Z - info: Rebuilding 1 pages
2024-02-18T15:24:19.706Z - info: Site data built
2024-02-18T15:24:19.706Z - info: Pages rebuilt
2024-02-18T15:24:19.706Z - info: Website regeneration complete! Total build time: 2.226s
2024-02-18T15:26:53.522Z - info: [11:26:53 pm] Reload for file change: C:\repos\nus-cs2103\cs2103-website-base\admin\ip-tasks-fragment.md
2024-02-18T15:26:53.523Z - info: Synchronizing opened pages list before reload
2024-02-18T15:26:53.523Z - info: Current opened pages, from most-to-least recent:
2024-02-18T15:26:53.524Z - info: 1. schedule/week6/project
2024-02-18T15:26:54.530Z - info: Rebuilding 1 pages
2024-02-18T15:26:57.122Z - info: Site data built
2024-02-18T15:26:57.123Z - info: Pages rebuilt
2024-02-18T15:26:57.123Z - info: Website regeneration complete! Total build time: 2.595s
2024-02-18T15:27:40.917Z - info: [11:27:40 pm] Reload for file change: C:\repos\nus-cs2103\cs2103-website-base\admin\ip-tasks-fragment.md
2024-02-18T15:27:40.917Z - info: Synchronizing opened pages list before reload
2024-02-18T15:27:40.918Z - info: Current opened pages, from most-to-least recent:
2024-02-18T15:27:40.918Z - info: 1. schedule/week6/project
2024-02-18T15:27:41.937Z - info: Rebuilding 1 pages
2024-02-18T15:27:44.395Z - info: Site data built
2024-02-18T15:27:44.395Z - info: Pages rebuilt
2024-02-18T15:27:44.395Z - info: Website regeneration complete! Total build time: 2.459s
2024-02-18T15:29:00.285Z - info: [11:29:00 pm] Reload for file change: C:\repos\nus-cs2103\cs2103-website-base\admin\ip-tasks-fragment.md
2024-02-18T15:29:00.286Z - info: Synchronizing opened pages list before reload
2024-02-18T15:29:00.287Z - info: Current opened pages, from most-to-least recent:
2024-02-18T15:29:00.288Z - info: 1. schedule/week6/project
2024-02-18T15:29:01.301Z - info: Rebuilding 1 pages
2024-02-18T15:29:03.674Z - info: Site data built
2024-02-18T15:29:03.674Z - info: Pages rebuilt
2024-02-18T15:29:03.675Z - info: Website regeneration complete! Total build time: 2.374s
2024-02-18T15:29:08.717Z - info: [11:29:08 pm] Reload for file change: C:\repos\nus-cs2103\cs2103-website-base\admin\ip-tasks-fragment.md
2024-02-18T15:29:08.719Z - info: Synchronizing opened pages list before reload
2024-02-18T15:29:08.719Z - info: Current opened pages, from most-to-least recent:
2024-02-18T15:29:08.720Z - info: 1. schedule/week6/project
2024-02-18T15:29:09.741Z - info: Rebuilding 1 pages
2024-02-18T15:29:11.613Z - info: Site data built
2024-02-18T15:29:11.613Z - info: Pages rebuilt
2024-02-18T15:29:11.614Z - info: Website regeneration complete! Total build time: 1.873s
2024-02-18T15:29:15.692Z - info: Building C:\repos\nus-cs2103\cs2103-website-base\schedule\week2\project as some of its dependencies were changed since the last visit
2024-02-18T15:29:17.140Z - info: Site data built
2024-02-18T15:29:17.140Z - info: Lazy website regeneration complete! Total build time: 1.449s
2024-02-18T15:29:55.168Z - info: [11:29:55 pm] Reload for file change: C:\repos\nus-cs2103\cs2103-website-base\admin\ip-tasks-fragment.md
2024-02-18T15:29:55.169Z - info: Synchronizing opened pages list before reload
2024-02-18T15:29:55.169Z - info: Current opened pages, from most-to-least recent:
2024-02-18T15:29:55.170Z - info: 1. schedule/week2/project
2024-02-18T15:29:55.170Z - info: 2. schedule/week6/project
2024-02-18T15:29:56.177Z - info: Rebuilding 2 pages
2024-02-18T15:29:59.806Z - info: Site data built
2024-02-18T15:29:59.807Z - info: Pages rebuilt
2024-02-18T15:29:59.807Z - info: Website regeneration complete! Total build time: 3.631s
2024-02-18T15:31:03.280Z - info: [11:31:03 pm] Reload for file change: C:\repos\nus-cs2103\cs2103-website-base\admin\ip-tasks-fragment.md
2024-02-18T15:31:03.281Z - info: Synchronizing opened pages list before reload
2024-02-18T15:31:03.282Z - info: Current opened pages, from most-to-least recent:
2024-02-18T15:31:03.282Z - info: 1. schedule/week6/project
2024-02-18T15:31:04.289Z - info: Rebuilding 1 pages
2024-02-18T15:31:06.399Z - info: Site data built
2024-02-18T15:31:06.399Z - info: Pages rebuilt
2024-02-18T15:31:06.399Z - info: Website regeneration complete! Total build time: 2.112s
2024-02-18T15:31:23.508Z - info: [11:31:23 pm] Reload for file change: C:\repos\nus-cs2103\cs2103-website-base\admin\ip-tasks-fragment.md
2024-02-18T15:31:23.510Z - info: Synchronizing opened pages list before reload
2024-02-18T15:31:23.510Z - info: Current opened pages, from most-to-least recent:
2024-02-18T15:31:23.511Z - info: 1. schedule/week6/project
2024-02-18T15:31:24.519Z - info: Rebuilding 1 pages
2024-02-18T15:31:26.579Z - info: Site data built
2024-02-18T15:31:26.579Z - info: Pages rebuilt
2024-02-18T15:31:26.579Z - info: Website regeneration complete! Total build time: 2.062s
2024-02-18T15:32:31.322Z - info: [11:32:31 pm] Reload for file change: C:\repos\nus-cs2103\cs2103-website-base\admin\ip-tasks-fragment.md
2024-02-18T15:32:31.323Z - info: Synchronizing opened pages list before reload
2024-02-18T15:32:31.323Z - info: Current opened pages, from most-to-least recent:
2024-02-18T15:32:31.323Z - info: 1. schedule/week6/project
2024-02-18T15:32:32.343Z - info: Rebuilding 1 pages
2024-02-18T15:32:34.431Z - info: Site data built
2024-02-18T15:32:34.431Z - info: Pages rebuilt
2024-02-18T15:32:34.431Z - info: Website regeneration complete! Total build time: 2.091s
2024-02-18T15:33:36.157Z - info: [11:33:36 pm] Reload for file change: C:\repos\nus-cs2103\cs2103-website-base\book\projectDuke\extensions-fragment.md
2024-02-18T15:33:36.157Z - info: Synchronizing opened pages list before reload
2024-02-18T15:33:36.157Z - info: Current opened pages, from most-to-least recent:
2024-02-18T15:33:36.158Z - info: 1. schedule/week6/project
2024-02-18T15:33:37.169Z - info: Rebuilding 1 pages
2024-02-18T15:33:39.235Z - info: Site data built
2024-02-18T15:33:39.235Z - info: Pages rebuilt
2024-02-18T15:33:39.235Z - info: Website regeneration complete! Total build time: 2.068s
2024-02-18T15:36:03.301Z - info: [11:36:03 pm] Reload for file change: C:\repos\nus-cs2103\cs2103-website-base\admin\ip-tasks-fragment.md
2024-02-18T15:36:03.302Z - info: Synchronizing opened pages list before reload
2024-02-18T15:36:03.302Z - info: Current opened pages, from most-to-least recent:
2024-02-18T15:36:03.302Z - info: 1. schedule/week6/project
2024-02-18T15:36:04.309Z - info: Rebuilding 1 pages
2024-02-18T15:36:06.656Z - info: Site data built
2024-02-18T15:36:06.656Z - info: Pages rebuilt
2024-02-18T15:36:06.657Z - info: Website regeneration complete! Total build time: 2.348s
2024-02-18T15:37:31.868Z - info: [11:37:31 pm] Reload for file change: C:\repos\nus-cs2103\cs2103-website-base\admin\ip-tasks-fragment.md
2024-02-18T15:37:31.869Z - info: Synchronizing opened pages list before reload
2024-02-18T15:37:31.869Z - info: Current opened pages, from most-to-least recent:
2024-02-18T15:37:31.869Z - info: 1. schedule/week6/project
2024-02-18T15:37:32.880Z - info: Rebuilding 1 pages
2024-02-18T15:37:34.956Z - info: Site data built
2024-02-18T15:37:34.956Z - info: Pages rebuilt
2024-02-18T15:37:34.956Z - info: Website regeneration complete! Total build time: 2.079s
2024-02-18T15:37:53.807Z - info: [11:37:53 pm] Reload for file change: C:\repos\nus-cs2103\cs2103-website-base\admin\ip-tasks-fragment.md
2024-02-18T15:37:53.808Z - info: Synchronizing opened pages list before reload
2024-02-18T15:37:53.808Z - info: Current opened pages, from most-to-least recent:
2024-02-18T15:37:53.808Z - info: 1. schedule/week6/project
2024-02-18T15:37:54.823Z - info: Rebuilding 1 pages
2024-02-18T15:37:56.894Z - info: Site data built
2024-02-18T15:37:56.895Z - info: Pages rebuilt
2024-02-18T15:37:56.895Z - info: Website regeneration complete! Total build time: 2.073s
2024-02-18T15:39:39.171Z - info: [11:39:39 pm] Reload for file change: C:\repos\nus-cs2103\cs2103-website-base\admin\ip-tasks-fragment.md
2024-02-18T15:39:39.171Z - info: Synchronizing opened pages list before reload
2024-02-18T15:39:39.172Z - info: Current opened pages, from most-to-least recent:
2024-02-18T15:39:39.172Z - info: 1. schedule/week6/project
2024-02-18T15:39:40.186Z - info: Rebuilding 1 pages
2024-02-18T15:39:42.350Z - info: Site data built
2024-02-18T15:39:42.350Z - info: Pages rebuilt
2024-02-18T15:39:42.350Z - info: Website regeneration complete! Total build time: 2.165s
2024-02-18T15:40:23.456Z - info: [11:40:23 pm] Reload for file change: C:\repos\nus-cs2103\cs2103-website-base\admin\ip-tasks-fragment.md
2024-02-18T15:40:23.457Z - info: Synchronizing opened pages list before reload
2024-02-18T15:40:23.458Z - info: Current opened pages, from most-to-least recent:
2024-02-18T15:40:23.458Z - info: 1. schedule/week6/project
2024-02-18T15:40:24.469Z - info: Rebuilding 1 pages
2024-02-18T15:40:26.587Z - info: Site data built
2024-02-18T15:40:26.587Z - info: Pages rebuilt
2024-02-18T15:40:26.588Z - info: Website regeneration complete! Total build time: 2.121s
2024-02-18T15:41:18.431Z - info: [11:41:18 pm] Reload for file change: C:\repos\nus-cs2103\cs2103-website-base\admin\ip-tasks-fragment.md
2024-02-18T15:41:18.432Z - info: Synchronizing opened pages list before reload
2024-02-18T15:41:18.432Z - info: Current opened pages, from most-to-least recent:
2024-02-18T15:41:18.433Z - info: 1. schedule/week6/project
2024-02-18T15:41:19.449Z - info: Rebuilding 1 pages
2024-02-18T15:41:21.899Z - info: Site data built
2024-02-18T15:41:21.899Z - info: Pages rebuilt
2024-02-18T15:41:21.899Z - info: Website regeneration complete! Total build time: 2.451s
2024-02-18T15:55:06.259Z - info: Website generation started at 11:55:03 pm
2024-02-18T15:55:15.343Z - info: Building assets...
2024-02-18T15:55:21.565Z - info: Assets built
2024-02-18T15:55:21.566Z - info: Generating pages...
2024-02-18T15:55:54.290Z - debug:  
2024-02-18T15:55:54.292Z - debug:  
2024-02-18T15:55:54.293Z - debug:  
2024-02-18T15:55:54.293Z - debug:  
2024-02-18T15:55:54.294Z - debug:  
2024-02-18T15:55:54.295Z - debug:  
2024-02-18T15:55:54.295Z - debug:  
2024-02-18T15:55:54.296Z - debug:  
2024-02-18T15:55:54.797Z - debug:  
2024-02-18T15:55:54.801Z - debug:  
2024-02-18T15:55:54.804Z - debug:  
2024-02-18T15:55:54.833Z - debug:  
2024-02-18T15:55:54.833Z - debug:  
2024-02-18T15:55:55.142Z - debug:  
2024-02-18T15:55:55.177Z - debug:  
2024-02-18T15:55:57.662Z - debug:  
2024-02-18T15:55:58.030Z - debug:  
2024-02-18T15:58:06.696Z - debug:  
2024-02-18T15:58:23.439Z - debug:  
2024-02-18T15:58:23.455Z - debug:  
2024-02-18T15:58:34.719Z - info: Pages built
2024-02-18T15:58:35.809Z - info: Site data built
2024-02-18T15:58:35.809Z - info: Website generation complete! Total build time: 212.461s
2024-02-18T15:58:35.809Z - info: Build success!
