2024-02-18T16:04:06.772Z - info: The website has been deployed at: https://nus-cs2103-ay2324s2.github.io/website
2024-02-19T10:42:43.652Z - info: Website generation started at 6:42:37 pm
2024-02-19T10:42:51.378Z - info: Building assets...
2024-02-19T10:42:56.977Z - info: Assets built
2024-02-19T10:42:56.978Z - info: Generating pages...
2024-02-19T10:43:22.475Z - debug:  
2024-02-19T10:43:22.967Z - debug:  
2024-02-19T10:43:23.081Z - debug:  
2024-02-19T10:43:23.086Z - debug:  
2024-02-19T10:43:23.195Z - debug:  
2024-02-19T10:43:23.246Z - debug:  
2024-02-19T10:43:25.534Z - debug:  
2024-02-19T10:43:25.535Z - debug:  
2024-02-19T10:43:25.535Z - debug:  
2024-02-19T10:43:25.535Z - debug:  
2024-02-19T10:43:25.535Z - debug:  
2024-02-19T10:43:25.535Z - debug:  
2024-02-19T10:43:25.536Z - debug:  
2024-02-19T10:43:25.536Z - debug:  
2024-02-19T10:43:25.536Z - debug:  
2024-02-19T10:43:25.536Z - debug:  
2024-02-19T10:43:25.776Z - debug:  
2024-02-19T10:45:22.254Z - debug:  
2024-02-19T10:45:37.687Z - debug:  
2024-02-19T10:45:37.764Z - debug:  
2024-02-19T10:45:48.569Z - info: Pages built
2024-02-19T10:45:49.453Z - info: Site data built
2024-02-19T10:45:49.454Z - info: Website generation complete! Total build time: 191.549s
2024-02-19T10:45:49.454Z - info: Build success!
2024-02-19T10:48:03.430Z - info: The website has been deployed at: https://nus-cs2103-ay2324s2.github.io/website
