2024-05-03T07:42:34.041Z - info: Website generation (lazy) started at 3:42:28 pm
2024-05-03T07:42:42.549Z - info: Building assets...
2024-05-03T07:42:48.817Z - info: Assets built
2024-05-03T07:42:48.818Z - info: Generating landing page...
2024-05-03T07:42:50.106Z - info: Landing page built, other pages will be built as you navigate to them!
2024-05-03T07:42:51.183Z - info: Site data built
2024-05-03T07:42:51.183Z - info: Website generation (lazy) complete! Total build time: 22.73s
2024-05-03T07:42:51.223Z - info: Serving "C:\repos\nus-cs2103\cs2103-website-base\_site" at http://127.0.0.1:8080
2024-05-03T07:42:51.223Z - info: Press CTRL+C to stop ...
2024-05-03T07:45:15.473Z - info: Building C:\repos\nus-cs2103\cs2103-website-base\admin\index as some of its dependencies were changed since the last visit
2024-05-03T07:45:15.985Z - info: Site data built
2024-05-03T07:45:15.986Z - info: Lazy website regeneration complete! Total build time: 0.513s
2024-05-03T07:45:47.487Z - info: Building C:\repos\nus-cs2103\cs2103-website-base\admin\gradeBreakdown as some of its dependencies were changed since the last visit
2024-05-03T07:45:50.202Z - debug:  
2024-05-03T07:45:50.263Z - info: Site data built
2024-05-03T07:45:50.263Z - info: Lazy website regeneration complete! Total build time: 2.776s
2024-05-03T07:46:35.719Z - info: Building C:\repos\nus-cs2103\cs2103-website-base\schedule\week4\index as some of its dependencies were changed since the last visit
2024-05-03T07:46:37.236Z - info: Site data built
2024-05-03T07:46:37.237Z - info: Lazy website regeneration complete! Total build time: 1.517s
2024-05-03T07:46:39.904Z - info: Building C:\repos\nus-cs2103\cs2103-website-base\schedule\week4\project as some of its dependencies were changed since the last visit
2024-05-03T07:46:42.558Z - info: Site data built
2024-05-03T07:46:42.558Z - info: Lazy website regeneration complete! Total build time: 2.654s
2024-05-03T07:51:01.810Z - info: Building C:\repos\nus-cs2103\cs2103-website-base\schedule\timeline as some of its dependencies were changed since the last visit
2024-05-03T07:51:08.835Z - info: Site data built
2024-05-03T07:51:08.835Z - info: Lazy website regeneration complete! Total build time: 7.025s
2024-05-03T07:51:09.568Z - info: Building C:\repos\nus-cs2103\cs2103-website-base\schedule\timeline as some of its dependencies were changed since the last visit
2024-05-03T07:51:14.048Z - info: Site data built
2024-05-03T07:51:14.049Z - info: Lazy website regeneration complete! Total build time: 4.48s
2024-05-03T07:51:42.373Z - info: Building C:\repos\nus-cs2103\cs2103-website-base\schedule\week3\project as some of its dependencies were changed since the last visit
2024-05-03T07:51:44.221Z - info: Site data built
2024-05-03T07:51:44.222Z - info: Lazy website regeneration complete! Total build time: 1.848s
2024-05-03T07:54:02.724Z - info: [3:54:02 pm] Reload for file change: C:\repos\nus-cs2103\cs2103-website-base\admin\ip-tasks-fragment.md
2024-05-03T07:54:02.726Z - info: Synchronizing opened pages list before reload
2024-05-03T07:54:02.727Z - info: Current opened pages, from most-to-least recent:
2024-05-03T07:54:02.728Z - info: 1. schedule/week3/project
2024-05-03T07:54:03.739Z - info: Rebuilding 1 pages
2024-05-03T07:54:06.258Z - info: Site data built
2024-05-03T07:54:06.258Z - info: Pages rebuilt
2024-05-03T07:54:06.258Z - info: Website regeneration complete! Total build time: 2.52s
2024-05-03T07:54:31.622Z - info: [3:54:31 pm] Reload for file change: C:\repos\nus-cs2103\cs2103-website-base\admin\ip-tasks-fragment.md
2024-05-03T07:54:31.622Z - info: Synchronizing opened pages list before reload
2024-05-03T07:54:31.622Z - info: Current opened pages, from most-to-least recent:
2024-05-03T07:54:31.622Z - info: 1. schedule/week3/project
2024-05-03T07:54:32.637Z - info: Rebuilding 1 pages
2024-05-03T07:54:34.953Z - info: Site data built
2024-05-03T07:54:34.954Z - info: Pages rebuilt
2024-05-03T07:54:34.954Z - info: Website regeneration complete! Total build time: 2.317s
2024-05-03T07:55:51.167Z - info: [3:55:51 pm] Reload for file change: C:\repos\nus-cs2103\cs2103-website-base\admin\ip-tasks-fragment.md
2024-05-03T07:55:51.167Z - info: Synchronizing opened pages list before reload
2024-05-03T07:55:51.168Z - info: Current opened pages, from most-to-least recent:
2024-05-03T07:55:51.168Z - info: 1. schedule/week3/project
2024-05-03T07:55:52.182Z - info: Rebuilding 1 pages
2024-05-03T07:55:54.520Z - info: Site data built
2024-05-03T07:55:54.520Z - info: Pages rebuilt
2024-05-03T07:55:54.520Z - info: Website regeneration complete! Total build time: 2.339s
2024-05-03T07:57:58.833Z - info: [3:57:58 pm] Reload for file change: C:\repos\nus-cs2103\cs2103-website-base\admin\ip-tasks-fragment.md
2024-05-03T07:57:58.834Z - info: Synchronizing opened pages list before reload
2024-05-03T07:57:58.834Z - info: Current opened pages, from most-to-least recent:
2024-05-03T07:57:58.834Z - info: 1. schedule/week3/project
2024-05-03T07:57:59.847Z - info: Rebuilding 1 pages
2024-05-03T07:58:02.595Z - info: Site data built
2024-05-03T07:58:02.595Z - info: Pages rebuilt
2024-05-03T07:58:02.595Z - info: Website regeneration complete! Total build time: 2.748s
2024-05-03T07:59:08.575Z - info: [3:59:08 pm] Reload for file change: C:\repos\nus-cs2103\cs2103-website-base\admin\ip-tasks-fragment.md
2024-05-03T07:59:08.576Z - info: Synchronizing opened pages list before reload
2024-05-03T07:59:08.576Z - info: Current opened pages, from most-to-least recent:
2024-05-03T07:59:08.576Z - info: 1. schedule/week3/project
2024-05-03T07:59:09.593Z - info: Rebuilding 1 pages
2024-05-03T07:59:11.827Z - info: Site data built
2024-05-03T07:59:11.827Z - info: Pages rebuilt
2024-05-03T07:59:11.828Z - info: Website regeneration complete! Total build time: 2.235s
2024-05-03T07:59:34.861Z - info: [3:59:34 pm] Reload for file change: C:\repos\nus-cs2103\cs2103-website-base\admin\ip-tasks-fragment.md
2024-05-03T07:59:34.861Z - info: Synchronizing opened pages list before reload
2024-05-03T07:59:34.861Z - info: Current opened pages, from most-to-least recent:
2024-05-03T07:59:34.861Z - info: 1. schedule/week3/project
2024-05-03T07:59:35.875Z - info: Rebuilding 1 pages
2024-05-03T07:59:38.017Z - info: Site data built
2024-05-03T07:59:38.017Z - info: Pages rebuilt
2024-05-03T07:59:38.017Z - info: Website regeneration complete! Total build time: 2.143s
2024-05-03T08:00:12.276Z - info: [4:00:12 pm] Reload for file change: C:\repos\nus-cs2103\cs2103-website-base\admin\ip-tasks-fragment.md
2024-05-03T08:00:12.276Z - info: Synchronizing opened pages list before reload
2024-05-03T08:00:12.276Z - info: Current opened pages, from most-to-least recent:
2024-05-03T08:00:12.277Z - info: 1. schedule/week3/project
2024-05-03T08:00:13.295Z - info: Rebuilding 1 pages
2024-05-03T08:00:15.759Z - info: Site data built
2024-05-03T08:00:15.760Z - info: Pages rebuilt
2024-05-03T08:00:15.760Z - info: Website regeneration complete! Total build time: 2.466s
2024-05-03T08:00:44.532Z - info: [4:00:44 pm] Reload for file change: C:\repos\nus-cs2103\cs2103-website-base\admin\ip-tasks-fragment.md
2024-05-03T08:00:44.533Z - info: Synchronizing opened pages list before reload
2024-05-03T08:00:44.533Z - info: Current opened pages, from most-to-least recent:
2024-05-03T08:00:44.533Z - info: 1. schedule/week3/project
2024-05-03T08:00:45.545Z - info: Rebuilding 1 pages
2024-05-03T08:00:47.772Z - info: Site data built
2024-05-03T08:00:47.773Z - info: Pages rebuilt
2024-05-03T08:00:47.773Z - info: Website regeneration complete! Total build time: 2.229s
2024-05-03T08:01:04.730Z - info: [4:01:04 pm] Reload for file change: C:\repos\nus-cs2103\cs2103-website-base\admin\ip-tasks-fragment.md
2024-05-03T08:01:04.730Z - info: Synchronizing opened pages list before reload
2024-05-03T08:01:04.731Z - info: Current opened pages, from most-to-least recent:
2024-05-03T08:01:04.731Z - info: 1. schedule/week3/project
2024-05-03T08:01:05.753Z - info: Rebuilding 1 pages
2024-05-03T08:01:08.727Z - info: Site data built
2024-05-03T08:01:08.727Z - info: Pages rebuilt
2024-05-03T08:01:08.727Z - info: Website regeneration complete! Total build time: 2.975s
2024-05-03T08:01:53.000Z - info: [4:01:53 pm] Reload for file change: C:\repos\nus-cs2103\cs2103-website-base\admin\ip-tasks-fragment.md
2024-05-03T08:01:53.001Z - info: Synchronizing opened pages list before reload
2024-05-03T08:01:53.001Z - info: Current opened pages, from most-to-least recent:
2024-05-03T08:01:53.001Z - info: 1. schedule/week3/project
2024-05-03T08:01:54.006Z - info: Rebuilding 1 pages
2024-05-03T08:01:56.256Z - info: Site data built
2024-05-03T08:01:56.256Z - info: Pages rebuilt
2024-05-03T08:01:56.256Z - info: Website regeneration complete! Total build time: 2.25s
2024-05-03T08:02:23.011Z - info: [4:02:23 pm] Reload for file change: C:\repos\nus-cs2103\cs2103-website-base\admin\ip-tasks-fragment.md
2024-05-03T08:02:23.011Z - info: Synchronizing opened pages list before reload
2024-05-03T08:02:23.011Z - info: Current opened pages, from most-to-least recent:
2024-05-03T08:02:23.011Z - info: 1. schedule/week3/project
2024-05-03T08:02:24.015Z - info: Rebuilding 1 pages
2024-05-03T08:02:26.246Z - info: Site data built
2024-05-03T08:02:26.246Z - info: Pages rebuilt
2024-05-03T08:02:26.246Z - info: Website regeneration complete! Total build time: 2.232s
2024-05-03T08:02:47.653Z - info: [4:02:47 pm] Reload for file change: C:\repos\nus-cs2103\cs2103-website-base\admin\ip-tasks-fragment.md
2024-05-03T08:02:47.654Z - info: Synchronizing opened pages list before reload
2024-05-03T08:02:47.654Z - info: Current opened pages, from most-to-least recent:
2024-05-03T08:02:47.654Z - info: 1. schedule/week3/project
2024-05-03T08:02:48.670Z - info: Rebuilding 1 pages
2024-05-03T08:02:51.013Z - info: Site data built
2024-05-03T08:02:51.013Z - info: Pages rebuilt
2024-05-03T08:02:51.014Z - info: Website regeneration complete! Total build time: 2.345s
2024-05-03T08:03:22.801Z - info: [4:03:22 pm] Reload for file change: C:\repos\nus-cs2103\cs2103-website-base\admin\ip-tasks-fragment.md
2024-05-03T08:03:22.802Z - info: Synchronizing opened pages list before reload
2024-05-03T08:03:22.802Z - info: Current opened pages, from most-to-least recent:
2024-05-03T08:03:22.802Z - info: 1. schedule/week3/project
2024-05-03T08:03:23.814Z - info: Rebuilding 1 pages
2024-05-03T08:03:26.148Z - info: Site data built
2024-05-03T08:03:26.149Z - info: Pages rebuilt
2024-05-03T08:03:26.149Z - info: Website regeneration complete! Total build time: 2.335s
2024-05-03T08:04:02.764Z - info: [4:04:02 pm] Reload for file change: C:\repos\nus-cs2103\cs2103-website-base\admin\ip-tasks-fragment.md
2024-05-03T08:04:02.764Z - info: Synchronizing opened pages list before reload
2024-05-03T08:04:02.764Z - info: Current opened pages, from most-to-least recent:
2024-05-03T08:04:02.764Z - info: 1. schedule/week3/project
2024-05-03T08:04:03.773Z - info: Rebuilding 1 pages
2024-05-03T08:04:06.036Z - info: Site data built
2024-05-03T08:04:06.036Z - info: Pages rebuilt
2024-05-03T08:04:06.036Z - info: Website regeneration complete! Total build time: 2.264s
2024-05-03T08:04:53.494Z - info: [4:04:53 pm] Reload for file change: C:\repos\nus-cs2103\cs2103-website-base\admin\ip-tasks-fragment.md
2024-05-03T08:04:53.494Z - info: Synchronizing opened pages list before reload
2024-05-03T08:04:53.494Z - info: Current opened pages, from most-to-least recent:
2024-05-03T08:04:53.494Z - info: 1. schedule/week3/project
2024-05-03T08:04:54.511Z - info: Rebuilding 1 pages
2024-05-03T08:04:56.737Z - info: Site data built
2024-05-03T08:04:56.737Z - info: Pages rebuilt
2024-05-03T08:04:56.738Z - info: Website regeneration complete! Total build time: 2.228s
2024-05-03T08:05:33.751Z - info: [4:05:33 pm] Reload for file change: C:\repos\nus-cs2103\cs2103-website-base\admin\ip-tasks-fragment.md
2024-05-03T08:05:33.751Z - info: Synchronizing opened pages list before reload
2024-05-03T08:05:33.751Z - info: Current opened pages, from most-to-least recent:
2024-05-03T08:05:33.751Z - info: 1. schedule/week3/project
2024-05-03T08:05:34.766Z - info: Rebuilding 1 pages
2024-05-03T08:05:36.704Z - info: Site data built
2024-05-03T08:05:36.705Z - info: Pages rebuilt
2024-05-03T08:05:36.705Z - info: Website regeneration complete! Total build time: 1.939s
2024-05-03T08:05:54.159Z - info: [4:05:54 pm] Reload for file change: C:\repos\nus-cs2103\cs2103-website-base\admin\ip-tasks-fragment.md
2024-05-03T08:05:54.160Z - info: Synchronizing opened pages list before reload
2024-05-03T08:05:54.161Z - info: Current opened pages, from most-to-least recent:
2024-05-03T08:05:54.161Z - info: 1. schedule/week3/project
2024-05-03T08:05:55.166Z - info: Rebuilding 1 pages
2024-05-03T08:05:57.128Z - info: Site data built
2024-05-03T08:05:57.128Z - info: Pages rebuilt
2024-05-03T08:05:57.129Z - info: Website regeneration complete! Total build time: 1.964s
2024-05-03T08:06:45.166Z - info: [4:06:45 pm] Reload for file change: C:\repos\nus-cs2103\cs2103-website-base\admin\ip-tasks-fragment.md
2024-05-03T08:06:45.166Z - info: Synchronizing opened pages list before reload
2024-05-03T08:06:45.166Z - info: Current opened pages, from most-to-least recent:
2024-05-03T08:06:45.166Z - info: 1. schedule/week3/project
2024-05-03T08:06:46.179Z - info: Rebuilding 1 pages
2024-05-03T08:06:47.857Z - info: Site data built
2024-05-03T08:06:47.858Z - info: Pages rebuilt
2024-05-03T08:06:47.858Z - info: Website regeneration complete! Total build time: 1.681s
2024-05-03T08:40:32.707Z - info: [4:40:32 pm] Reload for file change: C:\repos\nus-cs2103\cs2103-website-base\admin\ip-tasks-fragment.md
2024-05-03T08:40:32.708Z - info: Synchronizing opened pages list before reload
2024-05-03T08:40:32.708Z - info: Current opened pages, from most-to-least recent:
2024-05-03T08:40:32.709Z - info: 1. schedule/week3/project
2024-05-03T08:40:33.724Z - info: Rebuilding 1 pages
2024-05-03T08:40:36.136Z - info: Site data built
2024-05-03T08:40:36.137Z - info: Pages rebuilt
2024-05-03T08:40:36.137Z - info: Website regeneration complete! Total build time: 2.414s
2024-05-03T08:40:56.324Z - info: [4:40:56 pm] Reload for file change: C:\repos\nus-cs2103\cs2103-website-base\admin\ip-tasks-fragment.md
2024-05-03T08:40:56.324Z - info: Synchronizing opened pages list before reload
2024-05-03T08:40:56.324Z - info: Current opened pages, from most-to-least recent:
2024-05-03T08:40:56.325Z - info: 1. schedule/week3/project
2024-05-03T08:40:57.333Z - info: Rebuilding 1 pages
2024-05-03T08:40:59.589Z - info: Site data built
2024-05-03T08:40:59.590Z - info: Pages rebuilt
2024-05-03T08:40:59.590Z - info: Website regeneration complete! Total build time: 2.259s
2024-05-03T08:41:50.998Z - info: [4:41:50 pm] Reload for file change: C:\repos\nus-cs2103\cs2103-website-base\admin\ip-tasks-fragment.md
2024-05-03T08:41:50.999Z - info: Synchronizing opened pages list before reload
2024-05-03T08:41:50.999Z - info: Current opened pages, from most-to-least recent:
2024-05-03T08:41:50.999Z - info: 1. schedule/week3/project
2024-05-03T08:41:52.013Z - info: Rebuilding 1 pages
2024-05-03T08:41:53.696Z - info: Site data built
2024-05-03T08:41:53.696Z - info: Pages rebuilt
2024-05-03T08:41:53.696Z - info: Website regeneration complete! Total build time: 1.686s
2024-05-03T08:42:34.644Z - info: [4:42:34 pm] Reload for file change: C:\repos\nus-cs2103\cs2103-website-base\admin\ip-tasks-fragment.md
2024-05-03T08:42:34.645Z - info: Synchronizing opened pages list before reload
2024-05-03T08:42:34.645Z - info: Current opened pages, from most-to-least recent:
2024-05-03T08:42:34.645Z - info: 1. schedule/week3/project
2024-05-03T08:42:35.647Z - info: Rebuilding 1 pages
2024-05-03T08:42:37.340Z - info: Site data built
2024-05-03T08:42:37.340Z - info: Pages rebuilt
2024-05-03T08:42:37.340Z - info: Website regeneration complete! Total build time: 1.693s
2024-05-03T08:43:00.512Z - info: [4:43:00 pm] Reload for file change: C:\repos\nus-cs2103\cs2103-website-base\admin\ip-tasks-fragment.md
2024-05-03T08:43:00.513Z - info: Synchronizing opened pages list before reload
2024-05-03T08:43:00.513Z - info: Current opened pages, from most-to-least recent:
2024-05-03T08:43:00.513Z - info: 1. schedule/week3/project
2024-05-03T08:43:01.528Z - info: Rebuilding 1 pages
2024-05-03T08:43:03.665Z - info: Site data built
2024-05-03T08:43:03.665Z - info: Pages rebuilt
2024-05-03T08:43:03.665Z - info: Website regeneration complete! Total build time: 2.138s
2024-05-03T08:43:59.108Z - info: [4:43:59 pm] Reload for file change: C:\repos\nus-cs2103\cs2103-website-base\admin\ip-tasks-fragment.md
2024-05-03T08:43:59.108Z - info: Synchronizing opened pages list before reload
2024-05-03T08:43:59.108Z - info: Current opened pages, from most-to-least recent:
2024-05-03T08:43:59.108Z - info: 1. schedule/week3/project
2024-05-03T08:44:00.118Z - info: Rebuilding 1 pages
2024-05-03T08:44:02.624Z - info: Site data built
2024-05-03T08:44:02.624Z - info: Pages rebuilt
2024-05-03T08:44:02.625Z - info: Website regeneration complete! Total build time: 2.507s
2024-05-03T08:44:37.962Z - info: [4:44:37 pm] Reload for file change: C:\repos\nus-cs2103\cs2103-website-base\admin\ip-tasks-fragment.md
2024-05-03T08:44:37.962Z - info: Synchronizing opened pages list before reload
2024-05-03T08:44:37.962Z - info: Current opened pages, from most-to-least recent:
2024-05-03T08:44:37.962Z - info: 1. schedule/week3/project
2024-05-03T08:44:38.981Z - info: Rebuilding 1 pages
2024-05-03T08:44:41.443Z - info: Site data built
2024-05-03T08:44:41.443Z - info: Pages rebuilt
2024-05-03T08:44:41.443Z - info: Website regeneration complete! Total build time: 2.463s
2024-05-03T08:45:25.052Z - info: [4:45:25 pm] Reload for file change: C:\repos\nus-cs2103\cs2103-website-base\admin\ip-tasks-fragment.md
2024-05-03T08:45:25.053Z - info: Synchronizing opened pages list before reload
2024-05-03T08:45:25.053Z - info: Current opened pages, from most-to-least recent:
2024-05-03T08:45:25.053Z - info: 1. schedule/week3/project
2024-05-03T08:45:26.073Z - info: Rebuilding 1 pages
2024-05-03T08:45:28.093Z - info: Site data built
2024-05-03T08:45:28.093Z - info: Pages rebuilt
2024-05-03T08:45:28.093Z - info: Website regeneration complete! Total build time: 2.023s
2024-05-03T08:46:15.337Z - info: [4:46:15 pm] Reload for file change: C:\repos\nus-cs2103\cs2103-website-base\admin\ip-tasks-fragment.md
2024-05-03T08:46:15.337Z - info: Synchronizing opened pages list before reload
2024-05-03T08:46:15.337Z - info: Current opened pages, from most-to-least recent:
2024-05-03T08:46:15.337Z - info: 1. schedule/week3/project
2024-05-03T08:46:16.352Z - info: Rebuilding 1 pages
2024-05-03T08:46:18.014Z - info: Site data built
2024-05-03T08:46:18.014Z - info: Pages rebuilt
2024-05-03T08:46:18.014Z - info: Website regeneration complete! Total build time: 1.662s
2024-05-03T08:48:03.262Z - info: [4:48:03 pm] Reload for file change: C:\repos\nus-cs2103\cs2103-website-base\admin\ip-tasks-fragment.md
2024-05-03T08:48:03.263Z - info: Synchronizing opened pages list before reload
2024-05-03T08:48:03.263Z - info: Current opened pages, from most-to-least recent:
2024-05-03T08:48:03.263Z - info: 1. schedule/week3/project
2024-05-03T08:48:04.281Z - info: Rebuilding 1 pages
2024-05-03T08:48:05.962Z - info: Site data built
2024-05-03T08:48:05.962Z - info: Pages rebuilt
2024-05-03T08:48:05.962Z - info: Website regeneration complete! Total build time: 1.681s
2024-05-03T08:49:02.789Z - info: [4:49:02 pm] Reload for file change: C:\repos\nus-cs2103\cs2103-website-base\admin\ip-tasks-fragment.md
2024-05-03T08:49:02.790Z - info: Synchronizing opened pages list before reload
2024-05-03T08:49:02.790Z - info: Current opened pages, from most-to-least recent:
2024-05-03T08:49:02.790Z - info: 1. schedule/week3/project
2024-05-03T08:49:03.796Z - info: Rebuilding 1 pages
2024-05-03T08:49:05.450Z - info: Site data built
2024-05-03T08:49:05.450Z - info: Pages rebuilt
2024-05-03T08:49:05.450Z - info: Website regeneration complete! Total build time: 1.655s
2024-05-03T08:49:59.670Z - info: [4:49:59 pm] Reload for file change: C:\repos\nus-cs2103\cs2103-website-base\admin\ip-tasks-fragment.md
2024-05-03T08:49:59.670Z - info: Synchronizing opened pages list before reload
2024-05-03T08:49:59.671Z - info: Current opened pages, from most-to-least recent:
2024-05-03T08:49:59.671Z - info: 1. schedule/week3/project
2024-05-03T08:50:00.688Z - info: Rebuilding 1 pages
2024-05-03T08:50:02.405Z - info: Site data built
2024-05-03T08:50:02.406Z - info: Pages rebuilt
2024-05-03T08:50:02.406Z - info: Website regeneration complete! Total build time: 1.72s
2024-05-03T08:50:38.845Z - info: [4:50:38 pm] Reload for file change: C:\repos\nus-cs2103\cs2103-website-base\admin\ip-tasks-fragment.md
2024-05-03T08:50:38.845Z - info: Synchronizing opened pages list before reload
2024-05-03T08:50:38.845Z - info: Current opened pages, from most-to-least recent:
2024-05-03T08:50:38.845Z - info: 1. schedule/week3/project
2024-05-03T08:50:39.859Z - info: Rebuilding 1 pages
2024-05-03T08:50:41.520Z - info: Site data built
2024-05-03T08:50:41.520Z - info: Pages rebuilt
2024-05-03T08:50:41.520Z - info: Website regeneration complete! Total build time: 1.663s
2024-05-03T08:51:08.485Z - info: [4:51:08 pm] Reload for file change: C:\repos\nus-cs2103\cs2103-website-base\admin\ip-tasks-fragment.md
2024-05-03T08:51:08.485Z - info: Synchronizing opened pages list before reload
2024-05-03T08:51:08.485Z - info: Current opened pages, from most-to-least recent:
2024-05-03T08:51:08.486Z - info: 1. schedule/week3/project
2024-05-03T08:51:09.502Z - info: Rebuilding 1 pages
2024-05-03T08:51:11.185Z - info: Site data built
2024-05-03T08:51:11.185Z - info: Pages rebuilt
2024-05-03T08:51:11.185Z - info: Website regeneration complete! Total build time: 1.685s
2024-05-03T08:51:22.989Z - info: [4:51:22 pm] Reload for file change: C:\repos\nus-cs2103\cs2103-website-base\admin\ip-tasks-fragment.md
2024-05-03T08:51:22.989Z - info: Synchronizing opened pages list before reload
2024-05-03T08:51:22.989Z - info: Current opened pages, from most-to-least recent:
2024-05-03T08:51:22.989Z - info: 1. schedule/week3/project
2024-05-03T08:51:23.993Z - info: Rebuilding 1 pages
2024-05-03T08:51:25.442Z - info: Site data built
2024-05-03T08:51:25.442Z - info: Pages rebuilt
2024-05-03T08:51:25.442Z - info: Website regeneration complete! Total build time: 1.45s
2024-05-03T08:52:49.780Z - info: [4:52:49 pm] Reload for file change: C:\repos\nus-cs2103\cs2103-website-base\admin\ip-tasks-fragment.md
2024-05-03T08:52:49.780Z - info: Synchronizing opened pages list before reload
2024-05-03T08:52:49.780Z - info: Current opened pages, from most-to-least recent:
2024-05-03T08:52:49.780Z - info: 1. schedule/week3/project
2024-05-03T08:52:50.798Z - info: Rebuilding 1 pages
2024-05-03T08:52:52.430Z - info: Site data built
2024-05-03T08:52:52.430Z - info: Pages rebuilt
2024-05-03T08:52:52.430Z - info: Website regeneration complete! Total build time: 1.633s
2024-05-03T08:53:02.716Z - info: [4:53:02 pm] Reload for file change: C:\repos\nus-cs2103\cs2103-website-base\admin\ip-tasks-fragment.md
2024-05-03T08:53:02.717Z - info: Synchronizing opened pages list before reload
2024-05-03T08:53:02.717Z - info: Current opened pages, from most-to-least recent:
2024-05-03T08:53:02.717Z - info: 1. schedule/week3/project
2024-05-03T08:53:03.727Z - info: Rebuilding 1 pages
2024-05-03T08:53:05.359Z - info: Site data built
2024-05-03T08:53:05.360Z - info: Pages rebuilt
2024-05-03T08:53:05.360Z - info: Website regeneration complete! Total build time: 1.634s
2024-05-03T08:54:12.426Z - info: [4:54:12 pm] Reload for file change: C:\repos\nus-cs2103\cs2103-website-base\admin\ip-tasks-fragment.md
2024-05-03T08:54:12.427Z - info: Synchronizing opened pages list before reload
2024-05-03T08:54:12.427Z - info: Current opened pages, from most-to-least recent:
2024-05-03T08:54:12.427Z - info: 1. schedule/week3/project
2024-05-03T08:54:13.434Z - info: Rebuilding 1 pages
2024-05-03T08:54:15.118Z - info: Site data built
2024-05-03T08:54:15.118Z - info: Pages rebuilt
2024-05-03T08:54:15.118Z - info: Website regeneration complete! Total build time: 1.685s
2024-05-03T08:55:01.856Z - info: [4:55:01 pm] Reload for file change: C:\repos\nus-cs2103\cs2103-website-base\admin\ip-tasks-fragment.md
2024-05-03T08:55:01.857Z - info: Synchronizing opened pages list before reload
2024-05-03T08:55:01.857Z - info: Current opened pages, from most-to-least recent:
2024-05-03T08:55:01.857Z - info: 1. schedule/week3/project
2024-05-03T08:55:02.876Z - info: Rebuilding 1 pages
2024-05-03T08:55:04.563Z - info: Site data built
2024-05-03T08:55:04.563Z - info: Pages rebuilt
2024-05-03T08:55:04.563Z - info: Website regeneration complete! Total build time: 1.688s
2024-05-03T08:57:34.804Z - info: [4:57:34 pm] Reload for file change: C:\repos\nus-cs2103\cs2103-website-base\admin\ip-tasks-fragment.md
2024-05-03T08:57:34.805Z - info: Synchronizing opened pages list before reload
2024-05-03T08:57:34.805Z - info: Current opened pages, from most-to-least recent:
2024-05-03T08:57:34.805Z - info: 1. schedule/week3/project
2024-05-03T08:57:35.812Z - info: Rebuilding 1 pages
2024-05-03T08:57:37.477Z - info: Site data built
2024-05-03T08:57:37.477Z - info: Pages rebuilt
2024-05-03T08:57:37.477Z - info: Website regeneration complete! Total build time: 1.666s
2024-05-03T08:57:46.229Z - info: [4:57:46 pm] Reload for file change: C:\repos\nus-cs2103\cs2103-website-base\admin\ip-tasks-fragment.md
2024-05-03T08:57:46.229Z - info: Synchronizing opened pages list before reload
2024-05-03T08:57:46.230Z - info: Current opened pages, from most-to-least recent:
2024-05-03T08:57:46.230Z - info: 1. schedule/week3/project
2024-05-03T08:57:47.235Z - info: Rebuilding 1 pages
2024-05-03T08:57:48.926Z - info: Site data built
2024-05-03T08:57:48.926Z - info: Pages rebuilt
2024-05-03T08:57:48.926Z - info: Website regeneration complete! Total build time: 1.691s
2024-05-03T08:58:13.891Z - info: [4:58:13 pm] Reload for file change: C:\repos\nus-cs2103\cs2103-website-base\admin\ip-tasks-fragment.md
2024-05-03T08:58:13.892Z - info: Synchronizing opened pages list before reload
2024-05-03T08:58:13.892Z - info: Current opened pages, from most-to-least recent:
2024-05-03T08:58:13.892Z - info: 1. schedule/week3/project
2024-05-03T08:58:14.897Z - info: Rebuilding 1 pages
2024-05-03T08:58:16.501Z - info: Site data built
2024-05-03T08:58:16.501Z - info: Pages rebuilt
2024-05-03T08:58:16.501Z - info: Website regeneration complete! Total build time: 1.605s
2024-05-03T08:59:06.004Z - info: [4:59:06 pm] Reload for file change: C:\repos\nus-cs2103\cs2103-website-base\admin\ip-tasks-fragment.md
2024-05-03T08:59:06.004Z - info: Synchronizing opened pages list before reload
2024-05-03T08:59:06.004Z - info: Current opened pages, from most-to-least recent:
2024-05-03T08:59:06.004Z - info: 1. schedule/week3/project
2024-05-03T08:59:07.013Z - info: Rebuilding 1 pages
2024-05-03T08:59:08.655Z - info: Site data built
2024-05-03T08:59:08.655Z - info: Pages rebuilt
2024-05-03T08:59:08.655Z - info: Website regeneration complete! Total build time: 1.643s
2024-05-03T09:04:45.070Z - info: [5:04:45 pm] Reload for file change: C:\repos\nus-cs2103\cs2103-website-base\admin\ip-tasks-fragment.md
2024-05-03T09:04:45.072Z - info: Synchronizing opened pages list before reload
2024-05-03T09:04:45.072Z - info: Current opened pages, from most-to-least recent:
2024-05-03T09:04:45.072Z - info: 1. schedule/week3/project
2024-05-03T09:04:46.091Z - info: Rebuilding 1 pages
2024-05-03T09:04:48.701Z - info: Site data built
2024-05-03T09:04:48.701Z - info: Pages rebuilt
2024-05-03T09:04:48.702Z - info: Website regeneration complete! Total build time: 2.612s
2024-05-03T09:05:18.992Z - info: [5:05:18 pm] Reload for file change: C:\repos\nus-cs2103\cs2103-website-base\admin\ip-tasks-fragment.md
2024-05-03T09:05:18.993Z - info: Synchronizing opened pages list before reload
2024-05-03T09:05:18.993Z - info: Current opened pages, from most-to-least recent:
2024-05-03T09:05:18.993Z - info: 1. schedule/week3/project
2024-05-03T09:05:20.001Z - info: Rebuilding 1 pages
2024-05-03T09:05:22.401Z - info: Site data built
2024-05-03T09:05:22.401Z - info: Pages rebuilt
2024-05-03T09:05:22.401Z - info: Website regeneration complete! Total build time: 2.4s
2024-05-03T09:06:12.556Z - info: [5:06:12 pm] Reload for file change: C:\repos\nus-cs2103\cs2103-website-base\admin\ip-tasks-fragment.md
2024-05-03T09:06:12.556Z - info: Synchronizing opened pages list before reload
2024-05-03T09:06:12.556Z - info: Current opened pages, from most-to-least recent:
2024-05-03T09:06:12.556Z - info: 1. schedule/week3/project
2024-05-03T09:06:13.574Z - info: Rebuilding 1 pages
2024-05-03T09:06:16.436Z - info: Site data built
2024-05-03T09:06:16.436Z - info: Pages rebuilt
2024-05-03T09:06:16.437Z - info: Website regeneration complete! Total build time: 2.864s
2024-05-03T09:06:37.812Z - info: [5:06:37 pm] Reload for file change: C:\repos\nus-cs2103\cs2103-website-base\admin\ip-tasks-fragment.md
2024-05-03T09:06:37.812Z - info: Synchronizing opened pages list before reload
2024-05-03T09:06:37.813Z - info: Current opened pages, from most-to-least recent:
2024-05-03T09:06:37.813Z - info: 1. schedule/week3/project
2024-05-03T09:06:38.824Z - info: Rebuilding 1 pages
2024-05-03T09:06:41.078Z - info: Site data built
2024-05-03T09:06:41.078Z - info: Pages rebuilt
2024-05-03T09:06:41.078Z - info: Website regeneration complete! Total build time: 2.255s
2024-05-03T09:07:57.233Z - info: [5:07:57 pm] Reload for file change: C:\repos\nus-cs2103\cs2103-website-base\admin\ip-tasks-fragment.md
2024-05-03T09:07:57.234Z - info: Synchronizing opened pages list before reload
2024-05-03T09:07:57.234Z - info: Current opened pages, from most-to-least recent:
2024-05-03T09:07:57.234Z - info: 1. schedule/week3/project
2024-05-03T09:07:58.253Z - info: Rebuilding 1 pages
2024-05-03T09:08:00.534Z - info: Site data built
2024-05-03T09:08:00.534Z - info: Pages rebuilt
2024-05-03T09:08:00.534Z - info: Website regeneration complete! Total build time: 2.282s
2024-05-03T09:08:44.923Z - info: [5:08:44 pm] Reload for file change: C:\repos\nus-cs2103\cs2103-website-base\admin\ip-tasks-fragment.md
2024-05-03T09:08:44.923Z - info: Synchronizing opened pages list before reload
2024-05-03T09:08:44.923Z - info: Current opened pages, from most-to-least recent:
2024-05-03T09:08:44.923Z - info: 1. schedule/week3/project
2024-05-03T09:08:45.942Z - info: Rebuilding 1 pages
2024-05-03T09:08:48.038Z - info: Site data built
2024-05-03T09:08:48.038Z - info: Pages rebuilt
2024-05-03T09:08:48.038Z - info: Website regeneration complete! Total build time: 2.097s
2024-05-03T09:19:57.433Z - info: Website generation (lazy) started at 5:19:55 pm
2024-05-03T09:20:06.482Z - info: Building assets...
2024-05-03T09:20:13.345Z - info: Assets built
2024-05-03T09:20:13.346Z - info: Generating landing page...
2024-05-03T09:20:14.716Z - info: Landing page built, other pages will be built as you navigate to them!
2024-05-03T09:20:16.053Z - info: Site data built
2024-05-03T09:20:16.053Z - info: Website generation (lazy) complete! Total build time: 20.452s
2024-05-03T09:20:16.127Z - info: Serving "C:\repos\nus-cs2103\cs2103-website-base\_site" at http://127.0.0.1:8080
2024-05-03T09:20:16.127Z - info: Press CTRL+C to stop ...
2024-05-03T09:20:27.051Z - info: Building C:\repos\nus-cs2103\cs2103-website-base\admin\index as some of its dependencies were changed since the last visit
2024-05-03T09:20:30.360Z - info: Site data built
2024-05-03T09:20:30.360Z - info: Lazy website regeneration complete! Total build time: 3.309s
2024-05-03T09:20:57.548Z - info: Building C:\repos\nus-cs2103\cs2103-website-base\admin\courseExpectations as some of its dependencies were changed since the last visit
2024-05-03T09:20:57.797Z - info: Site data built
2024-05-03T09:20:57.797Z - info: Lazy website regeneration complete! Total build time: 0.25s
2024-05-03T09:21:13.891Z - info: Building C:\repos\nus-cs2103\cs2103-website-base\admin\courseBriefings as some of its dependencies were changed since the last visit
2024-05-03T09:21:14.165Z - info: Site data built
2024-05-03T09:21:14.166Z - info: Lazy website regeneration complete! Total build time: 0.276s
2024-05-03T09:21:27.043Z - info: Building C:\repos\nus-cs2103\cs2103-website-base\admin\weeklySchedule as some of its dependencies were changed since the last visit
2024-05-03T09:21:27.460Z - info: Site data built
2024-05-03T09:21:27.460Z - info: Lazy website regeneration complete! Total build time: 0.417s
2024-05-03T09:22:02.276Z - info: Building C:\repos\nus-cs2103\cs2103-website-base\admin\lectures as some of its dependencies were changed since the last visit
2024-05-03T09:22:02.496Z - info: Site data built
2024-05-03T09:22:02.496Z - info: Lazy website regeneration complete! Total build time: 0.22s
2024-05-03T09:23:20.340Z - info: Building C:\repos\nus-cs2103\cs2103-website-base\admin\tutorials as some of its dependencies were changed since the last visit
2024-05-03T09:23:20.659Z - info: Site data built
2024-05-03T09:23:20.659Z - info: Lazy website regeneration complete! Total build time: 0.319s
2024-05-03T09:23:43.613Z - info: Building C:\repos\nus-cs2103\cs2103-website-base\admin\instructors as some of its dependencies were changed since the last visit
2024-05-03T09:23:43.925Z - info: Site data built
2024-05-03T09:23:43.925Z - info: Lazy website regeneration complete! Total build time: 0.312s
2024-05-03T09:23:50.209Z - info: Building C:\repos\nus-cs2103\cs2103-website-base\admin\textbooks as some of its dependencies were changed since the last visit
2024-05-03T09:23:50.362Z - info: Site data built
2024-05-03T09:23:50.362Z - info: Lazy website regeneration complete! Total build time: 0.154s
2024-05-03T09:23:56.159Z - info: Building C:\repos\nus-cs2103\cs2103-website-base\admin\programmingLanguages as some of its dependencies were changed since the last visit
2024-05-03T09:23:56.291Z - info: Site data built
2024-05-03T09:23:56.291Z - info: Lazy website regeneration complete! Total build time: 0.132s
2024-05-03T09:24:02.014Z - info: Building C:\repos\nus-cs2103\cs2103-website-base\admin\standardsAndConventions as some of its dependencies were changed since the last visit
2024-05-03T09:24:02.155Z - info: Site data built
2024-05-03T09:24:02.156Z - info: Lazy website regeneration complete! Total build time: 0.141s
2024-05-03T09:24:06.263Z - info: Building C:\repos\nus-cs2103\cs2103-website-base\admin\ip-overview as some of its dependencies were changed since the last visit
2024-05-03T09:24:06.411Z - info: Site data built
2024-05-03T09:24:06.411Z - info: Lazy website regeneration complete! Total build time: 0.148s
2024-05-03T09:24:12.506Z - info: Building C:\repos\nus-cs2103\cs2103-website-base\admin\ip-w2 as some of its dependencies were changed since the last visit
2024-05-03T09:24:14.225Z - info: Site data built
2024-05-03T09:24:14.225Z - info: Lazy website regeneration complete! Total build time: 1.719s
2024-05-03T09:24:41.290Z - info: Building C:\repos\nus-cs2103\cs2103-website-base\admin\ip-w3 as some of its dependencies were changed since the last visit
2024-05-03T09:24:42.590Z - info: Site data built
2024-05-03T09:24:42.590Z - info: Lazy website regeneration complete! Total build time: 1.3s
2024-05-03T09:25:05.310Z - info: Building C:\repos\nus-cs2103\cs2103-website-base\admin\ip-w4 as some of its dependencies were changed since the last visit
2024-05-03T09:25:06.752Z - info: Site data built
2024-05-03T09:25:06.753Z - info: Lazy website regeneration complete! Total build time: 1.444s
2024-05-03T09:26:03.759Z - info: Building C:\repos\nus-cs2103\cs2103-website-base\admin\ip-w5 as some of its dependencies were changed since the last visit
2024-05-03T09:26:04.666Z - info: Site data built
2024-05-03T09:26:04.667Z - info: Lazy website regeneration complete! Total build time: 0.907s
2024-05-03T09:27:43.938Z - info: [5:27:43 pm] Reload for file change: C:\repos\nus-cs2103\cs2103-website-base\admin\ip-tasks-fragment.md
2024-05-03T09:27:43.938Z - info: Synchronizing opened pages list before reload
2024-05-03T09:27:43.939Z - info: Current opened pages, from most-to-least recent:
2024-05-03T09:27:43.939Z - info: 1. admin/ip-w5
2024-05-03T09:27:44.946Z - info: Rebuilding 1 pages
2024-05-03T09:27:45.624Z - info: Site data built
2024-05-03T09:27:45.625Z - info: Pages rebuilt
2024-05-03T09:27:45.625Z - info: Website regeneration complete! Total build time: 0.68s
2024-05-03T09:28:33.817Z - info: [5:28:33 pm] Reload for file change: C:\repos\nus-cs2103\cs2103-website-base\admin\ip-tasks-fragment.md
2024-05-03T09:28:33.817Z - info: Synchronizing opened pages list before reload
2024-05-03T09:28:33.817Z - info: Current opened pages, from most-to-least recent:
2024-05-03T09:28:33.817Z - info: 1. admin/ip-w5
2024-05-03T09:28:34.827Z - info: Rebuilding 1 pages
2024-05-03T09:28:35.615Z - info: Site data built
2024-05-03T09:28:35.615Z - info: Pages rebuilt
2024-05-03T09:28:35.615Z - info: Website regeneration complete! Total build time: 0.789s
2024-05-03T09:29:03.431Z - info: [5:29:03 pm] Reload for file change: C:\repos\nus-cs2103\cs2103-website-base\admin\ip-tasks-fragment.md
2024-05-03T09:29:03.431Z - info: Synchronizing opened pages list before reload
2024-05-03T09:29:03.432Z - info: Current opened pages, from most-to-least recent:
2024-05-03T09:29:03.432Z - info: 1. admin/ip-w5
2024-05-03T09:29:04.446Z - info: Rebuilding 1 pages
2024-05-03T09:29:05.102Z - info: Site data built
2024-05-03T09:29:05.102Z - info: Pages rebuilt
2024-05-03T09:29:05.103Z - info: Website regeneration complete! Total build time: 0.657s
2024-05-03T09:29:58.110Z - info: [5:29:58 pm] Reload for file change: C:\repos\nus-cs2103\cs2103-website-base\admin\ip-tasks-fragment.md
2024-05-03T09:29:58.110Z - info: Synchronizing opened pages list before reload
2024-05-03T09:29:58.110Z - info: Current opened pages, from most-to-least recent:
2024-05-03T09:29:58.110Z - info: 1. admin/ip-w5
2024-05-03T09:29:59.120Z - info: Rebuilding 1 pages
2024-05-03T09:29:59.900Z - info: Site data built
2024-05-03T09:29:59.900Z - info: Pages rebuilt
2024-05-03T09:29:59.900Z - info: Website regeneration complete! Total build time: 0.781s
2024-05-03T09:30:09.989Z - info: [5:30:09 pm] Reload for file change: C:\repos\nus-cs2103\cs2103-website-base\admin\ip-tasks-fragment.md
2024-05-03T09:30:09.990Z - info: Synchronizing opened pages list before reload
2024-05-03T09:30:09.990Z - info: Current opened pages, from most-to-least recent:
2024-05-03T09:30:09.990Z - info: 1. admin/ip-w5
2024-05-03T09:30:11.004Z - info: Rebuilding 1 pages
2024-05-03T09:30:11.815Z - info: Site data built
2024-05-03T09:30:11.815Z - info: Pages rebuilt
2024-05-03T09:30:11.815Z - info: Website regeneration complete! Total build time: 0.812s
2024-05-03T09:30:28.522Z - info: [5:30:28 pm] Reload for file change: C:\repos\nus-cs2103\cs2103-website-base\admin\ip-tasks-fragment.md
2024-05-03T09:30:28.522Z - info: Synchronizing opened pages list before reload
2024-05-03T09:30:28.523Z - info: Current opened pages, from most-to-least recent:
2024-05-03T09:30:28.523Z - info: 1. admin/ip-w5
2024-05-03T09:30:29.527Z - info: Rebuilding 1 pages
2024-05-03T09:30:30.292Z - info: Site data built
2024-05-03T09:30:30.292Z - info: Pages rebuilt
2024-05-03T09:30:30.292Z - info: Website regeneration complete! Total build time: 0.766s
2024-05-03T09:31:05.290Z - info: [5:31:05 pm] Reload for file change: C:\repos\nus-cs2103\cs2103-website-base\admin\ip-tasks-fragment.md
2024-05-03T09:31:05.291Z - info: Synchronizing opened pages list before reload
2024-05-03T09:31:05.291Z - info: Current opened pages, from most-to-least recent:
2024-05-03T09:31:05.291Z - info: 1. admin/ip-w5
2024-05-03T09:31:06.302Z - info: Rebuilding 1 pages
2024-05-03T09:31:07.101Z - info: Site data built
2024-05-03T09:31:07.102Z - info: Pages rebuilt
2024-05-03T09:31:07.102Z - info: Website regeneration complete! Total build time: 0.8s
2024-05-03T09:31:24.788Z - info: [5:31:24 pm] Reload for file change: C:\repos\nus-cs2103\cs2103-website-base\admin\ip-tasks-fragment.md
2024-05-03T09:31:24.789Z - info: Synchronizing opened pages list before reload
2024-05-03T09:31:24.789Z - info: Current opened pages, from most-to-least recent:
2024-05-03T09:31:24.789Z - info: 1. admin/ip-w5
2024-05-03T09:31:25.804Z - info: Rebuilding 1 pages
2024-05-03T09:31:26.964Z - info: Site data built
2024-05-03T09:31:26.964Z - info: Pages rebuilt
2024-05-03T09:31:26.965Z - info: Website regeneration complete! Total build time: 1.162s
2024-05-03T09:32:56.286Z - info: Building C:\repos\nus-cs2103\cs2103-website-base\admin\ip-w6 as some of its dependencies were changed since the last visit
2024-05-03T09:32:57.092Z - info: Site data built
2024-05-03T09:32:57.093Z - info: Lazy website regeneration complete! Total build time: 0.807s
2024-05-03T09:33:34.940Z - info: Building C:\repos\nus-cs2103\cs2103-website-base\admin\ip-w7 as some of its dependencies were changed since the last visit
2024-05-03T09:33:35.273Z - info: Site data built
2024-05-03T09:33:35.274Z - info: Lazy website regeneration complete! Total build time: 0.335s
2024-05-03T09:33:40.901Z - info: Building C:\repos\nus-cs2103\cs2103-website-base\admin\ip-w8 as some of its dependencies were changed since the last visit
2024-05-03T09:33:41.132Z - info: Site data built
2024-05-03T09:33:41.132Z - info: Lazy website regeneration complete! Total build time: 0.231s
2024-05-03T09:35:12.361Z - info: [5:35:12 pm] Reload for file change: C:\repos\nus-cs2103\cs2103-website-base\admin\ip-tasks-fragment.md
2024-05-03T09:35:12.362Z - info: Synchronizing opened pages list before reload
2024-05-03T09:35:12.362Z - info: Current opened pages, from most-to-least recent:
2024-05-03T09:35:12.362Z - info: 1. admin/ip-w8
2024-05-03T09:35:13.371Z - info: Rebuilding 1 pages
2024-05-03T09:35:13.677Z - info: Site data built
2024-05-03T09:35:13.677Z - info: Pages rebuilt
2024-05-03T09:35:13.677Z - info: Website regeneration complete! Total build time: 0.306s
2024-05-03T09:35:28.134Z - info: [5:35:28 pm] Reload for file change: C:\repos\nus-cs2103\cs2103-website-base\admin\ip-tasks-fragment.md
2024-05-03T09:35:28.134Z - info: Synchronizing opened pages list before reload
2024-05-03T09:35:28.134Z - info: Current opened pages, from most-to-least recent:
2024-05-03T09:35:28.134Z - info: 1. admin/ip-w8
2024-05-03T09:35:29.139Z - info: Rebuilding 1 pages
2024-05-03T09:35:29.352Z - info: Site data built
2024-05-03T09:35:29.352Z - info: Pages rebuilt
2024-05-03T09:35:29.353Z - info: Website regeneration complete! Total build time: 0.215s
2024-05-03T09:35:41.920Z - info: Building C:\repos\nus-cs2103\cs2103-website-base\admin\ip-grading as some of its dependencies were changed since the last visit
2024-05-03T09:35:42.040Z - info: Site data built
2024-05-03T09:35:42.041Z - info: Lazy website regeneration complete! Total build time: 0.122s
2024-05-03T09:35:52.099Z - info: Building C:\repos\nus-cs2103\cs2103-website-base\admin\tp-expectations as some of its dependencies were changed since the last visit
2024-05-03T09:35:52.360Z - info: Site data built
2024-05-03T09:35:52.360Z - info: Lazy website regeneration complete! Total build time: 0.261s
2024-05-03T09:36:06.909Z - info: Building C:\repos\nus-cs2103\cs2103-website-base\admin\tp-timeline as some of its dependencies were changed since the last visit
2024-05-03T09:36:10.699Z - debug:  
2024-05-03T09:36:10.800Z - debug:  
2024-05-03T09:36:10.863Z - info: Site data built
2024-05-03T09:36:10.863Z - info: Lazy website regeneration complete! Total build time: 3.954s
2024-05-03T09:36:34.666Z - info: Building C:\repos\nus-cs2103\cs2103-website-base\admin\tp-constraints as some of its dependencies were changed since the last visit
2024-05-03T09:36:34.849Z - info: Site data built
2024-05-03T09:36:34.849Z - info: Lazy website regeneration complete! Total build time: 0.184s
2024-05-03T09:36:47.473Z - info: Building C:\repos\nus-cs2103\cs2103-website-base\admin\tp-teams as some of its dependencies were changed since the last visit
2024-05-03T09:36:47.701Z - info: Site data built
2024-05-03T09:36:47.701Z - info: Lazy website regeneration complete! Total build time: 0.228s
2024-05-03T09:37:03.044Z - info: Building C:\repos\nus-cs2103\cs2103-website-base\admin\tp-w3 as some of its dependencies were changed since the last visit
2024-05-03T09:37:03.748Z - info: Site data built
2024-05-03T09:37:03.749Z - info: Lazy website regeneration complete! Total build time: 0.705s
2024-05-03T09:37:11.354Z - info: Building C:\repos\nus-cs2103\cs2103-website-base\admin\tp-w4 as some of its dependencies were changed since the last visit
2024-05-03T09:37:12.162Z - info: Site data built
2024-05-03T09:37:12.162Z - info: Lazy website regeneration complete! Total build time: 0.808s
2024-05-03T09:37:24.655Z - info: Building C:\repos\nus-cs2103\cs2103-website-base\admin\tp-w5 as some of its dependencies were changed since the last visit
2024-05-03T09:37:25.993Z - info: Site data built
2024-05-03T09:37:25.993Z - info: Lazy website regeneration complete! Total build time: 1.338s
2024-05-03T09:40:22.308Z - info: Building C:\repos\nus-cs2103\cs2103-website-base\admin\tp-w6 as some of its dependencies were changed since the last visit
2024-05-03T09:40:23.859Z - info: Site data built
2024-05-03T09:40:23.859Z - info: Lazy website regeneration complete! Total build time: 1.551s
2024-05-03T09:40:45.572Z - info: Building C:\repos\nus-cs2103\cs2103-website-base\admin\tp-w7 as some of its dependencies were changed since the last visit
2024-05-03T09:40:47.513Z - info: Site data built
2024-05-03T09:40:47.513Z - info: Lazy website regeneration complete! Total build time: 1.942s
2024-05-03T09:41:01.065Z - info: Building C:\repos\nus-cs2103\cs2103-website-base\admin\tp-w8 as some of its dependencies were changed since the last visit
2024-05-03T09:41:02.096Z - info: Site data built
2024-05-03T09:41:02.096Z - info: Lazy website regeneration complete! Total build time: 1.031s
2024-05-03T09:41:22.758Z - info: Building C:\repos\nus-cs2103\cs2103-website-base\admin\tp-w9 as some of its dependencies were changed since the last visit
2024-05-03T09:41:23.872Z - info: Site data built
2024-05-03T09:41:23.873Z - info: Lazy website regeneration complete! Total build time: 1.114s
2024-05-03T09:44:05.019Z - info: [5:44:05 pm] Reload for file change: C:\repos\nus-cs2103\cs2103-website-base\admin\tp-tasks-fragment.md
2024-05-03T09:44:05.020Z - info: Synchronizing opened pages list before reload
2024-05-03T09:44:05.020Z - info: Current opened pages, from most-to-least recent:
2024-05-03T09:44:05.020Z - info: 1. admin/tp-w9
2024-05-03T09:44:06.027Z - info: Rebuilding 1 pages
2024-05-03T09:44:06.746Z - info: Site data built
2024-05-03T09:44:06.746Z - info: Pages rebuilt
2024-05-03T09:44:06.746Z - info: Website regeneration complete! Total build time: 0.719s
2024-05-03T09:44:17.245Z - info: [5:44:17 pm] Reload for file change: C:\repos\nus-cs2103\cs2103-website-base\admin\tp-tasks-fragment.md
2024-05-03T09:44:17.246Z - info: Synchronizing opened pages list before reload
2024-05-03T09:44:17.246Z - info: Current opened pages, from most-to-least recent:
2024-05-03T09:44:17.246Z - info: 1. admin/tp-w9
2024-05-03T09:44:18.252Z - info: Rebuilding 1 pages
2024-05-03T09:44:18.875Z - info: Site data built
2024-05-03T09:44:18.876Z - info: Pages rebuilt
2024-05-03T09:44:18.876Z - info: Website regeneration complete! Total build time: 0.625s
2024-05-03T09:44:22.738Z - info: [5:44:22 pm] Reload for file change: C:\repos\nus-cs2103\cs2103-website-base\admin\tp-tasks-fragment.md
2024-05-03T09:44:22.739Z - info: Synchronizing opened pages list before reload
2024-05-03T09:44:22.739Z - info: Current opened pages, from most-to-least recent:
2024-05-03T09:44:22.739Z - info: 1. admin/tp-w9
2024-05-03T09:44:23.745Z - info: Rebuilding 1 pages
2024-05-03T09:44:24.528Z - info: Site data built
2024-05-03T09:44:24.528Z - info: Pages rebuilt
2024-05-03T09:44:24.528Z - info: Website regeneration complete! Total build time: 0.784s
2024-05-03T09:45:08.918Z - info: [5:45:08 pm] Reload for file change: C:\repos\nus-cs2103\cs2103-website-base\admin\tp-tasks-fragment.md
2024-05-03T09:45:08.918Z - info: Synchronizing opened pages list before reload
2024-05-03T09:45:08.919Z - info: Current opened pages, from most-to-least recent:
2024-05-03T09:45:08.919Z - info: 1. admin/tp-w9
2024-05-03T09:45:09.929Z - info: Rebuilding 1 pages
2024-05-03T09:45:10.578Z - info: Site data built
2024-05-03T09:45:10.578Z - info: Pages rebuilt
2024-05-03T09:45:10.578Z - info: Website regeneration complete! Total build time: 0.65s
2024-05-03T09:46:08.242Z - info: [5:46:08 pm] Reload for file change: C:\repos\nus-cs2103\cs2103-website-base\admin\tp-tasks-fragment.md
2024-05-03T09:46:08.242Z - info: Synchronizing opened pages list before reload
2024-05-03T09:46:08.242Z - info: Current opened pages, from most-to-least recent:
2024-05-03T09:46:08.242Z - info: 1. admin/tp-w9
2024-05-03T09:46:09.262Z - info: Rebuilding 1 pages
2024-05-03T09:46:09.816Z - info: Site data built
2024-05-03T09:46:09.816Z - info: Pages rebuilt
2024-05-03T09:46:09.816Z - info: Website regeneration complete! Total build time: 0.555s
2024-05-03T09:47:25.609Z - info: [5:47:25 pm] Reload for file change: C:\repos\nus-cs2103\cs2103-website-base\admin\tp-tasks-fragment.md
2024-05-03T09:47:25.609Z - info: Synchronizing opened pages list before reload
2024-05-03T09:47:25.609Z - info: Current opened pages, from most-to-least recent:
2024-05-03T09:47:25.609Z - info: 1. admin/tp-w9
2024-05-03T09:47:26.619Z - info: Rebuilding 1 pages
2024-05-03T09:47:27.247Z - info: Site data built
2024-05-03T09:47:27.247Z - info: Pages rebuilt
2024-05-03T09:47:27.247Z - info: Website regeneration complete! Total build time: 0.629s
2024-05-03T09:47:34.640Z - info: [5:47:34 pm] Reload for file change: C:\repos\nus-cs2103\cs2103-website-base\admin\tp-tasks-fragment.md
2024-05-03T09:47:34.640Z - info: Synchronizing opened pages list before reload
2024-05-03T09:47:34.640Z - info: Current opened pages, from most-to-least recent:
2024-05-03T09:47:34.641Z - info: 1. admin/tp-w9
2024-05-03T09:47:35.658Z - info: Rebuilding 1 pages
2024-05-03T09:47:36.181Z - info: Site data built
2024-05-03T09:47:36.182Z - info: Pages rebuilt
2024-05-03T09:47:36.182Z - info: Website regeneration complete! Total build time: 0.525s
2024-05-03T09:47:50.065Z - info: [5:47:50 pm] Reload for file change: C:\repos\nus-cs2103\cs2103-website-base\admin\tp-tasks-fragment.md
2024-05-03T09:47:50.065Z - info: Synchronizing opened pages list before reload
2024-05-03T09:47:50.065Z - info: Current opened pages, from most-to-least recent:
2024-05-03T09:47:50.065Z - info: 1. admin/tp-w9
2024-05-03T09:47:51.080Z - info: Rebuilding 1 pages
2024-05-03T09:47:51.572Z - info: Site data built
2024-05-03T09:47:51.572Z - info: Pages rebuilt
2024-05-03T09:47:51.572Z - info: Website regeneration complete! Total build time: 0.492s
2024-05-03T09:50:43.412Z - info: Website generation started at 5:50:41 pm
2024-05-03T09:50:49.746Z - info: Building assets...
2024-05-03T09:50:55.258Z - info: Assets built
2024-05-03T09:50:55.259Z - info: Generating pages...
2024-05-03T09:51:21.213Z - debug:  
2024-05-03T09:51:21.242Z - debug:  
2024-05-03T09:51:21.343Z - debug:  
2024-05-03T09:51:21.344Z - debug:  
2024-05-03T09:51:21.370Z - debug:  
2024-05-03T09:51:21.445Z - debug:  
2024-05-03T09:51:21.468Z - debug:  
2024-05-03T09:51:21.543Z - debug:  
2024-05-03T09:51:21.543Z - debug:  
2024-05-03T09:51:21.545Z - debug:  
2024-05-03T09:51:21.560Z - debug:  
2024-05-03T09:51:21.576Z - debug:  
2024-05-03T09:51:21.584Z - debug:  
2024-05-03T09:51:21.649Z - debug:  
2024-05-03T09:51:21.664Z - debug:  
2024-05-03T09:51:24.110Z - debug:  
2024-05-03T09:51:24.110Z - debug:  
2024-05-03T09:51:25.905Z - warn: Empty file included in C:\repos\nus-cs2103\cs2103-website-base\book\uml\container-inPage-asFlat.md:
File: C:\repos\nus-cs2103\cs2103-website-base\book\path.md is empty or contains only whitespace
2024-05-03T09:51:32.379Z - warn: Empty file included in C:\repos\nus-cs2103\cs2103-website-base\book\testing\container-inPage-asFlat.md:
File: C:\repos\nus-cs2103\cs2103-website-base\book\path.md is empty or contains only whitespace
2024-05-03T09:51:34.375Z - warn: Empty file included in C:\repos\nus-cs2103\cs2103-website-base\book\testCaseDesign\container-inPage-asFlat.md:
File: C:\repos\nus-cs2103\cs2103-website-base\book\path.md is empty or contains only whitespace
2024-05-03T09:51:35.905Z - warn: Empty file included in C:\repos\nus-cs2103\cs2103-website-base\book\teamwork\container-inPage-asFlat.md:
File: C:\repos\nus-cs2103\cs2103-website-base\book\path.md is empty or contains only whitespace
2024-05-03T09:51:37.166Z - warn: Empty file included in C:\repos\nus-cs2103\cs2103-website-base\book\specifyingRequirements\container-inPage-asFlat.md:
File: C:\repos\nus-cs2103\cs2103-website-base\book\path.md is empty or contains only whitespace
2024-05-03T09:51:37.893Z - warn: Empty file included in C:\repos\nus-cs2103\cs2103-website-base\book\softwareEngineering\container-inPage-asFlat.md:
File: C:\repos\nus-cs2103\cs2103-website-base\book\path.md is empty or contains only whitespace
2024-05-03T09:51:38.319Z - warn: Empty file included in C:\repos\nus-cs2103\cs2103-website-base\book\revisionControl\container-inPage-asFlat.md:
File: C:\repos\nus-cs2103\cs2103-website-base\book\path.md is empty or contains only whitespace
2024-05-03T09:51:39.016Z - warn: Empty file included in C:\repos\nus-cs2103\cs2103-website-base\book\reuse\container-inPage-asFlat.md:
File: C:\repos\nus-cs2103\cs2103-website-base\book\path.md is empty or contains only whitespace
2024-05-03T09:51:39.980Z - warn: Empty file included in C:\repos\nus-cs2103\cs2103-website-base\book\requirements\container-inPage-asFlat.md:
File: C:\repos\nus-cs2103\cs2103-website-base\book\path.md is empty or contains only whitespace
2024-05-03T09:51:40.877Z - warn: Empty file included in C:\repos\nus-cs2103\cs2103-website-base\book\refactoring\container-inPage-asFlat.md:
File: C:\repos\nus-cs2103\cs2103-website-base\book\path.md is empty or contains only whitespace
2024-05-03T09:51:41.193Z - warn: Empty file included in C:\repos\nus-cs2103\cs2103-website-base\book\qualityAssurance\container-inPage-asFlat.md:
File: C:\repos\nus-cs2103\cs2103-website-base\book\path.md is empty or contains only whitespace
2024-05-03T09:51:41.784Z - warn: Empty file included in C:\repos\nus-cs2103\cs2103-website-base\book\projectPlanning\container-inPage-asFlat.md:
File: C:\repos\nus-cs2103\cs2103-website-base\book\path.md is empty or contains only whitespace
2024-05-03T09:51:41.899Z - warn: Empty file included in C:\repos\nus-cs2103\cs2103-website-base\book\projectDuke\container-inPage-asFlat.md:
File: C:\repos\nus-cs2103\cs2103-website-base\book\path.md is empty or contains only whitespace
2024-05-03T09:51:42.881Z - warn: Empty file included in C:\repos\nus-cs2103\cs2103-website-base\book\processModels\container-inPage-asFlat.md:
File: C:\repos\nus-cs2103\cs2103-website-base\book\path.md is empty or contains only whitespace
2024-05-03T09:51:44.195Z - warn: Empty file included in C:\repos\nus-cs2103\cs2103-website-base\book\principles\container-inPage-asFlat.md:
File: C:\repos\nus-cs2103\cs2103-website-base\book\path.md is empty or contains only whitespace
2024-05-03T09:51:46.292Z - warn: Empty file included in C:\repos\nus-cs2103\cs2103-website-base\book\oop\container-inPage-asFlat.md:
File: C:\repos\nus-cs2103\cs2103-website-base\book\path.md is empty or contains only whitespace
2024-05-03T09:51:47.944Z - warn: Empty file included in C:\repos\nus-cs2103\cs2103-website-base\book\modeling\modelingStructures\ooStructures\text.md:
File: C:\repos\nus-cs2103\cs2103-website-base\book\modeling\modelingStructures\ooStructures\exercises.md is empty or contains only whitespace
2024-05-03T09:51:48.140Z - warn: Empty file included in C:\repos\nus-cs2103\cs2103-website-base\book\modeling\modelingStructures\ooStructures\text.md:
File: C:\repos\nus-cs2103\cs2103-website-base\book\modeling\modelingStructures\ooStructures\exercises.md is empty or contains only whitespace
2024-05-03T09:51:51.071Z - warn: Empty file included in C:\repos\nus-cs2103\cs2103-website-base\book\modeling\container-inPage-asFlat.md:
File: C:\repos\nus-cs2103\cs2103-website-base\book\path.md is empty or contains only whitespace
2024-05-03T09:51:51.144Z - warn: Empty file included in C:\repos\nus-cs2103\cs2103-website-base\book\modeling\modelingStructures\ooStructures\text.md:
File: C:\repos\nus-cs2103\cs2103-website-base\book\modeling\modelingStructures\ooStructures\exercises.md is empty or contains only whitespace
2024-05-03T09:51:52.532Z - warn: Empty file included in C:\repos\nus-cs2103\cs2103-website-base\book\intellij\container-inPage-asFlat.md:
File: C:\repos\nus-cs2103\cs2103-website-base\book\path.md is empty or contains only whitespace
2024-05-03T09:51:52.976Z - warn: Empty file included in C:\repos\nus-cs2103\cs2103-website-base\book\integration\container-inPage-asFlat.md:
File: C:\repos\nus-cs2103\cs2103-website-base\book\path.md is empty or contains only whitespace
2024-05-03T09:51:53.687Z - warn: Empty file included in C:\repos\nus-cs2103\cs2103-website-base\book\ides\container-inPage-asFlat.md:
File: C:\repos\nus-cs2103\cs2103-website-base\book\path.md is empty or contains only whitespace
2024-05-03T09:51:54.417Z - warn: Empty file included in C:\repos\nus-cs2103\cs2103-website-base\book\gitAndGithub\container-inPage-asFlat.md:
File: C:\repos\nus-cs2103\cs2103-website-base\book\path.md is empty or contains only whitespace
2024-05-03T09:51:56.072Z - warn: Empty file included in C:\repos\nus-cs2103\cs2103-website-base\book\gatheringRequirements\container-inPage-asFlat.md:
File: C:\repos\nus-cs2103\cs2103-website-base\book\path.md is empty or contains only whitespace
2024-05-03T09:51:56.567Z - warn: Empty file included in C:\repos\nus-cs2103\cs2103-website-base\book\errorHandling\container-inPage-asFlat.md:
File: C:\repos\nus-cs2103\cs2103-website-base\book\path.md is empty or contains only whitespace
2024-05-03T09:51:59.029Z - warn: Empty file included in C:\repos\nus-cs2103\cs2103-website-base\book\documentation\container-inPage-asFlat.md:
File: C:\repos\nus-cs2103\cs2103-website-base\book\path.md is empty or contains only whitespace
2024-05-03T09:52:00.944Z - warn: Empty file included in C:\repos\nus-cs2103\cs2103-website-base\book\designPatterns\container-inPage-asFlat.md:
File: C:\repos\nus-cs2103\cs2103-website-base\book\path.md is empty or contains only whitespace
2024-05-03T09:52:01.665Z - warn: Empty file included in C:\repos\nus-cs2103\cs2103-website-base\book\designFundamentals\container-inPage-asFlat.md:
File: C:\repos\nus-cs2103\cs2103-website-base\book\path.md is empty or contains only whitespace
2024-05-03T09:52:02.703Z - warn: Empty file included in C:\repos\nus-cs2103\cs2103-website-base\book\designApproaches\container-inPage-asFlat.md:
File: C:\repos\nus-cs2103\cs2103-website-base\book\path.md is empty or contains only whitespace
2024-05-03T09:52:03.031Z - warn: Empty file included in C:\repos\nus-cs2103\cs2103-website-base\book\design\container-inPage-asFlat.md:
File: C:\repos\nus-cs2103\cs2103-website-base\book\path.md is empty or contains only whitespace
2024-05-03T09:52:07.704Z - warn: Empty file included in C:\repos\nus-cs2103\cs2103-website-base\book\cppToJava\container-inPage-asFlat.md:
File: C:\repos\nus-cs2103\cs2103-website-base\book\path.md is empty or contains only whitespace
2024-05-03T09:52:07.719Z - warn: Empty reference in C:\repos\nus-cs2103\cs2103-website-base\book\cppToJava\about\unit-inParent-asPanel.md:
Segment '#outcomes' in file: C:\repos\nus-cs2103\cs2103-website-base\book\cppToJava\about\text.md is empty
2024-05-03T09:52:14.009Z - warn: Empty reference in C:\repos\nus-cs2103\cs2103-website-base\book\cppToJava\about\unit-inPage-asFlat.md:
Segment '#outcomes' in file: C:\repos\nus-cs2103\cs2103-website-base\book\cppToJava\about\text.md is empty
2024-05-03T09:52:15.994Z - warn: Empty file included in C:\repos\nus-cs2103\cs2103-website-base\book\codeQuality\container-inPage-asFlat.md:
File: C:\repos\nus-cs2103\cs2103-website-base\book\path.md is empty or contains only whitespace
2024-05-03T09:52:18.390Z - warn: Empty file included in C:\repos\nus-cs2103\cs2103-website-base\book\architecture\container-inPage-asFlat.md:
File: C:\repos\nus-cs2103\cs2103-website-base\book\path.md is empty or contains only whitespace
2024-05-03T09:52:29.057Z - warn: Empty file included in C:\repos\nus-cs2103\cs2103-website-base\se-book-adapted\chapters\uml.md:
File: C:\repos\nus-cs2103\cs2103-website-base\book\path.md is empty or contains only whitespace
2024-05-03T09:52:30.152Z - warn: Empty file included in C:\repos\nus-cs2103\cs2103-website-base\se-book-adapted\chapters\testing.md:
File: C:\repos\nus-cs2103\cs2103-website-base\book\path.md is empty or contains only whitespace
2024-05-03T09:52:31.033Z - warn: Empty file included in C:\repos\nus-cs2103\cs2103-website-base\se-book-adapted\chapters\testCaseDesign.md:
File: C:\repos\nus-cs2103\cs2103-website-base\book\path.md is empty or contains only whitespace
2024-05-03T09:52:31.585Z - warn: Empty file included in C:\repos\nus-cs2103\cs2103-website-base\se-book-adapted\chapters\teamwork.md:
File: C:\repos\nus-cs2103\cs2103-website-base\book\path.md is empty or contains only whitespace
2024-05-03T09:52:31.778Z - warn: Empty file included in C:\repos\nus-cs2103\cs2103-website-base\se-book-adapted\chapters\specifyingRequirements.md:
File: C:\repos\nus-cs2103\cs2103-website-base\book\path.md is empty or contains only whitespace
2024-05-03T09:52:32.242Z - warn: Empty file included in C:\repos\nus-cs2103\cs2103-website-base\se-book-adapted\chapters\softwareEngineering.md:
File: C:\repos\nus-cs2103\cs2103-website-base\book\path.md is empty or contains only whitespace
2024-05-03T09:52:32.281Z - warn: Empty file included in C:\repos\nus-cs2103\cs2103-website-base\se-book-adapted\chapters\revisionControl.md:
File: C:\repos\nus-cs2103\cs2103-website-base\book\path.md is empty or contains only whitespace
2024-05-03T09:52:32.531Z - warn: Empty file included in C:\repos\nus-cs2103\cs2103-website-base\se-book-adapted\chapters\reuse.md:
File: C:\repos\nus-cs2103\cs2103-website-base\book\path.md is empty or contains only whitespace
2024-05-03T09:52:32.838Z - warn: Empty file included in C:\repos\nus-cs2103\cs2103-website-base\se-book-adapted\chapters\requirements.md:
File: C:\repos\nus-cs2103\cs2103-website-base\book\path.md is empty or contains only whitespace
2024-05-03T09:52:32.964Z - warn: Empty file included in C:\repos\nus-cs2103\cs2103-website-base\se-book-adapted\chapters\refactoring.md:
File: C:\repos\nus-cs2103\cs2103-website-base\book\path.md is empty or contains only whitespace
2024-05-03T09:52:33.029Z - warn: Empty file included in C:\repos\nus-cs2103\cs2103-website-base\se-book-adapted\chapters\qualityAssurance.md:
File: C:\repos\nus-cs2103\cs2103-website-base\book\path.md is empty or contains only whitespace
2024-05-03T09:52:33.277Z - warn: Empty file included in C:\repos\nus-cs2103\cs2103-website-base\se-book-adapted\chapters\projectPlanning.md:
File: C:\repos\nus-cs2103\cs2103-website-base\book\path.md is empty or contains only whitespace
2024-05-03T09:52:33.393Z - warn: Empty file included in C:\repos\nus-cs2103\cs2103-website-base\se-book-adapted\chapters\processModels.md:
File: C:\repos\nus-cs2103\cs2103-website-base\book\path.md is empty or contains only whitespace
2024-05-03T09:52:33.589Z - warn: Empty file included in C:\repos\nus-cs2103\cs2103-website-base\se-book-adapted\chapters\principles.md:
File: C:\repos\nus-cs2103\cs2103-website-base\book\path.md is empty or contains only whitespace
2024-05-03T09:52:33.942Z - warn: Empty file included in C:\repos\nus-cs2103\cs2103-website-base\se-book-adapted\chapters\oop.md:
File: C:\repos\nus-cs2103\cs2103-website-base\book\path.md is empty or contains only whitespace
2024-05-03T09:52:34.845Z - warn: Empty file included in C:\repos\nus-cs2103\cs2103-website-base\se-book-adapted\chapters\modeling.md:
File: C:\repos\nus-cs2103\cs2103-website-base\book\path.md is empty or contains only whitespace
2024-05-03T09:52:34.917Z - warn: Empty file included in C:\repos\nus-cs2103\cs2103-website-base\book\modeling\modelingStructures\ooStructures\text.md:
File: C:\repos\nus-cs2103\cs2103-website-base\book\modeling\modelingStructures\ooStructures\exercises.md is empty or contains only whitespace
2024-05-03T09:52:36.159Z - warn: Empty file included in C:\repos\nus-cs2103\cs2103-website-base\se-book-adapted\chapters\intellij.md:
File: C:\repos\nus-cs2103\cs2103-website-base\book\path.md is empty or contains only whitespace
2024-05-03T09:52:36.232Z - warn: Empty file included in C:\repos\nus-cs2103\cs2103-website-base\se-book-adapted\chapters\integration.md:
File: C:\repos\nus-cs2103\cs2103-website-base\book\path.md is empty or contains only whitespace
2024-05-03T09:52:36.306Z - warn: Empty file included in C:\repos\nus-cs2103\cs2103-website-base\se-book-adapted\chapters\ides.md:
File: C:\repos\nus-cs2103\cs2103-website-base\book\path.md is empty or contains only whitespace
2024-05-03T09:52:36.617Z - warn: Empty file included in C:\repos\nus-cs2103\cs2103-website-base\se-book-adapted\chapters\gitAndGithub.md:
File: C:\repos\nus-cs2103\cs2103-website-base\book\path.md is empty or contains only whitespace
2024-05-03T09:52:37.379Z - warn: Empty file included in C:\repos\nus-cs2103\cs2103-website-base\se-book-adapted\chapters\gatheringRequirements.md:
File: C:\repos\nus-cs2103\cs2103-website-base\book\path.md is empty or contains only whitespace
2024-05-03T09:52:37.495Z - warn: Empty file included in C:\repos\nus-cs2103\cs2103-website-base\se-book-adapted\chapters\errorHandling.md:
File: C:\repos\nus-cs2103\cs2103-website-base\book\path.md is empty or contains only whitespace
2024-05-03T09:52:37.704Z - warn: Empty file included in C:\repos\nus-cs2103\cs2103-website-base\se-book-adapted\chapters\documentation.md:
File: C:\repos\nus-cs2103\cs2103-website-base\book\path.md is empty or contains only whitespace
2024-05-03T09:52:38.355Z - warn: Empty file included in C:\repos\nus-cs2103\cs2103-website-base\se-book-adapted\chapters\designPatterns.md:
File: C:\repos\nus-cs2103\cs2103-website-base\book\path.md is empty or contains only whitespace
2024-05-03T09:52:38.704Z - warn: Empty file included in C:\repos\nus-cs2103\cs2103-website-base\se-book-adapted\chapters\designFundamentals.md:
File: C:\repos\nus-cs2103\cs2103-website-base\book\path.md is empty or contains only whitespace
2024-05-03T09:52:38.910Z - warn: Empty file included in C:\repos\nus-cs2103\cs2103-website-base\se-book-adapted\chapters\designApproaches.md:
File: C:\repos\nus-cs2103\cs2103-website-base\book\path.md is empty or contains only whitespace
2024-05-03T09:52:39.042Z - warn: Empty file included in C:\repos\nus-cs2103\cs2103-website-base\se-book-adapted\chapters\design.md:
File: C:\repos\nus-cs2103\cs2103-website-base\book\path.md is empty or contains only whitespace
2024-05-03T09:52:39.102Z - warn: Empty file included in C:\repos\nus-cs2103\cs2103-website-base\se-book-adapted\chapters\cppToJava.md:
File: C:\repos\nus-cs2103\cs2103-website-base\book\path.md is empty or contains only whitespace
2024-05-03T09:52:39.106Z - warn: Empty reference in C:\repos\nus-cs2103\cs2103-website-base\se-book-adapted\chapters\cppToJava.md:
Segment '#outcomes' in file: C:\repos\nus-cs2103\cs2103-website-base\book\cppToJava\about\text.md is empty
2024-05-03T09:52:40.004Z - warn: Empty file included in C:\repos\nus-cs2103\cs2103-website-base\se-book-adapted\chapters\codeQuality.md:
File: C:\repos\nus-cs2103\cs2103-website-base\book\path.md is empty or contains only whitespace
2024-05-03T09:52:42.090Z - warn: Empty file included in C:\repos\nus-cs2103\cs2103-website-base\se-book-adapted\chapters\architecture.md:
File: C:\repos\nus-cs2103\cs2103-website-base\book\path.md is empty or contains only whitespace
2024-05-03T09:52:52.218Z - warn: Empty file included in C:\repos\nus-cs2103\cs2103-website-base\book\modeling\modelingStructures\ooStructures\text.md:
File: C:\repos\nus-cs2103\cs2103-website-base\book\modeling\modelingStructures\ooStructures\exercises.md is empty or contains only whitespace
2024-05-03T09:53:31.010Z - debug:  
2024-05-03T09:53:57.221Z - debug:  
2024-05-03T09:53:57.243Z - debug:  
2024-05-03T09:54:09.907Z - info: Pages built
2024-05-03T09:54:11.191Z - info: Site data built
2024-05-03T09:54:11.191Z - info: Website generation complete! Total build time: 209.48s
2024-05-03T09:54:11.192Z - info: Build success!
2024-05-03T09:56:50.887Z - error: The "path" argument must be of type string. Received undefined
2024-05-03T10:28:49.239Z - error: The "path" argument must be of type string. Received undefined
2024-05-03T10:30:05.398Z - error: C:\repos\nus-cs2103\cs2103-website-base\"c:\todoete"\gh-pages contains invalid WIN32 path characters.
2024-05-03T10:33:08.263Z - info: The website has been deployed at: https://nus-cs2103-ay2324s2.github.io/website
