2024-03-13T12:41:00.619Z - info: Website generation started at 8:40:55 pm
2024-03-13T12:41:07.970Z - info: Building assets...
2024-03-13T12:41:12.888Z - info: Assets built
2024-03-13T12:41:12.889Z - info: Generating pages...
2024-03-13T12:41:40.879Z - debug:  
2024-03-13T12:41:40.881Z - debug:  
2024-03-13T12:41:40.881Z - debug:  
2024-03-13T12:41:40.882Z - debug:  
2024-03-13T12:41:40.882Z - debug:  
2024-03-13T12:41:40.883Z - debug:  
2024-03-13T12:41:40.883Z - debug:  
2024-03-13T12:41:40.883Z - debug:  
2024-03-13T12:41:40.883Z - debug:  
2024-03-13T12:41:40.883Z - debug:  
2024-03-13T12:41:40.884Z - debug:  
2024-03-13T12:41:40.884Z - debug:  
2024-03-13T12:41:40.884Z - debug:  
2024-03-13T12:41:40.884Z - debug:  
2024-03-13T12:41:40.884Z - debug:  
2024-03-13T12:41:46.253Z - debug:  
2024-03-13T12:42:18.651Z - debug:  
2024-03-13T12:43:13.259Z - info: Pages built
2024-03-13T12:43:14.812Z - info: Site data built
2024-03-13T12:43:14.813Z - info: Website generation complete! Total build time: 139.786s
2024-03-13T12:43:14.813Z - info: Build success!
2024-03-13T12:44:53.399Z - info: The website has been deployed at: https://nus-tic2002-ay2324s2.github.io/website
