2024-03-15T10:58:41.202Z - info: Website generation (lazy) started at 6:58:36 pm
2024-03-15T10:58:47.500Z - info: Building assets...
2024-03-15T10:58:51.707Z - info: Assets built
2024-03-15T10:58:51.708Z - info: Generating landing page...
2024-03-15T10:58:52.912Z - info: Landing page built, other pages will be built as you navigate to them!
2024-03-15T10:58:53.664Z - info: Site data built
2024-03-15T10:58:53.664Z - info: Website generation (lazy) complete! Total build time: 17.613s
2024-03-15T10:58:53.718Z - info: Serving "C:\repos\nus-cs2103\cs2103-website-base\_site" at http://127.0.0.1:8080
2024-03-15T10:58:53.718Z - info: Press CTRL+C to stop ...
2024-03-15T10:59:11.371Z - info: Building C:\repos\nus-cs2103\cs2103-website-base\schedule\week8\index as some of its dependencies were changed since the last visit
2024-03-15T10:59:12.157Z - info: Site data built
2024-03-15T10:59:12.158Z - info: Lazy website regeneration complete! Total build time: 0.787s
2024-03-15T10:59:15.617Z - info: Building C:\repos\nus-cs2103\cs2103-website-base\schedule\week8\project as some of its dependencies were changed since the last visit
2024-03-15T10:59:17.063Z - info: Site data built
2024-03-15T10:59:17.063Z - info: Lazy website regeneration complete! Total build time: 1.446s
2024-03-15T11:02:00.195Z - info: [7:02:00 pm] Reload for file change: C:\repos\nus-cs2103\cs2103-website-base\admin\tp-tasks-fragment.md
2024-03-15T11:02:00.195Z - info: Synchronizing opened pages list before reload
2024-03-15T11:02:00.196Z - info: Current opened pages, from most-to-least recent:
2024-03-15T11:02:00.196Z - info: 1. schedule/week8/project
2024-03-15T11:02:01.209Z - info: Rebuilding 1 pages
2024-03-15T11:02:03.333Z - info: Site data built
2024-03-15T11:02:03.333Z - info: Pages rebuilt
2024-03-15T11:02:03.333Z - info: Website regeneration complete! Total build time: 2.125s
2024-03-15T11:05:36.221Z - info: [7:05:36 pm] Reload for file change: C:\repos\nus-cs2103\cs2103-website-base\admin\tp-tasks-fragment.md
2024-03-15T11:05:36.221Z - info: Synchronizing opened pages list before reload
2024-03-15T11:05:36.222Z - info: Current opened pages, from most-to-least recent:
2024-03-15T11:05:36.222Z - info: 1. schedule/week8/project
2024-03-15T11:05:37.235Z - info: Rebuilding 1 pages
2024-03-15T11:05:38.889Z - info: Site data built
2024-03-15T11:05:38.890Z - info: Pages rebuilt
2024-03-15T11:05:38.890Z - info: Website regeneration complete! Total build time: 1.657s
2024-03-15T11:05:57.013Z - info: [7:05:57 pm] Reload for file change: C:\repos\nus-cs2103\cs2103-website-base\admin\tp-tasks-fragment.md
2024-03-15T11:05:57.013Z - info: Synchronizing opened pages list before reload
2024-03-15T11:05:57.013Z - info: Current opened pages, from most-to-least recent:
2024-03-15T11:05:57.014Z - info: 1. schedule/week8/project
2024-03-15T11:05:58.030Z - info: Rebuilding 1 pages
2024-03-15T11:05:59.554Z - info: Site data built
2024-03-15T11:05:59.554Z - info: Pages rebuilt
2024-03-15T11:05:59.554Z - info: Website regeneration complete! Total build time: 1.525s
2024-03-15T11:11:48.006Z - info: [7:11:48 pm] Reload for file change: C:\repos\nus-cs2103\cs2103-website-base\admin\tp-tasks-fragment.md
2024-03-15T11:11:48.006Z - info: Synchronizing opened pages list before reload
2024-03-15T11:11:48.006Z - info: Current opened pages, from most-to-least recent:
2024-03-15T11:11:48.007Z - info: 1. schedule/week8/project
2024-03-15T11:11:49.011Z - info: Rebuilding 1 pages
2024-03-15T11:11:50.712Z - info: Site data built
2024-03-15T11:11:50.712Z - info: Pages rebuilt
2024-03-15T11:11:50.712Z - info: Website regeneration complete! Total build time: 1.702s
2024-03-15T11:14:28.573Z - info: [7:14:28 pm] Reload for file change: C:\repos\nus-cs2103\cs2103-website-base\admin\tp-tasks-fragment.md
2024-03-15T11:14:28.573Z - info: Synchronizing opened pages list before reload
2024-03-15T11:14:28.574Z - info: Current opened pages, from most-to-least recent:
2024-03-15T11:14:28.574Z - info: 1. schedule/week8/project
2024-03-15T11:14:29.584Z - info: Rebuilding 1 pages
2024-03-15T11:14:31.219Z - info: Site data built
2024-03-15T11:14:31.219Z - info: Pages rebuilt
2024-03-15T11:14:31.219Z - info: Website regeneration complete! Total build time: 1.636s
2024-03-15T11:15:06.718Z - info: [7:15:06 pm] Reload for file change: C:\repos\nus-cs2103\cs2103-website-base\admin\tp-tasks-fragment.md
2024-03-15T11:15:06.718Z - info: Synchronizing opened pages list before reload
2024-03-15T11:15:06.718Z - info: Current opened pages, from most-to-least recent:
2024-03-15T11:15:06.719Z - info: 1. schedule/week8/project
2024-03-15T11:15:07.722Z - info: Rebuilding 1 pages
2024-03-15T11:15:09.357Z - info: Site data built
2024-03-15T11:15:09.357Z - info: Pages rebuilt
2024-03-15T11:15:09.357Z - info: Website regeneration complete! Total build time: 1.637s
2024-03-15T11:15:55.391Z - info: [7:15:55 pm] Reload for file change: C:\repos\nus-cs2103\cs2103-website-base\admin\tp-tasks-fragment.md
2024-03-15T11:15:55.391Z - info: Synchronizing opened pages list before reload
2024-03-15T11:15:55.391Z - info: Current opened pages, from most-to-least recent:
2024-03-15T11:15:55.392Z - info: 1. schedule/week8/project
2024-03-15T11:15:56.410Z - info: Rebuilding 1 pages
2024-03-15T11:15:57.905Z - info: Site data built
2024-03-15T11:15:57.905Z - info: Pages rebuilt
2024-03-15T11:15:57.906Z - info: Website regeneration complete! Total build time: 1.496s
2024-03-15T11:17:05.920Z - info: [7:17:05 pm] Reload for file change: C:\repos\nus-cs2103\cs2103-website-base\admin\tp-tasks-fragment.md
2024-03-15T11:17:05.921Z - info: Synchronizing opened pages list before reload
2024-03-15T11:17:05.921Z - info: Current opened pages, from most-to-least recent:
2024-03-15T11:17:05.921Z - info: 1. schedule/week8/project
2024-03-15T11:17:06.939Z - info: Rebuilding 1 pages
2024-03-15T11:17:09.703Z - info: Site data built
2024-03-15T11:17:09.703Z - info: Pages rebuilt
2024-03-15T11:17:09.703Z - info: Website regeneration complete! Total build time: 2.766s
2024-03-15T11:17:55.678Z - info: [7:17:55 pm] Reload for file change: C:\repos\nus-cs2103\cs2103-website-base\admin\tp-tasks-fragment.md
2024-03-15T11:17:55.678Z - info: Synchronizing opened pages list before reload
2024-03-15T11:17:55.678Z - info: Current opened pages, from most-to-least recent:
2024-03-15T11:17:55.679Z - info: 1. schedule/week8/project
2024-03-15T11:17:56.686Z - info: Rebuilding 1 pages
2024-03-15T11:17:58.492Z - info: Site data built
2024-03-15T11:17:58.492Z - info: Pages rebuilt
2024-03-15T11:17:58.492Z - info: Website regeneration complete! Total build time: 1.808s
2024-03-15T11:18:20.647Z - info: [7:18:20 pm] Reload for file change: C:\repos\nus-cs2103\cs2103-website-base\admin\tp-tasks-fragment.md
2024-03-15T11:18:20.647Z - info: Synchronizing opened pages list before reload
2024-03-15T11:18:20.647Z - info: Current opened pages, from most-to-least recent:
2024-03-15T11:18:20.648Z - info: 1. schedule/week8/project
2024-03-15T11:18:21.662Z - info: Rebuilding 1 pages
2024-03-15T11:18:23.137Z - info: Site data built
2024-03-15T11:18:23.137Z - info: Pages rebuilt
2024-03-15T11:18:23.137Z - info: Website regeneration complete! Total build time: 1.476s
2024-03-15T11:18:32.712Z - info: [7:18:32 pm] Reload for file change: C:\repos\nus-cs2103\cs2103-website-base\admin\tp-tasks-fragment.md
2024-03-15T11:18:32.712Z - info: Synchronizing opened pages list before reload
2024-03-15T11:18:32.713Z - info: Current opened pages, from most-to-least recent:
2024-03-15T11:18:32.713Z - info: 1. schedule/week8/project
2024-03-15T11:18:33.728Z - info: Rebuilding 1 pages
2024-03-15T11:18:34.895Z - info: Site data built
2024-03-15T11:18:34.895Z - info: Pages rebuilt
2024-03-15T11:18:34.896Z - info: Website regeneration complete! Total build time: 1.168s
2024-03-15T11:18:42.744Z - info: [7:18:42 pm] Reload for file change: C:\repos\nus-cs2103\cs2103-website-base\admin\tp-tasks-fragment.md
2024-03-15T11:18:42.744Z - info: Synchronizing opened pages list before reload
2024-03-15T11:18:42.744Z - info: Current opened pages, from most-to-least recent:
2024-03-15T11:18:42.744Z - info: 1. schedule/week8/project
2024-03-15T11:18:43.754Z - info: Rebuilding 1 pages
2024-03-15T11:18:44.886Z - info: Site data built
2024-03-15T11:18:44.886Z - info: Pages rebuilt
2024-03-15T11:18:44.886Z - info: Website regeneration complete! Total build time: 1.133s
2024-03-15T11:18:49.416Z - info: [7:18:49 pm] Reload for file change: C:\repos\nus-cs2103\cs2103-website-base\admin\tp-tasks-fragment.md
2024-03-15T11:18:49.416Z - info: Synchronizing opened pages list before reload
2024-03-15T11:18:49.416Z - info: Current opened pages, from most-to-least recent:
2024-03-15T11:18:49.416Z - info: 1. schedule/week8/project
2024-03-15T11:18:50.421Z - info: Rebuilding 1 pages
2024-03-15T11:18:51.753Z - info: Site data built
2024-03-15T11:18:51.753Z - info: Pages rebuilt
2024-03-15T11:18:51.753Z - info: Website regeneration complete! Total build time: 1.333s
2024-03-15T11:18:56.321Z - info: [7:18:56 pm] Reload for file change: C:\repos\nus-cs2103\cs2103-website-base\admin\tp-tasks-fragment.md
2024-03-15T11:18:56.321Z - info: Synchronizing opened pages list before reload
2024-03-15T11:18:56.321Z - info: Current opened pages, from most-to-least recent:
2024-03-15T11:18:56.321Z - info: 1. schedule/week8/project
2024-03-15T11:18:57.334Z - info: Rebuilding 1 pages
2024-03-15T11:18:58.724Z - info: Site data built
2024-03-15T11:18:58.724Z - info: Pages rebuilt
2024-03-15T11:18:58.724Z - info: Website regeneration complete! Total build time: 1.392s
2024-03-15T11:22:13.699Z - info: Website generation started at 7:22:11 pm
2024-03-15T11:22:22.228Z - info: Building assets...
2024-03-15T11:22:28.325Z - info: Assets built
2024-03-15T11:22:28.326Z - info: Generating pages...
2024-03-15T11:22:56.112Z - debug:  
2024-03-15T11:22:56.129Z - debug:  
2024-03-15T11:22:56.299Z - debug:  
2024-03-15T11:22:56.380Z - debug:  
2024-03-15T11:22:56.417Z - debug:  
2024-03-15T11:22:56.464Z - debug:  
2024-03-15T11:22:56.464Z - debug:  
2024-03-15T11:22:56.683Z - debug:  
2024-03-15T11:22:56.738Z - debug:  
2024-03-15T11:22:56.739Z - debug:  
2024-03-15T11:22:56.739Z - debug:  
2024-03-15T11:22:56.812Z - debug:  
2024-03-15T11:22:56.841Z - debug:  
2024-03-15T11:22:56.850Z - debug:  
2024-03-15T11:22:56.904Z - debug:  
2024-03-15T11:23:00.019Z - debug:  
2024-03-15T11:23:00.019Z - debug:  
2024-03-15T11:25:07.841Z - debug:  
2024-03-15T11:25:25.012Z - debug:  
2024-03-15T11:25:25.099Z - debug:  
2024-03-15T11:25:37.262Z - info: Pages built
2024-03-15T11:25:38.259Z - info: Site data built
2024-03-15T11:25:38.259Z - info: Website generation complete! Total build time: 207.063s
2024-03-15T11:25:38.259Z - info: Build success!
2024-03-15T11:27:10.322Z - info: The website has been deployed at: https://nus-cs2103-ay2324s2.github.io/website
