2024-01-24T11:58:09.811Z - info: Website generation started at 7:57:57 pm
2024-01-24T11:58:25.375Z - info: Building assets...
2024-01-24T11:58:33.162Z - info: Assets built
2024-01-24T11:58:33.163Z - info: Generating pages...
2024-01-24T11:58:58.976Z - debug:  
2024-01-24T11:58:58.993Z - debug:  
2024-01-24T11:58:58.997Z - debug:  
2024-01-24T11:58:58.998Z - debug:  
2024-01-24T11:58:59.024Z - debug:  
2024-01-24T11:58:59.106Z - debug:  
2024-01-24T11:58:59.135Z - debug:  
2024-01-24T11:59:00.482Z - debug:  
2024-01-24T11:59:00.483Z - debug:  
2024-01-24T11:59:00.483Z - debug:  
2024-01-24T11:59:00.483Z - debug:  
2024-01-24T11:59:00.483Z - debug:  
2024-01-24T11:59:00.484Z - debug:  
2024-01-24T11:59:00.484Z - debug:  
2024-01-24T11:59:00.484Z - debug:  
2024-01-24T11:59:06.622Z - debug:  
2024-01-24T11:59:35.851Z - debug:  
2024-01-24T12:00:29.410Z - info: Pages built
2024-01-24T12:00:30.548Z - info: Site data built
2024-01-24T12:00:30.548Z - info: Website generation complete! Total build time: 152.671s
2024-01-24T12:00:30.548Z - info: Build success!
2024-01-24T12:02:20.017Z - info: The website has been deployed at: https://nus-tic2002-ay2324s2.github.io/website
2024-01-24T12:07:57.307Z - info: Website generation started at 8:07:51 pm
2024-01-24T12:08:05.267Z - info: Building assets...
