2024-02-22T18:24:38.713Z - info: Website generation (lazy) started at 2:24:33 am
2024-02-22T18:24:46.381Z - info: Building assets...
2024-02-22T18:24:52.481Z - info: Assets built
2024-02-22T18:24:52.482Z - info: Generating landing page...
2024-02-22T18:24:53.559Z - info: Landing page built, other pages will be built as you navigate to them!
2024-02-22T18:24:54.559Z - info: Site data built
2024-02-22T18:24:54.560Z - info: Website generation (lazy) complete! Total build time: 21.201s
2024-02-22T18:24:55.050Z - info: Serving "C:\repos\nus-cs2103\cs2103-website-base\_site" at http://127.0.0.1:8080
2024-02-22T18:24:55.050Z - info: Press CTRL+C to stop ...
2024-02-22T18:26:15.297Z - info: Building C:\repos\nus-cs2103\cs2103-website-base\admin\index as some of its dependencies were changed since the last visit
2024-02-22T18:26:15.883Z - info: Site data built
2024-02-22T18:26:15.884Z - info: Lazy website regeneration complete! Total build time: 0.589s
2024-02-22T18:26:20.010Z - info: Building C:\repos\nus-cs2103\cs2103-website-base\admin\lectures as some of its dependencies were changed since the last visit
2024-02-22T18:26:20.202Z - info: Site data built
2024-02-22T18:26:20.202Z - info: Lazy website regeneration complete! Total build time: 0.193s
2024-02-22T18:26:26.055Z - info: Building C:\repos\nus-cs2103\cs2103-website-base\admin\courseBriefings as some of its dependencies were changed since the last visit
2024-02-22T18:26:26.318Z - info: Site data built
2024-02-22T18:26:26.319Z - info: Lazy website regeneration complete! Total build time: 0.264s
2024-02-22T18:28:10.636Z - info: [2:28:10 am] Reload for file change: C:\repos\nus-cs2103\cs2103-website-base\admin\courseBriefings.md
2024-02-22T18:28:10.636Z - info: Synchronizing opened pages list before reload
2024-02-22T18:28:10.637Z - info: Current opened pages, from most-to-least recent:
2024-02-22T18:28:10.637Z - info: 1. admin/courseBriefings
2024-02-22T18:28:11.644Z - info: Rebuilding 1 pages
2024-02-22T18:28:11.938Z - info: Site data built
2024-02-22T18:28:11.938Z - info: Pages rebuilt
2024-02-22T18:28:11.939Z - info: Website regeneration complete! Total build time: 0.296s
2024-02-22T18:28:53.229Z - info: [2:28:53 am] Reload for file change: C:\repos\nus-cs2103\cs2103-website-base\admin\courseBriefings.md
2024-02-22T18:28:53.231Z - info: Synchronizing opened pages list before reload
2024-02-22T18:28:53.232Z - info: Current opened pages, from most-to-least recent:
2024-02-22T18:28:53.232Z - info: 1. admin/courseBriefings
2024-02-22T18:28:54.244Z - info: Rebuilding 1 pages
2024-02-22T18:28:54.575Z - info: Site data built
2024-02-22T18:28:54.576Z - info: Pages rebuilt
2024-02-22T18:28:54.576Z - info: Website regeneration complete! Total build time: 0.333s
2024-02-22T18:30:00.138Z - info: [2:30:00 am] Reload for file change: C:\repos\nus-cs2103\cs2103-website-base\admin\courseBriefings.md
2024-02-22T18:30:00.139Z - info: Synchronizing opened pages list before reload
2024-02-22T18:30:00.140Z - info: Current opened pages, from most-to-least recent:
2024-02-22T18:30:00.140Z - info: 1. admin/courseBriefings
2024-02-22T18:30:01.158Z - info: Rebuilding 1 pages
2024-02-22T18:30:01.448Z - info: Site data built
2024-02-22T18:30:01.448Z - info: Pages rebuilt
2024-02-22T18:30:01.448Z - info: Website regeneration complete! Total build time: 0.291s
2024-02-22T18:31:18.379Z - info: [2:31:18 am] Reload for file change: C:\repos\nus-cs2103\cs2103-website-base\admin\courseBriefings.md
2024-02-22T18:31:18.381Z - info: Synchronizing opened pages list before reload
2024-02-22T18:31:18.382Z - info: Current opened pages, from most-to-least recent:
2024-02-22T18:31:18.382Z - info: 1. admin/courseBriefings
2024-02-22T18:31:19.390Z - info: Rebuilding 1 pages
2024-02-22T18:31:19.717Z - info: Site data built
2024-02-22T18:31:19.718Z - info: Pages rebuilt
2024-02-22T18:31:19.718Z - info: Website regeneration complete! Total build time: 0.329s
2024-02-22T18:32:16.827Z - info: [2:32:16 am] Reload for file change: C:\repos\nus-cs2103\cs2103-website-base\admin\courseBriefings.md
2024-02-22T18:32:16.828Z - info: Synchronizing opened pages list before reload
2024-02-22T18:32:16.829Z - info: Current opened pages, from most-to-least recent:
2024-02-22T18:32:16.829Z - info: 1. admin/courseBriefings
2024-02-22T18:32:17.851Z - info: Rebuilding 1 pages
2024-02-22T18:32:18.106Z - info: Site data built
2024-02-22T18:32:18.107Z - info: Pages rebuilt
2024-02-22T18:32:18.107Z - info: Website regeneration complete! Total build time: 0.258s
2024-02-22T18:32:56.586Z - info: [2:32:56 am] Reload for file change: C:\repos\nus-cs2103\cs2103-website-base\admin\courseBriefings.md
2024-02-22T18:32:56.588Z - info: Synchronizing opened pages list before reload
2024-02-22T18:32:56.588Z - info: Current opened pages, from most-to-least recent:
2024-02-22T18:32:56.589Z - info: 1. admin/courseBriefings
2024-02-22T18:32:57.601Z - info: Rebuilding 1 pages
2024-02-22T18:32:57.853Z - info: Site data built
2024-02-22T18:32:57.853Z - info: Pages rebuilt
2024-02-22T18:32:57.853Z - info: Website regeneration complete! Total build time: 0.253s
2024-02-22T18:35:56.829Z - info: [2:35:56 am] Reload for file change: C:\repos\nus-cs2103\cs2103-website-base\admin\courseBriefings.md
2024-02-22T18:35:56.830Z - info: Synchronizing opened pages list before reload
2024-02-22T18:35:56.830Z - info: Current opened pages, from most-to-least recent:
2024-02-22T18:35:56.830Z - info: 1. admin/courseBriefings
2024-02-22T18:35:57.846Z - info: Rebuilding 1 pages
2024-02-22T18:35:58.223Z - info: Site data built
2024-02-22T18:35:58.223Z - info: Pages rebuilt
2024-02-22T18:35:58.223Z - info: Website regeneration complete! Total build time: 0.378s
2024-02-22T18:36:06.921Z - info: [2:36:06 am] Reload for file change: C:\repos\nus-cs2103\cs2103-website-base\admin\courseBriefings.md
2024-02-22T18:36:06.921Z - info: Synchronizing opened pages list before reload
2024-02-22T18:36:06.921Z - info: Current opened pages, from most-to-least recent:
2024-02-22T18:36:06.922Z - info: 1. admin/courseBriefings
2024-02-22T18:36:07.929Z - info: Rebuilding 1 pages
2024-02-22T18:36:08.144Z - info: Site data built
2024-02-22T18:36:08.144Z - info: Pages rebuilt
2024-02-22T18:36:08.144Z - info: Website regeneration complete! Total build time: 0.215s
2024-02-22T18:37:22.335Z - info: [2:37:22 am] Reload for file change: C:\repos\nus-cs2103\cs2103-website-base\admin\courseBriefings.md
2024-02-22T18:37:22.336Z - info: Synchronizing opened pages list before reload
2024-02-22T18:37:22.336Z - info: Current opened pages, from most-to-least recent:
2024-02-22T18:37:22.336Z - info: 1. admin/courseBriefings
2024-02-22T18:37:23.356Z - info: Rebuilding 1 pages
2024-02-22T18:37:23.589Z - info: Site data built
2024-02-22T18:37:23.589Z - info: Pages rebuilt
2024-02-22T18:37:23.590Z - info: Website regeneration complete! Total build time: 0.234s
2024-02-22T18:37:44.780Z - info: Building C:\repos\nus-cs2103\cs2103-website-base\schedule\week6\index as some of its dependencies were changed since the last visit
2024-02-22T18:37:45.715Z - info: Site data built
2024-02-22T18:37:45.716Z - info: Lazy website regeneration complete! Total build time: 0.937s
2024-02-22T18:37:50.332Z - info: Building C:\repos\nus-cs2103\cs2103-website-base\schedule\week6\project as some of its dependencies were changed since the last visit
2024-02-22T18:37:52.768Z - info: Site data built
2024-02-22T18:37:52.768Z - info: Lazy website regeneration complete! Total build time: 2.437s
2024-02-22T18:37:57.325Z - info: Building C:\repos\nus-cs2103\cs2103-website-base\schedule\week5\project as some of its dependencies were changed since the last visit
2024-02-22T18:37:58.887Z - info: Site data built
2024-02-22T18:37:58.887Z - info: Lazy website regeneration complete! Total build time: 1.562s
2024-02-22T18:38:08.468Z - info: Building C:\repos\nus-cs2103\cs2103-website-base\schedule\week4\project as some of its dependencies were changed since the last visit
2024-02-22T18:38:10.613Z - info: Site data built
2024-02-22T18:38:10.614Z - info: Lazy website regeneration complete! Total build time: 2.145s
2024-02-22T18:38:18.644Z - info: Building C:\repos\nus-cs2103\cs2103-website-base\schedule\week4\index as some of its dependencies were changed since the last visit
2024-02-22T18:38:19.431Z - info: Site data built
2024-02-22T18:38:19.431Z - info: Lazy website regeneration complete! Total build time: 0.787s
2024-02-22T18:39:16.863Z - info: Building C:\repos\nus-cs2103\cs2103-website-base\schedule\week7\index as some of its dependencies were changed since the last visit
2024-02-22T18:39:17.937Z - info: Site data built
2024-02-22T18:39:17.937Z - info: Lazy website regeneration complete! Total build time: 1.074s
2024-02-22T18:40:04.921Z - info: [2:40:04 am] Reload for file change: C:\repos\nus-cs2103\cs2103-website-base\schedule\week7\notices-cs2103-fragment.md
2024-02-22T18:40:04.922Z - info: Synchronizing opened pages list before reload
2024-02-22T18:40:04.923Z - info: Current opened pages, from most-to-least recent:
2024-02-22T18:40:04.923Z - info: 1. schedule/week7/index
2024-02-22T18:40:05.939Z - info: Rebuilding 1 pages
2024-02-22T18:40:06.792Z - info: Site data built
2024-02-22T18:40:06.792Z - info: Pages rebuilt
2024-02-22T18:40:06.792Z - info: Website regeneration complete! Total build time: 0.854s
2024-02-22T18:40:35.523Z - info: [2:40:35 am] Reload for file change: C:\repos\nus-cs2103\cs2103-website-base\admin\courseBriefings.md
2024-02-22T18:40:35.525Z - info: Synchronizing opened pages list before reload
2024-02-22T18:40:35.525Z - info: Current opened pages, from most-to-least recent:
2024-02-22T18:40:35.526Z - info: 1. schedule/week7/index
2024-02-22T18:40:36.546Z - info: Rebuilding 1 pages
2024-02-22T18:40:37.415Z - info: Site data built
2024-02-22T18:40:37.415Z - info: Pages rebuilt
2024-02-22T18:40:37.415Z - info: Website regeneration complete! Total build time: 0.871s
2024-02-22T18:40:45.726Z - info: [2:40:45 am] Reload for file change: C:\repos\nus-cs2103\cs2103-website-base\admin\courseBriefings.md
2024-02-22T18:40:45.727Z - info: Synchronizing opened pages list before reload
2024-02-22T18:40:45.727Z - info: Current opened pages, from most-to-least recent:
2024-02-22T18:40:45.727Z - info: 1. schedule/week7/index
2024-02-22T18:40:46.741Z - info: Rebuilding 1 pages
2024-02-22T18:40:47.412Z - info: Site data built
2024-02-22T18:40:47.412Z - info: Pages rebuilt
2024-02-22T18:40:47.412Z - info: Website regeneration complete! Total build time: 0.672s
2024-02-22T18:41:21.158Z - info: [2:41:21 am] Reload for file change: C:\repos\nus-cs2103\cs2103-website-base\admin\courseBriefings.md
2024-02-22T18:41:21.159Z - info: Synchronizing opened pages list before reload
2024-02-22T18:41:21.160Z - info: Current opened pages, from most-to-least recent:
2024-02-22T18:41:21.160Z - info: 1. schedule/week7/index
2024-02-22T18:41:22.177Z - info: Rebuilding 1 pages
2024-02-22T18:41:23.069Z - info: Site data built
2024-02-22T18:41:23.070Z - info: Pages rebuilt
2024-02-22T18:41:23.070Z - info: Website regeneration complete! Total build time: 0.898s
2024-02-22T18:41:37.029Z - info: [2:41:37 am] Reload for file change: C:\repos\nus-cs2103\cs2103-website-base\admin\courseBriefings.md
2024-02-22T18:41:37.029Z - info: Synchronizing opened pages list before reload
2024-02-22T18:41:37.030Z - info: Current opened pages, from most-to-least recent:
2024-02-22T18:41:37.030Z - info: 1. schedule/week7/index
2024-02-22T18:41:38.050Z - info: Rebuilding 1 pages
2024-02-22T18:41:38.734Z - info: Site data built
2024-02-22T18:41:38.735Z - info: Pages rebuilt
2024-02-22T18:41:38.735Z - info: Website regeneration complete! Total build time: 0.686s
2024-02-22T18:43:15.651Z - info: Building C:\repos\nus-cs2103\cs2103-website-base\schedule\week7\admin as some of its dependencies were changed since the last visit
2024-02-22T18:43:16.083Z - info: Site data built
2024-02-22T18:43:16.084Z - info: Lazy website regeneration complete! Total build time: 0.433s
2024-02-22T18:43:20.891Z - info: Building C:\repos\nus-cs2103\cs2103-website-base\schedule\week7\topics as some of its dependencies were changed since the last visit
2024-02-22T18:43:22.672Z - info: Site data built
2024-02-22T18:43:22.673Z - info: Lazy website regeneration complete! Total build time: 1.781s
2024-02-22T18:43:40.620Z - info: Building C:\repos\nus-cs2103\cs2103-website-base\schedule\week7\project as some of its dependencies were changed since the last visit
2024-02-22T18:43:43.032Z - info: Site data built
2024-02-22T18:43:43.032Z - info: Lazy website regeneration complete! Total build time: 2.413s
2024-02-22T18:44:53.882Z - info: Building C:\repos\nus-cs2103\cs2103-website-base\schedule\week7\tutorial as some of its dependencies were changed since the last visit
2024-02-22T18:44:54.319Z - info: Site data built
2024-02-22T18:44:54.319Z - info: Lazy website regeneration complete! Total build time: 0.438s
2024-02-22T18:46:56.496Z - info: Website generation started at 2:46:54 am
2024-02-22T18:47:03.587Z - info: Building assets...
