2024-01-02T16:13:00.877Z - info: [12:13:00 am] Reload for file change: C:\repos\nus-cs2103\cs2103-website-base\book\modeling\modelingStructures\objectOrientedDomainModels\text.md
2024-01-02T16:13:00.896Z - info: Synchronizing opened pages list before reload
2024-01-02T16:13:00.897Z - info: Current opened pages, from most-to-least recent:
2024-01-02T16:13:00.897Z - info: 1. se-book-adapted/chapters/modeling
2024-01-02T16:13:01.908Z - info: Rebuilding 1 pages
2024-01-02T16:13:04.262Z - info: Site data built
2024-01-02T16:13:04.262Z - info: Pages rebuilt
2024-01-02T16:13:04.262Z - info: Website regeneration complete! Total build time: 2.355s
2024-01-02T16:18:02.334Z - info: [12:18:02 am] Reload for file change: C:\repos\nus-cs2103\cs2103-website-base\book\modeling\modelingStructures\objectOrientedDomainModels\text.md
2024-01-02T16:18:02.334Z - info: Synchronizing opened pages list before reload
2024-01-02T16:18:02.334Z - info: Current opened pages, from most-to-least recent:
2024-01-02T16:18:02.334Z - info: 1. se-book-adapted/chapters/modeling
2024-01-02T16:18:03.352Z - info: Rebuilding 1 pages
2024-01-02T16:18:05.138Z - info: Site data built
2024-01-02T16:18:05.138Z - info: Pages rebuilt
2024-01-02T16:18:05.138Z - info: Website regeneration complete! Total build time: 1.787s
2024-01-02T16:23:03.992Z - info: [12:23:03 am] Reload for file change: C:\repos\nus-cs2103\cs2103-website-base\book\modeling\modelingStructures\objectOrientedDomainModels\text.md
2024-01-02T16:23:03.993Z - info: Synchronizing opened pages list before reload
2024-01-02T16:23:03.993Z - info: Current opened pages, from most-to-least recent:
2024-01-02T16:23:03.993Z - info: 1. se-book-adapted/chapters/modeling
2024-01-02T16:23:05.007Z - info: Rebuilding 1 pages
2024-01-02T16:23:06.749Z - info: Site data built
2024-01-02T16:23:06.749Z - info: Pages rebuilt
2024-01-02T16:23:06.749Z - info: Website regeneration complete! Total build time: 1.743s
2024-01-02T16:24:27.144Z - info: [12:24:27 am] Reload for file change: C:\repos\nus-cs2103\cs2103-website-base\book\modeling\modelingStructures\objectOrientedDomainModels\text.md
2024-01-02T16:24:27.145Z - info: Synchronizing opened pages list before reload
2024-01-02T16:24:27.145Z - info: Current opened pages, from most-to-least recent:
2024-01-02T16:24:27.145Z - info: 1. se-book-adapted/chapters/modeling
2024-01-02T16:24:28.150Z - info: Rebuilding 1 pages
2024-01-02T16:24:29.826Z - info: Site data built
2024-01-02T16:24:29.826Z - info: Pages rebuilt
2024-01-02T16:24:29.826Z - info: Website regeneration complete! Total build time: 1.677s
2024-01-02T16:25:14.120Z - info: [12:25:14 am] Reload for file change: C:\repos\nus-cs2103\cs2103-website-base\book\modeling\modelingStructures\objectOrientedDomainModels\text.md
2024-01-02T16:25:14.120Z - info: Synchronizing opened pages list before reload
2024-01-02T16:25:14.120Z - info: Current opened pages, from most-to-least recent:
2024-01-02T16:25:14.120Z - info: 1. se-book-adapted/chapters/modeling
2024-01-02T16:25:15.135Z - info: Rebuilding 1 pages
2024-01-02T16:25:16.848Z - info: Site data built
2024-01-02T16:25:16.849Z - info: Pages rebuilt
2024-01-02T16:25:16.849Z - info: Website regeneration complete! Total build time: 1.715s
2024-01-02T16:28:30.226Z - info: [12:28:30 am] Reload for file change: C:\repos\nus-cs2103\cs2103-website-base\book\modeling\modelingStructures\objectOrientedDomainModels\text.md
2024-01-02T16:28:30.226Z - info: Synchronizing opened pages list before reload
2024-01-02T16:28:30.227Z - info: Current opened pages, from most-to-least recent:
2024-01-02T16:28:30.227Z - info: 1. se-book-adapted/chapters/modeling
2024-01-02T16:28:31.236Z - info: Rebuilding 1 pages
2024-01-02T16:28:33.379Z - info: Site data built
2024-01-02T16:28:33.379Z - info: Pages rebuilt
2024-01-02T16:28:33.379Z - info: Website regeneration complete! Total build time: 2.144s
2024-01-02T16:32:38.473Z - info: [12:32:38 am] Reload for file change: C:\repos\nus-cs2103\cs2103-website-base\book\modeling\modelingStructures\objectOrientedDomainModels\text.md
2024-01-02T16:32:38.474Z - info: Synchronizing opened pages list before reload
2024-01-02T16:32:38.474Z - info: Current opened pages, from most-to-least recent:
2024-01-02T16:32:38.474Z - info: 1. se-book-adapted/chapters/modeling
2024-01-02T16:32:39.481Z - info: Rebuilding 1 pages
2024-01-02T16:32:41.110Z - info: Site data built
2024-01-02T16:32:41.110Z - info: Pages rebuilt
2024-01-02T16:32:41.110Z - info: Website regeneration complete! Total build time: 1.63s
2024-01-02T16:34:16.349Z - info: [12:34:16 am] Reload for file change: C:\repos\nus-cs2103\cs2103-website-base\_course-CS2103\textbookTopics-fragment.md
2024-01-02T16:34:16.349Z - info: Synchronizing opened pages list before reload
2024-01-02T16:34:16.349Z - info: Current opened pages, from most-to-least recent:
2024-01-02T16:34:16.349Z - info: 1. se-book-adapted/chapters/modeling
2024-01-02T16:34:17.551Z - info: Rebuilding 1 pages
2024-01-02T16:34:19.194Z - info: Site data built
2024-01-02T16:34:19.194Z - info: Pages rebuilt
2024-01-02T16:34:19.194Z - info: Website regeneration complete! Total build time: 1.644s
2024-01-02T16:36:29.939Z - info: [12:36:29 am] Reload for file change: C:\repos\nus-cs2103\cs2103-website-base\book\modeling\modelingStructures\objectOrientedDomainModels\text.md
2024-01-02T16:36:29.940Z - info: Synchronizing opened pages list before reload
2024-01-02T16:36:29.940Z - info: Current opened pages, from most-to-least recent:
2024-01-02T16:36:29.940Z - info: 1. se-book-adapted/chapters/modeling
2024-01-02T16:36:30.955Z - info: Rebuilding 1 pages
2024-01-02T16:36:32.606Z - info: Site data built
2024-01-02T16:36:32.606Z - info: Pages rebuilt
2024-01-02T16:36:32.606Z - info: Website regeneration complete! Total build time: 1.652s
2024-01-02T16:39:51.139Z - info: [12:39:51 am] Reload for file change: C:\repos\nus-cs2103\cs2103-website-base\book\modeling\modelingStructures\objectOrientedDomainModels\text.md
2024-01-02T16:39:51.139Z - info: Synchronizing opened pages list before reload
2024-01-02T16:39:51.139Z - info: Current opened pages, from most-to-least recent:
2024-01-02T16:39:51.139Z - info: 1. se-book-adapted/chapters/modeling
2024-01-02T16:39:52.150Z - info: Rebuilding 1 pages
2024-01-02T16:39:53.987Z - info: Site data built
2024-01-02T16:39:53.987Z - info: Pages rebuilt
2024-01-02T16:39:53.987Z - info: Website regeneration complete! Total build time: 1.838s
2024-01-02T16:42:58.462Z - info: [12:42:58 am] Reload for file change: C:\repos\nus-cs2103\cs2103-website-base\book\modeling\modelingStructures\objectOrientedDomainModels\q-tick-correctStatement.md
2024-01-02T16:42:58.463Z - info: Synchronizing opened pages list before reload
2024-01-02T16:42:58.463Z - info: Current opened pages, from most-to-least recent:
2024-01-02T16:42:58.464Z - info: 1. se-book-adapted/chapters/modeling
2024-01-02T16:42:59.481Z - info: Rebuilding 1 pages
2024-01-02T16:43:01.351Z - info: Site data built
2024-01-02T16:43:01.351Z - info: Pages rebuilt
2024-01-02T16:43:01.351Z - info: Website regeneration complete! Total build time: 1.872s
2024-01-02T16:44:16.989Z - info: [12:44:16 am] Reload for file change: C:\repos\nus-cs2103\cs2103-website-base\book\modeling\modelingStructures\objectOrientedDomainModels\q-courseDomainModel.md
2024-01-02T16:44:16.990Z - info: Synchronizing opened pages list before reload
2024-01-02T16:44:16.990Z - info: Current opened pages, from most-to-least recent:
2024-01-02T16:44:16.990Z - info: 1. se-book-adapted/chapters/modeling
2024-01-02T16:44:17.999Z - info: Assets built
2024-01-02T16:46:00.541Z - info: [12:46:00 am] Reload for file change: C:\repos\nus-cs2103\cs2103-website-base\book\modeling\modelingStructures\objectOrientedDomainModels\q-tick-correctStatement.md
2024-01-02T16:46:00.541Z - info: Synchronizing opened pages list before reload
2024-01-02T16:46:00.541Z - info: Current opened pages, from most-to-least recent:
2024-01-02T16:46:00.541Z - info: 1. se-book-adapted/chapters/modeling
2024-01-02T16:46:01.543Z - info: Rebuilding 1 pages
2024-01-02T16:46:03.475Z - info: Site data built
2024-01-02T16:46:03.475Z - info: Pages rebuilt
2024-01-02T16:46:03.475Z - info: Website regeneration complete! Total build time: 1.933s
2024-01-02T16:47:06.729Z - info: [12:47:06 am] Reload for file change: C:\repos\nus-cs2103\cs2103-website-base\book\modeling\modelingStructures\objectOrientedDomainModels\q-tick-difference.md
2024-01-02T16:47:06.729Z - info: Synchronizing opened pages list before reload
2024-01-02T16:47:06.730Z - info: Current opened pages, from most-to-least recent:
2024-01-02T16:47:06.730Z - info: 1. se-book-adapted/chapters/modeling
2024-01-02T16:47:07.740Z - info: Rebuilding 1 pages
2024-01-02T16:47:09.553Z - info: Site data built
2024-01-02T16:47:09.553Z - info: Pages rebuilt
2024-01-02T16:47:09.553Z - info: Website regeneration complete! Total build time: 1.815s
2024-01-02T16:47:28.966Z - info: [12:47:28 am] Reload for file change: C:\repos\nus-cs2103\cs2103-website-base\book\modeling\modelingStructures\objectOrientedDomainModels\q-tick-difference.md
2024-01-02T16:47:28.966Z - info: Synchronizing opened pages list before reload
2024-01-02T16:47:28.967Z - info: Current opened pages, from most-to-least recent:
2024-01-02T16:47:28.967Z - info: 1. se-book-adapted/chapters/modeling
2024-01-02T16:47:29.979Z - info: Rebuilding 1 pages
2024-01-02T16:47:31.647Z - info: Site data built
2024-01-02T16:47:31.647Z - info: Pages rebuilt
2024-01-02T16:47:31.647Z - info: Website regeneration complete! Total build time: 1.669s
2024-01-02T16:49:01.444Z - info: [12:49:01 am] Reload for file change: C:\repos\nus-cs2103\cs2103-website-base\book\modeling\modelingStructures\objectOrientedDomainModels\text.md
2024-01-02T16:49:01.445Z - info: Synchronizing opened pages list before reload
2024-01-02T16:49:01.445Z - info: Current opened pages, from most-to-least recent:
2024-01-02T16:49:01.445Z - info: 1. se-book-adapted/chapters/modeling
2024-01-02T16:49:02.454Z - info: Rebuilding 1 pages
2024-01-02T16:49:04.351Z - info: Site data built
2024-01-02T16:49:04.351Z - info: Pages rebuilt
2024-01-02T16:49:04.351Z - info: Website regeneration complete! Total build time: 1.899s
2024-01-02T16:50:23.711Z - info: Building C:\repos\nus-cs2103\cs2103-website-base\schedule\timeline as some of its dependencies were changed since the last visit
2024-01-02T16:50:29.427Z - info: Site data built
2024-01-02T16:50:29.427Z - info: Lazy website regeneration complete! Total build time: 5.716s
2024-01-02T16:51:39.421Z - info: [12:51:39 am] Reload for file change: C:\repos\nus-cs2103\cs2103-website-base\_course-CS2103\weeklyTextbookTopics-fragment.md
2024-01-02T16:51:39.421Z - info: Synchronizing opened pages list before reload
2024-01-02T16:51:39.422Z - info: Current opened pages, from most-to-least recent:
2024-01-02T16:51:39.422Z - info: 1. schedule/timeline
2024-01-02T16:51:40.429Z - info: Rebuilding 1 pages
2024-01-02T16:51:44.294Z - info: Site data built
2024-01-02T16:51:44.294Z - info: Pages rebuilt
2024-01-02T16:51:44.294Z - info: Website regeneration complete! Total build time: 3.866s
2024-01-02T16:51:58.918Z - info: Building C:\repos\nus-cs2103\cs2103-website-base\schedule\week9\topics as some of its dependencies were changed since the last visit
2024-01-02T16:52:03.189Z - debug:  
2024-01-02T16:52:03.352Z - info: Site data built
2024-01-02T16:52:03.353Z - info: Lazy website regeneration complete! Total build time: 4.435s
2024-01-03T09:14:07.353Z - info: Website generation (lazy) started at 5:14:05 pm
2024-01-03T09:14:16.611Z - info: Building assets...
2024-01-03T09:14:22.386Z - info: Assets built
2024-01-03T09:14:22.387Z - info: Generating landing page...
2024-01-03T09:14:23.054Z - info: Landing page built, other pages will be built as you navigate to them!
2024-01-03T09:14:24.012Z - info: Site data built
2024-01-03T09:14:24.012Z - info: Website generation (lazy) complete! Total build time: 18.377s
2024-01-03T09:14:24.804Z - info: Serving "C:\repos\nus-cs2103\cs2103-website-base\_site" at http://127.0.0.1:8080
2024-01-03T09:14:24.805Z - info: Press CTRL+C to stop ...
2024-01-03T09:18:30.276Z - info: Building C:\repos\nus-cs2103\cs2103-website-base\admin\index as some of its dependencies were changed since the last visit
2024-01-03T09:18:30.597Z - info: Site data built
2024-01-03T09:18:30.597Z - info: Lazy website regeneration complete! Total build time: 0.322s
2024-01-03T09:18:53.379Z - info: Building C:\repos\nus-cs2103\cs2103-website-base\admin\tp-deliverables as some of its dependencies were changed since the last visit
2024-01-03T09:18:54.483Z - info: Site data built
2024-01-03T09:18:54.484Z - info: Lazy website regeneration complete! Total build time: 1.105s
2024-01-03T09:20:41.292Z - info: [5:20:41 pm] Reload for file change: C:\repos\nus-cs2103\cs2103-website-base\admin\tp-deliverables-demo-fragment.md
2024-01-03T09:20:41.293Z - info: Synchronizing opened pages list before reload
2024-01-03T09:20:41.293Z - info: Current opened pages, from most-to-least recent:
2024-01-03T09:20:41.294Z - info: 1. admin/tp-deliverables
2024-01-03T09:20:42.305Z - info: Rebuilding 1 pages
2024-01-03T09:20:43.040Z - info: Site data built
2024-01-03T09:20:43.040Z - info: Pages rebuilt
2024-01-03T09:20:43.041Z - info: Website regeneration complete! Total build time: 0.736s
2024-01-03T09:20:59.010Z - info: [5:20:59 pm] Reload for file change: C:\repos\nus-cs2103\cs2103-website-base\admin\tp-deliverables-demo-fragment.md
2024-01-03T09:20:59.011Z - info: Synchronizing opened pages list before reload
2024-01-03T09:20:59.011Z - info: Current opened pages, from most-to-least recent:
2024-01-03T09:20:59.011Z - info: 1. admin/tp-deliverables
2024-01-03T09:21:00.020Z - info: Rebuilding 1 pages
2024-01-03T09:21:00.384Z - info: Site data built
2024-01-03T09:21:00.384Z - info: Pages rebuilt
2024-01-03T09:21:00.384Z - info: Website regeneration complete! Total build time: 0.366s
2024-01-03T09:23:47.080Z - info: [5:23:47 pm] Reload for file change: C:\repos\nus-cs2103\cs2103-website-base\admin\tp-deliverables-demo-fragment.md
2024-01-03T09:23:47.080Z - info: Synchronizing opened pages list before reload
2024-01-03T09:23:47.080Z - info: Current opened pages, from most-to-least recent:
2024-01-03T09:23:47.081Z - info: 1. admin/tp-deliverables
2024-01-03T09:23:48.089Z - info: Rebuilding 1 pages
2024-01-03T09:23:48.604Z - info: Site data built
2024-01-03T09:23:48.604Z - info: Pages rebuilt
2024-01-03T09:23:48.604Z - info: Website regeneration complete! Total build time: 0.516s
2024-01-03T09:24:25.163Z - info: [5:24:25 pm] Reload for file change: C:\repos\nus-cs2103\cs2103-website-base\admin\tp-deliverables-demo-fragment.md
2024-01-03T09:24:25.163Z - info: Synchronizing opened pages list before reload
2024-01-03T09:24:25.163Z - info: Current opened pages, from most-to-least recent:
2024-01-03T09:24:25.163Z - info: 1. admin/tp-deliverables
2024-01-03T09:24:26.174Z - info: Rebuilding 1 pages
2024-01-03T09:24:26.530Z - info: Site data built
2024-01-03T09:24:26.531Z - info: Pages rebuilt
2024-01-03T09:24:26.531Z - info: Website regeneration complete! Total build time: 0.358s
2024-01-03T09:25:37.232Z - info: [5:25:37 pm] Reload for file change: C:\repos\nus-cs2103\cs2103-website-base\admin\tp-deliverables-demo-fragment.md
2024-01-03T09:25:37.232Z - info: Synchronizing opened pages list before reload
2024-01-03T09:25:37.232Z - info: Current opened pages, from most-to-least recent:
2024-01-03T09:25:37.232Z - info: 1. admin/tp-deliverables
2024-01-03T09:25:38.242Z - info: Rebuilding 1 pages
2024-01-03T09:25:38.727Z - info: Site data built
2024-01-03T09:25:38.727Z - info: Pages rebuilt
2024-01-03T09:25:38.727Z - info: Website regeneration complete! Total build time: 0.486s
2024-01-03T09:26:01.213Z - info: [5:26:01 pm] Reload for file change: C:\repos\nus-cs2103\cs2103-website-base\admin\tp-deliverables-demo-fragment.md
2024-01-03T09:26:01.213Z - info: Synchronizing opened pages list before reload
2024-01-03T09:26:01.213Z - info: Current opened pages, from most-to-least recent:
2024-01-03T09:26:01.214Z - info: 1. admin/tp-deliverables
2024-01-03T09:26:02.227Z - info: Rebuilding 1 pages
2024-01-03T09:26:02.617Z - info: Site data built
2024-01-03T09:26:02.618Z - info: Pages rebuilt
2024-01-03T09:26:02.618Z - info: Website regeneration complete! Total build time: 0.391s
2024-01-03T09:26:23.961Z - info: [5:26:23 pm] Reload for file change: C:\repos\nus-cs2103\cs2103-website-base\admin\tp-deliverables-demo-fragment.md
2024-01-03T09:26:23.961Z - info: Synchronizing opened pages list before reload
2024-01-03T09:26:23.961Z - info: Current opened pages, from most-to-least recent:
2024-01-03T09:26:23.961Z - info: 1. admin/tp-deliverables
2024-01-03T09:26:24.969Z - info: Rebuilding 1 pages
2024-01-03T09:26:25.452Z - info: Site data built
2024-01-03T09:26:25.453Z - info: Pages rebuilt
2024-01-03T09:26:25.453Z - info: Website regeneration complete! Total build time: 0.484s
2024-01-03T09:26:59.802Z - info: [5:26:59 pm] Reload for file change: C:\repos\nus-cs2103\cs2103-website-base\admin\tp-deliverables-demo-fragment.md
2024-01-03T09:26:59.802Z - info: Synchronizing opened pages list before reload
2024-01-03T09:26:59.802Z - info: Current opened pages, from most-to-least recent:
2024-01-03T09:26:59.802Z - info: 1. admin/tp-deliverables
2024-01-03T09:27:00.807Z - info: Rebuilding 1 pages
2024-01-03T09:27:01.165Z - info: Site data built
2024-01-03T09:27:01.165Z - info: Pages rebuilt
2024-01-03T09:27:01.166Z - info: Website regeneration complete! Total build time: 0.361s
2024-01-03T09:27:16.779Z - info: [5:27:16 pm] Reload for file change: C:\repos\nus-cs2103\cs2103-website-base\admin\tp-deliverables-demo-fragment.md
2024-01-03T09:27:16.779Z - info: Synchronizing opened pages list before reload
2024-01-03T09:27:16.779Z - info: Current opened pages, from most-to-least recent:
2024-01-03T09:27:16.780Z - info: 1. admin/tp-deliverables
2024-01-03T09:27:17.796Z - info: Rebuilding 1 pages
2024-01-03T09:27:18.230Z - info: Site data built
2024-01-03T09:27:18.230Z - info: Pages rebuilt
2024-01-03T09:27:18.230Z - info: Website regeneration complete! Total build time: 0.434s
2024-01-03T09:29:38.600Z - info: [5:29:38 pm] Reload for file change: C:\repos\nus-cs2103\cs2103-website-base\admin\tp-deliverables-ppp-fragment.md
2024-01-03T09:29:38.600Z - info: Synchronizing opened pages list before reload
2024-01-03T09:29:38.600Z - info: Current opened pages, from most-to-least recent:
2024-01-03T09:29:38.600Z - info: 1. admin/tp-deliverables
2024-01-03T09:29:39.618Z - info: Rebuilding 1 pages
2024-01-03T09:29:39.809Z - error:  Template render error: (C:\repos\nus-cs2103\cs2103-website-base\admin\tp-deliverables-ppp-fragment.md) [Line 1, Column 220]
  unknown block tag: endif
    at Object._prettifyError (C:\Users\dcsdcr\AppData\Roaming\npm\node_modules\markbind-cli\node_modules\nunjucks\src\lib.js:36:11)
    at Template.render (C:\Users\dcsdcr\AppData\Roaming\npm\node_modules\markbind-cli\node_modules\@markbind\core\src\patches\nunjucks\context-overrides-frame.js:358:19)
    at C:\Users\dcsdcr\AppData\Roaming\npm\node_modules\markbind-cli\node_modules\@markbind\core\src\patches\nunjucks\context-overrides-frame.js:54:25
    at createTemplate (C:\Users\dcsdcr\AppData\Roaming\npm\node_modules\markbind-cli\node_modules\@markbind\core\src\patches\nunjucks\load-event.js:121:7)
    at handle (C:\Users\dcsdcr\AppData\Roaming\npm\node_modules\markbind-cli\node_modules\@markbind\core\src\patches\nunjucks\load-event.js:133:9)
    at C:\Users\dcsdcr\AppData\Roaming\npm\node_modules\markbind-cli\node_modules\@markbind\core\src\patches\nunjucks\load-event.js:145:7
    at next (C:\Users\dcsdcr\AppData\Roaming\npm\node_modules\markbind-cli\node_modules\nunjucks\src\lib.js:326:7)
    at Object.asyncIter (C:\Users\dcsdcr\AppData\Roaming\npm\node_modules\markbind-cli\node_modules\nunjucks\src\lib.js:332:3)
    at Environment.getTemplate (C:\Users\dcsdcr\AppData\Roaming\npm\node_modules\markbind-cli\node_modules\@markbind\core\src\patches\nunjucks\load-event.js:127:7)
    at Environment.render (C:\Users\dcsdcr\AppData\Roaming\npm\node_modules\markbind-cli\node_modules\@markbind\core\src\patches\nunjucks\context-overrides-frame.js:48:8)
    at VariableRenderer.renderFile (C:\Users\dcsdcr\AppData\Roaming\npm\node_modules\markbind-cli\node_modules\@markbind\core\src\variables\VariableRenderer.js:73:24)
    at VariableProcessor.renderWithSiteVariables (C:\Users\dcsdcr\AppData\Roaming\npm\node_modules\markbind-cli\node_modules\@markbind\core\src\variables\VariableProcessor.js:154:57)
    at VariableProcessor.renderIncludeFile (C:\Users\dcsdcr\AppData\Roaming\npm\node_modules\markbind-cli\node_modules\@markbind\core\src\variables\VariableProcessor.js:231:38)
    at processInclude (C:\Users\dcsdcr\AppData\Roaming\npm\node_modules\markbind-cli\node_modules\@markbind\core\src\html\includePanelProcessor.js:190:68)
    at NodeProcessor.processNode (C:\Users\dcsdcr\AppData\Roaming\npm\node_modules\markbind-cli\node_modules\@markbind\core\src\html\NodeProcessor.js:172:71)
    at NodeProcessor.traverse (C:\Users\dcsdcr\AppData\Roaming\npm\node_modules\markbind-cli\node_modules\@markbind\core\src\html\NodeProcessor.js:326:24)
2024-01-03T09:29:40.048Z - info: Site data built
2024-01-03T09:29:40.048Z - info: Pages rebuilt
2024-01-03T09:29:40.048Z - info: Website regeneration complete! Total build time: 0.431s
2024-01-03T09:31:57.246Z - info: [5:31:57 pm] Reload for file change: C:\repos\nus-cs2103\cs2103-website-base\admin\tp-deliverables-ppp-fragment.md
2024-01-03T09:31:57.246Z - info: Synchronizing opened pages list before reload
2024-01-03T09:31:57.246Z - info: Current opened pages, from most-to-least recent:
2024-01-03T09:31:57.246Z - info: 1. admin/tp-deliverables
2024-01-03T09:31:58.260Z - info: Rebuilding 1 pages
2024-01-03T09:31:58.779Z - info: Site data built
2024-01-03T09:31:58.779Z - info: Pages rebuilt
2024-01-03T09:31:58.779Z - info: Website regeneration complete! Total build time: 0.52s
2024-01-03T09:32:05.929Z - info: [5:32:05 pm] Reload for file change: C:\repos\nus-cs2103\cs2103-website-base\admin\tp-deliverables-ppp-fragment.md
2024-01-03T09:32:05.929Z - info: Synchronizing opened pages list before reload
2024-01-03T09:32:05.929Z - info: Current opened pages, from most-to-least recent:
2024-01-03T09:32:05.929Z - info: 1. admin/tp-deliverables
2024-01-03T09:32:06.939Z - info: Rebuilding 1 pages
2024-01-03T09:32:07.280Z - info: Site data built
2024-01-03T09:32:07.280Z - info: Pages rebuilt
2024-01-03T09:32:07.280Z - info: Website regeneration complete! Total build time: 0.342s
2024-01-03T09:33:53.806Z - info: [5:33:53 pm] Reload for file change: C:\repos\nus-cs2103\cs2103-website-base\admin\tp-deliverables-ppp-fragment.md
2024-01-03T09:33:53.806Z - info: Synchronizing opened pages list before reload
2024-01-03T09:33:53.806Z - info: Current opened pages, from most-to-least recent:
2024-01-03T09:33:53.806Z - info: 1. admin/tp-deliverables
2024-01-03T09:33:54.808Z - info: Rebuilding 1 pages
2024-01-03T09:33:55.282Z - info: Site data built
2024-01-03T09:33:55.283Z - info: Pages rebuilt
2024-01-03T09:33:55.283Z - info: Website regeneration complete! Total build time: 0.476s
2024-01-03T09:36:35.680Z - info: Building C:\repos\nus-cs2103\cs2103-website-base\schedule\week13\index as some of its dependencies were changed since the last visit
2024-01-03T09:36:36.260Z - info: Site data built
2024-01-03T09:36:36.260Z - info: Lazy website regeneration complete! Total build time: 0.58s
2024-01-03T09:37:58.341Z - info: [5:37:58 pm] Reload for file change: C:\repos\nus-cs2103\cs2103-website-base\_course-CS2103\weeklyTpTasks-fragment.md
2024-01-03T09:37:58.342Z - info: Synchronizing opened pages list before reload
2024-01-03T09:37:58.342Z - info: Current opened pages, from most-to-least recent:
2024-01-03T09:37:58.342Z - info: 1. schedule/week13/index
2024-01-03T09:37:59.538Z - info: Rebuilding 1 pages
2024-01-03T09:38:00.109Z - info: Site data built
2024-01-03T09:38:00.110Z - info: Pages rebuilt
2024-01-03T09:38:00.110Z - info: Website regeneration complete! Total build time: 0.573s
2024-01-03T09:38:05.499Z - info: Building C:\repos\nus-cs2103\cs2103-website-base\schedule\week7\index as some of its dependencies were changed since the last visit
2024-01-03T09:38:06.316Z - info: Site data built
2024-01-03T09:38:06.316Z - info: Lazy website regeneration complete! Total build time: 0.818s
2024-01-03T09:38:59.440Z - info: Building C:\repos\nus-cs2103\cs2103-website-base\schedule\week12\index as some of its dependencies were changed since the last visit
2024-01-03T09:39:00.040Z - info: Site data built
2024-01-03T09:39:00.041Z - info: Lazy website regeneration complete! Total build time: 0.601s
2024-01-03T09:39:09.779Z - info: Building C:\repos\nus-cs2103\cs2103-website-base\schedule\week12\project as some of its dependencies were changed since the last visit
2024-01-03T09:39:12.008Z - info: Site data built
2024-01-03T09:39:12.008Z - info: Lazy website regeneration complete! Total build time: 2.229s
2024-01-03T09:40:48.294Z - info: [5:40:48 pm] Reload for file change: C:\repos\nus-cs2103\cs2103-website-base\admin\tp-tasks-fragment.md
2024-01-03T09:40:48.294Z - info: Synchronizing opened pages list before reload
2024-01-03T09:40:48.294Z - info: Current opened pages, from most-to-least recent:
2024-01-03T09:40:48.294Z - info: 1. schedule/week12/project
2024-01-03T09:40:49.314Z - info: Rebuilding 1 pages
2024-01-03T09:40:51.780Z - info: Site data built
2024-01-03T09:40:51.780Z - info: Pages rebuilt
2024-01-03T09:40:51.780Z - info: Website regeneration complete! Total build time: 2.467s
2024-01-03T09:41:36.329Z - info: [5:41:36 pm] Reload for file change: C:\repos\nus-cs2103\cs2103-website-base\admin\tp-tasks-fragment.md
2024-01-03T09:41:36.329Z - info: Synchronizing opened pages list before reload
2024-01-03T09:41:36.330Z - info: Current opened pages, from most-to-least recent:
2024-01-03T09:41:36.330Z - info: 1. schedule/week12/project
2024-01-03T09:41:37.337Z - info: Rebuilding 1 pages
2024-01-03T09:41:39.487Z - info: Site data built
2024-01-03T09:41:39.487Z - info: Pages rebuilt
2024-01-03T09:41:39.487Z - info: Website regeneration complete! Total build time: 2.151s
2024-01-03T09:43:04.826Z - info: [5:43:04 pm] Reload for file change: C:\repos\nus-cs2103\cs2103-website-base\admin\tp-tasks-fragment.md
2024-01-03T09:43:04.826Z - info: Synchronizing opened pages list before reload
2024-01-03T09:43:04.826Z - info: Current opened pages, from most-to-least recent:
2024-01-03T09:43:04.826Z - info: 1. schedule/week12/project
2024-01-03T09:43:05.836Z - info: Rebuilding 1 pages
2024-01-03T09:43:08.049Z - info: Site data built
2024-01-03T09:43:08.049Z - info: Pages rebuilt
2024-01-03T09:43:08.049Z - info: Website regeneration complete! Total build time: 2.215s
2024-01-03T09:44:32.307Z - info: [5:44:32 pm] Reload for file change: C:\repos\nus-cs2103\cs2103-website-base\admin\tp-deliverables-ppp-fragment.md
2024-01-03T09:44:32.307Z - info: Synchronizing opened pages list before reload
2024-01-03T09:44:32.308Z - info: Current opened pages, from most-to-least recent:
2024-01-03T09:44:32.308Z - info: 1. schedule/week12/project
2024-01-03T09:44:33.314Z - info: Rebuilding 1 pages
2024-01-03T09:44:35.617Z - info: Site data built
2024-01-03T09:44:35.617Z - info: Pages rebuilt
2024-01-03T09:44:35.617Z - info: Website regeneration complete! Total build time: 2.304s
2024-01-03T09:48:37.382Z - info: [5:48:37 pm] Reload for file change: C:\repos\nus-cs2103\cs2103-website-base\admin\tp-deliverables-ppp-fragment.md
2024-01-03T09:48:37.382Z - info: Synchronizing opened pages list before reload
2024-01-03T09:48:37.382Z - info: Current opened pages, from most-to-least recent:
2024-01-03T09:48:37.382Z - info: 1. schedule/week12/project
2024-01-03T09:48:37.403Z - info: [5:48:37 pm] Reload for file change: C:\repos\nus-cs2103\cs2103-website-base\admin\tp-tasks-fragment.md
2024-01-03T09:48:37.403Z - info: Synchronizing opened pages list before reload
2024-01-03T09:48:37.403Z - info: Current opened pages, from most-to-least recent:
2024-01-03T09:48:37.403Z - info: 1. schedule/week12/project
2024-01-03T09:48:38.404Z - info: Rebuilding 1 pages
2024-01-03T09:48:40.703Z - info: Site data built
2024-01-03T09:48:40.703Z - info: Pages rebuilt
2024-01-03T09:48:40.703Z - info: Website regeneration complete! Total build time: 2.312s
2024-01-03T09:49:31.324Z - info: [5:49:31 pm] Reload for file change: C:\repos\nus-cs2103\cs2103-website-base\admin\tp-tasks-fragment.md
2024-01-03T09:49:31.324Z - info: Synchronizing opened pages list before reload
2024-01-03T09:49:31.324Z - info: Current opened pages, from most-to-least recent:
2024-01-03T09:49:31.324Z - info: 1. schedule/week12/project
2024-01-03T09:49:32.330Z - info: Rebuilding 1 pages
2024-01-03T09:49:34.571Z - info: Site data built
2024-01-03T09:49:34.571Z - info: Pages rebuilt
2024-01-03T09:49:34.571Z - info: Website regeneration complete! Total build time: 2.242s
2024-01-03T09:50:51.054Z - info: [5:50:51 pm] Reload for file change: C:\repos\nus-cs2103\cs2103-website-base\admin\tp-tasks-fragment.md
2024-01-03T09:50:51.054Z - info: Synchronizing opened pages list before reload
2024-01-03T09:50:51.054Z - info: Current opened pages, from most-to-least recent:
2024-01-03T09:50:51.054Z - info: 1. schedule/week12/project
2024-01-03T09:50:52.059Z - info: Rebuilding 1 pages
2024-01-03T09:50:54.221Z - info: Site data built
2024-01-03T09:50:54.221Z - info: Pages rebuilt
2024-01-03T09:50:54.221Z - info: Website regeneration complete! Total build time: 2.163s
2024-01-03T09:52:52.202Z - info: [5:52:52 pm] Reload for file change: C:\repos\nus-cs2103\cs2103-website-base\admin\tp-tasks-fragment.md
2024-01-03T09:52:52.203Z - info: Synchronizing opened pages list before reload
2024-01-03T09:52:52.203Z - info: Current opened pages, from most-to-least recent:
2024-01-03T09:52:52.203Z - info: 1. schedule/week12/project
2024-01-03T09:52:53.207Z - info: Rebuilding 1 pages
2024-01-03T09:52:55.446Z - info: Site data built
2024-01-03T09:52:55.446Z - info: Pages rebuilt
2024-01-03T09:52:55.447Z - info: Website regeneration complete! Total build time: 2.239s
2024-01-03T09:53:59.770Z - info: [5:53:59 pm] Reload for file change: C:\repos\nus-cs2103\cs2103-website-base\admin\tp-tasks-fragment.md
2024-01-03T09:53:59.770Z - info: Synchronizing opened pages list before reload
2024-01-03T09:53:59.771Z - info: Current opened pages, from most-to-least recent:
2024-01-03T09:53:59.771Z - info: 1. schedule/week12/project
2024-01-03T09:54:00.778Z - info: Rebuilding 1 pages
2024-01-03T09:54:02.991Z - info: Site data built
2024-01-03T09:54:02.991Z - info: Pages rebuilt
2024-01-03T09:54:02.991Z - info: Website regeneration complete! Total build time: 2.214s
2024-01-03T09:55:51.455Z - info: Building C:\repos\nus-cs2103\cs2103-website-base\schedule\week13\index as some of its dependencies were changed since the last visit
2024-01-03T09:55:52.039Z - info: Site data built
2024-01-03T09:55:52.040Z - info: Lazy website regeneration complete! Total build time: 0.586s
2024-01-03T09:55:57.274Z - info: Building C:\repos\nus-cs2103\cs2103-website-base\schedule\week13\project as some of its dependencies were changed since the last visit
2024-01-03T09:55:58.908Z - info: Site data built
2024-01-03T09:55:58.908Z - info: Lazy website regeneration complete! Total build time: 1.634s
2024-01-03T09:57:50.235Z - info: [5:57:50 pm] Reload for file change: C:\repos\nus-cs2103\cs2103-website-base\admin\tp-tasks-fragment.md
2024-01-03T09:57:50.236Z - info: Synchronizing opened pages list before reload
2024-01-03T09:57:50.236Z - info: Current opened pages, from most-to-least recent:
2024-01-03T09:57:50.236Z - info: 1. schedule/week13/project
2024-01-03T09:57:51.240Z - info: Rebuilding 1 pages
2024-01-03T09:57:53.015Z - info: Site data built
2024-01-03T09:57:53.015Z - info: Pages rebuilt
2024-01-03T09:57:53.015Z - info: Website regeneration complete! Total build time: 1.775s
2024-01-03T09:59:29.170Z - info: [5:59:29 pm] Reload for file change: C:\repos\nus-cs2103\cs2103-website-base\admin\tp-tasks-fragment.md
2024-01-03T09:59:29.171Z - info: Synchronizing opened pages list before reload
2024-01-03T09:59:29.171Z - info: Current opened pages, from most-to-least recent:
2024-01-03T09:59:29.171Z - info: 1. schedule/week13/project
2024-01-03T09:59:30.187Z - info: Rebuilding 1 pages
2024-01-03T09:59:31.892Z - info: Site data built
2024-01-03T09:59:31.892Z - info: Pages rebuilt
2024-01-03T09:59:31.892Z - info: Website regeneration complete! Total build time: 1.706s
2024-01-03T10:00:59.580Z - info: [6:00:59 pm] Reload for file change: C:\repos\nus-cs2103\cs2103-website-base\admin\tp-deliverables-ppp-fragment.md
2024-01-03T10:00:59.580Z - info: Synchronizing opened pages list before reload
2024-01-03T10:00:59.580Z - info: Current opened pages, from most-to-least recent:
2024-01-03T10:00:59.580Z - info: 1. schedule/week13/project
2024-01-03T10:01:00.588Z - info: Rebuilding 1 pages
2024-01-03T10:01:02.299Z - info: Site data built
2024-01-03T10:01:02.299Z - info: Pages rebuilt
2024-01-03T10:01:02.299Z - info: Website regeneration complete! Total build time: 1.712s
2024-01-03T10:02:06.177Z - info: [6:02:06 pm] Reload for file change: C:\repos\nus-cs2103\cs2103-website-base\admin\tp-deliverables-ppp-fragment.md
2024-01-03T10:02:06.178Z - info: Synchronizing opened pages list before reload
2024-01-03T10:02:06.178Z - info: Current opened pages, from most-to-least recent:
2024-01-03T10:02:06.178Z - info: 1. schedule/week13/project
2024-01-03T10:02:07.186Z - info: Rebuilding 1 pages
2024-01-03T10:02:08.885Z - info: Site data built
2024-01-03T10:02:08.885Z - info: Pages rebuilt
2024-01-03T10:02:08.886Z - info: Website regeneration complete! Total build time: 1.7s
2024-01-03T10:04:18.810Z - info: [6:04:18 pm] Reload for file change: C:\repos\nus-cs2103\cs2103-website-base\admin\tp-tasks-fragment.md
2024-01-03T10:04:18.810Z - info: Synchronizing opened pages list before reload
2024-01-03T10:04:18.810Z - info: Current opened pages, from most-to-least recent:
2024-01-03T10:04:18.810Z - info: 1. schedule/week13/project
2024-01-03T10:04:19.826Z - info: Rebuilding 1 pages
2024-01-03T10:04:21.564Z - info: Site data built
2024-01-03T10:04:21.564Z - info: Pages rebuilt
2024-01-03T10:04:21.564Z - info: Website regeneration complete! Total build time: 1.74s
2024-01-03T10:04:44.522Z - info: [6:04:44 pm] Reload for file change: C:\repos\nus-cs2103\cs2103-website-base\admin\tp-tasks-fragment.md
2024-01-03T10:04:44.522Z - info: Synchronizing opened pages list before reload
2024-01-03T10:04:44.522Z - info: Current opened pages, from most-to-least recent:
2024-01-03T10:04:44.522Z - info: 1. schedule/week13/project
2024-01-03T10:04:45.526Z - info: Rebuilding 1 pages
2024-01-03T10:04:47.200Z - info: Site data built
2024-01-03T10:04:47.200Z - info: Pages rebuilt
2024-01-03T10:04:47.200Z - info: Website regeneration complete! Total build time: 1.674s
2024-01-03T10:04:55.824Z - info: [6:04:55 pm] Reload for file change: C:\repos\nus-cs2103\cs2103-website-base\admin\tp-tasks-fragment.md
2024-01-03T10:04:55.824Z - info: Synchronizing opened pages list before reload
2024-01-03T10:04:55.824Z - info: Current opened pages, from most-to-least recent:
2024-01-03T10:04:55.824Z - info: 1. schedule/week13/project
2024-01-03T10:04:56.839Z - info: Rebuilding 1 pages
2024-01-03T10:04:58.536Z - info: Site data built
2024-01-03T10:04:58.536Z - info: Pages rebuilt
2024-01-03T10:04:58.536Z - info: Website regeneration complete! Total build time: 1.698s
2024-01-03T10:05:15.811Z - info: [6:05:15 pm] Reload for file change: C:\repos\nus-cs2103\cs2103-website-base\admin\tp-tasks-fragment.md
2024-01-03T10:05:15.811Z - info: Synchronizing opened pages list before reload
2024-01-03T10:05:15.812Z - info: Current opened pages, from most-to-least recent:
2024-01-03T10:05:15.812Z - info: 1. schedule/week13/project
2024-01-03T10:05:16.830Z - info: Rebuilding 1 pages
2024-01-03T10:05:18.477Z - info: Site data built
2024-01-03T10:05:18.478Z - info: Pages rebuilt
2024-01-03T10:05:18.478Z - info: Website regeneration complete! Total build time: 1.649s
2024-01-03T10:06:37.430Z - info: [6:06:37 pm] Reload for file change: C:\repos\nus-cs2103\cs2103-website-base\admin\tp-tasks-fragment.md
2024-01-03T10:06:37.431Z - info: Synchronizing opened pages list before reload
2024-01-03T10:06:37.431Z - info: Current opened pages, from most-to-least recent:
2024-01-03T10:06:37.431Z - info: 1. schedule/week13/project
2024-01-03T10:06:38.442Z - info: Rebuilding 1 pages
2024-01-03T10:06:40.127Z - info: Site data built
2024-01-03T10:06:40.127Z - info: Pages rebuilt
2024-01-03T10:06:40.127Z - info: Website regeneration complete! Total build time: 1.685s
2024-01-03T10:09:32.662Z - info: [6:09:32 pm] Reload for file change: C:\repos\nus-cs2103\cs2103-website-base\_markbind\variables.md
2024-01-03T10:09:32.663Z - info: Synchronizing opened pages list before reload
2024-01-03T10:09:32.663Z - info: Current opened pages, from most-to-least recent:
2024-01-03T10:09:32.663Z - info: 1. schedule/week13/project
2024-01-03T10:09:33.756Z - warn: Rebuilding all pages as variables file was changed, or the --force-reload flag was set
2024-01-03T10:09:33.760Z - info: Rebuilding 1 pages
2024-01-03T10:09:35.525Z - info: Site data built
2024-01-03T10:09:35.526Z - info: Pages rebuilt
2024-01-03T10:09:35.526Z - info: Website regeneration complete! Total build time: 1.848s
2024-01-03T10:26:41.184Z - info: [6:26:41 pm] Reload for file change: C:\repos\nus-cs2103\cs2103-website-base\admin\tp-deliverables-demo-fragment.md
2024-01-03T10:26:41.184Z - info: Synchronizing opened pages list before reload
2024-01-03T10:26:41.184Z - info: Current opened pages, from most-to-least recent:
2024-01-03T10:26:41.184Z - info: 1. schedule/week13/project
2024-01-03T10:26:42.193Z - info: Rebuilding 1 pages
2024-01-03T10:26:43.797Z - info: Site data built
2024-01-03T10:26:43.797Z - info: Pages rebuilt
2024-01-03T10:26:43.797Z - info: Website regeneration complete! Total build time: 1.605s
2024-01-03T10:29:46.034Z - info: [6:29:46 pm] Reload for file change: C:\repos\nus-cs2103\cs2103-website-base\admin\tp-tasks-fragment.md
2024-01-03T10:29:46.034Z - info: Synchronizing opened pages list before reload
2024-01-03T10:29:46.034Z - info: Current opened pages, from most-to-least recent:
2024-01-03T10:29:46.034Z - info: 1. schedule/week13/project
2024-01-03T10:29:47.044Z - info: Rebuilding 1 pages
2024-01-03T10:29:48.569Z - info: Site data built
2024-01-03T10:29:48.569Z - info: Pages rebuilt
2024-01-03T10:29:48.569Z - info: Website regeneration complete! Total build time: 1.527s
2024-01-03T10:30:52.076Z - info: [6:30:52 pm] Reload for file change: C:\repos\nus-cs2103\cs2103-website-base\admin\tp-tasks-fragment.md
2024-01-03T10:30:52.076Z - info: Synchronizing opened pages list before reload
2024-01-03T10:30:52.076Z - info: Current opened pages, from most-to-least recent:
2024-01-03T10:30:52.076Z - info: 1. schedule/week13/project
2024-01-03T10:30:53.088Z - info: Rebuilding 1 pages
2024-01-03T10:30:54.648Z - info: Site data built
2024-01-03T10:30:54.648Z - info: Pages rebuilt
2024-01-03T10:30:54.648Z - info: Website regeneration complete! Total build time: 1.56s
2024-01-03T10:32:06.252Z - info: [6:32:06 pm] Reload for file change: C:\repos\nus-cs2103\cs2103-website-base\admin\tp-tasks-fragment.md
2024-01-03T10:32:06.252Z - info: Synchronizing opened pages list before reload
2024-01-03T10:32:06.252Z - info: Current opened pages, from most-to-least recent:
2024-01-03T10:32:06.252Z - info: 1. schedule/week13/project
2024-01-03T10:32:07.267Z - info: Rebuilding 1 pages
2024-01-03T10:32:08.826Z - info: Site data built
2024-01-03T10:32:08.826Z - info: Pages rebuilt
2024-01-03T10:32:08.826Z - info: Website regeneration complete! Total build time: 1.562s
2024-01-03T10:35:48.209Z - info: Building C:\repos\nus-cs2103\cs2103-website-base\admin\index as some of its dependencies were changed since the last visit
2024-01-03T10:35:48.513Z - info: Site data built
2024-01-03T10:35:48.514Z - info: Lazy website regeneration complete! Total build time: 0.306s
2024-01-03T10:39:46.078Z - info: Building C:\repos\nus-cs2103\cs2103-website-base\admin\tp-expectations as some of its dependencies were changed since the last visit
2024-01-03T10:39:46.378Z - info: Site data built
2024-01-03T10:39:46.378Z - info: Lazy website regeneration complete! Total build time: 0.301s
2024-01-03T11:00:09.960Z - info: [7:00:09 pm] Reload for file change: C:\repos\nus-cs2103\cs2103-website-base\admin\tp-expectations.md
2024-01-03T11:00:09.960Z - info: Synchronizing opened pages list before reload
2024-01-03T11:00:09.960Z - info: Current opened pages, from most-to-least recent:
2024-01-03T11:00:09.960Z - info: 1. admin/tp-expectations
2024-01-03T11:00:10.976Z - info: Rebuilding 1 pages
2024-01-03T11:00:11.207Z - info: Site data built
2024-01-03T11:00:11.207Z - info: Pages rebuilt
2024-01-03T11:00:11.207Z - info: Website regeneration complete! Total build time: 0.232s
2024-01-03T11:01:51.948Z - info: [7:01:51 pm] Reload for file change: C:\repos\nus-cs2103\cs2103-website-base\admin\tp-expectations.md
2024-01-03T11:01:51.948Z - info: Synchronizing opened pages list before reload
2024-01-03T11:01:51.948Z - info: Current opened pages, from most-to-least recent:
2024-01-03T11:01:51.948Z - info: 1. admin/tp-expectations
2024-01-03T11:01:52.955Z - info: Rebuilding 1 pages
2024-01-03T11:01:53.166Z - info: Site data built
2024-01-03T11:01:53.167Z - info: Pages rebuilt
2024-01-03T11:01:53.167Z - info: Website regeneration complete! Total build time: 0.213s
2024-01-03T11:04:07.972Z - info: [7:04:07 pm] Reload for file change: C:\repos\nus-cs2103\cs2103-website-base\admin\tp-expectations.md
2024-01-03T11:04:07.972Z - info: Synchronizing opened pages list before reload
2024-01-03T11:04:07.972Z - info: Current opened pages, from most-to-least recent:
2024-01-03T11:04:07.972Z - info: 1. admin/tp-expectations
2024-01-03T11:04:08.985Z - info: Rebuilding 1 pages
2024-01-03T11:04:09.262Z - info: Site data built
2024-01-03T11:04:09.262Z - info: Pages rebuilt
2024-01-03T11:04:09.262Z - info: Website regeneration complete! Total build time: 0.278s
2024-01-03T11:04:27.039Z - info: [7:04:27 pm] Reload for file change: C:\repos\nus-cs2103\cs2103-website-base\admin\tp-expectations.md
2024-01-03T11:04:27.039Z - info: Synchronizing opened pages list before reload
2024-01-03T11:04:27.039Z - info: Current opened pages, from most-to-least recent:
2024-01-03T11:04:27.039Z - info: 1. admin/tp-expectations
2024-01-03T11:04:28.050Z - info: Rebuilding 1 pages
2024-01-03T11:04:28.254Z - info: Site data built
2024-01-03T11:04:28.254Z - info: Pages rebuilt
2024-01-03T11:04:28.254Z - info: Website regeneration complete! Total build time: 0.206s
2024-01-03T11:05:07.488Z - info: [7:05:07 pm] Reload for file change: C:\repos\nus-cs2103\cs2103-website-base\admin\tp-expectations.md
2024-01-03T11:05:07.488Z - info: Synchronizing opened pages list before reload
2024-01-03T11:05:07.488Z - info: Current opened pages, from most-to-least recent:
2024-01-03T11:05:07.488Z - info: 1. admin/tp-expectations
2024-01-03T11:05:08.493Z - info: Rebuilding 1 pages
2024-01-03T11:05:08.720Z - info: Site data built
2024-01-03T11:05:08.720Z - info: Pages rebuilt
2024-01-03T11:05:08.720Z - info: Website regeneration complete! Total build time: 0.227s
2024-01-03T11:07:44.357Z - info: [7:07:44 pm] Reload for file change: C:\repos\nus-cs2103\cs2103-website-base\admin\tp-expectations.md
2024-01-03T11:07:44.357Z - info: Synchronizing opened pages list before reload
2024-01-03T11:07:44.357Z - info: Current opened pages, from most-to-least recent:
2024-01-03T11:07:44.357Z - info: 1. admin/tp-expectations
2024-01-03T11:07:45.364Z - info: Rebuilding 1 pages
2024-01-03T11:07:45.670Z - info: Site data built
2024-01-03T11:07:45.671Z - info: Pages rebuilt
2024-01-03T11:07:45.671Z - info: Website regeneration complete! Total build time: 0.309s
2024-01-03T11:08:13.655Z - info: [7:08:13 pm] Reload for file change: C:\repos\nus-cs2103\cs2103-website-base\admin\tp-expectations.md
2024-01-03T11:08:13.655Z - info: Synchronizing opened pages list before reload
2024-01-03T11:08:13.655Z - info: Current opened pages, from most-to-least recent:
2024-01-03T11:08:13.655Z - info: 1. admin/tp-expectations
2024-01-03T11:08:14.660Z - info: Rebuilding 1 pages
2024-01-03T11:08:14.887Z - info: Site data built
2024-01-03T11:08:14.887Z - info: Pages rebuilt
2024-01-03T11:08:14.887Z - info: Website regeneration complete! Total build time: 0.228s
2024-01-03T11:09:23.855Z - info: [7:09:23 pm] Reload for file change: C:\repos\nus-cs2103\cs2103-website-base\admin\tp-expectations.md
2024-01-03T11:09:23.856Z - info: Synchronizing opened pages list before reload
2024-01-03T11:09:23.856Z - info: Current opened pages, from most-to-least recent:
2024-01-03T11:09:23.856Z - info: 1. admin/tp-expectations
2024-01-03T11:09:24.873Z - info: Rebuilding 1 pages
2024-01-03T11:09:25.160Z - info: Site data built
2024-01-03T11:09:25.160Z - info: Pages rebuilt
2024-01-03T11:09:25.160Z - info: Website regeneration complete! Total build time: 0.288s
2024-01-03T11:53:02.034Z - info: [7:53:02 pm] Reload for file change: C:\repos\nus-cs2103\cs2103-website-base\admin\tp-expectations.md
2024-01-03T11:53:02.034Z - info: Synchronizing opened pages list before reload
2024-01-03T11:53:02.034Z - info: Current opened pages, from most-to-least recent:
2024-01-03T11:53:02.034Z - info: 1. admin/tp-expectations
2024-01-03T11:53:03.052Z - info: Rebuilding 1 pages
2024-01-03T11:53:03.396Z - info: Site data built
2024-01-03T11:53:03.396Z - info: Pages rebuilt
2024-01-03T11:53:03.397Z - info: Website regeneration complete! Total build time: 0.346s
2024-01-03T11:55:51.875Z - info: [7:55:51 pm] Reload for file change: C:\repos\nus-cs2103\cs2103-website-base\admin\tp-expectations.md
2024-01-03T11:55:51.876Z - info: Synchronizing opened pages list before reload
2024-01-03T11:55:51.876Z - info: Current opened pages, from most-to-least recent:
2024-01-03T11:55:51.876Z - info: 1. admin/tp-expectations
2024-01-03T11:55:52.878Z - info: Rebuilding 1 pages
2024-01-03T11:55:53.164Z - info: Site data built
2024-01-03T11:55:53.164Z - info: Pages rebuilt
2024-01-03T11:55:53.164Z - info: Website regeneration complete! Total build time: 0.286s
2024-01-03T11:56:31.389Z - info: [7:56:31 pm] Reload for file change: C:\repos\nus-cs2103\cs2103-website-base\admin\tp-expectations.md
2024-01-03T11:56:31.389Z - info: Synchronizing opened pages list before reload
2024-01-03T11:56:31.389Z - info: Current opened pages, from most-to-least recent:
2024-01-03T11:56:31.389Z - info: 1. admin/tp-expectations
2024-01-03T11:56:32.398Z - info: Rebuilding 1 pages
2024-01-03T11:56:32.641Z - info: Site data built
2024-01-03T11:56:32.642Z - info: Pages rebuilt
2024-01-03T11:56:32.642Z - info: Website regeneration complete! Total build time: 0.245s
2024-01-03T11:56:48.342Z - info: [7:56:48 pm] Reload for file change: C:\repos\nus-cs2103\cs2103-website-base\admin\tp-expectations.md
2024-01-03T11:56:48.342Z - info: Synchronizing opened pages list before reload
2024-01-03T11:56:48.343Z - info: Current opened pages, from most-to-least recent:
2024-01-03T11:56:48.343Z - info: 1. admin/tp-expectations
2024-01-03T11:56:49.358Z - info: Rebuilding 1 pages
2024-01-03T11:56:49.659Z - info: Site data built
2024-01-03T11:56:49.659Z - info: Pages rebuilt
2024-01-03T11:56:49.659Z - info: Website regeneration complete! Total build time: 0.303s
2024-01-03T12:02:04.175Z - info: [8:02:04 pm] Reload for file change: C:\repos\nus-cs2103\cs2103-website-base\admin\tp-expectations.md
2024-01-03T12:02:04.176Z - info: Synchronizing opened pages list before reload
2024-01-03T12:02:04.176Z - info: Current opened pages, from most-to-least recent:
2024-01-03T12:02:04.176Z - info: 1. admin/tp-expectations
2024-01-03T12:02:05.188Z - info: Rebuilding 1 pages
2024-01-03T12:02:05.525Z - info: Site data built
2024-01-03T12:02:05.525Z - info: Pages rebuilt
2024-01-03T12:02:05.525Z - info: Website regeneration complete! Total build time: 0.341s
2024-01-03T12:04:32.551Z - info: [8:04:32 pm] Reload for file change: C:\repos\nus-cs2103\cs2103-website-base\admin\tp-expectations.md
2024-01-03T12:04:32.552Z - info: Synchronizing opened pages list before reload
2024-01-03T12:04:32.552Z - info: Current opened pages, from most-to-least recent:
2024-01-03T12:04:32.552Z - info: 1. admin/tp-expectations
2024-01-03T12:04:33.567Z - info: Rebuilding 1 pages
2024-01-03T12:04:33.904Z - info: Site data built
2024-01-03T12:04:33.905Z - info: Pages rebuilt
2024-01-03T12:04:33.905Z - info: Website regeneration complete! Total build time: 0.34s
2024-01-03T12:06:40.962Z - info: [8:06:40 pm] Reload for file change: C:\repos\nus-cs2103\cs2103-website-base\admin\tp-expectations.md
2024-01-03T12:06:40.963Z - info: Synchronizing opened pages list before reload
2024-01-03T12:06:40.963Z - info: Current opened pages, from most-to-least recent:
2024-01-03T12:06:40.963Z - info: 1. admin/tp-expectations
2024-01-03T12:06:41.971Z - info: Rebuilding 1 pages
2024-01-03T12:06:42.204Z - info: Site data built
2024-01-03T12:06:42.204Z - info: Pages rebuilt
2024-01-03T12:06:42.204Z - info: Website regeneration complete! Total build time: 0.235s
2024-01-03T12:11:25.303Z - info: [8:11:25 pm] Reload for file change: C:\repos\nus-cs2103\cs2103-website-base\admin\tp-expectations.md
2024-01-03T12:11:25.303Z - info: Synchronizing opened pages list before reload
2024-01-03T12:11:25.304Z - info: Current opened pages, from most-to-least recent:
2024-01-03T12:11:25.304Z - info: 1. admin/tp-expectations
2024-01-03T12:11:26.311Z - info: Rebuilding 1 pages
2024-01-03T12:11:26.604Z - info: Site data built
2024-01-03T12:11:26.604Z - info: Pages rebuilt
2024-01-03T12:11:26.604Z - info: Website regeneration complete! Total build time: 0.293s
2024-01-03T12:16:05.430Z - info: [8:16:05 pm] Reload for file change: C:\repos\nus-cs2103\cs2103-website-base\admin\tp-expectations.md
2024-01-03T12:16:05.431Z - info: Synchronizing opened pages list before reload
2024-01-03T12:16:05.431Z - info: Current opened pages, from most-to-least recent:
2024-01-03T12:16:05.431Z - info: 1. admin/tp-expectations
2024-01-03T12:16:06.446Z - info: Rebuilding 1 pages
2024-01-03T12:16:06.677Z - info: Site data built
2024-01-03T12:16:06.677Z - info: Pages rebuilt
2024-01-03T12:16:06.677Z - info: Website regeneration complete! Total build time: 0.233s
2024-01-03T12:26:22.620Z - info: [8:26:22 pm] Reload for file change: C:\repos\nus-cs2103\cs2103-website-base\admin\tp-expectations.md
2024-01-03T12:26:22.620Z - info: Synchronizing opened pages list before reload
2024-01-03T12:26:22.621Z - info: Current opened pages, from most-to-least recent:
2024-01-03T12:26:22.621Z - info: 1. admin/tp-expectations
2024-01-03T12:26:23.629Z - info: Rebuilding 1 pages
2024-01-03T12:26:23.919Z - info: Site data built
2024-01-03T12:26:23.919Z - info: Pages rebuilt
2024-01-03T12:26:23.919Z - info: Website regeneration complete! Total build time: 0.291s
2024-01-03T12:26:43.392Z - info: [8:26:43 pm] Reload for file change: C:\repos\nus-cs2103\cs2103-website-base\admin\tp-expectations.md
2024-01-03T12:26:43.392Z - info: Synchronizing opened pages list before reload
2024-01-03T12:26:43.392Z - info: Current opened pages, from most-to-least recent:
2024-01-03T12:26:43.392Z - info: 1. admin/tp-expectations
2024-01-03T12:26:44.397Z - info: Rebuilding 1 pages
2024-01-03T12:26:44.611Z - info: Site data built
2024-01-03T12:26:44.611Z - info: Pages rebuilt
2024-01-03T12:26:44.611Z - info: Website regeneration complete! Total build time: 0.215s
2024-01-03T12:27:58.083Z - info: [8:27:58 pm] Reload for file change: C:\repos\nus-cs2103\cs2103-website-base\admin\tp-expectations.md
2024-01-03T12:27:58.083Z - info: Synchronizing opened pages list before reload
2024-01-03T12:27:58.083Z - info: Current opened pages, from most-to-least recent:
2024-01-03T12:27:58.083Z - info: 1. admin/tp-expectations
2024-01-03T12:27:59.086Z - info: Rebuilding 1 pages
2024-01-03T12:27:59.369Z - info: Site data built
2024-01-03T12:27:59.369Z - info: Pages rebuilt
2024-01-03T12:27:59.370Z - info: Website regeneration complete! Total build time: 0.285s
2024-01-03T12:30:36.725Z - info: [8:30:36 pm] Reload for file change: C:\repos\nus-cs2103\cs2103-website-base\admin\tp-expectations.md
2024-01-03T12:30:36.726Z - info: Synchronizing opened pages list before reload
2024-01-03T12:30:36.726Z - info: Current opened pages, from most-to-least recent:
2024-01-03T12:30:36.726Z - info: 1. admin/tp-expectations
2024-01-03T12:30:37.739Z - info: Rebuilding 1 pages
2024-01-03T12:30:37.998Z - info: Site data built
2024-01-03T12:30:37.998Z - info: Pages rebuilt
2024-01-03T12:30:37.998Z - info: Website regeneration complete! Total build time: 0.26s
2024-01-03T12:33:26.715Z - info: [8:33:26 pm] Reload for file change: C:\repos\nus-cs2103\cs2103-website-base\admin\tp-expectations.md
2024-01-03T12:33:26.715Z - info: Synchronizing opened pages list before reload
2024-01-03T12:33:26.715Z - info: Current opened pages, from most-to-least recent:
2024-01-03T12:33:26.716Z - info: 1. admin/tp-expectations
2024-01-03T12:33:27.720Z - info: Rebuilding 1 pages
2024-01-03T12:33:28.064Z - info: Site data built
2024-01-03T12:33:28.064Z - info: Pages rebuilt
2024-01-03T12:33:28.064Z - info: Website regeneration complete! Total build time: 0.345s
2024-01-03T12:38:51.356Z - info: [8:38:51 pm] Reload for file change: C:\repos\nus-cs2103\cs2103-website-base\admin\tp-expectations.md
2024-01-03T12:38:51.356Z - info: Synchronizing opened pages list before reload
2024-01-03T12:38:51.356Z - info: Current opened pages, from most-to-least recent:
2024-01-03T12:38:51.356Z - info: 1. admin/tp-expectations
2024-01-03T12:38:52.367Z - info: Rebuilding 1 pages
2024-01-03T12:38:52.598Z - info: Site data built
2024-01-03T12:38:52.598Z - info: Pages rebuilt
2024-01-03T12:38:52.598Z - info: Website regeneration complete! Total build time: 0.231s
2024-01-03T12:39:54.007Z - info: [8:39:54 pm] Reload for file change: C:\repos\nus-cs2103\cs2103-website-base\admin\tp-expectations.md
2024-01-03T12:39:54.008Z - info: Synchronizing opened pages list before reload
2024-01-03T12:39:54.008Z - info: Current opened pages, from most-to-least recent:
2024-01-03T12:39:54.008Z - info: 1. admin/tp-expectations
2024-01-03T12:39:55.021Z - info: Rebuilding 1 pages
2024-01-03T12:39:55.301Z - info: Site data built
2024-01-03T12:39:55.301Z - info: Pages rebuilt
2024-01-03T12:39:55.301Z - info: Website regeneration complete! Total build time: 0.281s
2024-01-03T12:40:45.228Z - info: [8:40:45 pm] Reload for file change: C:\repos\nus-cs2103\cs2103-website-base\admin\tp-expectations.md
2024-01-03T12:40:45.228Z - info: Synchronizing opened pages list before reload
2024-01-03T12:40:45.228Z - info: Current opened pages, from most-to-least recent:
2024-01-03T12:40:45.228Z - info: 1. admin/tp-expectations
2024-01-03T12:40:46.237Z - info: Rebuilding 1 pages
2024-01-03T12:40:46.466Z - info: Site data built
2024-01-03T12:40:46.466Z - info: Pages rebuilt
2024-01-03T12:40:46.466Z - info: Website regeneration complete! Total build time: 0.23s
2024-01-03T12:42:54.477Z - info: [8:42:54 pm] Reload for file change: C:\repos\nus-cs2103\cs2103-website-base\admin\tp-expectations.md
2024-01-03T12:42:54.477Z - info: Synchronizing opened pages list before reload
2024-01-03T12:42:54.477Z - info: Current opened pages, from most-to-least recent:
2024-01-03T12:42:54.477Z - info: 1. admin/tp-expectations
2024-01-03T12:42:55.481Z - info: Rebuilding 1 pages
2024-01-03T12:42:55.758Z - info: Site data built
2024-01-03T12:42:55.758Z - info: Pages rebuilt
2024-01-03T12:42:55.758Z - info: Website regeneration complete! Total build time: 0.278s
2024-01-03T12:44:02.593Z - info: Building C:\repos\nus-cs2103\cs2103-website-base\schedule\timeline as some of its dependencies were changed since the last visit
2024-01-03T12:44:08.604Z - info: Site data built
2024-01-03T12:44:08.604Z - info: Lazy website regeneration complete! Total build time: 6.011s
2024-01-03T12:44:30.713Z - info: Building C:\repos\nus-cs2103\cs2103-website-base\schedule\week4\project as some of its dependencies were changed since the last visit
2024-01-03T12:44:32.146Z - info: Site data built
2024-01-03T12:44:32.146Z - info: Lazy website regeneration complete! Total build time: 1.434s
2024-01-03T12:46:57.226Z - info: [8:46:57 pm] Reload for file change: C:\repos\nus-cs2103\cs2103-website-base\admin\tp-tasks-fragment.md
2024-01-03T12:46:57.226Z - info: Synchronizing opened pages list before reload
2024-01-03T12:46:57.226Z - info: Current opened pages, from most-to-least recent:
2024-01-03T12:46:57.226Z - info: 1. schedule/week4/project
2024-01-03T12:46:58.242Z - info: Rebuilding 1 pages
2024-01-03T12:46:59.441Z - info: Site data built
2024-01-03T12:46:59.441Z - info: Pages rebuilt
2024-01-03T12:46:59.441Z - info: Website regeneration complete! Total build time: 1.2s
2024-01-03T12:49:20.060Z - info: [8:49:20 pm] Reload for file change: C:\repos\nus-cs2103\cs2103-website-base\admin\tp-tasks-fragment.md
2024-01-03T12:49:20.061Z - info: Synchronizing opened pages list before reload
2024-01-03T12:49:20.061Z - info: Current opened pages, from most-to-least recent:
2024-01-03T12:49:20.061Z - info: 1. schedule/week4/project
2024-01-03T12:49:21.072Z - info: Rebuilding 1 pages
2024-01-03T12:49:22.260Z - info: Site data built
2024-01-03T12:49:22.260Z - info: Pages rebuilt
2024-01-03T12:49:22.260Z - info: Website regeneration complete! Total build time: 1.189s
