2024-01-26T11:48:11.600Z - info: Website generation started at 7:48:03 pm
2024-01-26T11:48:25.774Z - info: Building assets...
2024-01-26T11:48:35.690Z - info: Assets built
2024-01-26T11:48:35.692Z - info: Generating pages...
2024-01-26T11:49:05.022Z - debug:  
2024-01-26T11:49:05.029Z - debug:  
2024-01-26T11:49:05.030Z - debug:  
2024-01-26T11:49:05.033Z - debug:  
2024-01-26T11:49:05.033Z - debug:  
2024-01-26T11:49:05.035Z - debug:  
2024-01-26T11:49:05.423Z - debug:  
2024-01-26T11:49:05.424Z - debug:  
2024-01-26T11:49:05.424Z - debug:  
2024-01-26T11:49:05.427Z - debug:  
2024-01-26T11:49:05.428Z - debug:  
2024-01-26T11:49:05.430Z - debug:  
2024-01-26T11:49:05.446Z - debug:  
2024-01-26T11:49:05.454Z - debug:  
2024-01-26T11:49:05.497Z - debug:  
2024-01-26T11:49:07.855Z - debug:  
2024-01-26T11:49:08.110Z - debug:  
2024-01-26T11:51:40.095Z - debug:  
2024-01-26T11:52:04.968Z - debug:  
2024-01-26T11:52:05.079Z - debug:  
2024-01-26T11:52:14.763Z - info: Pages built
2024-01-26T11:52:15.946Z - info: Site data built
2024-01-26T11:52:15.946Z - info: Website generation complete! Total build time: 252.679s
2024-01-26T11:52:15.947Z - info: Build success!
2024-01-26T11:54:41.030Z - info: The website has been deployed at: https://nus-cs2103-ay2324s2.github.io/website
2024-01-26T12:09:18.345Z - info: Website generation (lazy) started at 8:09:12 pm
2024-01-26T12:09:27.368Z - info: Building assets...
2024-01-26T12:09:34.888Z - info: Assets built
2024-01-26T12:09:34.889Z - info: Generating landing page...
2024-01-26T12:09:36.436Z - info: Landing page built, other pages will be built as you navigate to them!
2024-01-26T12:09:37.733Z - info: Site data built
2024-01-26T12:09:37.734Z - info: Website generation (lazy) complete! Total build time: 24.925s
2024-01-26T12:09:37.784Z - info: Serving "C:\repos\nus-cs2103\cs2103-website-base\_site" at http://127.0.0.1:8080
2024-01-26T12:09:37.784Z - info: Press CTRL+C to stop ...
2024-01-26T12:10:04.643Z - info: Building C:\repos\nus-cs2103\cs2103-website-base\schedule\week2\index as some of its dependencies were changed since the last visit
2024-01-26T12:10:05.537Z - info: Site data built
2024-01-26T12:10:05.537Z - info: Lazy website regeneration complete! Total build time: 0.894s
2024-01-26T12:10:31.673Z - info: Website generation started at 8:10:29 pm
2024-01-26T12:10:39.291Z - info: Building assets...
