2024-01-27T18:19:06.537Z - info: Website generation started at 2:18:56 am
2024-01-27T18:19:17.657Z - info: Building assets...
2024-01-27T18:19:24.689Z - info: Assets built
2024-01-27T18:19:24.690Z - info: Generating pages...
2024-01-27T18:19:52.042Z - debug:  
2024-01-27T18:19:52.043Z - debug:  
2024-01-27T18:19:52.044Z - debug:  
2024-01-27T18:19:52.049Z - debug:  
2024-01-27T18:19:52.050Z - debug:  
2024-01-27T18:19:52.050Z - debug:  
2024-01-27T18:19:52.051Z - debug:  
2024-01-27T18:19:52.527Z - debug:  
2024-01-27T18:19:52.527Z - debug:  
2024-01-27T18:19:52.528Z - debug:  
2024-01-27T18:19:52.535Z - debug:  
2024-01-27T18:19:52.548Z - debug:  
2024-01-27T18:19:52.664Z - debug:  
2024-01-27T18:19:52.664Z - debug:  
2024-01-27T18:19:52.748Z - debug:  
2024-01-27T18:19:54.836Z - debug:  
2024-01-27T18:19:55.146Z - debug:  
2024-01-27T18:21:52.864Z - debug:  
2024-01-27T18:22:09.139Z - debug:  
2024-01-27T18:22:09.178Z - debug:  
2024-01-27T18:22:17.943Z - info: Pages built
2024-01-27T18:22:18.985Z - info: Site data built
2024-01-27T18:22:18.986Z - info: Website generation complete! Total build time: 202.895s
2024-01-27T18:22:18.986Z - info: Build success!
2024-01-27T18:24:39.488Z - info: The website has been deployed at: https://nus-cs2103-ay2324s2.github.io/website
2024-01-28T04:39:17.546Z - info: Website generation started at 12:39:11 pm
2024-01-28T04:39:28.139Z - info: Building assets...
