2024-01-06T17:05:00.572Z - info: Website generation started at 1:04:55 am
2024-01-06T17:05:10.378Z - info: Building assets...
2024-01-06T17:05:16.210Z - info: Assets built
2024-01-06T17:05:16.210Z - info: Generating pages...
2024-01-06T17:05:28.343Z - debug:  
2024-01-06T17:05:28.344Z - debug:  
2024-01-06T17:05:28.345Z - debug:  
2024-01-06T17:05:28.667Z - debug:  
2024-01-06T17:05:28.962Z - debug:  
2024-01-06T17:05:31.503Z - debug:  
2024-01-06T17:05:31.504Z - debug:  
2024-01-06T17:05:31.505Z - debug:  
2024-01-06T17:05:31.506Z - debug:  
2024-01-06T17:05:31.506Z - debug:  
2024-01-06T17:05:31.507Z - debug:  
2024-01-06T17:05:31.507Z - debug:  
2024-01-06T17:05:31.507Z - debug:  
2024-01-06T17:05:31.507Z - debug:  
2024-01-06T17:05:31.507Z - debug:  
2024-01-06T17:05:36.370Z - debug:  
2024-01-06T17:06:58.634Z - debug:  
2024-01-06T17:07:10.903Z - debug:  
2024-01-06T17:07:10.990Z - debug:  
2024-01-06T17:07:17.866Z - info: Pages built
2024-01-06T17:07:18.702Z - info: Site data built
2024-01-06T17:07:18.703Z - info: Website generation complete! Total build time: 143.198s
2024-01-06T17:07:18.703Z - info: Build success!
2024-01-06T17:10:06.918Z - info: The website has been deployed at: https://nus-cs2113-ay2324s2.github.io/website
