2024-02-25T11:28:38.255Z - info: Website generation (lazy) started at 7:28:32 pm
2024-02-25T11:28:47.339Z - info: Building assets...
2024-02-25T11:28:54.593Z - info: Assets built
2024-02-25T11:28:54.594Z - info: Generating landing page...
2024-02-25T11:28:56.511Z - info: Landing page built, other pages will be built as you navigate to them!
2024-02-25T11:28:57.553Z - info: Site data built
2024-02-25T11:28:57.553Z - info: Website generation (lazy) complete! Total build time: 25.352s
2024-02-25T11:28:57.958Z - info: Serving "C:\repos\nus-cs2103\cs2103-website-base\_site" at http://127.0.0.1:8080
2024-02-25T11:28:57.958Z - info: Press CTRL+C to stop ...
2024-02-25T11:29:59.881Z - info: Building C:\repos\nus-cs2103\cs2103-website-base\se-book-adapted\index as some of its dependencies were changed since the last visit
2024-02-25T11:30:00.109Z - info: Site data built
2024-02-25T11:30:00.110Z - info: Lazy website regeneration complete! Total build time: 0.232s
2024-02-25T11:30:04.697Z - info: Building C:\repos\nus-cs2103\cs2103-website-base\se-book-adapted\chapters\gitAndGithub as some of its dependencies were changed since the last visit
2024-02-25T11:30:05.785Z - info: Site data built
2024-02-25T11:30:05.785Z - info: Lazy website regeneration complete! Total build time: 1.089s
2024-02-25T11:31:03.156Z - info: [7:31:03 pm] Reload for file change: C:\repos\nus-cs2103\cs2103-website-base\book\gitAndGithub\branch\text.md
2024-02-25T11:31:03.156Z - info: Synchronizing opened pages list before reload
2024-02-25T11:31:03.157Z - info: Current opened pages, from most-to-least recent:
2024-02-25T11:31:03.157Z - info: 1. se-book-adapted/chapters/gitAndGithub
2024-02-25T11:31:04.177Z - info: Rebuilding 1 pages
2024-02-25T11:31:05.087Z - info: Site data built
2024-02-25T11:31:05.088Z - info: Pages rebuilt
2024-02-25T11:31:05.088Z - info: Website regeneration complete! Total build time: 0.914s
2024-02-25T11:31:48.447Z - info: [7:31:48 pm] Reload for file change: C:\repos\nus-cs2103\cs2103-website-base\book\gitAndGithub\branch\text.md
2024-02-25T11:31:48.448Z - info: Synchronizing opened pages list before reload
2024-02-25T11:31:48.448Z - info: Current opened pages, from most-to-least recent:
2024-02-25T11:31:48.449Z - info: 1. se-book-adapted/chapters/gitAndGithub
2024-02-25T11:31:49.459Z - info: Rebuilding 1 pages
2024-02-25T11:31:50.322Z - info: Site data built
2024-02-25T11:31:50.322Z - info: Pages rebuilt
2024-02-25T11:31:50.322Z - info: Website regeneration complete! Total build time: 0.865s
2024-02-25T11:36:18.257Z - info: Building C:\repos\nus-cs2103\cs2103-website-base\schedule\week9\index as some of its dependencies were changed since the last visit
2024-02-25T11:36:19.063Z - info: Site data built
2024-02-25T11:36:19.063Z - info: Lazy website regeneration complete! Total build time: 0.806s
2024-02-25T11:36:24.697Z - info: Building C:\repos\nus-cs2103\cs2103-website-base\schedule\week9\project as some of its dependencies were changed since the last visit
2024-02-25T11:36:25.354Z - info: Site data built
2024-02-25T11:36:25.355Z - info: Lazy website regeneration complete! Total build time: 0.657s
2024-02-25T11:36:52.876Z - info: Building C:\repos\nus-cs2103\cs2103-website-base\schedule\week10\project as some of its dependencies were changed since the last visit
2024-02-25T11:36:54.630Z - info: Site data built
2024-02-25T11:36:54.630Z - info: Lazy website regeneration complete! Total build time: 1.755s
2024-02-25T11:40:22.203Z - info: [7:40:22 pm] Reload for file change: C:\repos\nus-cs2103\cs2103-website-base\_course-CS2103\weeklyTpTasks-fragment.md
2024-02-25T11:40:22.203Z - info: Synchronizing opened pages list before reload
2024-02-25T11:40:22.204Z - info: Current opened pages, from most-to-least recent:
2024-02-25T11:40:22.204Z - info: 1. schedule/week9/project
2024-02-25T11:40:22.241Z - info: [7:40:22 pm] Reload for file change: C:\repos\nus-cs2103\cs2103-website-base\admin\tp-tasks-fragment.md
2024-02-25T11:40:22.242Z - info: Synchronizing opened pages list before reload
2024-02-25T11:40:22.242Z - info: Current opened pages, from most-to-least recent:
2024-02-25T11:40:22.242Z - info: 1. schedule/week9/project
2024-02-25T11:40:23.213Z - info: Rebuilding 1 pages
2024-02-25T11:40:24.155Z - info: Site data built
2024-02-25T11:40:24.155Z - info: Pages rebuilt
2024-02-25T11:40:24.156Z - info: Website regeneration complete! Total build time: 0.944s
2024-02-25T11:42:38.428Z - info: [7:42:38 pm] Reload for file change: C:\repos\nus-cs2103\cs2103-website-base\admin\tp-tasks-fragment.md
2024-02-25T11:42:38.429Z - info: Synchronizing opened pages list before reload
2024-02-25T11:42:38.429Z - info: Current opened pages, from most-to-least recent:
2024-02-25T11:42:38.429Z - info: 1. schedule/week9/project
2024-02-25T11:42:39.434Z - info: Rebuilding 1 pages
2024-02-25T11:42:40.623Z - info: Site data built
2024-02-25T11:42:40.623Z - info: Pages rebuilt
2024-02-25T11:42:40.624Z - info: Website regeneration complete! Total build time: 1.19s
2024-02-25T11:43:10.177Z - info: Building C:\repos\nus-cs2103\cs2103-website-base\schedule\week10\project as some of its dependencies were changed since the last visit
2024-02-25T11:43:11.375Z - info: Site data built
2024-02-25T11:43:11.375Z - info: Lazy website regeneration complete! Total build time: 1.199s
2024-02-25T11:45:51.025Z - info: [7:45:51 pm] Reload for file change: C:\repos\nus-cs2103\cs2103-website-base\admin\tp-tasks-fragment.md
2024-02-25T11:45:51.026Z - info: Synchronizing opened pages list before reload
2024-02-25T11:45:51.026Z - info: Current opened pages, from most-to-least recent:
2024-02-25T11:45:51.027Z - info: 1. schedule/week10/project
2024-02-25T11:45:52.041Z - info: Rebuilding 1 pages
2024-02-25T11:45:53.812Z - info: Site data built
2024-02-25T11:45:53.812Z - info: Pages rebuilt
2024-02-25T11:45:53.812Z - info: Website regeneration complete! Total build time: 1.773s
2024-02-25T11:45:57.239Z - info: Building C:\repos\nus-cs2103\cs2103-website-base\schedule\week9\project as some of its dependencies were changed since the last visit
2024-02-25T11:45:57.986Z - info: Site data built
2024-02-25T11:45:57.986Z - info: Lazy website regeneration complete! Total build time: 0.747s
2024-02-25T11:47:02.374Z - info: [7:47:02 pm] Reload for file change: C:\repos\nus-cs2103\cs2103-website-base\admin\tp-tasks-fragment.md
2024-02-25T11:47:02.375Z - info: Synchronizing opened pages list before reload
2024-02-25T11:47:02.375Z - info: Current opened pages, from most-to-least recent:
2024-02-25T11:47:02.376Z - info: 1. schedule/week9/project
2024-02-25T11:47:03.384Z - info: Rebuilding 1 pages
2024-02-25T11:47:04.202Z - info: Site data built
2024-02-25T11:47:04.203Z - info: Pages rebuilt
2024-02-25T11:47:04.203Z - info: Website regeneration complete! Total build time: 0.819s
2024-02-25T11:47:21.767Z - info: [7:47:21 pm] Reload for file change: C:\repos\nus-cs2103\cs2103-website-base\admin\tp-tasks-fragment.md
2024-02-25T11:47:21.767Z - info: Synchronizing opened pages list before reload
2024-02-25T11:47:21.768Z - info: Current opened pages, from most-to-least recent:
2024-02-25T11:47:21.768Z - info: 1. schedule/week9/project
2024-02-25T11:47:22.778Z - info: Rebuilding 1 pages
2024-02-25T11:47:23.590Z - info: Site data built
2024-02-25T11:47:23.590Z - info: Pages rebuilt
2024-02-25T11:47:23.590Z - info: Website regeneration complete! Total build time: 0.813s
2024-02-25T11:47:31.665Z - info: [7:47:31 pm] Reload for file change: C:\repos\nus-cs2103\cs2103-website-base\admin\tp-tasks-fragment.md
2024-02-25T11:47:31.666Z - info: Synchronizing opened pages list before reload
2024-02-25T11:47:31.666Z - info: Current opened pages, from most-to-least recent:
2024-02-25T11:47:31.666Z - info: 1. schedule/week9/project
2024-02-25T11:47:32.675Z - info: Rebuilding 1 pages
2024-02-25T11:47:33.754Z - info: Site data built
2024-02-25T11:47:33.755Z - info: Pages rebuilt
2024-02-25T11:47:33.755Z - info: Website regeneration complete! Total build time: 1.081s
2024-02-25T11:48:07.550Z - info: [7:48:07 pm] Reload for file change: C:\repos\nus-cs2103\cs2103-website-base\admin\tp-tasks-fragment.md
2024-02-25T11:48:07.550Z - info: Synchronizing opened pages list before reload
2024-02-25T11:48:07.551Z - info: Current opened pages, from most-to-least recent:
2024-02-25T11:48:07.551Z - info: 1. schedule/week9/project
2024-02-25T11:48:08.554Z - info: Rebuilding 1 pages
2024-02-25T11:48:09.388Z - info: Site data built
2024-02-25T11:48:09.388Z - info: Pages rebuilt
2024-02-25T11:48:09.388Z - info: Website regeneration complete! Total build time: 0.835s
2024-02-25T11:48:16.972Z - info: [7:48:16 pm] Reload for file change: C:\repos\nus-cs2103\cs2103-website-base\admin\tp-tasks-fragment.md
2024-02-25T11:48:16.972Z - info: Synchronizing opened pages list before reload
2024-02-25T11:48:16.972Z - info: Current opened pages, from most-to-least recent:
2024-02-25T11:48:16.972Z - info: 1. schedule/week9/project
2024-02-25T11:48:17.978Z - info: Rebuilding 1 pages
2024-02-25T11:48:19.019Z - info: Site data built
2024-02-25T11:48:19.020Z - info: Pages rebuilt
2024-02-25T11:48:19.020Z - info: Website regeneration complete! Total build time: 1.043s
2024-02-25T11:48:44.461Z - info: [7:48:44 pm] Reload for file change: C:\repos\nus-cs2103\cs2103-website-base\admin\tp-tasks-fragment.md
2024-02-25T11:48:44.462Z - info: Synchronizing opened pages list before reload
2024-02-25T11:48:44.462Z - info: Current opened pages, from most-to-least recent:
2024-02-25T11:48:44.462Z - info: 1. schedule/week9/project
2024-02-25T11:48:45.471Z - info: Rebuilding 1 pages
2024-02-25T11:48:46.280Z - info: Site data built
2024-02-25T11:48:46.280Z - info: Pages rebuilt
2024-02-25T11:48:46.280Z - info: Website regeneration complete! Total build time: 0.81s
2024-02-25T11:49:11.214Z - info: [7:49:11 pm] Reload for file change: C:\repos\nus-cs2103\cs2103-website-base\admin\tp-tasks-fragment.md
2024-02-25T11:49:11.215Z - info: Synchronizing opened pages list before reload
2024-02-25T11:49:11.215Z - info: Current opened pages, from most-to-least recent:
2024-02-25T11:49:11.215Z - info: 1. schedule/week9/project
2024-02-25T11:49:12.232Z - info: Rebuilding 1 pages
2024-02-25T11:49:13.076Z - info: Site data built
2024-02-25T11:49:13.076Z - info: Pages rebuilt
2024-02-25T11:49:13.077Z - info: Website regeneration complete! Total build time: 0.846s
2024-02-25T11:49:56.104Z - info: [7:49:56 pm] Reload for file change: C:\repos\nus-cs2103\cs2103-website-base\admin\tp-tasks-fragment.md
2024-02-25T11:49:56.105Z - info: Synchronizing opened pages list before reload
2024-02-25T11:49:56.105Z - info: Current opened pages, from most-to-least recent:
2024-02-25T11:49:56.106Z - info: 1. schedule/week9/project
2024-02-25T11:49:57.121Z - info: Rebuilding 1 pages
2024-02-25T11:49:58.185Z - info: Site data built
2024-02-25T11:49:58.186Z - info: Pages rebuilt
2024-02-25T11:49:58.186Z - info: Website regeneration complete! Total build time: 1.068s
2024-02-25T11:50:24.730Z - info: [7:50:24 pm] Reload for file change: C:\repos\nus-cs2103\cs2103-website-base\admin\tp-tasks-fragment.md
2024-02-25T11:50:24.731Z - info: Synchronizing opened pages list before reload
2024-02-25T11:50:24.731Z - info: Current opened pages, from most-to-least recent:
2024-02-25T11:50:24.732Z - info: 1. schedule/week9/project
2024-02-25T11:50:25.749Z - info: Rebuilding 1 pages
2024-02-25T11:50:26.560Z - info: Site data built
2024-02-25T11:50:26.560Z - info: Pages rebuilt
2024-02-25T11:50:26.560Z - info: Website regeneration complete! Total build time: 0.812s
2024-02-25T11:50:54.376Z - info: [7:50:54 pm] Reload for file change: C:\repos\nus-cs2103\cs2103-website-base\admin\tp-tasks-fragment.md
2024-02-25T11:50:54.377Z - info: Synchronizing opened pages list before reload
2024-02-25T11:50:54.377Z - info: Current opened pages, from most-to-least recent:
2024-02-25T11:50:54.377Z - info: 1. schedule/week9/project
2024-02-25T11:50:55.388Z - info: Rebuilding 1 pages
2024-02-25T11:50:56.237Z - info: Site data built
2024-02-25T11:50:56.238Z - info: Pages rebuilt
2024-02-25T11:50:56.238Z - info: Website regeneration complete! Total build time: 0.851s
2024-02-25T11:51:10.287Z - info: [7:51:10 pm] Reload for file change: C:\repos\nus-cs2103\cs2103-website-base\admin\tp-tasks-fragment.md
2024-02-25T11:51:10.288Z - info: Synchronizing opened pages list before reload
2024-02-25T11:51:10.288Z - info: Current opened pages, from most-to-least recent:
2024-02-25T11:51:10.288Z - info: 1. schedule/week9/project
2024-02-25T11:51:11.307Z - info: Rebuilding 1 pages
2024-02-25T11:51:12.120Z - info: Site data built
2024-02-25T11:51:12.120Z - info: Pages rebuilt
2024-02-25T11:51:12.120Z - info: Website regeneration complete! Total build time: 0.816s
2024-02-25T11:53:16.212Z - info: [7:53:16 pm] Reload for file change: C:\repos\nus-cs2103\cs2103-website-base\admin\tp-tasks-fragment.md
2024-02-25T11:53:16.213Z - info: Synchronizing opened pages list before reload
2024-02-25T11:53:16.213Z - info: Current opened pages, from most-to-least recent:
2024-02-25T11:53:16.213Z - info: 1. schedule/week9/project
2024-02-25T11:53:17.231Z - info: Rebuilding 1 pages
2024-02-25T11:53:18.054Z - info: Site data built
2024-02-25T11:53:18.054Z - info: Pages rebuilt
2024-02-25T11:53:18.054Z - info: Website regeneration complete! Total build time: 0.824s
2024-02-25T11:53:55.782Z - info: [7:53:55 pm] Reload for file change: C:\repos\nus-cs2103\cs2103-website-base\admin\tp-tasks-fragment.md
2024-02-25T11:53:55.782Z - info: Synchronizing opened pages list before reload
2024-02-25T11:53:55.782Z - info: Current opened pages, from most-to-least recent:
2024-02-25T11:53:55.782Z - info: 1. schedule/week9/project
2024-02-25T11:53:56.798Z - info: Rebuilding 1 pages
2024-02-25T11:53:57.611Z - info: Site data built
2024-02-25T11:53:57.611Z - info: Pages rebuilt
2024-02-25T11:53:57.611Z - info: Website regeneration complete! Total build time: 0.814s
2024-02-25T11:54:59.855Z - info: [7:54:59 pm] Reload for file change: C:\repos\nus-cs2103\cs2103-website-base\admin\tp-tasks-fragment.md
2024-02-25T11:54:59.856Z - info: Synchronizing opened pages list before reload
2024-02-25T11:54:59.856Z - info: Current opened pages, from most-to-least recent:
2024-02-25T11:54:59.856Z - info: 1. schedule/week9/project
2024-02-25T11:55:00.863Z - info: Rebuilding 1 pages
2024-02-25T11:55:01.670Z - info: Site data built
2024-02-25T11:55:01.670Z - info: Pages rebuilt
2024-02-25T11:55:01.670Z - info: Website regeneration complete! Total build time: 0.808s
2024-02-25T11:56:07.706Z - info: [7:56:07 pm] Reload for file change: C:\repos\nus-cs2103\cs2103-website-base\admin\tp-tasks-fragment.md
2024-02-25T11:56:07.707Z - info: Synchronizing opened pages list before reload
2024-02-25T11:56:07.707Z - info: Current opened pages, from most-to-least recent:
2024-02-25T11:56:07.708Z - info: 1. schedule/week9/project
2024-02-25T11:56:08.713Z - info: Rebuilding 1 pages
2024-02-25T11:56:09.923Z - info: Site data built
2024-02-25T11:56:09.924Z - info: Pages rebuilt
2024-02-25T11:56:09.924Z - info: Website regeneration complete! Total build time: 1.212s
2024-02-25T11:56:27.448Z - info: [7:56:27 pm] Reload for file change: C:\repos\nus-cs2103\cs2103-website-base\admin\tp-tasks-fragment.md
2024-02-25T11:56:27.449Z - info: Synchronizing opened pages list before reload
2024-02-25T11:56:27.449Z - info: Current opened pages, from most-to-least recent:
2024-02-25T11:56:27.449Z - info: 1. schedule/week9/project
2024-02-25T11:56:28.455Z - info: Rebuilding 1 pages
2024-02-25T11:56:29.540Z - info: Site data built
2024-02-25T11:56:29.541Z - info: Pages rebuilt
2024-02-25T11:56:29.541Z - info: Website regeneration complete! Total build time: 1.087s
2024-02-25T11:57:11.446Z - info: [7:57:11 pm] Reload for file change: C:\repos\nus-cs2103\cs2103-website-base\admin\tp-tasks-fragment.md
2024-02-25T11:57:11.447Z - info: Synchronizing opened pages list before reload
2024-02-25T11:57:11.447Z - info: Current opened pages, from most-to-least recent:
2024-02-25T11:57:11.447Z - info: 1. schedule/week9/project
2024-02-25T11:57:12.465Z - info: Rebuilding 1 pages
2024-02-25T11:57:13.292Z - info: Site data built
2024-02-25T11:57:13.293Z - info: Pages rebuilt
2024-02-25T11:57:13.293Z - info: Website regeneration complete! Total build time: 0.829s
2024-02-25T11:58:17.635Z - info: [7:58:17 pm] Reload for file change: C:\repos\nus-cs2103\cs2103-website-base\admin\tp-tasks-fragment.md
2024-02-25T11:58:17.636Z - info: Synchronizing opened pages list before reload
2024-02-25T11:58:17.636Z - info: Current opened pages, from most-to-least recent:
2024-02-25T11:58:17.636Z - info: 1. schedule/week9/project
2024-02-25T11:58:18.653Z - info: Rebuilding 1 pages
2024-02-25T11:58:19.689Z - info: Site data built
2024-02-25T11:58:19.689Z - info: Pages rebuilt
2024-02-25T11:58:19.690Z - info: Website regeneration complete! Total build time: 1.038s
2024-02-25T11:59:46.633Z - info: Building C:\repos\nus-cs2103\cs2103-website-base\schedule\week8\index as some of its dependencies were changed since the last visit
2024-02-25T11:59:47.375Z - info: Site data built
2024-02-25T11:59:47.376Z - info: Lazy website regeneration complete! Total build time: 0.743s
2024-02-25T11:59:51.264Z - info: Building C:\repos\nus-cs2103\cs2103-website-base\schedule\week7\index as some of its dependencies were changed since the last visit
2024-02-25T11:59:51.849Z - info: Site data built
2024-02-25T11:59:51.850Z - info: Lazy website regeneration complete! Total build time: 0.587s
2024-02-25T12:00:13.150Z - info: Building C:\repos\nus-cs2103\cs2103-website-base\schedule\week7\project as some of its dependencies were changed since the last visit
2024-02-25T12:00:14.862Z - info: Site data built
2024-02-25T12:00:14.862Z - info: Lazy website regeneration complete! Total build time: 1.712s
2024-02-25T12:04:27.847Z - info: Building C:\repos\nus-cs2103\cs2103-website-base\schedule\week9\topics as some of its dependencies were changed since the last visit
2024-02-25T12:04:43.168Z - debug:  
2024-02-25T12:04:52.120Z - debug:  
2024-02-25T12:04:52.407Z - info: Site data built
2024-02-25T12:04:52.407Z - info: Lazy website regeneration complete! Total build time: 24.56s
2024-02-25T12:05:03.601Z - info: Building C:\repos\nus-cs2103\cs2103-website-base\schedule\timeline as some of its dependencies were changed since the last visit
2024-02-25T12:05:08.645Z - info: Site data built
2024-02-25T12:05:08.645Z - info: Lazy website regeneration complete! Total build time: 5.044s
2024-02-25T12:39:12.353Z - info: [8:39:12 pm] Reload for file change: C:\repos\nus-cs2103\cs2103-website-base\admin\tp-deliverables-dg-fragment.md
2024-02-25T12:39:12.354Z - info: Synchronizing opened pages list before reload
2024-02-25T12:39:12.354Z - info: Current opened pages, from most-to-least recent:
2024-02-25T12:39:12.354Z - info: 1. schedule/week10/project
2024-02-25T12:39:13.369Z - info: Rebuilding 1 pages
2024-02-25T12:39:14.642Z - info: Site data built
2024-02-25T12:39:14.642Z - info: Pages rebuilt
2024-02-25T12:39:14.642Z - info: Website regeneration complete! Total build time: 1.274s
2024-02-25T12:40:25.999Z - info: [8:40:25 pm] Reload for file change: C:\repos\nus-cs2103\cs2103-website-base\admin\tp-deliverables-dg-fragment.md
2024-02-25T12:40:26.000Z - info: Synchronizing opened pages list before reload
2024-02-25T12:40:26.001Z - info: Current opened pages, from most-to-least recent:
2024-02-25T12:40:26.001Z - info: 1. schedule/week10/project
2024-02-25T12:40:27.014Z - info: Rebuilding 1 pages
2024-02-25T12:40:28.226Z - info: Site data built
2024-02-25T12:40:28.226Z - info: Pages rebuilt
2024-02-25T12:40:28.226Z - info: Website regeneration complete! Total build time: 1.213s
2024-02-25T12:40:36.170Z - info: [8:40:36 pm] Reload for file change: C:\repos\nus-cs2103\cs2103-website-base\admin\tp-deliverables-dg-fragment.md
2024-02-25T12:40:36.170Z - info: Synchronizing opened pages list before reload
2024-02-25T12:40:36.170Z - info: Current opened pages, from most-to-least recent:
2024-02-25T12:40:36.171Z - info: 1. schedule/week10/project
2024-02-25T12:40:37.186Z - info: Rebuilding 1 pages
2024-02-25T12:40:38.254Z - info: Site data built
2024-02-25T12:40:38.254Z - info: Pages rebuilt
2024-02-25T12:40:38.254Z - info: Website regeneration complete! Total build time: 1.068s
2024-02-25T12:41:03.455Z - info: [8:41:03 pm] Reload for file change: C:\repos\nus-cs2103\cs2103-website-base\admin\tp-deliverables-dg-fragment.md
2024-02-25T12:41:03.456Z - info: Synchronizing opened pages list before reload
2024-02-25T12:41:03.456Z - info: Current opened pages, from most-to-least recent:
2024-02-25T12:41:03.457Z - info: 1. schedule/week10/project
2024-02-25T12:41:04.463Z - info: Rebuilding 1 pages
2024-02-25T12:41:05.654Z - info: Site data built
2024-02-25T12:41:05.654Z - info: Pages rebuilt
2024-02-25T12:41:05.655Z - info: Website regeneration complete! Total build time: 1.194s
2024-02-25T12:41:38.563Z - info: [8:41:38 pm] Reload for file change: C:\repos\nus-cs2103\cs2103-website-base\admin\tp-deliverables-dg-fragment.md
2024-02-25T12:41:38.564Z - info: Synchronizing opened pages list before reload
2024-02-25T12:41:38.564Z - info: Current opened pages, from most-to-least recent:
2024-02-25T12:41:38.565Z - info: 1. schedule/week10/project
2024-02-25T12:41:39.571Z - info: Rebuilding 1 pages
2024-02-25T12:41:40.779Z - info: Site data built
2024-02-25T12:41:40.779Z - info: Pages rebuilt
2024-02-25T12:41:40.779Z - info: Website regeneration complete! Total build time: 1.209s
2024-02-25T12:49:08.028Z - info: Building C:\repos\nus-cs2103\cs2103-website-base\schedule\week9\project as some of its dependencies were changed since the last visit
2024-02-25T12:49:09.044Z - info: Site data built
2024-02-25T12:49:09.044Z - info: Lazy website regeneration complete! Total build time: 1.016s
2024-02-25T12:54:12.994Z - info: [8:54:12 pm] Reload for file change: C:\repos\nus-cs2103\cs2103-website-base\admin\tp-deliverables-dg-fragment.md
2024-02-25T12:54:12.995Z - info: Synchronizing opened pages list before reload
2024-02-25T12:54:12.995Z - info: Current opened pages, from most-to-least recent:
2024-02-25T12:54:12.995Z - info: 1. schedule/week9/project
2024-02-25T12:54:13.025Z - info: [8:54:13 pm] Reload for file change: C:\repos\nus-cs2103\cs2103-website-base\admin\tp-tasks-fragment.md
2024-02-25T12:54:13.025Z - info: Synchronizing opened pages list before reload
2024-02-25T12:54:13.025Z - info: Current opened pages, from most-to-least recent:
2024-02-25T12:54:13.025Z - info: 1. schedule/week9/project
2024-02-25T12:54:14.009Z - info: Rebuilding 1 pages
2024-02-25T12:54:15.482Z - info: Site data built
2024-02-25T12:54:15.483Z - info: Pages rebuilt
2024-02-25T12:54:15.483Z - info: Website regeneration complete! Total build time: 1.477s
2024-02-25T12:54:57.821Z - info: [8:54:57 pm] Reload for file change: C:\repos\nus-cs2103\cs2103-website-base\admin\tp-tasks-fragment.md
2024-02-25T12:54:57.821Z - info: Synchronizing opened pages list before reload
2024-02-25T12:54:57.822Z - info: Current opened pages, from most-to-least recent:
2024-02-25T12:54:57.822Z - info: 1. schedule/week9/project
2024-02-25T12:54:58.831Z - info: Rebuilding 1 pages
2024-02-25T12:54:59.700Z - info: Site data built
2024-02-25T12:54:59.700Z - info: Pages rebuilt
2024-02-25T12:54:59.700Z - info: Website regeneration complete! Total build time: 0.87s
2024-02-25T12:55:35.749Z - info: [8:55:35 pm] Reload for file change: C:\repos\nus-cs2103\cs2103-website-base\admin\tp-tasks-fragment.md
2024-02-25T12:55:35.749Z - info: Synchronizing opened pages list before reload
2024-02-25T12:55:35.750Z - info: Current opened pages, from most-to-least recent:
2024-02-25T12:55:35.750Z - info: 1. schedule/week9/project
2024-02-25T12:55:36.752Z - info: Rebuilding 1 pages
2024-02-25T12:55:37.610Z - info: Site data built
2024-02-25T12:55:37.611Z - info: Pages rebuilt
2024-02-25T12:55:37.611Z - info: Website regeneration complete! Total build time: 0.86s
2024-02-25T12:58:18.082Z - info: [8:58:18 pm] Reload for file change: C:\repos\nus-cs2103\cs2103-website-base\admin\tp-tasks-fragment.md
2024-02-25T12:58:18.083Z - info: Synchronizing opened pages list before reload
2024-02-25T12:58:18.083Z - info: Current opened pages, from most-to-least recent:
2024-02-25T12:58:18.083Z - info: 1. schedule/week9/project
2024-02-25T12:58:19.087Z - info: Rebuilding 1 pages
2024-02-25T12:58:19.937Z - info: Site data built
2024-02-25T12:58:19.937Z - info: Pages rebuilt
2024-02-25T12:58:19.937Z - info: Website regeneration complete! Total build time: 0.85s
2024-02-25T12:58:36.815Z - info: [8:58:36 pm] Reload for file change: C:\repos\nus-cs2103\cs2103-website-base\admin\tp-tasks-fragment.md
2024-02-25T12:58:36.815Z - info: Synchronizing opened pages list before reload
2024-02-25T12:58:36.816Z - info: Current opened pages, from most-to-least recent:
2024-02-25T12:58:36.816Z - info: 1. schedule/week9/project
2024-02-25T12:58:37.830Z - info: Rebuilding 1 pages
2024-02-25T12:58:38.670Z - info: Site data built
2024-02-25T12:58:38.671Z - info: Pages rebuilt
2024-02-25T12:58:38.671Z - info: Website regeneration complete! Total build time: 0.842s
2024-02-25T12:58:51.334Z - info: [8:58:51 pm] Reload for file change: C:\repos\nus-cs2103\cs2103-website-base\admin\tp-tasks-fragment.md
2024-02-25T12:58:51.334Z - info: Synchronizing opened pages list before reload
2024-02-25T12:58:51.334Z - info: Current opened pages, from most-to-least recent:
2024-02-25T12:58:51.335Z - info: 1. schedule/week9/project
2024-02-25T12:58:52.339Z - info: Rebuilding 1 pages
2024-02-25T12:58:53.135Z - info: Site data built
2024-02-25T12:58:53.136Z - info: Pages rebuilt
2024-02-25T12:58:53.136Z - info: Website regeneration complete! Total build time: 0.798s
2024-02-25T12:59:30.114Z - info: [8:59:30 pm] Reload for file change: C:\repos\nus-cs2103\cs2103-website-base\_course-CS2103\weeklyTpTasks-fragment.md
2024-02-25T12:59:30.115Z - info: Synchronizing opened pages list before reload
2024-02-25T12:59:30.115Z - info: Current opened pages, from most-to-least recent:
2024-02-25T12:59:30.115Z - info: 1. schedule/week9/project
2024-02-25T12:59:31.132Z - info: Rebuilding 1 pages
2024-02-25T12:59:31.902Z - info: Site data built
2024-02-25T12:59:31.902Z - info: Pages rebuilt
2024-02-25T12:59:31.903Z - info: Website regeneration complete! Total build time: 0.771s
2024-02-25T13:02:05.466Z - info: [9:02:05 pm] Reload for file change: C:\repos\nus-cs2103\cs2103-website-base\admin\tp-tasks-fragment.md
2024-02-25T13:02:05.466Z - info: Synchronizing opened pages list before reload
2024-02-25T13:02:05.466Z - info: Current opened pages, from most-to-least recent:
2024-02-25T13:02:05.467Z - info: 1. schedule/week9/project
2024-02-25T13:02:06.474Z - info: Rebuilding 1 pages
2024-02-25T13:02:07.095Z - info: Site data built
2024-02-25T13:02:07.095Z - info: Pages rebuilt
2024-02-25T13:02:07.095Z - info: Website regeneration complete! Total build time: 0.624s
2024-02-25T13:02:43.358Z - info: [9:02:43 pm] Reload for file change: C:\repos\nus-cs2103\cs2103-website-base\admin\tp-tasks-fragment.md
2024-02-25T13:02:43.359Z - info: Synchronizing opened pages list before reload
2024-02-25T13:02:43.359Z - info: Current opened pages, from most-to-least recent:
2024-02-25T13:02:43.359Z - info: 1. schedule/week9/project
2024-02-25T13:02:44.365Z - info: Rebuilding 1 pages
2024-02-25T13:02:45.121Z - info: Site data built
2024-02-25T13:02:45.121Z - info: Pages rebuilt
2024-02-25T13:02:45.122Z - info: Website regeneration complete! Total build time: 0.758s
2024-02-25T13:03:56.441Z - info: [9:03:56 pm] Reload for file change: C:\repos\nus-cs2103\cs2103-website-base\admin\tp-tasks-fragment.md
2024-02-25T13:03:56.442Z - info: Synchronizing opened pages list before reload
2024-02-25T13:03:56.442Z - info: Current opened pages, from most-to-least recent:
2024-02-25T13:03:56.442Z - info: 1. schedule/week9/project
2024-02-25T13:03:57.448Z - info: Rebuilding 1 pages
2024-02-25T13:03:58.199Z - info: Site data built
2024-02-25T13:03:58.199Z - info: Pages rebuilt
2024-02-25T13:03:58.199Z - info: Website regeneration complete! Total build time: 0.752s
2024-02-25T13:05:11.182Z - info: [9:05:11 pm] Reload for file change: C:\repos\nus-cs2103\cs2103-website-base\admin\tp-tasks-fragment.md
2024-02-25T13:05:11.183Z - info: Synchronizing opened pages list before reload
2024-02-25T13:05:11.183Z - info: Current opened pages, from most-to-least recent:
2024-02-25T13:05:11.184Z - info: 1. schedule/week9/project
2024-02-25T13:05:12.195Z - info: Rebuilding 1 pages
2024-02-25T13:05:13.597Z - info: Site data built
2024-02-25T13:05:13.597Z - info: Pages rebuilt
2024-02-25T13:05:13.597Z - info: Website regeneration complete! Total build time: 1.403s
2024-02-25T13:07:19.724Z - info: [9:07:19 pm] Reload for file change: C:\repos\nus-cs2103\cs2103-website-base\admin\tp-tasks-fragment.md
2024-02-25T13:07:19.724Z - info: Synchronizing opened pages list before reload
2024-02-25T13:07:19.725Z - info: Current opened pages, from most-to-least recent:
2024-02-25T13:07:19.725Z - info: 1. schedule/week9/project
2024-02-25T13:07:20.738Z - info: Rebuilding 1 pages
2024-02-25T13:07:21.371Z - info: Site data built
2024-02-25T13:07:21.372Z - info: Pages rebuilt
2024-02-25T13:07:21.372Z - info: Website regeneration complete! Total build time: 0.635s
2024-02-25T13:08:00.374Z - info: [9:08:00 pm] Reload for file change: C:\repos\nus-cs2103\cs2103-website-base\admin\tp-tasks-fragment.md
2024-02-25T13:08:00.375Z - info: Synchronizing opened pages list before reload
2024-02-25T13:08:00.375Z - info: Current opened pages, from most-to-least recent:
2024-02-25T13:08:00.375Z - info: 1. schedule/week9/project
2024-02-25T13:08:01.387Z - info: Rebuilding 1 pages
2024-02-25T13:08:02.372Z - info: Site data built
2024-02-25T13:08:02.372Z - info: Pages rebuilt
2024-02-25T13:08:02.372Z - info: Website regeneration complete! Total build time: 0.986s
2024-02-25T13:08:17.779Z - info: [9:08:17 pm] Reload for file change: C:\repos\nus-cs2103\cs2103-website-base\admin\tp-tasks-fragment.md
2024-02-25T13:08:17.779Z - info: Synchronizing opened pages list before reload
2024-02-25T13:08:17.780Z - info: Current opened pages, from most-to-least recent:
2024-02-25T13:08:17.780Z - info: 1. schedule/week9/project
2024-02-25T13:08:18.793Z - info: Rebuilding 1 pages
2024-02-25T13:08:19.712Z - info: Site data built
2024-02-25T13:08:19.713Z - info: Pages rebuilt
2024-02-25T13:08:19.713Z - info: Website regeneration complete! Total build time: 0.921s
2024-02-25T13:08:59.676Z - info: [9:08:59 pm] Reload for file change: C:\repos\nus-cs2103\cs2103-website-base\admin\tp-tasks-fragment.md
2024-02-25T13:08:59.677Z - info: Synchronizing opened pages list before reload
2024-02-25T13:08:59.677Z - info: Current opened pages, from most-to-least recent:
2024-02-25T13:08:59.677Z - info: 1. schedule/week9/project
2024-02-25T13:09:00.682Z - info: Rebuilding 1 pages
2024-02-25T13:09:01.431Z - info: Site data built
2024-02-25T13:09:01.432Z - info: Pages rebuilt
2024-02-25T13:09:01.432Z - info: Website regeneration complete! Total build time: 0.75s
2024-02-25T13:11:10.451Z - info: [9:11:10 pm] Reload for file change: C:\repos\nus-cs2103\cs2103-website-base\admin\tp-tasks-fragment.md
2024-02-25T13:11:10.452Z - info: Synchronizing opened pages list before reload
2024-02-25T13:11:10.452Z - info: Current opened pages, from most-to-least recent:
2024-02-25T13:11:10.452Z - info: 1. schedule/week9/project
2024-02-25T13:11:11.463Z - info: Rebuilding 1 pages
2024-02-25T13:11:12.569Z - info: Site data built
2024-02-25T13:11:12.570Z - info: Pages rebuilt
2024-02-25T13:11:12.570Z - info: Website regeneration complete! Total build time: 1.109s
2024-02-25T13:11:44.172Z - info: [9:11:44 pm] Reload for file change: C:\repos\nus-cs2103\cs2103-website-base\admin\tp-tasks-fragment.md
2024-02-25T13:11:44.172Z - info: Synchronizing opened pages list before reload
2024-02-25T13:11:44.172Z - info: Current opened pages, from most-to-least recent:
2024-02-25T13:11:44.173Z - info: 1. schedule/week9/project
2024-02-25T13:11:45.178Z - info: Rebuilding 1 pages
2024-02-25T13:11:45.805Z - info: Site data built
2024-02-25T13:11:45.805Z - info: Pages rebuilt
2024-02-25T13:11:45.805Z - info: Website regeneration complete! Total build time: 0.627s
2024-02-25T13:13:18.734Z - info: [9:13:18 pm] Reload for file change: C:\repos\nus-cs2103\cs2103-website-base\admin\tp-tasks-fragment.md
2024-02-25T13:13:18.734Z - info: Synchronizing opened pages list before reload
2024-02-25T13:13:18.735Z - info: Current opened pages, from most-to-least recent:
2024-02-25T13:13:18.735Z - info: 1. schedule/week9/project
2024-02-25T13:13:19.747Z - info: Rebuilding 1 pages
2024-02-25T13:13:20.663Z - info: Site data built
2024-02-25T13:13:20.663Z - info: Pages rebuilt
2024-02-25T13:13:20.663Z - info: Website regeneration complete! Total build time: 0.919s
2024-02-25T13:15:23.883Z - info: [9:15:23 pm] Reload for file change: C:\repos\nus-cs2103\cs2103-website-base\admin\tp-tasks-fragment.md
2024-02-25T13:15:23.883Z - info: Synchronizing opened pages list before reload
2024-02-25T13:15:23.883Z - info: Current opened pages, from most-to-least recent:
2024-02-25T13:15:23.883Z - info: 1. schedule/week9/project
2024-02-25T13:15:24.898Z - info: Rebuilding 1 pages
2024-02-25T13:15:25.531Z - info: Site data built
2024-02-25T13:15:25.531Z - info: Pages rebuilt
2024-02-25T13:15:25.531Z - info: Website regeneration complete! Total build time: 0.635s
2024-02-25T13:15:53.850Z - info: [9:15:53 pm] Reload for file change: C:\repos\nus-cs2103\cs2103-website-base\admin\tp-tasks-fragment.md
2024-02-25T13:15:53.851Z - info: Synchronizing opened pages list before reload
2024-02-25T13:15:53.851Z - info: Current opened pages, from most-to-least recent:
2024-02-25T13:15:53.851Z - info: 1. schedule/week9/project
2024-02-25T13:15:54.865Z - info: Rebuilding 1 pages
2024-02-25T13:15:55.599Z - info: Site data built
2024-02-25T13:15:55.599Z - info: Pages rebuilt
2024-02-25T13:15:55.600Z - info: Website regeneration complete! Total build time: 0.738s
2024-02-25T13:16:25.251Z - info: [9:16:25 pm] Reload for file change: C:\repos\nus-cs2103\cs2103-website-base\admin\tp-tasks-fragment.md
2024-02-25T13:16:25.252Z - info: Synchronizing opened pages list before reload
2024-02-25T13:16:25.252Z - info: Current opened pages, from most-to-least recent:
2024-02-25T13:16:25.252Z - info: 1. schedule/week9/project
2024-02-25T13:16:26.265Z - info: Rebuilding 1 pages
2024-02-25T13:16:26.906Z - info: Site data built
2024-02-25T13:16:26.906Z - info: Pages rebuilt
2024-02-25T13:16:26.906Z - info: Website regeneration complete! Total build time: 0.642s
2024-02-25T13:17:22.047Z - info: [9:17:22 pm] Reload for file change: C:\repos\nus-cs2103\cs2103-website-base\admin\tp-tasks-fragment.md
2024-02-25T13:17:22.048Z - info: Synchronizing opened pages list before reload
2024-02-25T13:17:22.048Z - info: Current opened pages, from most-to-least recent:
2024-02-25T13:17:22.048Z - info: 1. schedule/week9/project
2024-02-25T13:17:23.056Z - info: Rebuilding 1 pages
2024-02-25T13:17:23.766Z - info: Site data built
2024-02-25T13:17:23.766Z - info: Pages rebuilt
2024-02-25T13:17:23.766Z - info: Website regeneration complete! Total build time: 0.711s
2024-02-25T13:17:48.415Z - info: [9:17:48 pm] Reload for file change: C:\repos\nus-cs2103\cs2103-website-base\admin\tp-tasks-fragment.md
2024-02-25T13:17:48.415Z - info: Synchronizing opened pages list before reload
2024-02-25T13:17:48.415Z - info: Current opened pages, from most-to-least recent:
2024-02-25T13:17:48.415Z - info: 1. schedule/week9/project
2024-02-25T13:17:49.422Z - info: Rebuilding 1 pages
2024-02-25T13:17:50.128Z - info: Site data built
2024-02-25T13:17:50.129Z - info: Pages rebuilt
2024-02-25T13:17:50.129Z - info: Website regeneration complete! Total build time: 0.708s
2024-02-25T13:19:10.300Z - info: [9:19:10 pm] Reload for file change: C:\repos\nus-cs2103\cs2103-website-base\admin\tp-tasks-fragment.md
2024-02-25T13:19:10.300Z - info: Synchronizing opened pages list before reload
2024-02-25T13:19:10.301Z - info: Current opened pages, from most-to-least recent:
2024-02-25T13:19:10.301Z - info: 1. schedule/week9/project
2024-02-25T13:19:11.313Z - info: Rebuilding 1 pages
2024-02-25T13:19:12.029Z - info: Site data built
2024-02-25T13:19:12.029Z - info: Pages rebuilt
2024-02-25T13:19:12.029Z - info: Website regeneration complete! Total build time: 0.717s
2024-02-25T13:19:43.916Z - info: [9:19:43 pm] Reload for file change: C:\repos\nus-cs2103\cs2103-website-base\_course-CS2103\weeklyTpTasks-fragment.md
2024-02-25T13:19:43.917Z - info: Synchronizing opened pages list before reload
2024-02-25T13:19:43.917Z - info: Current opened pages, from most-to-least recent:
2024-02-25T13:19:43.917Z - info: 1. schedule/week9/project
2024-02-25T13:19:44.932Z - info: Rebuilding 1 pages
2024-02-25T13:19:45.568Z - info: Site data built
2024-02-25T13:19:45.568Z - info: Pages rebuilt
2024-02-25T13:19:45.569Z - info: Website regeneration complete! Total build time: 0.641s
2024-02-25T13:20:15.606Z - info: [9:20:15 pm] Reload for file change: C:\repos\nus-cs2103\cs2103-website-base\admin\tp-tasks-fragment.md
2024-02-25T13:20:15.606Z - info: Synchronizing opened pages list before reload
2024-02-25T13:20:15.606Z - info: Current opened pages, from most-to-least recent:
2024-02-25T13:20:15.606Z - info: 1. schedule/week9/project
2024-02-25T13:20:16.613Z - info: Rebuilding 1 pages
2024-02-25T13:20:17.150Z - info: Site data built
2024-02-25T13:20:17.150Z - info: Pages rebuilt
2024-02-25T13:20:17.151Z - info: Website regeneration complete! Total build time: 0.539s
2024-02-25T13:20:42.644Z - info: [9:20:42 pm] Reload for file change: C:\repos\nus-cs2103\cs2103-website-base\admin\tp-tasks-fragment.md
2024-02-25T13:20:42.644Z - info: Synchronizing opened pages list before reload
2024-02-25T13:20:42.645Z - info: Current opened pages, from most-to-least recent:
2024-02-25T13:20:42.645Z - info: 1. schedule/week9/project
2024-02-25T13:20:43.657Z - info: Rebuilding 1 pages
2024-02-25T13:20:44.287Z - info: Site data built
2024-02-25T13:20:44.288Z - info: Pages rebuilt
2024-02-25T13:20:44.288Z - info: Website regeneration complete! Total build time: 0.634s
2024-02-25T13:21:47.529Z - info: [9:21:47 pm] Reload for file change: C:\repos\nus-cs2103\cs2103-website-base\admin\tp-tasks-fragment.md
2024-02-25T13:21:47.530Z - info: Synchronizing opened pages list before reload
2024-02-25T13:21:47.530Z - info: Current opened pages, from most-to-least recent:
2024-02-25T13:21:47.530Z - info: 1. schedule/week9/project
2024-02-25T13:21:48.538Z - info: Rebuilding 1 pages
2024-02-25T13:21:49.089Z - info: Site data built
2024-02-25T13:21:49.089Z - info: Pages rebuilt
2024-02-25T13:21:49.089Z - info: Website regeneration complete! Total build time: 0.552s
2024-02-25T13:22:06.402Z - info: [9:22:06 pm] Reload for file change: C:\repos\nus-cs2103\cs2103-website-base\admin\tp-tasks-fragment.md
2024-02-25T13:22:06.402Z - info: Synchronizing opened pages list before reload
2024-02-25T13:22:06.402Z - info: Current opened pages, from most-to-least recent:
2024-02-25T13:22:06.403Z - info: 1. schedule/week9/project
2024-02-25T13:22:07.407Z - info: Rebuilding 1 pages
2024-02-25T13:22:08.013Z - info: Site data built
2024-02-25T13:22:08.014Z - info: Pages rebuilt
2024-02-25T13:22:08.014Z - info: Website regeneration complete! Total build time: 0.608s
2024-02-25T13:23:29.732Z - info: [9:23:29 pm] Reload for file change: C:\repos\nus-cs2103\cs2103-website-base\admin\tp-tasks-fragment.md
2024-02-25T13:23:29.733Z - info: Synchronizing opened pages list before reload
2024-02-25T13:23:29.733Z - info: Current opened pages, from most-to-least recent:
2024-02-25T13:23:29.733Z - info: 1. schedule/week9/project
2024-02-25T13:23:30.751Z - info: Rebuilding 1 pages
2024-02-25T13:23:31.279Z - info: Site data built
2024-02-25T13:23:31.280Z - info: Pages rebuilt
2024-02-25T13:23:31.280Z - info: Website regeneration complete! Total build time: 0.53s
2024-02-25T13:24:05.155Z - info: Building C:\repos\nus-cs2103\cs2103-website-base\schedule\week9\tutorial as some of its dependencies were changed since the last visit
2024-02-25T13:24:05.797Z - info: Site data built
2024-02-25T13:24:05.798Z - info: Lazy website regeneration complete! Total build time: 0.644s
2024-02-25T13:24:59.794Z - info: Website generation started at 9:24:58 pm
2024-02-25T13:25:06.174Z - info: Building assets...
