2024-03-09T12:45:18.501Z - info: Website generation (lazy) started at 8:45:11 pm
2024-03-09T12:45:30.160Z - info: Building assets...
2024-03-09T12:45:37.989Z - info: Assets built
2024-03-09T12:45:37.991Z - info: Generating landing page...
2024-03-09T12:45:39.804Z - info: Landing page built, other pages will be built as you navigate to them!
2024-03-09T12:45:41.816Z - info: Site data built
2024-03-09T12:45:41.817Z - info: Website generation (lazy) complete! Total build time: 30.247s
2024-03-09T12:45:42.315Z - info: Serving "C:\repos\nus-cs2103\cs2103-website-base\_site" at http://127.0.0.1:8080
2024-03-09T12:45:42.316Z - info: Press CTRL+C to stop ...
2024-03-09T12:46:07.512Z - info: Building C:\repos\nus-cs2103\cs2103-website-base\schedule\week8\topics as some of its dependencies were changed since the last visit
2024-03-09T12:46:33.040Z - debug:  
2024-03-09T12:46:33.041Z - debug:  
2024-03-09T12:46:33.042Z - debug:  
2024-03-09T12:46:33.046Z - debug:  
2024-03-09T12:46:33.047Z - debug:  
2024-03-09T12:46:33.048Z - debug:  
2024-03-09T12:46:33.049Z - debug:  
2024-03-09T12:46:33.052Z - debug:  
2024-03-09T12:46:33.052Z - debug:  
2024-03-09T12:46:33.053Z - debug:  
2024-03-09T12:46:33.053Z - debug:  
2024-03-09T12:46:34.215Z - debug:  
2024-03-09T12:46:34.298Z - debug:  
2024-03-09T12:46:34.417Z - debug:  
2024-03-09T12:46:35.015Z - info: Site data built
2024-03-09T12:46:35.016Z - info: Lazy website regeneration complete! Total build time: 27.504s
2024-03-09T12:48:07.366Z - info: [8:48:07 pm] Reload for file change: C:\repos\nus-cs2103\cs2103-website-base\book\testing\testCoverage\how\text.md
2024-03-09T12:48:07.367Z - info: Synchronizing opened pages list before reload
2024-03-09T12:48:07.368Z - info: Current opened pages, from most-to-least recent:
2024-03-09T12:48:07.368Z - info: 1. schedule/week8/topics
2024-03-09T12:48:08.375Z - info: Rebuilding 1 pages
2024-03-09T12:48:11.266Z - info: Site data built
2024-03-09T12:48:11.266Z - info: Pages rebuilt
2024-03-09T12:48:11.267Z - info: Website regeneration complete! Total build time: 2.893s
2024-03-09T12:53:15.623Z - info: [8:53:15 pm] Reload for file change: C:\repos\nus-cs2103\cs2103-website-base\book\testing\testCoverage\how\text.md
2024-03-09T12:53:15.624Z - info: Synchronizing opened pages list before reload
2024-03-09T12:53:15.624Z - info: Current opened pages, from most-to-least recent:
2024-03-09T12:53:15.625Z - info: 1. schedule/week8/topics
2024-03-09T12:53:16.629Z - info: Rebuilding 1 pages
2024-03-09T12:53:21.069Z - info: Site data built
2024-03-09T12:53:21.069Z - info: Pages rebuilt
2024-03-09T12:53:21.069Z - info: Website regeneration complete! Total build time: 4.441s
2024-03-09T12:53:42.508Z - info: [8:53:42 pm] Reload for file change: C:\repos\nus-cs2103\cs2103-website-base\book\testing\testCoverage\how\text.md
2024-03-09T12:53:42.508Z - info: Synchronizing opened pages list before reload
2024-03-09T12:53:42.509Z - info: Current opened pages, from most-to-least recent:
2024-03-09T12:53:42.510Z - info: 1. schedule/week8/topics
2024-03-09T12:53:43.526Z - info: Rebuilding 1 pages
2024-03-09T12:53:47.056Z - info: Site data built
2024-03-09T12:53:47.056Z - info: Pages rebuilt
2024-03-09T12:53:47.056Z - info: Website regeneration complete! Total build time: 3.531s
