2024-01-27T08:27:38.463Z - info: Website generation started at 4:27:30 pm
2024-01-27T08:27:48.360Z - info: Building assets...
2024-01-27T08:27:55.313Z - info: Assets built
2024-01-27T08:27:55.313Z - info: Generating pages...
2024-01-27T08:28:17.037Z - debug:  
2024-01-27T08:28:17.038Z - debug:  
2024-01-27T08:28:17.039Z - debug:  
2024-01-27T08:28:17.040Z - debug:  
2024-01-27T08:28:17.041Z - debug:  
2024-01-27T08:28:17.042Z - debug:  
2024-01-27T08:28:17.042Z - debug:  
2024-01-27T08:28:17.043Z - debug:  
2024-01-27T08:28:17.043Z - debug:  
2024-01-27T08:28:17.369Z - debug:  
2024-01-27T08:28:17.399Z - debug:  
2024-01-27T08:28:17.445Z - debug:  
2024-01-27T08:28:19.745Z - debug:  
2024-01-27T08:28:19.746Z - debug:  
2024-01-27T08:28:19.746Z - debug:  
2024-01-27T08:28:19.904Z - debug:  
2024-01-27T08:28:20.114Z - debug:  
2024-01-27T08:30:27.075Z - debug:  
2024-01-27T08:30:43.937Z - debug:  
2024-01-27T08:30:43.961Z - debug:  
2024-01-27T08:30:57.065Z - info: Pages built
2024-01-27T08:30:58.810Z - info: Site data built
2024-01-27T08:30:58.810Z - info: Website generation complete! Total build time: 208.764s
2024-01-27T08:30:58.810Z - info: Build success!
2024-01-27T08:34:09.524Z - info: The website has been deployed at: https://nus-cs2103-ay2324s2.github.io/website
