2024-04-17T06:47:07.234Z - info: Website generation (lazy) started at 2:47:00 pm
2024-04-17T06:47:15.740Z - info: Building assets...
2024-04-17T06:47:22.000Z - info: Assets built
2024-04-17T06:47:22.001Z - info: Generating landing page...
2024-04-17T06:47:23.187Z - info: Landing page built, other pages will be built as you navigate to them!
2024-04-17T06:47:25.138Z - info: Site data built
2024-04-17T06:47:25.139Z - info: Website generation (lazy) complete! Total build time: 24.27s
2024-04-17T06:47:25.526Z - info: Serving "C:\repos\nus-cs2103\cs2103-website-base\_site" at http://127.0.0.1:8080
2024-04-17T06:47:25.526Z - info: Press CTRL+C to stop ...
2024-04-17T06:55:34.572Z - info: Building C:\repos\nus-cs2103\cs2103-website-base\admin\index as some of its dependencies were changed since the last visit
2024-04-17T06:55:40.139Z - info: Site data built
2024-04-17T06:55:40.140Z - info: Lazy website regeneration complete! Total build time: 5.568s
2024-04-17T06:56:53.820Z - info: [2:56:53 pm] Reload for file change: C:\repos\nus-cs2103\cs2103-website-base\admin\exam-pen-and-paper.md
2024-04-17T06:56:53.821Z - info: Synchronizing opened pages list before reload
2024-04-17T06:56:53.821Z - info: Current opened pages, from most-to-least recent:
2024-04-17T06:56:53.822Z - info: 1. admin/index
2024-04-17T06:56:54.841Z - info: Rebuilding 1 pages
2024-04-17T06:56:56.653Z - info: Site data built
2024-04-17T06:56:56.654Z - info: Pages rebuilt
2024-04-17T06:56:56.654Z - info: Website regeneration complete! Total build time: 1.814s
2024-04-17T06:57:03.604Z - info: [2:57:03 pm] Reload for file change: C:\repos\nus-cs2103\cs2103-website-base\admin\exam-pen-and-paper.md
2024-04-17T06:57:03.605Z - info: Synchronizing opened pages list before reload
2024-04-17T06:57:03.605Z - info: Current opened pages, from most-to-least recent:
2024-04-17T06:57:03.605Z - info: 1. admin/index
2024-04-17T06:57:04.620Z - info: Rebuilding 1 pages
2024-04-17T06:57:06.014Z - info: Site data built
2024-04-17T06:57:06.014Z - info: Pages rebuilt
2024-04-17T06:57:06.014Z - info: Website regeneration complete! Total build time: 1.395s
2024-04-17T06:58:42.042Z - info: [2:58:42 pm] Reload for file change: C:\repos\nus-cs2103\cs2103-website-base\admin\exam-pen-and-paper.md
2024-04-17T06:58:42.042Z - info: Synchronizing opened pages list before reload
2024-04-17T06:58:42.043Z - info: Current opened pages, from most-to-least recent:
2024-04-17T06:58:42.043Z - info: 1. admin/index
2024-04-17T06:58:43.056Z - info: Rebuilding 1 pages
2024-04-17T06:58:44.900Z - info: Site data built
2024-04-17T06:58:44.900Z - info: Pages rebuilt
2024-04-17T06:58:44.901Z - info: Website regeneration complete! Total build time: 1.845s
2024-04-17T06:59:56.957Z - info: [2:59:56 pm] Reload for file change: C:\repos\nus-cs2103\cs2103-website-base\admin\exam-pen-and-paper.md
2024-04-17T06:59:56.958Z - info: Synchronizing opened pages list before reload
2024-04-17T06:59:56.959Z - info: Current opened pages, from most-to-least recent:
2024-04-17T06:59:56.960Z - info: 1. admin/index
2024-04-17T06:59:57.973Z - info: Rebuilding 1 pages
2024-04-17T06:59:59.580Z - info: Site data built
2024-04-17T06:59:59.581Z - info: Pages rebuilt
2024-04-17T06:59:59.581Z - info: Website regeneration complete! Total build time: 1.609s
2024-04-17T07:25:49.149Z - info: Website generation started at 3:25:46 pm
2024-04-17T07:25:59.734Z - info: Building assets...
2024-04-17T07:26:06.257Z - info: Assets built
2024-04-17T07:26:06.258Z - info: Generating pages...
2024-04-17T07:26:37.898Z - debug:  
2024-04-17T07:26:37.901Z - debug:  
2024-04-17T07:26:38.069Z - debug:  
2024-04-17T07:26:38.081Z - debug:  
2024-04-17T07:26:38.088Z - debug:  
2024-04-17T07:26:38.154Z - debug:  
2024-04-17T07:26:38.167Z - debug:  
2024-04-17T07:26:38.188Z - debug:  
2024-04-17T07:26:38.196Z - debug:  
2024-04-17T07:26:38.211Z - debug:  
2024-04-17T07:26:38.220Z - debug:  
2024-04-17T07:26:38.221Z - debug:  
2024-04-17T07:26:39.669Z - debug:  
2024-04-17T07:26:39.669Z - debug:  
2024-04-17T07:26:39.670Z - debug:  
2024-04-17T07:26:44.668Z - debug:  
2024-04-17T07:27:21.294Z - debug:  
2024-04-17T07:28:29.378Z - info: Pages built
2024-04-17T07:28:30.390Z - info: Site data built
2024-04-17T07:28:30.391Z - info: Website generation complete! Total build time: 163.657s
2024-04-17T07:28:30.391Z - info: Build success!
2024-04-17T07:30:25.671Z - info: The website has been deployed at: https://nus-tic2002-ay2324s2.github.io/website
2024-04-17T15:16:56.654Z - info: Website generation started at 11:16:48 pm
2024-04-17T15:17:08.415Z - info: Building assets...
2024-04-17T15:17:15.113Z - info: Assets built
2024-04-17T15:17:15.115Z - info: Generating pages...
2024-04-17T15:17:47.967Z - debug:  
2024-04-17T15:17:47.972Z - debug:  
2024-04-17T15:17:47.973Z - debug:  
2024-04-17T15:17:50.674Z - debug:  
2024-04-17T15:17:50.675Z - debug:  
2024-04-17T15:17:50.685Z - debug:  
2024-04-17T15:17:50.685Z - debug:  
2024-04-17T15:17:50.685Z - debug:  
2024-04-17T15:17:50.686Z - debug:  
2024-04-17T15:17:50.686Z - debug:  
2024-04-17T15:17:50.687Z - debug:  
2024-04-17T15:17:50.687Z - debug:  
2024-04-17T15:17:50.687Z - debug:  
2024-04-17T15:17:50.687Z - debug:  
2024-04-17T15:17:50.687Z - debug:  
2024-04-17T15:17:58.730Z - debug:  
2024-04-17T15:18:37.642Z - debug:  
2024-04-17T15:19:54.073Z - info: Pages built
2024-04-17T15:19:55.261Z - info: Site data built
2024-04-17T15:19:55.261Z - info: Website generation complete! Total build time: 186.595s
2024-04-17T15:19:55.262Z - info: Build success!
2024-04-17T15:22:30.050Z - info: The website has been deployed at: https://nus-tic2002-ay2324s2.github.io/website
