2024-01-21T04:09:33.621Z - info: Website generation started at 12:09:28 pm
2024-01-21T04:09:45.011Z - info: Building assets...
2024-01-21T04:09:52.203Z - info: Assets built
2024-01-21T04:09:52.204Z - info: Generating pages...
2024-01-21T04:10:06.757Z - debug:  
2024-01-21T04:10:06.758Z - debug:  
2024-01-21T04:10:06.759Z - debug:  
2024-01-21T04:10:06.759Z - debug:  
2024-01-21T04:10:06.759Z - debug:  
2024-01-21T04:10:06.760Z - debug:  
2024-01-21T04:10:06.760Z - debug:  
2024-01-21T04:10:06.760Z - debug:  
2024-01-21T04:10:06.761Z - debug:  
2024-01-21T04:10:06.761Z - debug:  
2024-01-21T04:10:06.761Z - debug:  
2024-01-21T04:10:06.761Z - debug:  
2024-01-21T04:10:06.762Z - debug:  
2024-01-21T04:10:06.762Z - debug:  
2024-01-21T04:10:07.006Z - debug:  
2024-01-21T04:10:08.372Z - debug:  
2024-01-21T04:10:08.596Z - debug:  
2024-01-21T04:11:59.680Z - debug:  
2024-01-21T04:12:13.457Z - debug:  
2024-01-21T04:12:13.478Z - debug:  
2024-01-21T04:12:21.068Z - info: Pages built
2024-01-21T04:12:22.433Z - info: Site data built
2024-01-21T04:12:22.433Z - info: Website generation complete! Total build time: 174.049s
2024-01-21T04:12:22.433Z - info: Build success!
2024-01-21T04:17:14.307Z - info: The website has been deployed at: https://nus-cs2103-ay2324s2.github.io/website
2024-01-21T06:17:03.538Z - info: Website generation started at 2:16:58 pm
2024-01-21T06:17:12.778Z - info: Building assets...
2024-01-21T06:17:18.207Z - info: Assets built
2024-01-21T06:17:18.208Z - info: Generating pages...
2024-01-21T06:17:34.346Z - debug:  
2024-01-21T06:17:34.349Z - debug:  
2024-01-21T06:17:34.350Z - debug:  
2024-01-21T06:17:34.660Z - debug:  
2024-01-21T06:17:36.322Z - debug:  
2024-01-21T06:17:36.322Z - debug:  
2024-01-21T06:17:36.322Z - debug:  
2024-01-21T06:17:36.322Z - debug:  
2024-01-21T06:17:36.323Z - debug:  
2024-01-21T06:17:36.323Z - debug:  
2024-01-21T06:17:36.323Z - debug:  
2024-01-21T06:17:36.323Z - debug:  
2024-01-21T06:17:36.323Z - debug:  
2024-01-21T06:17:36.323Z - debug:  
2024-01-21T06:17:36.323Z - debug:  
2024-01-21T06:17:36.324Z - debug:  
2024-01-21T06:17:36.481Z - debug:  
2024-01-21T06:19:22.524Z - debug:  
2024-01-21T06:19:35.593Z - debug:  
2024-01-21T06:19:35.637Z - debug:  
2024-01-21T06:19:42.925Z - info: Pages built
2024-01-21T06:19:43.945Z - info: Site data built
2024-01-21T06:19:43.945Z - info: Website generation complete! Total build time: 165.312s
2024-01-21T06:19:43.945Z - info: Build success!
2024-01-21T06:21:16.587Z - info: The website has been deployed at: https://nus-cs2103-ay2324s2.github.io/website
2024-01-21T11:39:53.594Z - info: Website generation (lazy) started at 7:39:48 pm
2024-01-21T11:40:00.168Z - info: Building assets...
2024-01-21T11:40:06.036Z - info: Assets built
2024-01-21T11:40:06.037Z - info: Generating landing page...
2024-01-21T11:40:07.081Z - info: Landing page built, other pages will be built as you navigate to them!
2024-01-21T11:40:08.168Z - info: Site data built
2024-01-21T11:40:08.169Z - info: Website generation (lazy) complete! Total build time: 19.878s
2024-01-21T11:40:08.214Z - info: Serving "C:\repos\nus-cs2103\cs2103-website-base\_site" at http://127.0.0.1:8080
2024-01-21T11:40:08.214Z - info: Press CTRL+C to stop ...
2024-01-21T11:40:20.994Z - info: Building C:\repos\nus-cs2103\cs2103-website-base\schedule\week2\index as some of its dependencies were changed since the last visit
2024-01-21T11:40:21.542Z - info: Site data built
2024-01-21T11:40:21.543Z - info: Lazy website regeneration complete! Total build time: 0.549s
2024-01-21T11:40:25.495Z - info: Building C:\repos\nus-cs2103\cs2103-website-base\schedule\week2\project as some of its dependencies were changed since the last visit
2024-01-21T11:40:26.755Z - info: Site data built
2024-01-21T11:40:26.755Z - info: Lazy website regeneration complete! Total build time: 1.26s
2024-01-21T11:41:04.671Z - info: Website generation started at 7:41:03 pm
2024-01-21T11:41:10.009Z - info: Building assets...
2024-01-21T11:41:13.924Z - info: Assets built
2024-01-21T11:41:13.925Z - info: Generating pages...
2024-01-21T11:41:31.930Z - debug:  
2024-01-21T11:41:31.931Z - debug:  
2024-01-21T11:41:31.954Z - debug:  
2024-01-21T11:41:32.038Z - debug:  
2024-01-21T11:41:32.039Z - debug:  
2024-01-21T11:41:32.109Z - debug:  
2024-01-21T11:41:32.118Z - debug:  
2024-01-21T11:41:32.137Z - debug:  
2024-01-21T11:41:32.144Z - debug:  
2024-01-21T11:41:32.144Z - debug:  
2024-01-21T11:41:32.152Z - debug:  
2024-01-21T11:41:32.162Z - debug:  
2024-01-21T11:41:32.163Z - debug:  
2024-01-21T11:41:34.115Z - debug:  
2024-01-21T11:41:34.115Z - debug:  
2024-01-21T11:41:34.116Z - debug:  
2024-01-21T11:41:34.317Z - debug:  
2024-01-21T11:43:15.226Z - debug:  
2024-01-21T11:43:28.262Z - debug:  
2024-01-21T11:43:28.277Z - debug:  
2024-01-21T11:43:35.341Z - info: Pages built
2024-01-21T11:43:36.166Z - info: Site data built
2024-01-21T11:43:36.167Z - info: Website generation complete! Total build time: 152.932s
2024-01-21T11:43:36.167Z - info: Build success!
2024-01-21T11:45:21.190Z - info: The website has been deployed at: https://nus-cs2103-ay2324s2.github.io/website
