2024-04-10T08:14:55.091Z - info: Website generation (lazy) started at 4:14:48 pm
2024-04-10T08:15:02.484Z - info: Building assets...
2024-04-10T08:15:07.459Z - info: Assets built
2024-04-10T08:15:07.460Z - info: Generating landing page...
2024-04-10T08:15:08.410Z - info: Landing page built, other pages will be built as you navigate to them!
2024-04-10T08:15:09.271Z - info: Site data built
2024-04-10T08:15:09.271Z - info: Website generation (lazy) complete! Total build time: 20.46s
2024-04-10T08:15:09.659Z - info: Serving "C:\repos\nus-cs2103\cs2103-website-base\_site" at http://127.0.0.1:8080
2024-04-10T08:15:09.659Z - info: Press CTRL+C to stop ...
2024-04-10T08:15:16.943Z - info: Building C:\repos\nus-cs2103\cs2103-website-base\admin\index as some of its dependencies were changed since the last visit
2024-04-10T08:15:20.635Z - info: Site data built
2024-04-10T08:15:20.635Z - info: Lazy website regeneration complete! Total build time: 3.693s
2024-04-10T08:15:28.199Z - info: Building C:\repos\nus-cs2103\cs2103-website-base\admin\tp-deliverables as some of its dependencies were changed since the last visit
2024-04-10T08:15:28.710Z - info: Site data built
2024-04-10T08:15:28.711Z - info: Lazy website regeneration complete! Total build time: 0.511s
2024-04-10T08:17:30.812Z - info: [4:17:30 pm] Reload for file change: C:\repos\nus-cs2103\cs2103-website-base\admin\tp-deliverables-dg-fragment.md
2024-04-10T08:17:30.813Z - info: Synchronizing opened pages list before reload
2024-04-10T08:17:30.814Z - info: Current opened pages, from most-to-least recent:
2024-04-10T08:17:30.815Z - info: 1. admin/tp-deliverables
2024-04-10T08:17:31.834Z - info: Rebuilding 1 pages
2024-04-10T08:17:32.371Z - info: Site data built
2024-04-10T08:17:32.371Z - info: Pages rebuilt
2024-04-10T08:17:32.372Z - info: Website regeneration complete! Total build time: 0.54s
2024-04-10T08:18:04.945Z - info: [4:18:04 pm] Reload for file change: C:\repos\nus-cs2103\cs2103-website-base\admin\tp-deliverables-dg-fragment.md
2024-04-10T08:18:04.945Z - info: Synchronizing opened pages list before reload
2024-04-10T08:18:04.946Z - info: Current opened pages, from most-to-least recent:
2024-04-10T08:18:04.946Z - info: 1. admin/tp-deliverables
2024-04-10T08:18:05.964Z - info: Rebuilding 1 pages
2024-04-10T08:18:06.348Z - info: Site data built
2024-04-10T08:18:06.348Z - info: Pages rebuilt
2024-04-10T08:18:06.348Z - info: Website regeneration complete! Total build time: 0.386s
2024-04-10T12:10:11.629Z - info: Website generation started at 8:10:09 pm
2024-04-10T12:10:18.692Z - info: Building assets...
2024-04-10T12:10:23.794Z - info: Assets built
2024-04-10T12:10:23.794Z - info: Generating pages...
2024-04-10T12:10:48.722Z - debug:  
2024-04-10T12:10:48.723Z - debug:  
2024-04-10T12:10:48.724Z - debug:  
2024-04-10T12:10:48.725Z - debug:  
2024-04-10T12:10:48.726Z - debug:  
2024-04-10T12:10:48.727Z - debug:  
2024-04-10T12:10:48.812Z - debug:  
2024-04-10T12:10:50.087Z - debug:  
2024-04-10T12:10:50.087Z - debug:  
2024-04-10T12:10:50.092Z - debug:  
2024-04-10T12:10:50.092Z - debug:  
2024-04-10T12:10:50.093Z - debug:  
2024-04-10T12:10:50.093Z - debug:  
2024-04-10T12:10:50.093Z - debug:  
2024-04-10T12:10:50.093Z - debug:  
2024-04-10T12:10:54.594Z - debug:  
2024-04-10T12:11:43.616Z - debug:  
2024-04-10T12:12:53.859Z - info: Pages built
2024-04-10T12:12:55.572Z - info: Site data built
2024-04-10T12:12:55.575Z - info: Website generation complete! Total build time: 165.808s
2024-04-10T12:12:55.576Z - info: Build success!
2024-04-10T12:16:06.720Z - info: Website generation started at 8:16:01 pm
2024-04-10T12:16:14.621Z - info: Building assets...
2024-04-10T12:16:20.390Z - info: Assets built
2024-04-10T12:16:20.391Z - info: Generating pages...
2024-04-10T12:16:46.361Z - debug:  
2024-04-10T12:16:46.363Z - debug:  
2024-04-10T12:16:46.363Z - debug:  
2024-04-10T12:16:46.364Z - debug:  
2024-04-10T12:16:46.365Z - debug:  
2024-04-10T12:16:46.366Z - debug:  
2024-04-10T12:16:46.624Z - debug:  
2024-04-10T12:16:46.624Z - debug:  
2024-04-10T12:16:47.931Z - debug:  
2024-04-10T12:16:47.931Z - debug:  
2024-04-10T12:16:47.931Z - debug:  
2024-04-10T12:16:47.935Z - debug:  
2024-04-10T12:16:47.935Z - debug:  
2024-04-10T12:16:47.935Z - debug:  
2024-04-10T12:16:47.935Z - debug:  
2024-04-10T12:16:52.501Z - debug:  
2024-04-10T12:17:26.284Z - debug:  
2024-04-10T12:18:24.517Z - info: Pages built
2024-04-10T12:18:25.388Z - info: Site data built
2024-04-10T12:18:25.389Z - info: Website generation complete! Total build time: 144.232s
2024-04-10T12:18:25.389Z - info: Build success!
2024-04-10T12:20:20.871Z - info: The website has been deployed at: https://nus-tic2002-ay2324s2.github.io/website
