2024-02-20T16:30:12.274Z - info: Website generation started at 12:30:04 am
2024-02-20T16:30:20.389Z - info: Building assets...
2024-02-20T16:30:25.829Z - info: Assets built
2024-02-20T16:30:25.830Z - info: Generating pages...
2024-02-20T16:30:52.214Z - debug:  
2024-02-20T16:30:52.217Z - debug:  
2024-02-20T16:30:52.224Z - debug:  
2024-02-20T16:30:52.226Z - debug:  
2024-02-20T16:30:52.229Z - debug:  
2024-02-20T16:30:52.519Z - debug:  
2024-02-20T16:30:52.582Z - debug:  
2024-02-20T16:30:52.648Z - debug:  
2024-02-20T16:30:52.709Z - debug:  
2024-02-20T16:30:52.709Z - debug:  
2024-02-20T16:30:52.709Z - debug:  
2024-02-20T16:30:54.977Z - debug:  
2024-02-20T16:30:54.977Z - debug:  
2024-02-20T16:30:54.978Z - debug:  
2024-02-20T16:30:54.978Z - debug:  
2024-02-20T16:30:54.978Z - debug:  
2024-02-20T16:30:55.106Z - debug:  
2024-02-20T16:32:54.813Z - debug:  
2024-02-20T16:33:09.980Z - debug:  
2024-02-20T16:33:09.997Z - debug:  
2024-02-20T16:33:22.249Z - info: Pages built
2024-02-20T16:33:23.241Z - info: Site data built
2024-02-20T16:33:23.242Z - info: Website generation complete! Total build time: 198.63s
2024-02-20T16:33:23.242Z - info: Build success!
2024-02-20T16:35:52.296Z - info: The website has been deployed at: https://nus-cs2103-ay2324s2.github.io/website
2024-02-21T11:48:48.702Z - info: Website generation started at 7:48:31 pm
2024-02-21T11:49:00.188Z - info: Building assets...
2024-02-21T11:49:05.577Z - info: Assets built
2024-02-21T11:49:05.578Z - info: Generating pages...
2024-02-21T11:49:26.823Z - debug:  
2024-02-21T11:49:26.824Z - debug:  
2024-02-21T11:49:26.824Z - debug:  
2024-02-21T11:49:26.825Z - debug:  
2024-02-21T11:49:26.826Z - debug:  
2024-02-21T11:49:26.826Z - debug:  
2024-02-21T11:49:26.827Z - debug:  
2024-02-21T11:49:26.827Z - debug:  
2024-02-21T11:49:26.827Z - debug:  
2024-02-21T11:49:26.828Z - debug:  
2024-02-21T11:49:26.829Z - debug:  
2024-02-21T11:49:26.829Z - debug:  
2024-02-21T11:49:26.830Z - debug:  
2024-02-21T11:49:26.874Z - debug:  
2024-02-21T11:49:28.431Z - debug:  
2024-02-21T11:49:32.606Z - debug:  
2024-02-21T11:50:04.304Z - debug:  
2024-02-21T11:51:09.405Z - info: Pages built
2024-02-21T11:51:10.559Z - info: Site data built
2024-02-21T11:51:10.559Z - info: Website generation complete! Total build time: 159.115s
2024-02-21T11:51:10.560Z - info: Build success!
2024-02-21T11:53:01.675Z - info: The website has been deployed at: https://nus-tic2002-ay2324s2.github.io/website
2024-02-21T14:27:33.745Z - info: Website generation started at 10:27:26 pm
2024-02-21T14:27:42.450Z - info: Building assets...
