2024-02-29T07:08:13.961Z - info: Website generation (lazy) started at 3:08:08 pm
2024-02-29T07:08:25.089Z - info: Building assets...
2024-02-29T07:08:30.708Z - info: Assets built
2024-02-29T07:08:30.709Z - info: Generating landing page...
2024-02-29T07:08:32.197Z - info: Landing page built, other pages will be built as you navigate to them!
2024-02-29T07:08:33.250Z - info: Site data built
2024-02-29T07:08:33.250Z - info: Website generation (lazy) complete! Total build time: 25.051s
2024-02-29T07:08:33.740Z - info: Serving "C:\repos\nus-cs2103\cs2103-website-base\_site" at http://127.0.0.1:8080
2024-02-29T07:08:33.740Z - info: Press CTRL+C to stop ...
2024-02-29T07:37:15.976Z - info: Building C:\repos\nus-cs2103\cs2103-website-base\schedule\week6\index as some of its dependencies were changed since the last visit
2024-02-29T07:37:16.743Z - info: Site data built
2024-02-29T07:37:16.744Z - info: Lazy website regeneration complete! Total build time: 0.769s
2024-02-29T07:37:19.027Z - info: Building C:\repos\nus-cs2103\cs2103-website-base\schedule\week6\project as some of its dependencies were changed since the last visit
2024-02-29T07:37:21.084Z - info: Site data built
2024-02-29T07:37:21.085Z - info: Lazy website regeneration complete! Total build time: 2.057s
2024-02-29T07:38:40.706Z - info: [3:38:40 pm] Reload for file change: C:\repos\nus-cs2103\cs2103-website-base\admin\tp-tasks-fragment.md
2024-02-29T07:38:40.707Z - info: Synchronizing opened pages list before reload
2024-02-29T07:38:40.707Z - info: Current opened pages, from most-to-least recent:
2024-02-29T07:38:40.708Z - info: 1. schedule/week6/project
2024-02-29T07:38:41.713Z - info: Rebuilding 1 pages
2024-02-29T07:38:44.064Z - info: Site data built
2024-02-29T07:38:44.065Z - info: Pages rebuilt
2024-02-29T07:38:44.065Z - info: Website regeneration complete! Total build time: 2.353s
2024-02-29T07:39:32.424Z - info: [3:39:32 pm] Reload for file change: C:\repos\nus-cs2103\cs2103-website-base\admin\tp-tasks-fragment.md
2024-02-29T07:39:32.425Z - info: Synchronizing opened pages list before reload
2024-02-29T07:39:32.425Z - info: Current opened pages, from most-to-least recent:
2024-02-29T07:39:32.426Z - info: 1. schedule/week6/project
2024-02-29T07:39:33.435Z - info: Rebuilding 1 pages
2024-02-29T07:39:35.732Z - info: Site data built
2024-02-29T07:39:35.732Z - info: Pages rebuilt
2024-02-29T07:39:35.732Z - info: Website regeneration complete! Total build time: 2.298s
2024-02-29T07:41:49.026Z - info: [3:41:49 pm] Reload for file change: C:\repos\nus-cs2103\cs2103-website-base\admin\tp-tasks-fragment.md
2024-02-29T07:41:49.027Z - info: Synchronizing opened pages list before reload
2024-02-29T07:41:49.027Z - info: Current opened pages, from most-to-least recent:
2024-02-29T07:41:49.027Z - info: 1. schedule/week6/project
2024-02-29T07:41:50.038Z - info: Rebuilding 1 pages
2024-02-29T07:41:51.808Z - info: Site data built
2024-02-29T07:41:51.809Z - info: Pages rebuilt
2024-02-29T07:41:51.809Z - info: Website regeneration complete! Total build time: 1.771s
2024-02-29T07:43:37.568Z - info: [3:43:37 pm] Reload for file change: C:\repos\nus-cs2103\cs2103-website-base\admin\tp-tasks-fragment.md
2024-02-29T07:43:37.568Z - info: Synchronizing opened pages list before reload
2024-02-29T07:43:37.569Z - info: Current opened pages, from most-to-least recent:
2024-02-29T07:43:37.569Z - info: 1. schedule/week6/project
2024-02-29T07:43:38.572Z - info: Rebuilding 1 pages
2024-02-29T07:43:40.382Z - info: Site data built
2024-02-29T07:43:40.382Z - info: Pages rebuilt
2024-02-29T07:43:40.382Z - info: Website regeneration complete! Total build time: 1.811s
2024-02-29T07:46:02.782Z - info: [3:46:02 pm] Reload for file change: C:\repos\nus-cs2103\cs2103-website-base\admin\tp-tasks-fragment.md
2024-02-29T07:46:02.782Z - info: Synchronizing opened pages list before reload
2024-02-29T07:46:02.782Z - info: Current opened pages, from most-to-least recent:
2024-02-29T07:46:02.782Z - info: 1. schedule/week6/project
2024-02-29T07:46:03.791Z - info: Rebuilding 1 pages
2024-02-29T07:46:05.519Z - info: Site data built
2024-02-29T07:46:05.519Z - info: Pages rebuilt
2024-02-29T07:46:05.519Z - info: Website regeneration complete! Total build time: 1.729s
2024-02-29T07:46:58.668Z - info: [3:46:58 pm] Reload for file change: C:\repos\nus-cs2103\cs2103-website-base\admin\tp-tasks-fragment.md
2024-02-29T07:46:58.668Z - info: Synchronizing opened pages list before reload
2024-02-29T07:46:58.669Z - info: Current opened pages, from most-to-least recent:
2024-02-29T07:46:58.669Z - info: 1. schedule/week6/project
2024-02-29T07:46:59.678Z - info: Rebuilding 1 pages
2024-02-29T07:47:01.437Z - info: Site data built
2024-02-29T07:47:01.438Z - info: Pages rebuilt
2024-02-29T07:47:01.438Z - info: Website regeneration complete! Total build time: 1.762s
2024-02-29T07:47:21.206Z - info: [3:47:21 pm] Reload for file change: C:\repos\nus-cs2103\cs2103-website-base\admin\tp-tasks-fragment.md
2024-02-29T07:47:21.206Z - info: Synchronizing opened pages list before reload
2024-02-29T07:47:21.206Z - info: Current opened pages, from most-to-least recent:
2024-02-29T07:47:21.207Z - info: 1. schedule/week6/project
2024-02-29T07:47:22.216Z - info: Rebuilding 1 pages
2024-02-29T07:47:24.058Z - info: Site data built
2024-02-29T07:47:24.059Z - info: Pages rebuilt
2024-02-29T07:47:24.059Z - info: Website regeneration complete! Total build time: 1.844s
2024-02-29T07:48:00.802Z - info: [3:48:00 pm] Reload for file change: C:\repos\nus-cs2103\cs2103-website-base\admin\tp-tasks-fragment.md
2024-02-29T07:48:00.803Z - info: Synchronizing opened pages list before reload
2024-02-29T07:48:00.803Z - info: Current opened pages, from most-to-least recent:
2024-02-29T07:48:00.803Z - info: 1. schedule/week6/project
2024-02-29T07:48:01.819Z - info: Rebuilding 1 pages
2024-02-29T07:48:03.978Z - info: Site data built
2024-02-29T07:48:03.979Z - info: Pages rebuilt
2024-02-29T07:48:03.979Z - info: Website regeneration complete! Total build time: 2.16s
2024-02-29T07:48:10.710Z - info: [3:48:10 pm] Reload for file change: C:\repos\nus-cs2103\cs2103-website-base\admin\tp-tasks-fragment.md
2024-02-29T07:48:10.711Z - info: Synchronizing opened pages list before reload
2024-02-29T07:48:10.711Z - info: Current opened pages, from most-to-least recent:
2024-02-29T07:48:10.711Z - info: 1. schedule/week6/project
2024-02-29T07:48:11.730Z - info: Rebuilding 1 pages
2024-02-29T07:48:13.666Z - info: Site data built
2024-02-29T07:48:13.666Z - info: Pages rebuilt
2024-02-29T07:48:13.666Z - info: Website regeneration complete! Total build time: 1.936s
2024-02-29T07:49:45.339Z - info: [3:49:45 pm] Reload for file change: C:\repos\nus-cs2103\cs2103-website-base\admin\tp-tasks-fragment.md
2024-02-29T07:49:45.339Z - info: Synchronizing opened pages list before reload
2024-02-29T07:49:45.340Z - info: Current opened pages, from most-to-least recent:
2024-02-29T07:49:45.340Z - info: 1. schedule/week6/project
2024-02-29T07:49:46.352Z - info: Rebuilding 1 pages
2024-02-29T07:49:48.362Z - info: Site data built
2024-02-29T07:49:48.362Z - info: Pages rebuilt
2024-02-29T07:49:48.362Z - info: Website regeneration complete! Total build time: 2.012s
2024-02-29T07:51:55.705Z - info: [3:51:55 pm] Reload for file change: C:\repos\nus-cs2103\cs2103-website-base\admin\tp-tasks-fragment.md
2024-02-29T07:51:55.706Z - info: Synchronizing opened pages list before reload
2024-02-29T07:51:55.706Z - info: Current opened pages, from most-to-least recent:
2024-02-29T07:51:55.706Z - info: 1. schedule/week6/project
2024-02-29T07:51:56.725Z - info: Rebuilding 1 pages
2024-02-29T07:51:58.461Z - info: Site data built
2024-02-29T07:51:58.461Z - info: Pages rebuilt
2024-02-29T07:51:58.461Z - info: Website regeneration complete! Total build time: 1.737s
2024-02-29T07:52:04.821Z - info: [3:52:04 pm] Reload for file change: C:\repos\nus-cs2103\cs2103-website-base\admin\tp-tasks-fragment.md
2024-02-29T07:52:04.822Z - info: Synchronizing opened pages list before reload
2024-02-29T07:52:04.822Z - info: Current opened pages, from most-to-least recent:
2024-02-29T07:52:04.822Z - info: 1. schedule/week6/project
2024-02-29T07:52:05.834Z - info: Rebuilding 1 pages
2024-02-29T07:52:07.318Z - info: Site data built
2024-02-29T07:52:07.318Z - info: Pages rebuilt
2024-02-29T07:52:07.318Z - info: Website regeneration complete! Total build time: 1.486s
2024-02-29T07:53:04.378Z - info: [3:53:04 pm] Reload for file change: C:\repos\nus-cs2103\cs2103-website-base\admin\tp-tasks-fragment.md
2024-02-29T07:53:04.379Z - info: Synchronizing opened pages list before reload
2024-02-29T07:53:04.379Z - info: Current opened pages, from most-to-least recent:
2024-02-29T07:53:04.379Z - info: 1. schedule/week6/project
2024-02-29T07:53:05.385Z - info: Rebuilding 1 pages
2024-02-29T07:53:07.098Z - info: Site data built
2024-02-29T07:53:07.099Z - info: Pages rebuilt
2024-02-29T07:53:07.099Z - info: Website regeneration complete! Total build time: 1.715s
2024-02-29T07:53:30.430Z - info: [3:53:30 pm] Reload for file change: C:\repos\nus-cs2103\cs2103-website-base\admin\tp-tasks-fragment.md
2024-02-29T07:53:30.430Z - info: Synchronizing opened pages list before reload
2024-02-29T07:53:30.431Z - info: Current opened pages, from most-to-least recent:
2024-02-29T07:53:30.431Z - info: 1. schedule/week6/project
2024-02-29T07:53:31.434Z - info: Rebuilding 1 pages
2024-02-29T07:53:33.191Z - info: Site data built
2024-02-29T07:53:33.192Z - info: Pages rebuilt
2024-02-29T07:53:33.192Z - info: Website regeneration complete! Total build time: 1.759s
2024-02-29T07:54:08.361Z - info: [3:54:08 pm] Reload for file change: C:\repos\nus-cs2103\cs2103-website-base\admin\tp-tasks-fragment.md
2024-02-29T07:54:08.361Z - info: Synchronizing opened pages list before reload
2024-02-29T07:54:08.361Z - info: Current opened pages, from most-to-least recent:
2024-02-29T07:54:08.361Z - info: 1. schedule/week6/project
2024-02-29T07:54:09.375Z - info: Rebuilding 1 pages
2024-02-29T07:54:11.218Z - info: Site data built
2024-02-29T07:54:11.218Z - info: Pages rebuilt
2024-02-29T07:54:11.218Z - info: Website regeneration complete! Total build time: 1.844s
2024-02-29T07:54:57.021Z - info: [3:54:57 pm] Reload for file change: C:\repos\nus-cs2103\cs2103-website-base\admin\tp-tasks-fragment.md
2024-02-29T07:54:57.022Z - info: Synchronizing opened pages list before reload
2024-02-29T07:54:57.022Z - info: Current opened pages, from most-to-least recent:
2024-02-29T07:54:57.022Z - info: 1. schedule/week6/project
2024-02-29T07:54:58.033Z - info: Rebuilding 1 pages
2024-02-29T07:54:59.837Z - info: Site data built
2024-02-29T07:54:59.838Z - info: Pages rebuilt
2024-02-29T07:54:59.838Z - info: Website regeneration complete! Total build time: 1.806s
2024-02-29T07:55:33.125Z - info: [3:55:33 pm] Reload for file change: C:\repos\nus-cs2103\cs2103-website-base\admin\tp-tasks-fragment.md
2024-02-29T07:55:33.126Z - info: Synchronizing opened pages list before reload
2024-02-29T07:55:33.127Z - info: Current opened pages, from most-to-least recent:
2024-02-29T07:55:33.127Z - info: 1. schedule/week6/project
2024-02-29T07:55:34.131Z - info: Rebuilding 1 pages
2024-02-29T07:55:35.895Z - info: Site data built
2024-02-29T07:55:35.896Z - info: Pages rebuilt
2024-02-29T07:55:35.896Z - info: Website regeneration complete! Total build time: 1.766s
2024-02-29T08:01:20.548Z - info: [4:01:20 pm] Reload for file change: C:\repos\nus-cs2103\cs2103-website-base\admin\tp-tasks-fragment.md
2024-02-29T08:01:20.548Z - info: Synchronizing opened pages list before reload
2024-02-29T08:01:20.548Z - info: Current opened pages, from most-to-least recent:
2024-02-29T08:01:20.548Z - info: 1. schedule/week6/project
2024-02-29T08:01:21.555Z - info: Rebuilding 1 pages
2024-02-29T08:01:23.661Z - info: Site data built
2024-02-29T08:01:23.662Z - info: Pages rebuilt
2024-02-29T08:01:23.662Z - info: Website regeneration complete! Total build time: 2.11s
2024-02-29T08:02:38.522Z - info: [4:02:38 pm] Reload for file change: C:\repos\nus-cs2103\cs2103-website-base\admin\tp-tasks-fragment.md
2024-02-29T08:02:38.522Z - info: Synchronizing opened pages list before reload
2024-02-29T08:02:38.522Z - info: Current opened pages, from most-to-least recent:
2024-02-29T08:02:38.523Z - info: 1. schedule/week6/project
2024-02-29T08:02:39.537Z - info: Rebuilding 1 pages
2024-02-29T08:02:41.315Z - info: Site data built
2024-02-29T08:02:41.316Z - info: Pages rebuilt
2024-02-29T08:02:41.316Z - info: Website regeneration complete! Total build time: 1.779s
2024-02-29T08:03:47.978Z - info: [4:03:47 pm] Reload for file change: C:\repos\nus-cs2103\cs2103-website-base\admin\tp-tasks-fragment.md
2024-02-29T08:03:47.978Z - info: Synchronizing opened pages list before reload
2024-02-29T08:03:47.979Z - info: Current opened pages, from most-to-least recent:
2024-02-29T08:03:47.979Z - info: 1. schedule/week6/project
2024-02-29T08:03:48.989Z - info: Rebuilding 1 pages
2024-02-29T08:03:50.805Z - info: Site data built
2024-02-29T08:03:50.805Z - info: Pages rebuilt
2024-02-29T08:03:50.806Z - info: Website regeneration complete! Total build time: 1.817s
2024-02-29T08:04:39.436Z - info: [4:04:39 pm] Reload for file change: C:\repos\nus-cs2103\cs2103-website-base\admin\tp-tasks-fragment.md
2024-02-29T08:04:39.437Z - info: Synchronizing opened pages list before reload
2024-02-29T08:04:39.437Z - info: Current opened pages, from most-to-least recent:
2024-02-29T08:04:39.437Z - info: 1. schedule/week6/project
2024-02-29T08:04:40.452Z - info: Rebuilding 1 pages
2024-02-29T08:04:42.268Z - info: Site data built
2024-02-29T08:04:42.268Z - info: Pages rebuilt
2024-02-29T08:04:42.268Z - info: Website regeneration complete! Total build time: 1.817s
2024-02-29T08:06:29.961Z - info: [4:06:29 pm] Reload for file change: C:\repos\nus-cs2103\cs2103-website-base\admin\tp-tasks-fragment.md
2024-02-29T08:06:29.961Z - info: Synchronizing opened pages list before reload
2024-02-29T08:06:29.961Z - info: Current opened pages, from most-to-least recent:
2024-02-29T08:06:29.962Z - info: 1. schedule/week6/project
2024-02-29T08:06:30.971Z - info: Rebuilding 1 pages
2024-02-29T08:06:32.800Z - info: Site data built
2024-02-29T08:06:32.800Z - info: Pages rebuilt
2024-02-29T08:06:32.801Z - info: Website regeneration complete! Total build time: 1.83s
2024-02-29T08:07:47.763Z - info: [4:07:47 pm] Reload for file change: C:\repos\nus-cs2103\cs2103-website-base\admin\tp-tasks-fragment.md
2024-02-29T08:07:47.763Z - info: Synchronizing opened pages list before reload
2024-02-29T08:07:47.764Z - info: Current opened pages, from most-to-least recent:
2024-02-29T08:07:47.764Z - info: 1. schedule/week6/project
2024-02-29T08:07:48.778Z - info: Rebuilding 1 pages
2024-02-29T08:07:50.535Z - info: Site data built
2024-02-29T08:07:50.535Z - info: Pages rebuilt
2024-02-29T08:07:50.536Z - info: Website regeneration complete! Total build time: 1.76s
2024-02-29T08:12:53.330Z - info: [4:12:53 pm] Reload for file change: C:\repos\nus-cs2103\cs2103-website-base\admin\tp-tasks-fragment.md
2024-02-29T08:12:53.331Z - info: Synchronizing opened pages list before reload
2024-02-29T08:12:53.331Z - info: Current opened pages, from most-to-least recent:
2024-02-29T08:12:53.332Z - info: 1. schedule/week6/project
2024-02-29T08:12:54.343Z - info: Rebuilding 1 pages
2024-02-29T08:12:56.274Z - info: Site data built
2024-02-29T08:12:56.274Z - info: Pages rebuilt
2024-02-29T08:12:56.274Z - info: Website regeneration complete! Total build time: 1.932s
2024-02-29T08:13:05.080Z - info: [4:13:05 pm] Reload for file change: C:\repos\nus-cs2103\cs2103-website-base\admin\tp-tasks-fragment.md
2024-02-29T08:13:05.080Z - info: Synchronizing opened pages list before reload
2024-02-29T08:13:05.080Z - info: Current opened pages, from most-to-least recent:
2024-02-29T08:13:05.081Z - info: 1. schedule/week6/project
2024-02-29T08:13:06.097Z - info: Rebuilding 1 pages
2024-02-29T08:13:07.661Z - info: Site data built
2024-02-29T08:13:07.661Z - info: Pages rebuilt
2024-02-29T08:13:07.661Z - info: Website regeneration complete! Total build time: 1.565s
2024-02-29T08:13:29.378Z - info: [4:13:29 pm] Reload for file change: C:\repos\nus-cs2103\cs2103-website-base\admin\tp-tasks-fragment.md
2024-02-29T08:13:29.379Z - info: Synchronizing opened pages list before reload
2024-02-29T08:13:29.379Z - info: Current opened pages, from most-to-least recent:
2024-02-29T08:13:29.379Z - info: 1. schedule/week6/project
2024-02-29T08:13:30.392Z - info: Rebuilding 1 pages
2024-02-29T08:13:32.096Z - info: Site data built
2024-02-29T08:13:32.096Z - info: Pages rebuilt
2024-02-29T08:13:32.096Z - info: Website regeneration complete! Total build time: 1.706s
2024-02-29T08:13:54.725Z - info: [4:13:54 pm] Reload for file change: C:\repos\nus-cs2103\cs2103-website-base\admin\tp-tasks-fragment.md
2024-02-29T08:13:54.725Z - info: Synchronizing opened pages list before reload
2024-02-29T08:13:54.725Z - info: Current opened pages, from most-to-least recent:
2024-02-29T08:13:54.726Z - info: 1. schedule/week6/project
2024-02-29T08:13:55.743Z - info: Rebuilding 1 pages
2024-02-29T08:13:57.420Z - info: Site data built
2024-02-29T08:13:57.420Z - info: Pages rebuilt
2024-02-29T08:13:57.421Z - info: Website regeneration complete! Total build time: 1.679s
2024-02-29T08:14:32.244Z - info: [4:14:32 pm] Reload for file change: C:\repos\nus-cs2103\cs2103-website-base\admin\tp-tasks-fragment.md
2024-02-29T08:14:32.245Z - info: Synchronizing opened pages list before reload
2024-02-29T08:14:32.245Z - info: Current opened pages, from most-to-least recent:
2024-02-29T08:14:32.245Z - info: 1. schedule/week6/project
2024-02-29T08:14:33.255Z - info: Rebuilding 1 pages
2024-02-29T08:14:34.986Z - info: Site data built
2024-02-29T08:14:34.987Z - info: Pages rebuilt
2024-02-29T08:14:34.987Z - info: Website regeneration complete! Total build time: 1.733s
2024-02-29T08:14:46.920Z - info: [4:14:46 pm] Reload for file change: C:\repos\nus-cs2103\cs2103-website-base\admin\tp-tasks-fragment.md
2024-02-29T08:14:46.921Z - info: Synchronizing opened pages list before reload
2024-02-29T08:14:46.921Z - info: Current opened pages, from most-to-least recent:
2024-02-29T08:14:46.921Z - info: 1. schedule/week6/project
2024-02-29T08:14:47.929Z - info: Rebuilding 1 pages
2024-02-29T08:14:49.492Z - info: Site data built
2024-02-29T08:14:49.493Z - info: Pages rebuilt
2024-02-29T08:14:49.493Z - info: Website regeneration complete! Total build time: 1.565s
2024-02-29T08:15:00.148Z - info: [4:15:00 pm] Reload for file change: C:\repos\nus-cs2103\cs2103-website-base\admin\tp-tasks-fragment.md
2024-02-29T08:15:00.148Z - info: Synchronizing opened pages list before reload
2024-02-29T08:15:00.148Z - info: Current opened pages, from most-to-least recent:
2024-02-29T08:15:00.149Z - info: 1. schedule/week6/project
2024-02-29T08:15:01.161Z - info: Rebuilding 1 pages
2024-02-29T08:15:02.947Z - info: Site data built
2024-02-29T08:15:02.947Z - info: Pages rebuilt
2024-02-29T08:15:02.948Z - info: Website regeneration complete! Total build time: 1.789s
2024-02-29T08:16:37.405Z - info: [4:16:37 pm] Reload for file change: C:\repos\nus-cs2103\cs2103-website-base\admin\tp-tasks-fragment.md
2024-02-29T08:16:37.406Z - info: Synchronizing opened pages list before reload
2024-02-29T08:16:37.406Z - info: Current opened pages, from most-to-least recent:
2024-02-29T08:16:37.406Z - info: 1. schedule/week6/project
2024-02-29T08:16:38.423Z - info: Rebuilding 1 pages
2024-02-29T08:16:40.160Z - info: Site data built
2024-02-29T08:16:40.160Z - info: Pages rebuilt
2024-02-29T08:16:40.160Z - info: Website regeneration complete! Total build time: 1.738s
2024-02-29T08:18:10.539Z - info: [4:18:10 pm] Reload for file change: C:\repos\nus-cs2103\cs2103-website-base\admin\tp-tasks-fragment.md
2024-02-29T08:18:10.540Z - info: Synchronizing opened pages list before reload
2024-02-29T08:18:10.540Z - info: Current opened pages, from most-to-least recent:
2024-02-29T08:18:10.540Z - info: 1. schedule/week6/project
2024-02-29T08:18:11.555Z - info: Rebuilding 1 pages
2024-02-29T08:18:13.344Z - info: Site data built
2024-02-29T08:18:13.345Z - info: Pages rebuilt
2024-02-29T08:18:13.345Z - info: Website regeneration complete! Total build time: 1.791s
2024-02-29T09:55:10.694Z - info: Website generation started at 5:55:08 pm
2024-02-29T09:55:19.492Z - info: Building assets...
2024-02-29T09:55:24.019Z - info: Assets built
2024-02-29T09:55:24.020Z - info: Generating pages...
2024-02-29T09:55:46.768Z - debug:  
2024-02-29T09:55:46.929Z - debug:  
2024-02-29T09:55:46.930Z - debug:  
2024-02-29T09:55:46.939Z - debug:  
2024-02-29T09:55:46.989Z - debug:  
2024-02-29T09:55:47.045Z - debug:  
2024-02-29T09:55:47.101Z - debug:  
2024-02-29T09:55:47.101Z - debug:  
2024-02-29T09:55:47.128Z - debug:  
2024-02-29T09:55:47.137Z - debug:  
2024-02-29T09:55:47.144Z - debug:  
2024-02-29T09:55:49.488Z - debug:  
2024-02-29T09:55:49.488Z - debug:  
2024-02-29T09:55:49.488Z - debug:  
2024-02-29T09:55:49.488Z - debug:  
2024-02-29T09:55:49.489Z - debug:  
2024-02-29T09:55:49.489Z - debug:  
2024-02-29T09:57:43.846Z - debug:  
2024-02-29T09:58:03.347Z - debug:  
2024-02-29T09:58:03.432Z - debug:  
2024-02-29T09:58:13.733Z - info: Pages built
2024-02-29T09:58:14.690Z - info: Site data built
2024-02-29T09:58:14.690Z - info: Website generation complete! Total build time: 185.741s
2024-02-29T09:58:14.691Z - info: Build success!
2024-02-29T10:00:24.869Z - info: The website has been deployed at: https://nus-cs2103-ay2324s2.github.io/website
2024-02-29T14:31:07.411Z - info: Website generation (lazy) started at 10:31:02 pm
2024-02-29T14:31:13.738Z - info: Building assets...
2024-02-29T14:31:17.867Z - info: Assets built
2024-02-29T14:31:17.868Z - info: Generating landing page...
2024-02-29T14:31:18.939Z - info: Landing page built, other pages will be built as you navigate to them!
2024-02-29T14:31:19.511Z - info: Site data built
2024-02-29T14:31:19.511Z - info: Website generation (lazy) complete! Total build time: 17.068s
2024-02-29T14:31:19.872Z - info: Serving "C:\repos\nus-cs2103\cs2103-website-base\_site" at http://127.0.0.1:8080
2024-02-29T14:31:19.872Z - info: Press CTRL+C to stop ...
2024-02-29T14:31:22.384Z - info: Building C:\repos\nus-cs2103\cs2103-website-base\admin\mid-semester-survey-results as some of its dependencies were changed since the last visit
2024-02-29T14:31:25.906Z - info: Site data built
2024-02-29T14:31:25.906Z - info: Lazy website regeneration complete! Total build time: 3.522s
2024-02-29T14:32:44.589Z - info: [10:32:44 pm] Reload for file change: C:\repos\nus-cs2103\cs2103-website-base\_course-CS2103\mid-semester-survey-results.md
2024-02-29T14:32:44.590Z - info: Synchronizing opened pages list before reload
2024-02-29T14:32:44.590Z - info: Current opened pages, from most-to-least recent:
2024-02-29T14:32:44.590Z - info: 1. admin/mid-semester-survey-results
2024-02-29T14:32:45.605Z - info: Rebuilding 1 pages
2024-02-29T14:32:45.737Z - info: Site data built
2024-02-29T14:32:45.737Z - info: Pages rebuilt
2024-02-29T14:32:45.738Z - info: Website regeneration complete! Total build time: 0.136s
2024-02-29T14:43:47.901Z - info: [10:43:47 pm] Reload for file change: C:\repos\nus-cs2103\cs2103-website-base\_course-CS2103\mid-semester-survey-results.md
2024-02-29T14:43:47.901Z - info: Synchronizing opened pages list before reload
2024-02-29T14:43:47.902Z - info: Current opened pages, from most-to-least recent:
2024-02-29T14:43:47.902Z - info: 1. admin/mid-semester-survey-results
2024-02-29T14:43:48.912Z - info: Rebuilding 1 pages
2024-02-29T14:43:49.061Z - info: Site data built
2024-02-29T14:43:49.061Z - info: Pages rebuilt
2024-02-29T14:43:49.061Z - info: Website regeneration complete! Total build time: 0.151s
2024-02-29T14:44:41.682Z - info: [10:44:41 pm] Reload for file change: C:\repos\nus-cs2103\cs2103-website-base\_course-CS2103\mid-semester-survey-results.md
2024-02-29T14:44:41.682Z - info: Synchronizing opened pages list before reload
2024-02-29T14:44:41.682Z - info: Current opened pages, from most-to-least recent:
2024-02-29T14:44:41.682Z - info: 1. admin/mid-semester-survey-results
2024-02-29T14:44:42.684Z - info: Rebuilding 1 pages
2024-02-29T14:44:42.791Z - info: Site data built
2024-02-29T14:44:42.791Z - info: Pages rebuilt
2024-02-29T14:44:42.791Z - info: Website regeneration complete! Total build time: 0.107s
2024-02-29T14:46:34.388Z - info: [10:46:34 pm] Reload for file change: C:\repos\nus-cs2103\cs2103-website-base\_course-CS2103\mid-semester-survey-results.md
2024-02-29T14:46:34.388Z - info: Synchronizing opened pages list before reload
2024-02-29T14:46:34.388Z - info: Current opened pages, from most-to-least recent:
2024-02-29T14:46:34.388Z - info: 1. admin/mid-semester-survey-results
2024-02-29T14:46:35.402Z - info: Rebuilding 1 pages
2024-02-29T14:46:35.538Z - info: Site data built
2024-02-29T14:46:35.538Z - info: Pages rebuilt
2024-02-29T14:46:35.538Z - info: Website regeneration complete! Total build time: 0.137s
2024-02-29T14:49:56.786Z - info: [10:49:56 pm] Reload for file change: C:\repos\nus-cs2103\cs2103-website-base\_course-CS2103\mid-semester-survey-results.md
2024-02-29T14:49:56.786Z - info: Synchronizing opened pages list before reload
2024-02-29T14:49:56.787Z - info: Current opened pages, from most-to-least recent:
2024-02-29T14:49:56.787Z - info: 1. admin/mid-semester-survey-results
2024-02-29T14:49:57.789Z - info: Rebuilding 1 pages
2024-02-29T14:49:57.941Z - info: Site data built
2024-02-29T14:49:57.941Z - info: Pages rebuilt
2024-02-29T14:49:57.941Z - info: Website regeneration complete! Total build time: 0.153s
2024-02-29T14:51:38.946Z - info: [10:51:38 pm] Reload for file change: C:\repos\nus-cs2103\cs2103-website-base\_course-CS2103\mid-semester-survey-results.md
2024-02-29T14:51:38.946Z - info: Synchronizing opened pages list before reload
2024-02-29T14:51:38.946Z - info: Current opened pages, from most-to-least recent:
2024-02-29T14:51:38.946Z - info: 1. admin/mid-semester-survey-results
2024-02-29T14:51:39.947Z - info: Rebuilding 1 pages
2024-02-29T14:51:40.087Z - info: Site data built
2024-02-29T14:51:40.088Z - info: Pages rebuilt
2024-02-29T14:51:40.088Z - info: Website regeneration complete! Total build time: 0.142s
2024-02-29T14:53:23.735Z - info: [10:53:23 pm] Reload for file change: C:\repos\nus-cs2103\cs2103-website-base\_course-CS2103\mid-semester-survey-results.md
2024-02-29T14:53:23.735Z - info: Synchronizing opened pages list before reload
2024-02-29T14:53:23.735Z - info: Current opened pages, from most-to-least recent:
2024-02-29T14:53:23.735Z - info: 1. admin/mid-semester-survey-results
2024-02-29T14:53:24.752Z - info: Rebuilding 1 pages
2024-02-29T14:53:24.904Z - info: Site data built
2024-02-29T14:53:24.904Z - info: Pages rebuilt
2024-02-29T14:53:24.904Z - info: Website regeneration complete! Total build time: 0.154s
2024-02-29T14:56:12.966Z - info: [10:56:12 pm] Reload for file change: C:\repos\nus-cs2103\cs2103-website-base\_course-CS2103\mid-semester-survey-results.md
2024-02-29T14:56:12.966Z - info: Synchronizing opened pages list before reload
2024-02-29T14:56:12.966Z - info: Current opened pages, from most-to-least recent:
2024-02-29T14:56:12.966Z - info: 1. admin/mid-semester-survey-results
2024-02-29T14:56:13.973Z - info: Rebuilding 1 pages
2024-02-29T14:56:14.111Z - info: Site data built
2024-02-29T14:56:14.111Z - info: Pages rebuilt
2024-02-29T14:56:14.111Z - info: Website regeneration complete! Total build time: 0.14s
2024-02-29T14:57:41.990Z - info: [10:57:41 pm] Reload for file change: C:\repos\nus-cs2103\cs2103-website-base\_course-CS2103\mid-semester-survey-results.md
2024-02-29T14:57:41.990Z - info: Synchronizing opened pages list before reload
2024-02-29T14:57:41.990Z - info: Current opened pages, from most-to-least recent:
2024-02-29T14:57:41.990Z - info: 1. admin/mid-semester-survey-results
2024-02-29T14:57:42.999Z - info: Rebuilding 1 pages
2024-02-29T14:57:43.104Z - info: Site data built
2024-02-29T14:57:43.105Z - info: Pages rebuilt
2024-02-29T14:57:43.105Z - info: Website regeneration complete! Total build time: 0.106s
2024-02-29T15:08:25.763Z - info: [11:08:25 pm] Reload for file change: C:\repos\nus-cs2103\cs2103-website-base\_course-CS2103\mid-semester-survey-results.md
2024-02-29T15:08:25.763Z - info: Synchronizing opened pages list before reload
2024-02-29T15:08:25.763Z - info: Current opened pages, from most-to-least recent:
2024-02-29T15:08:25.764Z - info: 1. admin/mid-semester-survey-results
2024-02-29T15:08:26.768Z - info: Rebuilding 1 pages
2024-02-29T15:08:26.960Z - info: Site data built
2024-02-29T15:08:26.960Z - info: Pages rebuilt
2024-02-29T15:08:26.960Z - info: Website regeneration complete! Total build time: 0.194s
2024-02-29T15:39:45.636Z - info: [11:39:45 pm] Reload for file change: C:\repos\nus-cs2103\cs2103-website-base\_course-CS2103\mid-semester-survey-results.md
2024-02-29T15:39:45.636Z - info: Synchronizing opened pages list before reload
2024-02-29T15:39:45.636Z - info: Current opened pages, from most-to-least recent:
2024-02-29T15:39:45.636Z - info: 1. admin/mid-semester-survey-results
2024-02-29T15:39:46.642Z - info: Rebuilding 1 pages
2024-02-29T15:39:46.793Z - info: Site data built
2024-02-29T15:39:46.793Z - info: Pages rebuilt
2024-02-29T15:39:46.793Z - info: Website regeneration complete! Total build time: 0.154s
2024-02-29T15:42:41.755Z - info: [11:42:41 pm] Reload for file change: C:\repos\nus-cs2103\cs2103-website-base\_course-CS2103\mid-semester-survey-results.md
2024-02-29T15:42:41.756Z - info: Synchronizing opened pages list before reload
2024-02-29T15:42:41.756Z - info: Current opened pages, from most-to-least recent:
2024-02-29T15:42:41.756Z - info: 1. admin/mid-semester-survey-results
2024-02-29T15:42:42.763Z - info: Rebuilding 1 pages
2024-02-29T15:42:42.892Z - info: Site data built
2024-02-29T15:42:42.892Z - info: Pages rebuilt
2024-02-29T15:42:42.892Z - info: Website regeneration complete! Total build time: 0.13s
