2024-04-30T11:01:42.280Z - info: Website generation (lazy) started at 7:01:36 pm
2024-04-30T11:01:50.348Z - info: Building assets...
2024-04-30T11:01:56.255Z - info: Assets built
2024-04-30T11:01:56.256Z - info: Generating landing page...
2024-04-30T11:01:57.403Z - info: Landing page built, other pages will be built as you navigate to them!
2024-04-30T11:01:58.992Z - info: Site data built
2024-04-30T11:01:58.993Z - info: Website generation (lazy) complete! Total build time: 22.595s
2024-04-30T11:01:59.034Z - info: Serving "C:\repos\nus-cs2103\cs2103-website-base\_site" at http://127.0.0.1:8080
2024-04-30T11:01:59.034Z - info: Press CTRL+C to stop ...
2024-04-30T11:02:24.162Z - info: Building C:\repos\nus-cs2103\cs2103-website-base\schedule\week4\index as some of its dependencies were changed since the last visit
2024-04-30T11:02:25.474Z - info: Site data built
2024-04-30T11:02:25.474Z - info: Lazy website regeneration complete! Total build time: 1.312s
2024-04-30T11:02:33.194Z - info: Building C:\repos\nus-cs2103\cs2103-website-base\schedule\week4\project as some of its dependencies were changed since the last visit
2024-04-30T11:02:35.997Z - info: Site data built
2024-04-30T11:02:35.997Z - info: Lazy website regeneration complete! Total build time: 2.803s
2024-04-30T11:05:18.244Z - info: [7:05:18 pm] Reload for file change: C:\repos\nus-cs2103\cs2103-website-base\admin\common-tutorials-fragment.md
2024-04-30T11:05:18.245Z - info: Synchronizing opened pages list before reload
2024-04-30T11:05:18.246Z - info: Current opened pages, from most-to-least recent:
2024-04-30T11:05:18.246Z - info: 1. schedule/week4/project
2024-04-30T11:05:19.263Z - info: Rebuilding 1 pages
2024-04-30T11:05:21.758Z - info: Site data built
2024-04-30T11:05:21.759Z - info: Pages rebuilt
2024-04-30T11:05:21.759Z - info: Website regeneration complete! Total build time: 2.496s
2024-04-30T11:07:49.137Z - info: [7:07:49 pm] Reload for file change: C:\repos\nus-cs2103\cs2103-website-base\admin\common-tutorials-fragment.md
2024-04-30T11:07:49.138Z - info: Synchronizing opened pages list before reload
2024-04-30T11:07:49.140Z - info: Current opened pages, from most-to-least recent:
2024-04-30T11:07:49.140Z - info: 1. schedule/week4/project
2024-04-30T11:07:50.153Z - info: Rebuilding 1 pages
2024-04-30T11:07:52.562Z - info: Site data built
2024-04-30T11:07:52.563Z - info: Pages rebuilt
2024-04-30T11:07:52.563Z - info: Website regeneration complete! Total build time: 2.41s
2024-04-30T11:08:10.744Z - info: [7:08:10 pm] Reload for file change: C:\repos\nus-cs2103\cs2103-website-base\admin\common-tutorials-fragment.md
2024-04-30T11:08:10.745Z - info: Synchronizing opened pages list before reload
2024-04-30T11:08:10.745Z - info: Current opened pages, from most-to-least recent:
2024-04-30T11:08:10.745Z - info: 1. schedule/week4/project
2024-04-30T11:08:11.767Z - info: Rebuilding 1 pages
2024-04-30T11:08:14.073Z - info: Site data built
2024-04-30T11:08:14.073Z - info: Pages rebuilt
2024-04-30T11:08:14.073Z - info: Website regeneration complete! Total build time: 2.307s
2024-04-30T11:09:10.227Z - info: [7:09:10 pm] Reload for file change: C:\repos\nus-cs2103\cs2103-website-base\admin\common-tutorials-fragment.md
2024-04-30T11:09:10.228Z - info: Synchronizing opened pages list before reload
2024-04-30T11:09:10.228Z - info: Current opened pages, from most-to-least recent:
2024-04-30T11:09:10.228Z - info: 1. schedule/week4/project
2024-04-30T11:09:11.238Z - info: Rebuilding 1 pages
2024-04-30T11:09:14.216Z - info: Site data built
2024-04-30T11:09:14.216Z - info: Pages rebuilt
2024-04-30T11:09:14.216Z - info: Website regeneration complete! Total build time: 2.979s
2024-04-30T11:09:43.588Z - info: [7:09:43 pm] Reload for file change: C:\repos\nus-cs2103\cs2103-website-base\admin\common-tutorials-fragment.md
2024-04-30T11:09:43.589Z - info: Synchronizing opened pages list before reload
2024-04-30T11:09:43.589Z - info: Current opened pages, from most-to-least recent:
2024-04-30T11:09:43.589Z - info: 1. schedule/week4/project
2024-04-30T11:09:44.599Z - info: Rebuilding 1 pages
2024-04-30T11:09:47.221Z - info: Site data built
2024-04-30T11:09:47.221Z - info: Pages rebuilt
2024-04-30T11:09:47.221Z - info: Website regeneration complete! Total build time: 2.624s
2024-04-30T11:11:36.867Z - info: [7:11:36 pm] Reload for file change: C:\repos\nus-cs2103\cs2103-website-base\site.json
2024-04-30T11:11:36.867Z - info: Synchronizing opened pages list before reload
2024-04-30T11:11:36.868Z - info: Current opened pages, from most-to-least recent:
2024-04-30T11:11:36.868Z - info: 1. schedule/week4/project
2024-04-30T11:11:41.445Z - info: Pages or site config modified, updating pages...
2024-04-30T11:11:45.245Z - info: Building C:\repos\nus-cs2103\cs2103-website-base\schedule\week4\project as some of its dependencies were changed since the last visit
2024-04-30T11:11:48.030Z - info: Site data built
2024-04-30T11:11:48.030Z - info: Lazy website regeneration complete! Total build time: 2.785s
2024-04-30T11:11:48.044Z - info: Site data built
2024-04-30T11:12:30.085Z - info: [7:12:30 pm] Reload for file change: C:\repos\nus-cs2103\cs2103-website-base\admin\common-tutorials-fragment.md
2024-04-30T11:12:30.086Z - info: Synchronizing opened pages list before reload
2024-04-30T11:12:30.086Z - info: Current opened pages, from most-to-least recent:
2024-04-30T11:12:30.086Z - info: 1. schedule/week4/project
2024-04-30T11:12:31.107Z - info: Rebuilding 1 pages
2024-04-30T11:12:33.650Z - info: Site data built
2024-04-30T11:12:33.650Z - info: Pages rebuilt
2024-04-30T11:12:33.650Z - info: Website regeneration complete! Total build time: 2.544s
2024-04-30T11:13:18.425Z - info: [7:13:18 pm] Reload for file change: C:\repos\nus-cs2103\cs2103-website-base\admin\common-tutorials-fragment.md
2024-04-30T11:13:18.425Z - info: Synchronizing opened pages list before reload
2024-04-30T11:13:18.426Z - info: Current opened pages, from most-to-least recent:
2024-04-30T11:13:18.426Z - info: 1. schedule/week4/project
2024-04-30T11:13:19.433Z - info: Rebuilding 1 pages
2024-04-30T11:13:21.977Z - info: Site data built
2024-04-30T11:13:21.977Z - info: Pages rebuilt
2024-04-30T11:13:21.977Z - info: Website regeneration complete! Total build time: 2.545s
2024-04-30T11:15:35.837Z - info: [7:15:35 pm] Reload for file change: C:\repos\nus-cs2103\cs2103-website-base\admin\common-tutorials-fragment.md
2024-04-30T11:15:35.838Z - info: Synchronizing opened pages list before reload
2024-04-30T11:15:35.838Z - info: Current opened pages, from most-to-least recent:
2024-04-30T11:15:35.838Z - info: 1. schedule/week4/project
2024-04-30T11:15:36.842Z - info: Rebuilding 1 pages
2024-04-30T11:15:40.150Z - info: Site data built
2024-04-30T11:15:40.150Z - info: Pages rebuilt
2024-04-30T11:15:40.150Z - info: Website regeneration complete! Total build time: 3.309s
2024-04-30T11:19:32.017Z - info: [7:19:32 pm] Reload for file change: C:\repos\nus-cs2103\cs2103-website-base\site.json
2024-04-30T11:19:32.018Z - info: Synchronizing opened pages list before reload
2024-04-30T11:19:32.018Z - info: Current opened pages, from most-to-least recent:
2024-04-30T11:19:32.018Z - info: 1. schedule/week4/project
2024-04-30T11:19:36.568Z - info: Pages or site config modified, updating pages...
2024-04-30T11:19:40.362Z - info: Building C:\repos\nus-cs2103\cs2103-website-base\schedule\week4\project as some of its dependencies were changed since the last visit
2024-04-30T11:19:42.953Z - info: Site data built
2024-04-30T11:19:42.953Z - info: Lazy website regeneration complete! Total build time: 2.591s
2024-04-30T11:19:42.960Z - info: Site data built
2024-04-30T11:20:51.291Z - info: [7:20:51 pm] Reload for file change: C:\repos\nus-cs2103\cs2103-website-base\admin\ip-tasks-fragment.md
2024-04-30T11:20:51.292Z - info: Synchronizing opened pages list before reload
2024-04-30T11:20:51.292Z - info: Current opened pages, from most-to-least recent:
2024-04-30T11:20:51.292Z - info: 1. schedule/week4/project
2024-04-30T11:20:52.301Z - info: Rebuilding 1 pages
2024-04-30T11:20:54.909Z - info: Site data built
2024-04-30T11:20:54.909Z - info: Pages rebuilt
2024-04-30T11:20:54.909Z - info: Website regeneration complete! Total build time: 2.609s
2024-04-30T11:21:34.029Z - info: [7:21:34 pm] Reload for file change: C:\repos\nus-cs2103\cs2103-website-base\admin\ip-tasks-fragment.md
2024-04-30T11:21:34.030Z - info: Synchronizing opened pages list before reload
2024-04-30T11:21:34.030Z - info: Current opened pages, from most-to-least recent:
2024-04-30T11:21:34.030Z - info: 1. schedule/week4/project
2024-04-30T11:21:35.050Z - info: Rebuilding 1 pages
2024-04-30T11:21:37.605Z - info: Site data built
2024-04-30T11:21:37.605Z - info: Pages rebuilt
2024-04-30T11:21:37.605Z - info: Website regeneration complete! Total build time: 2.556s
2024-04-30T11:21:44.469Z - info: Building C:\repos\nus-cs2103\cs2103-website-base\index as some of its dependencies were changed since the last visit
2024-04-30T11:21:45.142Z - info: Site data built
2024-04-30T11:21:45.143Z - info: Lazy website regeneration complete! Total build time: 0.674s
2024-04-30T11:21:58.006Z - info: Building C:\repos\nus-cs2103\cs2103-website-base\admin\index as some of its dependencies were changed since the last visit
2024-04-30T11:21:58.381Z - info: Site data built
2024-04-30T11:21:58.381Z - info: Lazy website regeneration complete! Total build time: 0.375s
2024-04-30T11:22:07.692Z - info: Building C:\repos\nus-cs2103\cs2103-website-base\admin\gradeBreakdown as some of its dependencies were changed since the last visit
2024-04-30T11:22:11.761Z - debug:  
2024-04-30T11:22:11.866Z - info: Site data built
2024-04-30T11:22:11.867Z - info: Lazy website regeneration complete! Total build time: 4.175s
2024-04-30T11:25:07.560Z - info: [7:25:07 pm] Reload for file change: C:\repos\nus-cs2103\cs2103-website-base\admin\gradeBreakdown.md
2024-04-30T11:25:07.561Z - info: Synchronizing opened pages list before reload
2024-04-30T11:25:07.561Z - info: Current opened pages, from most-to-least recent:
2024-04-30T11:25:07.562Z - info: 1. admin/gradeBreakdown
2024-04-30T11:25:08.578Z - info: Rebuilding 1 pages
2024-04-30T11:25:09.453Z - info: Site data built
2024-04-30T11:25:09.453Z - info: Pages rebuilt
2024-04-30T11:25:09.454Z - info: Website regeneration complete! Total build time: 0.878s
2024-04-30T11:26:01.823Z - info: [7:26:01 pm] Reload for file change: C:\repos\nus-cs2103\cs2103-website-base\admin\gradeBreakdown.md
2024-04-30T11:26:01.824Z - info: Synchronizing opened pages list before reload
2024-04-30T11:26:01.824Z - info: Current opened pages, from most-to-least recent:
2024-04-30T11:26:01.824Z - info: 1. admin/gradeBreakdown
2024-04-30T11:26:02.849Z - info: Rebuilding 1 pages
2024-04-30T11:26:03.886Z - info: Site data built
2024-04-30T11:26:03.886Z - info: Pages rebuilt
2024-04-30T11:26:03.886Z - info: Website regeneration complete! Total build time: 1.039s
2024-04-30T11:26:36.397Z - info: [7:26:36 pm] Reload for file change: C:\repos\nus-cs2103\cs2103-website-base\admin\gradeBreakdown.md
2024-04-30T11:26:36.398Z - info: Synchronizing opened pages list before reload
2024-04-30T11:26:36.398Z - info: Current opened pages, from most-to-least recent:
2024-04-30T11:26:36.398Z - info: 1. admin/gradeBreakdown
2024-04-30T11:26:37.407Z - info: Rebuilding 1 pages
2024-04-30T11:26:38.457Z - info: Site data built
2024-04-30T11:26:38.457Z - info: Pages rebuilt
2024-04-30T11:26:38.457Z - info: Website regeneration complete! Total build time: 1.051s
2024-04-30T11:26:49.898Z - info: [7:26:49 pm] Reload for file change: C:\repos\nus-cs2103\cs2103-website-base\admin\gradeBreakdown.md
2024-04-30T11:26:49.898Z - info: Synchronizing opened pages list before reload
2024-04-30T11:26:49.898Z - info: Current opened pages, from most-to-least recent:
2024-04-30T11:26:49.898Z - info: 1. admin/gradeBreakdown
2024-04-30T11:26:50.907Z - info: Rebuilding 1 pages
2024-04-30T11:26:51.525Z - info: Site data built
2024-04-30T11:26:51.526Z - info: Pages rebuilt
2024-04-30T11:26:51.526Z - info: Website regeneration complete! Total build time: 0.622s
2024-04-30T11:34:44.667Z - info: Website generation started at 7:34:42 pm
2024-04-30T11:34:52.212Z - info: Building assets...
2024-04-30T11:34:57.833Z - info: Assets built
2024-04-30T11:34:57.834Z - info: Generating pages...
2024-04-30T11:35:25.571Z - debug:  
2024-04-30T11:35:25.572Z - debug:  
2024-04-30T11:35:25.573Z - debug:  
2024-04-30T11:35:25.574Z - debug:  
2024-04-30T11:35:25.574Z - debug:  
2024-04-30T11:35:25.604Z - debug:  
2024-04-30T11:35:25.605Z - debug:  
2024-04-30T11:35:25.680Z - debug:  
2024-04-30T11:35:25.725Z - debug:  
2024-04-30T11:35:25.845Z - debug:  
2024-04-30T11:35:25.908Z - debug:  
2024-04-30T11:35:25.909Z - debug:  
2024-04-30T11:35:25.911Z - debug:  
2024-04-30T11:35:25.929Z - debug:  
2024-04-30T11:35:25.939Z - debug:  
2024-04-30T11:35:28.588Z - debug:  
2024-04-30T11:35:28.588Z - debug:  
2024-04-30T11:35:30.511Z - warn: Empty file included in C:\repos\nus-cs2103\cs2103-website-base\book\uml\container-inPage-asFlat.md:
File: C:\repos\nus-cs2103\cs2103-website-base\book\path.md is empty or contains only whitespace
2024-04-30T11:35:37.251Z - warn: Empty file included in C:\repos\nus-cs2103\cs2103-website-base\book\testing\container-inPage-asFlat.md:
File: C:\repos\nus-cs2103\cs2103-website-base\book\path.md is empty or contains only whitespace
2024-04-30T11:35:39.272Z - warn: Empty file included in C:\repos\nus-cs2103\cs2103-website-base\book\testCaseDesign\container-inPage-asFlat.md:
File: C:\repos\nus-cs2103\cs2103-website-base\book\path.md is empty or contains only whitespace
2024-04-30T11:35:40.854Z - warn: Empty file included in C:\repos\nus-cs2103\cs2103-website-base\book\teamwork\container-inPage-asFlat.md:
File: C:\repos\nus-cs2103\cs2103-website-base\book\path.md is empty or contains only whitespace
2024-04-30T11:35:42.164Z - warn: Empty file included in C:\repos\nus-cs2103\cs2103-website-base\book\specifyingRequirements\container-inPage-asFlat.md:
File: C:\repos\nus-cs2103\cs2103-website-base\book\path.md is empty or contains only whitespace
2024-04-30T11:35:42.998Z - warn: Empty file included in C:\repos\nus-cs2103\cs2103-website-base\book\softwareEngineering\container-inPage-asFlat.md:
File: C:\repos\nus-cs2103\cs2103-website-base\book\path.md is empty or contains only whitespace
2024-04-30T11:35:43.338Z - warn: Empty file included in C:\repos\nus-cs2103\cs2103-website-base\book\revisionControl\container-inPage-asFlat.md:
File: C:\repos\nus-cs2103\cs2103-website-base\book\path.md is empty or contains only whitespace
2024-04-30T11:35:44.120Z - warn: Empty file included in C:\repos\nus-cs2103\cs2103-website-base\book\reuse\container-inPage-asFlat.md:
File: C:\repos\nus-cs2103\cs2103-website-base\book\path.md is empty or contains only whitespace
2024-04-30T11:35:45.083Z - warn: Empty file included in C:\repos\nus-cs2103\cs2103-website-base\book\requirements\container-inPage-asFlat.md:
File: C:\repos\nus-cs2103\cs2103-website-base\book\path.md is empty or contains only whitespace
2024-04-30T11:35:45.641Z - warn: Empty file included in C:\repos\nus-cs2103\cs2103-website-base\book\refactoring\container-inPage-asFlat.md:
File: C:\repos\nus-cs2103\cs2103-website-base\book\path.md is empty or contains only whitespace
2024-04-30T11:35:46.162Z - warn: Empty file included in C:\repos\nus-cs2103\cs2103-website-base\book\qualityAssurance\container-inPage-asFlat.md:
File: C:\repos\nus-cs2103\cs2103-website-base\book\path.md is empty or contains only whitespace
2024-04-30T11:35:46.830Z - warn: Empty file included in C:\repos\nus-cs2103\cs2103-website-base\book\projectPlanning\container-inPage-asFlat.md:
File: C:\repos\nus-cs2103\cs2103-website-base\book\path.md is empty or contains only whitespace
2024-04-30T11:35:47.000Z - warn: Empty file included in C:\repos\nus-cs2103\cs2103-website-base\book\projectDuke\container-inPage-asFlat.md:
File: C:\repos\nus-cs2103\cs2103-website-base\book\path.md is empty or contains only whitespace
2024-04-30T11:35:48.044Z - warn: Empty file included in C:\repos\nus-cs2103\cs2103-website-base\book\processModels\container-inPage-asFlat.md:
File: C:\repos\nus-cs2103\cs2103-website-base\book\path.md is empty or contains only whitespace
2024-04-30T11:35:49.446Z - warn: Empty file included in C:\repos\nus-cs2103\cs2103-website-base\book\principles\container-inPage-asFlat.md:
File: C:\repos\nus-cs2103\cs2103-website-base\book\path.md is empty or contains only whitespace
2024-04-30T11:35:51.638Z - warn: Empty file included in C:\repos\nus-cs2103\cs2103-website-base\book\oop\container-inPage-asFlat.md:
File: C:\repos\nus-cs2103\cs2103-website-base\book\path.md is empty or contains only whitespace
2024-04-30T11:35:53.422Z - warn: Empty file included in C:\repos\nus-cs2103\cs2103-website-base\book\modeling\modelingStructures\ooStructures\text.md:
File: C:\repos\nus-cs2103\cs2103-website-base\book\modeling\modelingStructures\ooStructures\exercises.md is empty or contains only whitespace
2024-04-30T11:35:53.624Z - warn: Empty file included in C:\repos\nus-cs2103\cs2103-website-base\book\modeling\modelingStructures\ooStructures\text.md:
File: C:\repos\nus-cs2103\cs2103-website-base\book\modeling\modelingStructures\ooStructures\exercises.md is empty or contains only whitespace
2024-04-30T11:35:56.779Z - warn: Empty file included in C:\repos\nus-cs2103\cs2103-website-base\book\modeling\container-inPage-asFlat.md:
File: C:\repos\nus-cs2103\cs2103-website-base\book\path.md is empty or contains only whitespace
2024-04-30T11:35:56.855Z - warn: Empty file included in C:\repos\nus-cs2103\cs2103-website-base\book\modeling\modelingStructures\ooStructures\text.md:
File: C:\repos\nus-cs2103\cs2103-website-base\book\modeling\modelingStructures\ooStructures\exercises.md is empty or contains only whitespace
2024-04-30T11:35:58.349Z - warn: Empty file included in C:\repos\nus-cs2103\cs2103-website-base\book\intellij\container-inPage-asFlat.md:
File: C:\repos\nus-cs2103\cs2103-website-base\book\path.md is empty or contains only whitespace
2024-04-30T11:35:58.800Z - warn: Empty file included in C:\repos\nus-cs2103\cs2103-website-base\book\integration\container-inPage-asFlat.md:
File: C:\repos\nus-cs2103\cs2103-website-base\book\path.md is empty or contains only whitespace
2024-04-30T11:35:59.529Z - warn: Empty file included in C:\repos\nus-cs2103\cs2103-website-base\book\ides\container-inPage-asFlat.md:
File: C:\repos\nus-cs2103\cs2103-website-base\book\path.md is empty or contains only whitespace
2024-04-30T11:36:00.316Z - warn: Empty file included in C:\repos\nus-cs2103\cs2103-website-base\book\gitAndGithub\container-inPage-asFlat.md:
File: C:\repos\nus-cs2103\cs2103-website-base\book\path.md is empty or contains only whitespace
2024-04-30T11:36:02.054Z - warn: Empty file included in C:\repos\nus-cs2103\cs2103-website-base\book\gatheringRequirements\container-inPage-asFlat.md:
File: C:\repos\nus-cs2103\cs2103-website-base\book\path.md is empty or contains only whitespace
2024-04-30T11:36:02.575Z - warn: Empty file included in C:\repos\nus-cs2103\cs2103-website-base\book\errorHandling\container-inPage-asFlat.md:
File: C:\repos\nus-cs2103\cs2103-website-base\book\path.md is empty or contains only whitespace
2024-04-30T11:36:05.100Z - warn: Empty file included in C:\repos\nus-cs2103\cs2103-website-base\book\documentation\container-inPage-asFlat.md:
File: C:\repos\nus-cs2103\cs2103-website-base\book\path.md is empty or contains only whitespace
2024-04-30T11:36:07.074Z - warn: Empty file included in C:\repos\nus-cs2103\cs2103-website-base\book\designPatterns\container-inPage-asFlat.md:
File: C:\repos\nus-cs2103\cs2103-website-base\book\path.md is empty or contains only whitespace
2024-04-30T11:36:07.826Z - warn: Empty file included in C:\repos\nus-cs2103\cs2103-website-base\book\designFundamentals\container-inPage-asFlat.md:
File: C:\repos\nus-cs2103\cs2103-website-base\book\path.md is empty or contains only whitespace
2024-04-30T11:36:08.889Z - warn: Empty file included in C:\repos\nus-cs2103\cs2103-website-base\book\designApproaches\container-inPage-asFlat.md:
File: C:\repos\nus-cs2103\cs2103-website-base\book\path.md is empty or contains only whitespace
2024-04-30T11:36:09.175Z - warn: Empty file included in C:\repos\nus-cs2103\cs2103-website-base\book\design\container-inPage-asFlat.md:
File: C:\repos\nus-cs2103\cs2103-website-base\book\path.md is empty or contains only whitespace
2024-04-30T11:36:14.029Z - warn: Empty file included in C:\repos\nus-cs2103\cs2103-website-base\book\cppToJava\container-inPage-asFlat.md:
File: C:\repos\nus-cs2103\cs2103-website-base\book\path.md is empty or contains only whitespace
2024-04-30T11:36:14.046Z - warn: Empty reference in C:\repos\nus-cs2103\cs2103-website-base\book\cppToJava\about\unit-inParent-asPanel.md:
Segment '#outcomes' in file: C:\repos\nus-cs2103\cs2103-website-base\book\cppToJava\about\text.md is empty
2024-04-30T11:36:20.777Z - warn: Empty reference in C:\repos\nus-cs2103\cs2103-website-base\book\cppToJava\about\unit-inPage-asFlat.md:
Segment '#outcomes' in file: C:\repos\nus-cs2103\cs2103-website-base\book\cppToJava\about\text.md is empty
2024-04-30T11:36:22.862Z - warn: Empty file included in C:\repos\nus-cs2103\cs2103-website-base\book\codeQuality\container-inPage-asFlat.md:
File: C:\repos\nus-cs2103\cs2103-website-base\book\path.md is empty or contains only whitespace
2024-04-30T11:36:25.369Z - warn: Empty file included in C:\repos\nus-cs2103\cs2103-website-base\book\architecture\container-inPage-asFlat.md:
File: C:\repos\nus-cs2103\cs2103-website-base\book\path.md is empty or contains only whitespace
2024-04-30T11:36:36.333Z - warn: Empty file included in C:\repos\nus-cs2103\cs2103-website-base\se-book-adapted\chapters\uml.md:
File: C:\repos\nus-cs2103\cs2103-website-base\book\path.md is empty or contains only whitespace
2024-04-30T11:36:37.664Z - warn: Empty file included in C:\repos\nus-cs2103\cs2103-website-base\se-book-adapted\chapters\testing.md:
File: C:\repos\nus-cs2103\cs2103-website-base\book\path.md is empty or contains only whitespace
2024-04-30T11:36:38.105Z - warn: Empty file included in C:\repos\nus-cs2103\cs2103-website-base\se-book-adapted\chapters\testCaseDesign.md:
File: C:\repos\nus-cs2103\cs2103-website-base\book\path.md is empty or contains only whitespace
2024-04-30T11:36:39.102Z - warn: Empty file included in C:\repos\nus-cs2103\cs2103-website-base\se-book-adapted\chapters\teamwork.md:
File: C:\repos\nus-cs2103\cs2103-website-base\book\path.md is empty or contains only whitespace
2024-04-30T11:36:39.282Z - warn: Empty file included in C:\repos\nus-cs2103\cs2103-website-base\se-book-adapted\chapters\specifyingRequirements.md:
File: C:\repos\nus-cs2103\cs2103-website-base\book\path.md is empty or contains only whitespace
2024-04-30T11:36:39.756Z - warn: Empty file included in C:\repos\nus-cs2103\cs2103-website-base\se-book-adapted\chapters\softwareEngineering.md:
File: C:\repos\nus-cs2103\cs2103-website-base\book\path.md is empty or contains only whitespace
2024-04-30T11:36:39.796Z - warn: Empty file included in C:\repos\nus-cs2103\cs2103-website-base\se-book-adapted\chapters\revisionControl.md:
File: C:\repos\nus-cs2103\cs2103-website-base\book\path.md is empty or contains only whitespace
2024-04-30T11:36:39.929Z - warn: Empty file included in C:\repos\nus-cs2103\cs2103-website-base\se-book-adapted\chapters\reuse.md:
File: C:\repos\nus-cs2103\cs2103-website-base\book\path.md is empty or contains only whitespace
2024-04-30T11:36:40.454Z - warn: Empty file included in C:\repos\nus-cs2103\cs2103-website-base\se-book-adapted\chapters\requirements.md:
File: C:\repos\nus-cs2103\cs2103-website-base\book\path.md is empty or contains only whitespace
2024-04-30T11:36:40.553Z - warn: Empty file included in C:\repos\nus-cs2103\cs2103-website-base\se-book-adapted\chapters\refactoring.md:
File: C:\repos\nus-cs2103\cs2103-website-base\book\path.md is empty or contains only whitespace
2024-04-30T11:36:40.615Z - warn: Empty file included in C:\repos\nus-cs2103\cs2103-website-base\se-book-adapted\chapters\qualityAssurance.md:
File: C:\repos\nus-cs2103\cs2103-website-base\book\path.md is empty or contains only whitespace
2024-04-30T11:36:40.687Z - warn: Empty file included in C:\repos\nus-cs2103\cs2103-website-base\se-book-adapted\chapters\projectPlanning.md:
File: C:\repos\nus-cs2103\cs2103-website-base\book\path.md is empty or contains only whitespace
2024-04-30T11:36:41.012Z - warn: Empty file included in C:\repos\nus-cs2103\cs2103-website-base\se-book-adapted\chapters\processModels.md:
File: C:\repos\nus-cs2103\cs2103-website-base\book\path.md is empty or contains only whitespace
2024-04-30T11:36:41.211Z - warn: Empty file included in C:\repos\nus-cs2103\cs2103-website-base\se-book-adapted\chapters\principles.md:
File: C:\repos\nus-cs2103\cs2103-website-base\book\path.md is empty or contains only whitespace
2024-04-30T11:36:41.545Z - warn: Empty file included in C:\repos\nus-cs2103\cs2103-website-base\se-book-adapted\chapters\oop.md:
File: C:\repos\nus-cs2103\cs2103-website-base\book\path.md is empty or contains only whitespace
2024-04-30T11:36:41.922Z - warn: Empty file included in C:\repos\nus-cs2103\cs2103-website-base\se-book-adapted\chapters\modeling.md:
File: C:\repos\nus-cs2103\cs2103-website-base\book\path.md is empty or contains only whitespace
2024-04-30T11:36:41.996Z - warn: Empty file included in C:\repos\nus-cs2103\cs2103-website-base\book\modeling\modelingStructures\ooStructures\text.md:
File: C:\repos\nus-cs2103\cs2103-website-base\book\modeling\modelingStructures\ooStructures\exercises.md is empty or contains only whitespace
2024-04-30T11:36:43.955Z - warn: Empty file included in C:\repos\nus-cs2103\cs2103-website-base\se-book-adapted\chapters\intellij.md:
File: C:\repos\nus-cs2103\cs2103-website-base\book\path.md is empty or contains only whitespace
2024-04-30T11:36:44.032Z - warn: Empty file included in C:\repos\nus-cs2103\cs2103-website-base\se-book-adapted\chapters\integration.md:
File: C:\repos\nus-cs2103\cs2103-website-base\book\path.md is empty or contains only whitespace
2024-04-30T11:36:44.103Z - warn: Empty file included in C:\repos\nus-cs2103\cs2103-website-base\se-book-adapted\chapters\ides.md:
File: C:\repos\nus-cs2103\cs2103-website-base\book\path.md is empty or contains only whitespace
2024-04-30T11:36:44.136Z - warn: Empty file included in C:\repos\nus-cs2103\cs2103-website-base\se-book-adapted\chapters\gitAndGithub.md:
File: C:\repos\nus-cs2103\cs2103-website-base\book\path.md is empty or contains only whitespace
2024-04-30T11:36:45.177Z - warn: Empty file included in C:\repos\nus-cs2103\cs2103-website-base\se-book-adapted\chapters\gatheringRequirements.md:
File: C:\repos\nus-cs2103\cs2103-website-base\book\path.md is empty or contains only whitespace
2024-04-30T11:36:45.313Z - warn: Empty file included in C:\repos\nus-cs2103\cs2103-website-base\se-book-adapted\chapters\errorHandling.md:
File: C:\repos\nus-cs2103\cs2103-website-base\book\path.md is empty or contains only whitespace
2024-04-30T11:36:45.553Z - warn: Empty file included in C:\repos\nus-cs2103\cs2103-website-base\se-book-adapted\chapters\documentation.md:
File: C:\repos\nus-cs2103\cs2103-website-base\book\path.md is empty or contains only whitespace
2024-04-30T11:36:45.688Z - warn: Empty file included in C:\repos\nus-cs2103\cs2103-website-base\se-book-adapted\chapters\designPatterns.md:
File: C:\repos\nus-cs2103\cs2103-website-base\book\path.md is empty or contains only whitespace
2024-04-30T11:36:46.720Z - warn: Empty file included in C:\repos\nus-cs2103\cs2103-website-base\se-book-adapted\chapters\designFundamentals.md:
File: C:\repos\nus-cs2103\cs2103-website-base\book\path.md is empty or contains only whitespace
2024-04-30T11:36:46.902Z - warn: Empty file included in C:\repos\nus-cs2103\cs2103-website-base\se-book-adapted\chapters\designApproaches.md:
File: C:\repos\nus-cs2103\cs2103-website-base\book\path.md is empty or contains only whitespace
2024-04-30T11:36:46.952Z - warn: Empty file included in C:\repos\nus-cs2103\cs2103-website-base\se-book-adapted\chapters\design.md:
File: C:\repos\nus-cs2103\cs2103-website-base\book\path.md is empty or contains only whitespace
2024-04-30T11:36:46.975Z - warn: Empty file included in C:\repos\nus-cs2103\cs2103-website-base\se-book-adapted\chapters\cppToJava.md:
File: C:\repos\nus-cs2103\cs2103-website-base\book\path.md is empty or contains only whitespace
2024-04-30T11:36:46.980Z - warn: Empty reference in C:\repos\nus-cs2103\cs2103-website-base\se-book-adapted\chapters\cppToJava.md:
Segment '#outcomes' in file: C:\repos\nus-cs2103\cs2103-website-base\book\cppToJava\about\text.md is empty
2024-04-30T11:36:49.798Z - warn: Empty file included in C:\repos\nus-cs2103\cs2103-website-base\se-book-adapted\chapters\codeQuality.md:
File: C:\repos\nus-cs2103\cs2103-website-base\book\path.md is empty or contains only whitespace
2024-04-30T11:36:50.478Z - warn: Empty file included in C:\repos\nus-cs2103\cs2103-website-base\se-book-adapted\chapters\architecture.md:
File: C:\repos\nus-cs2103\cs2103-website-base\book\path.md is empty or contains only whitespace
2024-04-30T11:37:01.927Z - warn: Empty file included in C:\repos\nus-cs2103\cs2103-website-base\book\modeling\modelingStructures\ooStructures\text.md:
File: C:\repos\nus-cs2103\cs2103-website-base\book\modeling\modelingStructures\ooStructures\exercises.md is empty or contains only whitespace
2024-04-30T11:37:50.861Z - debug:  
2024-04-30T11:38:10.737Z - debug:  
2024-04-30T11:38:10.753Z - debug:  
2024-04-30T11:38:15.244Z - error: Invalid HTML in C:\repos\nus-cs2103\cs2103-website-base\admin\mid-semester-survey-results.md.
Table must have a tbody tag. Please correct this to avoid Vue hydration issues.

2024-04-30T11:38:24.069Z - info: Pages built
2024-04-30T11:38:25.268Z - info: Site data built
2024-04-30T11:38:25.268Z - info: Website generation complete! Total build time: 222.684s
2024-04-30T11:38:25.268Z - info: Build success!
2024-04-30T11:41:38.436Z - info: Website generation (lazy) started at 7:41:32 pm
2024-04-30T11:41:46.140Z - info: Building assets...
2024-04-30T11:41:51.835Z - info: Assets built
2024-04-30T11:41:51.836Z - info: Generating landing page...
2024-04-30T11:41:53.047Z - info: Landing page built, other pages will be built as you navigate to them!
2024-04-30T11:41:53.822Z - info: Site data built
2024-04-30T11:41:53.823Z - info: Website generation (lazy) complete! Total build time: 21.005s
2024-04-30T11:41:53.864Z - info: Serving "C:\repos\nus-cs2103\cs2103-website-base\_site" at http://127.0.0.1:8080
2024-04-30T11:41:53.865Z - info: Press CTRL+C to stop ...
2024-04-30T11:42:34.041Z - info: [7:42:34 pm] Reload for file change: C:\repos\nus-cs2103\cs2103-website-base\admin\courseBriefings.md
2024-04-30T11:42:34.042Z - info: Synchronizing opened pages list before reload
2024-04-30T11:42:34.043Z - info: Current opened pages, from most-to-least recent:
2024-04-30T11:42:34.043Z - info: 1. index
2024-04-30T11:42:34.075Z - info: [7:42:34 pm] Reload for file change: C:\repos\nus-cs2103\cs2103-website-base\admin\gradeBreakdown.md
2024-04-30T11:42:34.075Z - info: Synchronizing opened pages list before reload
2024-04-30T11:42:34.075Z - info: Current opened pages, from most-to-least recent:
2024-04-30T11:42:34.076Z - info: 1. index
2024-04-30T11:42:35.057Z - info: Rebuilding 1 pages
2024-04-30T11:42:36.061Z - info: Site data built
2024-04-30T11:42:36.061Z - info: Pages rebuilt
2024-04-30T11:42:36.061Z - info: Website regeneration complete! Total build time: 1.005s
2024-04-30T11:42:40.768Z - info: [7:42:40 pm] Reload for file change: C:\repos\nus-cs2103\cs2103-website-base\admin\courseBriefings.md
2024-04-30T11:42:40.769Z - info: Synchronizing opened pages list before reload
2024-04-30T11:42:40.769Z - info: Current opened pages, from most-to-least recent:
2024-04-30T11:42:40.769Z - info: 1. index
2024-04-30T11:42:41.785Z - info: Rebuilding 1 pages
2024-04-30T11:42:42.509Z - info: Site data built
2024-04-30T11:42:42.509Z - info: Pages rebuilt
2024-04-30T11:42:42.509Z - info: Website regeneration complete! Total build time: 0.725s
2024-04-30T11:55:00.528Z - info: Website generation started at 7:54:58 pm
2024-04-30T11:55:08.715Z - info: Building assets...
2024-04-30T11:55:14.430Z - info: Assets built
2024-04-30T11:55:14.431Z - info: Generating pages...
2024-04-30T11:55:39.843Z - debug:  
2024-04-30T11:55:39.845Z - debug:  
2024-04-30T11:55:40.516Z - debug:  
2024-04-30T11:55:40.520Z - debug:  
2024-04-30T11:55:40.521Z - debug:  
2024-04-30T11:55:40.521Z - debug:  
2024-04-30T11:55:40.522Z - debug:  
2024-04-30T11:55:40.522Z - debug:  
2024-04-30T11:55:40.543Z - debug:  
2024-04-30T11:55:40.544Z - debug:  
2024-04-30T11:55:40.544Z - debug:  
2024-04-30T11:55:40.544Z - debug:  
2024-04-30T11:55:40.545Z - debug:  
2024-04-30T11:55:40.546Z - debug:  
2024-04-30T11:55:40.547Z - debug:  
2024-04-30T11:55:42.935Z - debug:  
2024-04-30T11:55:42.951Z - debug:  
2024-04-30T11:55:44.862Z - warn: Empty file included in C:\repos\nus-cs2103\cs2103-website-base\book\uml\container-inPage-asFlat.md:
File: C:\repos\nus-cs2103\cs2103-website-base\book\path.md is empty or contains only whitespace
2024-04-30T11:55:51.287Z - warn: Empty file included in C:\repos\nus-cs2103\cs2103-website-base\book\testing\container-inPage-asFlat.md:
File: C:\repos\nus-cs2103\cs2103-website-base\book\path.md is empty or contains only whitespace
2024-04-30T11:55:53.390Z - warn: Empty file included in C:\repos\nus-cs2103\cs2103-website-base\book\testCaseDesign\container-inPage-asFlat.md:
File: C:\repos\nus-cs2103\cs2103-website-base\book\path.md is empty or contains only whitespace
2024-04-30T11:55:54.925Z - warn: Empty file included in C:\repos\nus-cs2103\cs2103-website-base\book\teamwork\container-inPage-asFlat.md:
File: C:\repos\nus-cs2103\cs2103-website-base\book\path.md is empty or contains only whitespace
2024-04-30T11:55:56.271Z - warn: Empty file included in C:\repos\nus-cs2103\cs2103-website-base\book\specifyingRequirements\container-inPage-asFlat.md:
File: C:\repos\nus-cs2103\cs2103-website-base\book\path.md is empty or contains only whitespace
2024-04-30T11:55:57.152Z - warn: Empty file included in C:\repos\nus-cs2103\cs2103-website-base\book\softwareEngineering\container-inPage-asFlat.md:
File: C:\repos\nus-cs2103\cs2103-website-base\book\path.md is empty or contains only whitespace
2024-04-30T11:55:57.447Z - warn: Empty file included in C:\repos\nus-cs2103\cs2103-website-base\book\revisionControl\container-inPage-asFlat.md:
File: C:\repos\nus-cs2103\cs2103-website-base\book\path.md is empty or contains only whitespace
2024-04-30T11:55:58.292Z - warn: Empty file included in C:\repos\nus-cs2103\cs2103-website-base\book\reuse\container-inPage-asFlat.md:
File: C:\repos\nus-cs2103\cs2103-website-base\book\path.md is empty or contains only whitespace
2024-04-30T11:55:59.425Z - warn: Empty file included in C:\repos\nus-cs2103\cs2103-website-base\book\requirements\container-inPage-asFlat.md:
File: C:\repos\nus-cs2103\cs2103-website-base\book\path.md is empty or contains only whitespace
2024-04-30T11:55:59.780Z - warn: Empty file included in C:\repos\nus-cs2103\cs2103-website-base\book\refactoring\container-inPage-asFlat.md:
File: C:\repos\nus-cs2103\cs2103-website-base\book\path.md is empty or contains only whitespace
2024-04-30T11:56:00.250Z - warn: Empty file included in C:\repos\nus-cs2103\cs2103-website-base\book\qualityAssurance\container-inPage-asFlat.md:
File: C:\repos\nus-cs2103\cs2103-website-base\book\path.md is empty or contains only whitespace
2024-04-30T11:56:00.844Z - warn: Empty file included in C:\repos\nus-cs2103\cs2103-website-base\book\projectPlanning\container-inPage-asFlat.md:
File: C:\repos\nus-cs2103\cs2103-website-base\book\path.md is empty or contains only whitespace
2024-04-30T11:56:01.053Z - warn: Empty file included in C:\repos\nus-cs2103\cs2103-website-base\book\projectDuke\container-inPage-asFlat.md:
File: C:\repos\nus-cs2103\cs2103-website-base\book\path.md is empty or contains only whitespace
2024-04-30T11:56:02.112Z - warn: Empty file included in C:\repos\nus-cs2103\cs2103-website-base\book\processModels\container-inPage-asFlat.md:
File: C:\repos\nus-cs2103\cs2103-website-base\book\path.md is empty or contains only whitespace
2024-04-30T11:56:03.563Z - warn: Empty file included in C:\repos\nus-cs2103\cs2103-website-base\book\principles\container-inPage-asFlat.md:
File: C:\repos\nus-cs2103\cs2103-website-base\book\path.md is empty or contains only whitespace
2024-04-30T11:56:05.809Z - warn: Empty file included in C:\repos\nus-cs2103\cs2103-website-base\book\oop\container-inPage-asFlat.md:
File: C:\repos\nus-cs2103\cs2103-website-base\book\path.md is empty or contains only whitespace
2024-04-30T11:56:07.493Z - warn: Empty file included in C:\repos\nus-cs2103\cs2103-website-base\book\modeling\modelingStructures\ooStructures\text.md:
File: C:\repos\nus-cs2103\cs2103-website-base\book\modeling\modelingStructures\ooStructures\exercises.md is empty or contains only whitespace
2024-04-30T11:56:07.695Z - warn: Empty file included in C:\repos\nus-cs2103\cs2103-website-base\book\modeling\modelingStructures\ooStructures\text.md:
File: C:\repos\nus-cs2103\cs2103-website-base\book\modeling\modelingStructures\ooStructures\exercises.md is empty or contains only whitespace
2024-04-30T11:56:11.226Z - warn: Empty file included in C:\repos\nus-cs2103\cs2103-website-base\book\modeling\container-inPage-asFlat.md:
File: C:\repos\nus-cs2103\cs2103-website-base\book\path.md is empty or contains only whitespace
2024-04-30T11:56:11.321Z - warn: Empty file included in C:\repos\nus-cs2103\cs2103-website-base\book\modeling\modelingStructures\ooStructures\text.md:
File: C:\repos\nus-cs2103\cs2103-website-base\book\modeling\modelingStructures\ooStructures\exercises.md is empty or contains only whitespace
2024-04-30T11:56:12.714Z - warn: Empty file included in C:\repos\nus-cs2103\cs2103-website-base\book\intellij\container-inPage-asFlat.md:
File: C:\repos\nus-cs2103\cs2103-website-base\book\path.md is empty or contains only whitespace
2024-04-30T11:56:13.196Z - warn: Empty file included in C:\repos\nus-cs2103\cs2103-website-base\book\integration\container-inPage-asFlat.md:
File: C:\repos\nus-cs2103\cs2103-website-base\book\path.md is empty or contains only whitespace
2024-04-30T11:56:13.915Z - warn: Empty file included in C:\repos\nus-cs2103\cs2103-website-base\book\ides\container-inPage-asFlat.md:
File: C:\repos\nus-cs2103\cs2103-website-base\book\path.md is empty or contains only whitespace
2024-04-30T11:56:14.727Z - warn: Empty file included in C:\repos\nus-cs2103\cs2103-website-base\book\gitAndGithub\container-inPage-asFlat.md:
File: C:\repos\nus-cs2103\cs2103-website-base\book\path.md is empty or contains only whitespace
2024-04-30T11:56:16.437Z - warn: Empty file included in C:\repos\nus-cs2103\cs2103-website-base\book\gatheringRequirements\container-inPage-asFlat.md:
File: C:\repos\nus-cs2103\cs2103-website-base\book\path.md is empty or contains only whitespace
2024-04-30T11:56:16.966Z - warn: Empty file included in C:\repos\nus-cs2103\cs2103-website-base\book\errorHandling\container-inPage-asFlat.md:
File: C:\repos\nus-cs2103\cs2103-website-base\book\path.md is empty or contains only whitespace
2024-04-30T11:56:19.614Z - warn: Empty file included in C:\repos\nus-cs2103\cs2103-website-base\book\documentation\container-inPage-asFlat.md:
File: C:\repos\nus-cs2103\cs2103-website-base\book\path.md is empty or contains only whitespace
2024-04-30T11:56:21.556Z - warn: Empty file included in C:\repos\nus-cs2103\cs2103-website-base\book\designPatterns\container-inPage-asFlat.md:
File: C:\repos\nus-cs2103\cs2103-website-base\book\path.md is empty or contains only whitespace
2024-04-30T11:56:22.267Z - warn: Empty file included in C:\repos\nus-cs2103\cs2103-website-base\book\designFundamentals\container-inPage-asFlat.md:
File: C:\repos\nus-cs2103\cs2103-website-base\book\path.md is empty or contains only whitespace
2024-04-30T11:56:23.432Z - warn: Empty file included in C:\repos\nus-cs2103\cs2103-website-base\book\designApproaches\container-inPage-asFlat.md:
File: C:\repos\nus-cs2103\cs2103-website-base\book\path.md is empty or contains only whitespace
2024-04-30T11:56:23.711Z - warn: Empty file included in C:\repos\nus-cs2103\cs2103-website-base\book\design\container-inPage-asFlat.md:
File: C:\repos\nus-cs2103\cs2103-website-base\book\path.md is empty or contains only whitespace
2024-04-30T11:56:28.060Z - warn: Empty file included in C:\repos\nus-cs2103\cs2103-website-base\book\cppToJava\container-inPage-asFlat.md:
File: C:\repos\nus-cs2103\cs2103-website-base\book\path.md is empty or contains only whitespace
2024-04-30T11:56:28.076Z - warn: Empty reference in C:\repos\nus-cs2103\cs2103-website-base\book\cppToJava\about\unit-inParent-asPanel.md:
Segment '#outcomes' in file: C:\repos\nus-cs2103\cs2103-website-base\book\cppToJava\about\text.md is empty
2024-04-30T11:56:34.369Z - warn: Empty reference in C:\repos\nus-cs2103\cs2103-website-base\book\cppToJava\about\unit-inPage-asFlat.md:
Segment '#outcomes' in file: C:\repos\nus-cs2103\cs2103-website-base\book\cppToJava\about\text.md is empty
2024-04-30T11:56:36.435Z - warn: Empty file included in C:\repos\nus-cs2103\cs2103-website-base\book\codeQuality\container-inPage-asFlat.md:
File: C:\repos\nus-cs2103\cs2103-website-base\book\path.md is empty or contains only whitespace
2024-04-30T11:56:38.930Z - warn: Empty file included in C:\repos\nus-cs2103\cs2103-website-base\book\architecture\container-inPage-asFlat.md:
File: C:\repos\nus-cs2103\cs2103-website-base\book\path.md is empty or contains only whitespace
2024-04-30T11:56:50.032Z - warn: Empty file included in C:\repos\nus-cs2103\cs2103-website-base\se-book-adapted\chapters\uml.md:
File: C:\repos\nus-cs2103\cs2103-website-base\book\path.md is empty or contains only whitespace
2024-04-30T11:56:51.273Z - warn: Empty file included in C:\repos\nus-cs2103\cs2103-website-base\se-book-adapted\chapters\testing.md:
File: C:\repos\nus-cs2103\cs2103-website-base\book\path.md is empty or contains only whitespace
2024-04-30T11:56:51.693Z - warn: Empty file included in C:\repos\nus-cs2103\cs2103-website-base\se-book-adapted\chapters\testCaseDesign.md:
File: C:\repos\nus-cs2103\cs2103-website-base\book\path.md is empty or contains only whitespace
2024-04-30T11:56:52.730Z - warn: Empty file included in C:\repos\nus-cs2103\cs2103-website-base\se-book-adapted\chapters\teamwork.md:
File: C:\repos\nus-cs2103\cs2103-website-base\book\path.md is empty or contains only whitespace
2024-04-30T11:56:52.923Z - warn: Empty file included in C:\repos\nus-cs2103\cs2103-website-base\se-book-adapted\chapters\specifyingRequirements.md:
File: C:\repos\nus-cs2103\cs2103-website-base\book\path.md is empty or contains only whitespace
2024-04-30T11:56:53.399Z - warn: Empty file included in C:\repos\nus-cs2103\cs2103-website-base\se-book-adapted\chapters\softwareEngineering.md:
File: C:\repos\nus-cs2103\cs2103-website-base\book\path.md is empty or contains only whitespace
2024-04-30T11:56:53.482Z - warn: Empty file included in C:\repos\nus-cs2103\cs2103-website-base\se-book-adapted\chapters\revisionControl.md:
File: C:\repos\nus-cs2103\cs2103-website-base\book\path.md is empty or contains only whitespace
2024-04-30T11:56:53.673Z - warn: Empty file included in C:\repos\nus-cs2103\cs2103-website-base\se-book-adapted\chapters\reuse.md:
File: C:\repos\nus-cs2103\cs2103-website-base\book\path.md is empty or contains only whitespace
2024-04-30T11:56:54.054Z - warn: Empty file included in C:\repos\nus-cs2103\cs2103-website-base\se-book-adapted\chapters\requirements.md:
File: C:\repos\nus-cs2103\cs2103-website-base\book\path.md is empty or contains only whitespace
2024-04-30T11:56:54.159Z - warn: Empty file included in C:\repos\nus-cs2103\cs2103-website-base\se-book-adapted\chapters\refactoring.md:
File: C:\repos\nus-cs2103\cs2103-website-base\book\path.md is empty or contains only whitespace
2024-04-30T11:56:54.231Z - warn: Empty file included in C:\repos\nus-cs2103\cs2103-website-base\se-book-adapted\chapters\qualityAssurance.md:
File: C:\repos\nus-cs2103\cs2103-website-base\book\path.md is empty or contains only whitespace
2024-04-30T11:56:54.307Z - warn: Empty file included in C:\repos\nus-cs2103\cs2103-website-base\se-book-adapted\chapters\projectPlanning.md:
File: C:\repos\nus-cs2103\cs2103-website-base\book\path.md is empty or contains only whitespace
2024-04-30T11:56:54.639Z - warn: Empty file included in C:\repos\nus-cs2103\cs2103-website-base\se-book-adapted\chapters\processModels.md:
File: C:\repos\nus-cs2103\cs2103-website-base\book\path.md is empty or contains only whitespace
2024-04-30T11:56:54.834Z - warn: Empty file included in C:\repos\nus-cs2103\cs2103-website-base\se-book-adapted\chapters\principles.md:
File: C:\repos\nus-cs2103\cs2103-website-base\book\path.md is empty or contains only whitespace
2024-04-30T11:56:55.192Z - warn: Empty file included in C:\repos\nus-cs2103\cs2103-website-base\se-book-adapted\chapters\oop.md:
File: C:\repos\nus-cs2103\cs2103-website-base\book\path.md is empty or contains only whitespace
2024-04-30T11:56:55.584Z - warn: Empty file included in C:\repos\nus-cs2103\cs2103-website-base\se-book-adapted\chapters\modeling.md:
File: C:\repos\nus-cs2103\cs2103-website-base\book\path.md is empty or contains only whitespace
2024-04-30T11:56:55.659Z - warn: Empty file included in C:\repos\nus-cs2103\cs2103-website-base\book\modeling\modelingStructures\ooStructures\text.md:
File: C:\repos\nus-cs2103\cs2103-website-base\book\modeling\modelingStructures\ooStructures\exercises.md is empty or contains only whitespace
2024-04-30T11:56:57.590Z - warn: Empty file included in C:\repos\nus-cs2103\cs2103-website-base\se-book-adapted\chapters\intellij.md:
File: C:\repos\nus-cs2103\cs2103-website-base\book\path.md is empty or contains only whitespace
2024-04-30T11:56:57.668Z - warn: Empty file included in C:\repos\nus-cs2103\cs2103-website-base\se-book-adapted\chapters\integration.md:
File: C:\repos\nus-cs2103\cs2103-website-base\book\path.md is empty or contains only whitespace
2024-04-30T11:56:57.743Z - warn: Empty file included in C:\repos\nus-cs2103\cs2103-website-base\se-book-adapted\chapters\ides.md:
File: C:\repos\nus-cs2103\cs2103-website-base\book\path.md is empty or contains only whitespace
2024-04-30T11:56:57.775Z - warn: Empty file included in C:\repos\nus-cs2103\cs2103-website-base\se-book-adapted\chapters\gitAndGithub.md:
File: C:\repos\nus-cs2103\cs2103-website-base\book\path.md is empty or contains only whitespace
2024-04-30T11:56:58.840Z - warn: Empty file included in C:\repos\nus-cs2103\cs2103-website-base\se-book-adapted\chapters\gatheringRequirements.md:
File: C:\repos\nus-cs2103\cs2103-website-base\book\path.md is empty or contains only whitespace
2024-04-30T11:56:58.953Z - warn: Empty file included in C:\repos\nus-cs2103\cs2103-website-base\se-book-adapted\chapters\errorHandling.md:
File: C:\repos\nus-cs2103\cs2103-website-base\book\path.md is empty or contains only whitespace
2024-04-30T11:56:59.161Z - warn: Empty file included in C:\repos\nus-cs2103\cs2103-website-base\se-book-adapted\chapters\documentation.md:
File: C:\repos\nus-cs2103\cs2103-website-base\book\path.md is empty or contains only whitespace
2024-04-30T11:56:59.270Z - warn: Empty file included in C:\repos\nus-cs2103\cs2103-website-base\se-book-adapted\chapters\designPatterns.md:
File: C:\repos\nus-cs2103\cs2103-website-base\book\path.md is empty or contains only whitespace
2024-04-30T11:57:00.189Z - warn: Empty file included in C:\repos\nus-cs2103\cs2103-website-base\se-book-adapted\chapters\designFundamentals.md:
File: C:\repos\nus-cs2103\cs2103-website-base\book\path.md is empty or contains only whitespace
2024-04-30T11:57:00.370Z - warn: Empty file included in C:\repos\nus-cs2103\cs2103-website-base\se-book-adapted\chapters\designApproaches.md:
File: C:\repos\nus-cs2103\cs2103-website-base\book\path.md is empty or contains only whitespace
2024-04-30T11:57:00.416Z - warn: Empty file included in C:\repos\nus-cs2103\cs2103-website-base\se-book-adapted\chapters\design.md:
File: C:\repos\nus-cs2103\cs2103-website-base\book\path.md is empty or contains only whitespace
2024-04-30T11:57:00.439Z - warn: Empty file included in C:\repos\nus-cs2103\cs2103-website-base\se-book-adapted\chapters\cppToJava.md:
File: C:\repos\nus-cs2103\cs2103-website-base\book\path.md is empty or contains only whitespace
2024-04-30T11:57:00.444Z - warn: Empty reference in C:\repos\nus-cs2103\cs2103-website-base\se-book-adapted\chapters\cppToJava.md:
Segment '#outcomes' in file: C:\repos\nus-cs2103\cs2103-website-base\book\cppToJava\about\text.md is empty
2024-04-30T11:57:03.197Z - warn: Empty file included in C:\repos\nus-cs2103\cs2103-website-base\se-book-adapted\chapters\codeQuality.md:
File: C:\repos\nus-cs2103\cs2103-website-base\book\path.md is empty or contains only whitespace
2024-04-30T11:57:03.895Z - warn: Empty file included in C:\repos\nus-cs2103\cs2103-website-base\se-book-adapted\chapters\architecture.md:
File: C:\repos\nus-cs2103\cs2103-website-base\book\path.md is empty or contains only whitespace
2024-04-30T11:57:14.115Z - warn: Empty file included in C:\repos\nus-cs2103\cs2103-website-base\book\modeling\modelingStructures\ooStructures\text.md:
File: C:\repos\nus-cs2103\cs2103-website-base\book\modeling\modelingStructures\ooStructures\exercises.md is empty or contains only whitespace
2024-04-30T11:57:59.589Z - debug:  
2024-04-30T11:58:18.625Z - debug:  
2024-04-30T11:58:18.721Z - debug:  
2024-04-30T11:58:22.928Z - error: Invalid HTML in C:\repos\nus-cs2103\cs2103-website-base\admin\mid-semester-survey-results.md.
Table must have a tbody tag. Please correct this to avoid Vue hydration issues.

2024-04-30T11:58:30.923Z - info: Pages built
2024-04-30T11:58:32.084Z - info: Site data built
2024-04-30T11:58:32.084Z - info: Website generation complete! Total build time: 213.931s
2024-04-30T11:58:32.084Z - info: Build success!
2024-04-30T11:58:33.240Z - error: uncaughtException: The "path" argument must be of type string. Received undefined date=Tue Apr 30 2024 19:58:33 GMT+0800 (Singapore Standard Time), pid=33572, uid=null, gid=null, cwd=C:\repos\nus-cs2103\cs2103-website-base, execPath=C:\Program Files\nodejs\node.exe, version=v20.10.0, argv=[C:\Program Files\nodejs\node.exe, C:\Users\dcsdcr\AppData\Roaming\npm\node_modules\markbind-cli\index.js, deploy], rss=1632559104, heapTotal=1568423936, heapUsed=1503540824, external=2498705, arrayBuffers=140388, loadavg=[0, 0, 0], uptime=19395.984
TypeError [ERR_INVALID_ARG_TYPE]: The "path" argument must be of type string. Received undefined
    at validateString (node:internal/validators:162:11)
    at Object.join (node:path:433:7)
    at getCacheDir (C:\Users\dcsdcr\AppData\Roaming\npm\node_modules\markbind-cli\node_modules\gh-pages\lib\index.js:24:15)
    at C:\Users\dcsdcr\AppData\Roaming\npm\node_modules\markbind-cli\node_modules\gh-pages\lib\index.js:127:23
    at process.processTicksAndRejections (node:internal/process/task_queues:95:5)
2024-04-30T12:04:34.468Z - error: The "path" argument must be of type string. Received undefined
2024-04-30T12:17:22.920Z - error: The "path" argument must be of type string. Received undefined
2024-04-30T12:19:54.601Z - error: The "path" argument must be of type string. Received undefined
