2024-04-21T05:07:37.458Z - info: Website generation (lazy) started at 1:07:31 pm
2024-04-21T05:07:46.217Z - info: Building assets...
2024-04-21T05:07:52.447Z - info: Assets built
2024-04-21T05:07:52.448Z - info: Generating landing page...
2024-04-21T05:07:53.615Z - info: Landing page built, other pages will be built as you navigate to them!
2024-04-21T05:07:55.003Z - info: Site data built
2024-04-21T05:07:55.003Z - info: Website generation (lazy) complete! Total build time: 23.949s
2024-04-21T05:07:55.427Z - info: Serving "C:\repos\nus-cs2103\cs2103-website-base\_site" at http://127.0.0.1:8080
2024-04-21T05:07:55.427Z - info: Press CTRL+C to stop ...
2024-04-21T05:21:22.449Z - info: Building C:\repos\nus-cs2103\cs2103-website-base\admin\tp-pe as some of its dependencies were changed since the last visit
2024-04-21T05:21:23.865Z - info: Site data built
2024-04-21T05:21:23.865Z - info: Lazy website regeneration complete! Total build time: 1.417s
2024-04-21T05:22:50.202Z - info: Website generation started at 1:22:48 pm
2024-04-21T05:22:58.680Z - info: Building assets...
2024-04-21T05:23:03.903Z - info: Assets built
2024-04-21T05:23:03.904Z - info: Generating pages...
2024-04-21T05:23:36.178Z - debug:  
2024-04-21T05:23:36.955Z - debug:  
2024-04-21T05:23:37.127Z - debug:  
2024-04-21T05:23:37.160Z - debug:  
2024-04-21T05:23:37.220Z - debug:  
2024-04-21T05:23:37.345Z - debug:  
2024-04-21T05:23:37.347Z - debug:  
2024-04-21T05:23:37.351Z - debug:  
2024-04-21T05:23:37.448Z - debug:  
2024-04-21T05:23:40.624Z - debug:  
2024-04-21T05:23:40.624Z - debug:  
2024-04-21T05:23:40.625Z - debug:  
2024-04-21T05:23:40.625Z - debug:  
2024-04-21T05:23:40.625Z - debug:  
2024-04-21T05:23:40.625Z - debug:  
2024-04-21T05:23:40.626Z - debug:  
2024-04-21T05:23:40.634Z - debug:  
2024-04-21T05:26:13.201Z - debug:  
2024-04-21T05:26:37.316Z - debug:  
2024-04-21T05:26:37.333Z - debug:  
2024-04-21T05:26:50.064Z - info: Pages built
2024-04-21T05:26:51.092Z - info: Site data built
2024-04-21T05:26:51.093Z - info: Website generation complete! Total build time: 242.93s
2024-04-21T05:26:51.093Z - info: Build success!
2024-04-21T05:32:42.002Z - info: The website has been deployed at: https://nus-cs2103-ay2324s2.github.io/website
2024-04-21T15:00:06.708Z - info: Website generation (lazy) started at 10:59:58 pm
2024-04-21T15:00:18.539Z - info: Building assets...
2024-04-21T15:00:24.774Z - info: Assets built
2024-04-21T15:00:24.776Z - info: Generating landing page...
2024-04-21T15:00:26.658Z - info: Landing page built, other pages will be built as you navigate to them!
2024-04-21T15:00:28.095Z - info: Site data built
2024-04-21T15:00:28.096Z - info: Website generation (lazy) complete! Total build time: 29.781s
2024-04-21T15:00:28.154Z - info: Serving "C:\repos\nus-cs2103\cs2103-website-base\_site" at http://127.0.0.1:8080
2024-04-21T15:00:28.154Z - info: Press CTRL+C to stop ...
2024-04-21T15:00:29.806Z - info: [11:00:29 pm] Reload for file change: C:\repos\nus-cs2103\cs2103-website-base\admin\tp-pe-fragment.md
2024-04-21T15:00:29.808Z - info: Synchronizing opened pages list before reload
2024-04-21T15:00:29.809Z - info: No pages are currently opened
2024-04-21T15:00:31.338Z - info: Assets built
2024-04-21T15:05:17.438Z - info: [11:05:17 pm] Reload for file change: C:\repos\nus-cs2103\cs2103-website-base\admin\tp-pe-fragment.md
2024-04-21T15:05:17.439Z - info: Synchronizing opened pages list before reload
2024-04-21T15:05:17.440Z - info: Current opened pages, from most-to-least recent:
2024-04-21T15:05:17.440Z - info: 1. index
2024-04-21T15:05:18.459Z - info: Assets built
2024-04-21T15:05:19.724Z - info: Building C:\repos\nus-cs2103\cs2103-website-base\admin\tp-pe as some of its dependencies were changed since the last visit
2024-04-21T15:05:21.271Z - info: Site data built
2024-04-21T15:05:21.272Z - info: Lazy website regeneration complete! Total build time: 1.548s
2024-04-21T15:05:56.577Z - info: [11:05:56 pm] Reload for file change: C:\repos\nus-cs2103\cs2103-website-base\admin\tp-pe-fragment.md
2024-04-21T15:05:56.579Z - info: Synchronizing opened pages list before reload
2024-04-21T15:05:56.580Z - info: Current opened pages, from most-to-least recent:
2024-04-21T15:05:56.580Z - info: 1. admin/tp-pe
2024-04-21T15:05:57.592Z - info: Rebuilding 1 pages
2024-04-21T15:05:58.684Z - info: Site data built
2024-04-21T15:05:58.684Z - info: Pages rebuilt
2024-04-21T15:05:58.685Z - info: Website regeneration complete! Total build time: 1.095s
2024-04-21T15:06:49.503Z - info: [11:06:49 pm] Reload for file change: C:\repos\nus-cs2103\cs2103-website-base\admin\tp-pe-fragment.md
2024-04-21T15:06:49.504Z - info: Synchronizing opened pages list before reload
2024-04-21T15:06:49.504Z - info: Current opened pages, from most-to-least recent:
2024-04-21T15:06:49.505Z - info: 1. admin/tp-pe
2024-04-21T15:06:50.515Z - info: Rebuilding 1 pages
2024-04-21T15:06:51.605Z - info: Site data built
2024-04-21T15:06:51.605Z - info: Pages rebuilt
2024-04-21T15:06:51.606Z - info: Website regeneration complete! Total build time: 1.092s
2024-04-21T15:08:09.199Z - info: [11:08:09 pm] Reload for file change: C:\repos\nus-cs2103\cs2103-website-base\admin\tp-pe-fragment.md
2024-04-21T15:08:09.200Z - info: Synchronizing opened pages list before reload
2024-04-21T15:08:09.201Z - info: Current opened pages, from most-to-least recent:
2024-04-21T15:08:09.201Z - info: 1. admin/tp-pe
2024-04-21T15:08:10.221Z - info: Rebuilding 1 pages
2024-04-21T15:08:11.274Z - info: Site data built
2024-04-21T15:08:11.274Z - info: Pages rebuilt
2024-04-21T15:08:11.275Z - info: Website regeneration complete! Total build time: 1.056s
2024-04-21T15:08:23.120Z - info: [11:08:23 pm] Reload for file change: C:\repos\nus-cs2103\cs2103-website-base\admin\tp-pe-fragment.md
2024-04-21T15:08:23.120Z - info: Synchronizing opened pages list before reload
2024-04-21T15:08:23.120Z - info: Current opened pages, from most-to-least recent:
2024-04-21T15:08:23.121Z - info: 1. admin/tp-pe
2024-04-21T15:08:24.133Z - info: Rebuilding 1 pages
2024-04-21T15:08:24.854Z - info: Site data built
2024-04-21T15:08:24.854Z - info: Pages rebuilt
2024-04-21T15:08:24.855Z - info: Website regeneration complete! Total build time: 0.722s
2024-04-21T15:12:04.704Z - info: [11:12:04 pm] Reload for file change: C:\repos\nus-cs2103\cs2103-website-base\admin\tp-pe-fragment.md
2024-04-21T15:12:04.705Z - info: Synchronizing opened pages list before reload
2024-04-21T15:12:04.705Z - info: Current opened pages, from most-to-least recent:
2024-04-21T15:12:04.706Z - info: 1. admin/tp-pe
2024-04-21T15:12:05.724Z - info: Rebuilding 1 pages
2024-04-21T15:12:06.746Z - info: Site data built
2024-04-21T15:12:06.746Z - info: Pages rebuilt
2024-04-21T15:12:06.747Z - info: Website regeneration complete! Total build time: 1.024s
2024-04-21T15:13:32.400Z - info: [11:13:32 pm] Reload for file change: C:\repos\nus-cs2103\cs2103-website-base\admin\tp-pe-fragment.md
2024-04-21T15:13:32.400Z - info: Synchronizing opened pages list before reload
2024-04-21T15:13:32.400Z - info: Current opened pages, from most-to-least recent:
2024-04-21T15:13:32.401Z - info: 1. admin/tp-pe
2024-04-21T15:13:33.418Z - info: Rebuilding 1 pages
2024-04-21T15:13:34.245Z - info: Site data built
2024-04-21T15:13:34.245Z - info: Pages rebuilt
2024-04-21T15:13:34.246Z - info: Website regeneration complete! Total build time: 0.828s
2024-04-21T15:14:15.501Z - info: [11:14:15 pm] Reload for file change: C:\repos\nus-cs2103\cs2103-website-base\admin\tp-pe-fragment.md
2024-04-21T15:14:15.502Z - info: Synchronizing opened pages list before reload
2024-04-21T15:14:15.503Z - info: Current opened pages, from most-to-least recent:
2024-04-21T15:14:15.503Z - info: 1. admin/tp-pe
2024-04-21T15:14:16.509Z - info: Rebuilding 1 pages
2024-04-21T15:14:17.589Z - info: Site data built
2024-04-21T15:14:17.589Z - info: Pages rebuilt
2024-04-21T15:14:17.589Z - info: Website regeneration complete! Total build time: 1.081s
2024-04-21T15:15:07.174Z - info: [11:15:07 pm] Reload for file change: C:\repos\nus-cs2103\cs2103-website-base\admin\tp-pe-fragment.md
2024-04-21T15:15:07.175Z - info: Synchronizing opened pages list before reload
2024-04-21T15:15:07.175Z - info: Current opened pages, from most-to-least recent:
2024-04-21T15:15:07.176Z - info: 1. admin/tp-pe
2024-04-21T15:15:08.193Z - info: Rebuilding 1 pages
2024-04-21T15:15:09.216Z - info: Site data built
2024-04-21T15:15:09.216Z - info: Pages rebuilt
2024-04-21T15:15:09.216Z - info: Website regeneration complete! Total build time: 1.024s
2024-04-21T15:18:21.373Z - info: Website generation started at 11:18:18 pm
2024-04-21T15:18:29.286Z - info: Building assets...
