2024-01-03T17:11:19.264Z - info: Website generation started at 1:11:17 am
2024-01-03T17:11:28.493Z - info: Building assets...
2024-01-03T17:11:34.384Z - info: Assets built
2024-01-03T17:11:34.384Z - info: Generating pages...
2024-01-03T17:11:46.179Z - debug:  
2024-01-03T17:11:46.182Z - debug:  
2024-01-03T17:11:46.213Z - debug:  
2024-01-03T17:11:46.275Z - debug:  
2024-01-03T17:11:46.509Z - debug:  
2024-01-03T17:11:46.726Z - debug:  
2024-01-03T17:11:46.727Z - debug:  
2024-01-03T17:11:46.748Z - debug:  
2024-01-03T17:11:46.767Z - debug:  
2024-01-03T17:11:46.799Z - debug:  
2024-01-03T17:11:46.815Z - debug:  
2024-01-03T17:11:51.844Z - debug:  
2024-01-03T17:11:51.857Z - debug:  
2024-01-03T17:11:54.541Z - debug:  
2024-01-03T17:12:07.401Z - debug:  
2024-01-03T17:12:22.594Z - debug:  
2024-01-03T17:12:59.497Z - info: Pages built
2024-01-03T17:13:00.286Z - info: Site data built
2024-01-03T17:13:00.286Z - info: Website generation complete! Total build time: 102.648s
2024-01-03T17:13:00.286Z - info: Build success!
2024-01-03T17:15:31.359Z - info: The website has been deployed at: https://nus-tee3201.github.io/2024
2024-01-03T17:28:35.705Z - info: Website generation started at 1:28:32 am
2024-01-03T17:28:43.744Z - info: Building assets...
