2024-03-20T13:40:03.357Z - info: Website generation started at 9:39:53 pm
2024-03-20T13:40:12.074Z - info: Building assets...
2024-03-20T13:40:18.342Z - info: Assets built
2024-03-20T13:40:18.344Z - info: Generating pages...
2024-03-20T13:40:49.094Z - debug:  
2024-03-20T13:40:49.495Z - debug:  
2024-03-20T13:40:49.564Z - debug:  
2024-03-20T13:40:52.602Z - debug:  
2024-03-20T13:40:52.607Z - debug:  
2024-03-20T13:40:52.608Z - debug:  
2024-03-20T13:40:52.608Z - debug:  
2024-03-20T13:40:52.608Z - debug:  
2024-03-20T13:40:52.608Z - debug:  
2024-03-20T13:40:52.609Z - debug:  
2024-03-20T13:40:52.609Z - debug:  
2024-03-20T13:40:52.609Z - debug:  
2024-03-20T13:40:52.609Z - debug:  
2024-03-20T13:40:52.609Z - debug:  
2024-03-20T13:40:52.610Z - debug:  
2024-03-20T13:40:58.097Z - debug:  
2024-03-20T13:41:46.074Z - debug:  
2024-03-20T13:42:44.733Z - info: Pages built
2024-03-20T13:42:45.857Z - info: Site data built
2024-03-20T13:42:45.857Z - info: Website generation complete! Total build time: 172.373s
2024-03-20T13:42:45.857Z - info: Build success!
2024-03-20T13:47:53.513Z - info: The website has been deployed at: https://nus-tic2002-ay2324s2.github.io/website
