2023-12-25T08:49:27.343Z - info: Website generation (lazy) started at 4:49:25 pm
2023-12-25T08:49:36.196Z - info: Building assets...
2023-12-25T08:49:41.755Z - info: Assets built
2023-12-25T08:49:41.755Z - info: Generating landing page...
2023-12-25T08:49:42.242Z - info: Landing page built, other pages will be built as you navigate to them!
2023-12-25T08:49:43.003Z - info: Site data built
2023-12-25T08:49:43.003Z - info: Website generation (lazy) complete! Total build time: 17.163s
2023-12-25T08:49:43.873Z - info: Serving "C:\repos\nus-cs2103\cs2103-website-base\_site" at http://127.0.0.1:8080
2023-12-25T08:49:43.873Z - info: Press CTRL+C to stop ...
2023-12-25T08:50:10.294Z - info: Building C:\repos\nus-cs2103\cs2103-website-base\admin\tutorials as some of its dependencies were changed since the last visit
2023-12-25T08:50:10.660Z - info: Site data built
2023-12-25T08:50:10.660Z - info: Lazy website regeneration complete! Total build time: 0.373s
2023-12-25T08:50:32.770Z - info: Building C:\repos\nus-cs2103\cs2103-website-base\admin\lectures as some of its dependencies were changed since the last visit
2023-12-25T08:50:32.932Z - info: Site data built
2023-12-25T08:50:32.932Z - info: Lazy website regeneration complete! Total build time: 0.163s
2023-12-25T08:51:46.103Z - info: [4:51:46 pm] Reload for file change: C:\repos\nus-cs2103\cs2103-website-base\_course-CS2103\timetables-fragment.md
2023-12-25T08:51:46.103Z - info: Synchronizing opened pages list before reload
2023-12-25T08:51:46.103Z - info: Current opened pages, from most-to-least recent:
2023-12-25T08:51:46.104Z - info: 1. admin/lectures
2023-12-25T08:51:47.110Z - info: Rebuilding 1 pages
2023-12-25T08:51:47.258Z - info: Site data built
2023-12-25T08:51:47.258Z - info: Pages rebuilt
2023-12-25T08:51:47.258Z - info: Website regeneration complete! Total build time: 0.151s
2023-12-25T08:53:06.578Z - info: [4:53:06 pm] Reload for file change: C:\repos\nus-cs2103\cs2103-website-base\_course-CS2103\timetables-fragment.md
2023-12-25T08:53:06.578Z - info: Synchronizing opened pages list before reload
2023-12-25T08:53:06.579Z - info: Current opened pages, from most-to-least recent:
2023-12-25T08:53:06.579Z - info: 1. admin/lectures
2023-12-25T08:53:07.587Z - info: Rebuilding 1 pages
2023-12-25T08:53:07.773Z - info: Site data built
2023-12-25T08:53:07.773Z - info: Pages rebuilt
2023-12-25T08:53:07.773Z - info: Website regeneration complete! Total build time: 0.187s
2023-12-25T08:54:25.655Z - info: [4:54:25 pm] Reload for file change: C:\repos\nus-cs2103\cs2103-website-base\_course-CS2113\timetables-fragment.md
2023-12-25T08:54:25.656Z - info: Synchronizing opened pages list before reload
2023-12-25T08:54:25.656Z - info: Current opened pages, from most-to-least recent:
2023-12-25T08:54:25.656Z - info: 1. admin/lectures
2023-12-25T08:54:26.661Z - info: Assets built
2023-12-25T08:55:40.668Z - info: [4:55:40 pm] Reload for file change: C:\repos\nus-cs2103\cs2103-website-base\site.json
2023-12-25T08:55:40.668Z - info: Synchronizing opened pages list before reload
2023-12-25T08:55:40.668Z - info: Current opened pages, from most-to-least recent:
2023-12-25T08:55:40.668Z - info: 1. admin/lectures
2023-12-25T08:55:45.600Z - info: Pages or site config modified, updating pages...
2023-12-25T08:55:49.429Z - info: Building C:\repos\nus-cs2103\cs2103-website-base\admin\instructors as some of its dependencies were changed since the last visit
2023-12-25T08:55:49.719Z - info: Site data built
2023-12-25T08:55:49.719Z - info: Lazy website regeneration complete! Total build time: 0.29s
2023-12-25T08:55:50.450Z - info: Building C:\repos\nus-cs2103\cs2103-website-base\admin\lectures as some of its dependencies were changed since the last visit
2023-12-25T08:55:50.647Z - info: Site data built
2023-12-25T08:55:50.648Z - info: Lazy website regeneration complete! Total build time: 0.198s
2023-12-25T08:55:50.656Z - info: Site data built
