2024-02-03T11:27:32.749Z - info: Website generation (lazy) started at 7:27:26 pm
2024-02-03T11:27:41.373Z - info: Building assets...
2024-02-03T11:27:47.865Z - info: Assets built
2024-02-03T11:27:47.866Z - info: Generating landing page...
2024-02-03T11:27:49.284Z - info: Landing page built, other pages will be built as you navigate to them!
2024-02-03T11:27:50.408Z - info: Site data built
2024-02-03T11:27:50.409Z - info: Website generation (lazy) complete! Total build time: 23.775s
2024-02-03T11:27:50.459Z - info: Serving "C:\repos\nus-cs2103\cs2103-website-base\_site" at http://127.0.0.1:8080
2024-02-03T11:27:50.460Z - info: Press CTRL+C to stop ...
2024-02-03T11:29:52.876Z - info: [7:29:52 pm] Reload for file change: C:\repos\nus-cs2103\cs2103-website-base\_course-CS2103\studentData-fragment.md
2024-02-03T11:29:52.878Z - info: Synchronizing opened pages list before reload
2024-02-03T11:29:52.878Z - info: Current opened pages, from most-to-least recent:
2024-02-03T11:29:52.879Z - info: 1. index
2024-02-03T11:29:53.890Z - info: Rebuilding 1 pages
2024-02-03T11:29:54.863Z - info: Site data built
2024-02-03T11:29:54.863Z - info: Pages rebuilt
2024-02-03T11:29:54.863Z - info: Website regeneration complete! Total build time: 0.974s
2024-02-03T11:30:03.910Z - info: Building C:\repos\nus-cs2103\cs2103-website-base\admin\ip-showcase as some of its dependencies were changed since the last visit
2024-02-03T11:30:05.406Z - info: Site data built
2024-02-03T11:30:05.407Z - info: Lazy website regeneration complete! Total build time: 1.496s
2024-02-03T11:44:18.503Z - info: [7:44:18 pm] Reload for file change: C:\repos\nus-cs2103\cs2103-website-base\_course-CS2103\weeklyTpTasks-fragment.md
2024-02-03T11:44:18.505Z - info: Synchronizing opened pages list before reload
2024-02-03T11:44:18.505Z - info: Current opened pages, from most-to-least recent:
2024-02-03T11:44:18.505Z - info: 1. admin/ip-showcase
2024-02-03T11:44:19.524Z - info: No pages needed to be rebuilt
2024-02-03T11:44:23.170Z - info: Building C:\repos\nus-cs2103\cs2103-website-base\index as some of its dependencies were changed since the last visit
2024-02-03T11:44:24.291Z - info: Site data built
2024-02-03T11:44:24.291Z - info: Lazy website regeneration complete! Total build time: 1.121s
2024-02-03T11:46:26.156Z - info: Website generation started at 7:46:24 pm
2024-02-03T11:46:34.257Z - info: Building assets...
2024-02-03T11:46:40.146Z - info: Assets built
2024-02-03T11:46:40.147Z - info: Generating pages...
2024-02-03T11:47:05.244Z - debug:  
2024-02-03T11:47:05.249Z - debug:  
2024-02-03T11:47:05.250Z - debug:  
2024-02-03T11:47:05.250Z - debug:  
2024-02-03T11:47:05.251Z - debug:  
2024-02-03T11:47:05.253Z - debug:  
2024-02-03T11:47:05.253Z - debug:  
2024-02-03T11:47:05.254Z - debug:  
2024-02-03T11:47:05.577Z - debug:  
2024-02-03T11:47:05.578Z - debug:  
2024-02-03T11:47:05.639Z - debug:  
2024-02-03T11:47:05.656Z - debug:  
2024-02-03T11:47:05.700Z - debug:  
2024-02-03T11:47:05.701Z - debug:  
2024-02-03T11:47:05.738Z - debug:  
2024-02-03T11:47:07.900Z - debug:  
2024-02-03T11:47:08.224Z - debug:  
2024-02-03T11:49:01.936Z - debug:  
2024-02-03T11:49:17.963Z - debug:  
2024-02-03T11:49:18.003Z - debug:  
2024-02-03T11:49:26.363Z - info: Pages built
2024-02-03T11:49:27.490Z - info: Site data built
2024-02-03T11:49:27.490Z - info: Website generation complete! Total build time: 183.412s
2024-02-03T11:49:27.490Z - info: Build success!
2024-02-03T11:53:30.269Z - info: The website has been deployed at: https://nus-cs2103-ay2324s2.github.io/website
