#
# There is insufficient memory for the Java Runtime Environment to continue.
# Native memory allocation (mmap) failed to map 264241152 bytes for Failed to commit area from 0x0000000704600000 to 0x0000000714200000 of length 264241152.
# Possible reasons:
#   The system is out of physical RAM or swap space
#   The process is running with CompressedOops enabled, and the Java Heap may be blocking the growth of the native heap
# Possible solutions:
#   Reduce memory load on the system
#   Increase physical memory or swap space
#   Check if swap backing store is full
#   Decrease Java heap size (-Xmx/-Xms)
#   Decrease number of Java threads
#   Decrease Java thread stack sizes (-Xss)
#   Set larger code cache with -XX:ReservedCodeCacheSize=
# This output file may be truncated or incomplete.
#
#  Out of Memory Error (./open/src/hotspot/os/windows/os_windows.cpp:3293), pid=31924, tid=11172
#
# JRE version:  (11.0.20+9) (build )
# Java VM: Java HotSpot(TM) 64-Bit Server VM (11.0.20+9-LTS-256, mixed mode, sharing, tiered, compressed oops, g1 gc, windows-amd64)
# No core dump will be written. Minidumps are not enabled by default on client versions of Windows
#

---------------  S U M M A R Y ------------

Command Line: C:\\Users\\dcsdcr\\AppData\\Roaming\\npm\\node_modules\\markbind-cli\\node_modules\\@markbind\\core\\src\\plugins\\default\\plantuml.jar -nometadata -pipe

Host: Intel(R) Core(TM) i7-10850H CPU @ 2.70GHz, 12 cores, 15G,  Windows 11 , 64 bit Build 22621 (10.0.22621.3085)
Time: Tue Feb 27 00:14:09 2024 Malay Peninsula Standard Time elapsed time: 2.601452 seconds (0d 0h 0m 2s)

---------------  T H R E A D  ---------------

Current thread (0x000001a21a3d9800):  JavaThread "Unknown thread" [_thread_in_vm, id=11172, stack(0x0000003887e00000,0x0000003887f00000)]

Stack: [0x0000003887e00000,0x0000003887f00000]
Native frames: (J=compiled Java code, j=interpreted, Vv=VM code, C=native code)
V  [jvm.dll+0x6602ba]
V  [jvm.dll+0x7a32af]
V  [jvm.dll+0x7a4979]
V  [jvm.dll+0x7a5013]
V  [jvm.dll+0x258ef5]
V  [jvm.dll+0x65d619]
V  [jvm.dll+0x652375]
V  [jvm.dll+0x31359d]
V  [jvm.dll+0x313402]
V  [jvm.dll+0x318036]
V  [jvm.dll+0x360130]
V  [jvm.dll+0x35fba2]
V  [jvm.dll+0x2eec28]
V  [jvm.dll+0x2efd35]
V  [jvm.dll+0x77c327]
V  [jvm.dll+0x77dc0f]
V  [jvm.dll+0x36d3d9]
V  [jvm.dll+0x760d0f]
V  [jvm.dll+0x3df467]
V  [jvm.dll+0x3e1511]
C  [jli.dll+0x52e7]
C  [ucrtbase.dll+0x29363]
C  [KERNEL32.DLL+0x1257d]
C  [ntdll.dll+0x5aa58]


---------------  P R O C E S S  ---------------

Threads class SMR info:
_java_thread_list=0x000001a217136050, length=0, elements={
}

Java Threads: ( => current thread )

Other Threads:
  0x000001a21a3ec000 GCTaskThread "GC Thread#0" [stack: 0x0000003887f00000,0x0000003888000000] [id=32400]
  0x000001a21a44a800 ConcurrentGCThread "G1 Main Marker" [stack: 0x0000003888000000,0x0000003888100000] [id=28424]
  0x000001a21a44b800 ConcurrentGCThread "G1 Conc#0" [stack: 0x0000003888100000,0x0000003888200000] [id=16348]

[error occurred during error reporting (printing all threads), id 0xc0000005, EXCEPTION_ACCESS_VIOLATION (0xc0000005) at pc=0x00007ffee301f6e7]

VM state:not at safepoint (not fully initialized)

VM Mutex/Monitor currently owned by a thread:  ([mutex/lock_event])
[0x000001a21a3d40c0] Heap_lock - owner thread: 0x000001a21a3d9800

Heap address: 0x0000000704600000, size: 4026 MB, Compressed Oops mode: Non-zero based: 0x0000000704600000
Narrow klass base: 0x0000000000000000, Narrow klass shift: 0

GC Heap History (0 events):
No events

Deoptimization events (0 events):
No events

Classes redefined (0 events):
No events

Internal exceptions (0 events):
No events

Events (0 events):
No events


Dynamic libraries:
0x00007ff7a2860000 - 0x00007ff7a2870000 	C:\Program Files\Java\jdk-11\bin\java.exe
0x00007ffff50f0000 - 0x00007ffff5307000 	C:\Windows\SYSTEM32\ntdll.dll
0x00007ffff4320000 - 0x00007ffff43e4000 	C:\Windows\System32\KERNEL32.DLL
0x00007ffff2430000 - 0x00007ffff27d6000 	C:\Windows\System32\KERNELBASE.dll
0x00007ffff29c0000 - 0x00007ffff2ad1000 	C:\Windows\System32\ucrtbase.dll
0x00007fffb1440000 - 0x00007fffb1459000 	C:\Program Files\Java\jdk-11\bin\jli.dll
0x00007ffff3ec0000 - 0x00007ffff3f73000 	C:\Windows\System32\ADVAPI32.dll
0x00007fff88dc0000 - 0x00007fff88ddb000 	C:\Program Files\Java\jdk-11\bin\VCRUNTIME140.dll
0x00007ffff4090000 - 0x00007ffff4137000 	C:\Windows\System32\msvcrt.dll
0x00007ffff3f80000 - 0x00007ffff4028000 	C:\Windows\System32\sechost.dll
0x00007ffff2d60000 - 0x00007ffff2d88000 	C:\Windows\System32\bcrypt.dll
0x00007ffff48d0000 - 0x00007ffff49e7000 	C:\Windows\System32\RPCRT4.dll
0x00007ffff4640000 - 0x00007ffff47ee000 	C:\Windows\System32\USER32.dll
0x00007ffff2d90000 - 0x00007ffff2db6000 	C:\Windows\System32\win32u.dll
0x00007ffff42f0000 - 0x00007ffff4319000 	C:\Windows\System32\GDI32.dll
0x00007ffff2b80000 - 0x00007ffff2c98000 	C:\Windows\System32\gdi32full.dll
0x00007fffcabf0000 - 0x00007fffcae83000 	C:\Windows\WinSxS\amd64_microsoft.windows.common-controls_6595b64144ccf1df_6.0.22621.2506_none_270c5ae97388e100\COMCTL32.dll
0x00007ffff2ae0000 - 0x00007ffff2b7a000 	C:\Windows\System32\msvcp_win.dll
0x00007fffe3910000 - 0x00007fffe391a000 	C:\Windows\SYSTEM32\VERSION.dll
0x00007ffff4f00000 - 0x00007ffff4f31000 	C:\Windows\System32\IMM32.DLL
0x00007fffe8fd0000 - 0x00007fffe91d2000 	C:\Windows\system32\tmumh\20019\AddOn\8.55.0.1288\TmUmEvt64.dll
0x00007ffff43f0000 - 0x00007ffff43f8000 	C:\Windows\System32\PSAPI.DLL
0x0000000055d20000 - 0x0000000055eb7000 	C:\Windows\system32\tmumh\20019\TmMon\2.9.0.1084\tmmon64.dll
0x00007fffc0d70000 - 0x00007fffc10ad000 	C:\Windows\System32\TmLWE\TmUmSnsr64\1.0.0.1127\TmUmSnsr64.dll
0x00007ffff13b0000 - 0x00007ffff13c8000 	C:\Windows\SYSTEM32\kernel.appcore.dll
0x00007fffbc770000 - 0x00007fffbc77c000 	C:\Program Files\Java\jdk-11\bin\vcruntime140_1.dll
0x00007fff46120000 - 0x00007fff461ae000 	C:\Program Files\Java\jdk-11\bin\msvcp140.dll
0x00007ffee2d20000 - 0x00007ffee388d000 	C:\Program Files\Java\jdk-11\bin\server\jvm.dll
0x00007fffe1280000 - 0x00007fffe1289000 	C:\Windows\SYSTEM32\WSOCK32.dll
0x00007ffff4e80000 - 0x00007ffff4ef1000 	C:\Windows\System32\WS2_32.dll
0x00007fffea280000 - 0x00007fffea2b4000 	C:\Windows\SYSTEM32\WINMM.dll
0x00007fffb1430000 - 0x00007fffb1440000 	C:\Program Files\Java\jdk-11\bin\verify.dll
0x00007fffe1dd0000 - 0x00007fffe2003000 	C:\Windows\SYSTEM32\DBGHELP.DLL
0x00007ffff3a10000 - 0x00007ffff3d99000 	C:\Windows\System32\combase.dll
0x00007ffff47f0000 - 0x00007ffff48c7000 	C:\Windows\System32\OLEAUT32.dll
0x00007fffe3600000 - 0x00007fffe3632000 	C:\Windows\SYSTEM32\dbgcore.DLL
0x00007ffff2dc0000 - 0x00007ffff2e3a000 	C:\Windows\System32\bcryptPrimitives.dll
0x00007fff88bc0000 - 0x00007fff88be8000 	C:\Program Files\Java\jdk-11\bin\java.dll
0x00007fff88d20000 - 0x00007fff88d2a000 	C:\Program Files\Java\jdk-11\bin\jimage.dll
0x00007fff46100000 - 0x00007fff46117000 	C:\Program Files\Java\jdk-11\bin\zip.dll

dbghelp: loaded successfully - version: 4.0.5 - missing functions: none
symbol engine: initialized successfully - sym options: 0x614 - pdb path: .;C:\Program Files\Java\jdk-11\bin;C:\Windows\SYSTEM32;C:\Windows\WinSxS\amd64_microsoft.windows.common-controls_6595b64144ccf1df_6.0.22621.2506_none_270c5ae97388e100;C:\Windows\system32\tmumh\20019\AddOn\8.55.0.1288;C:\Windows\system32\tmumh\20019\TmMon\2.9.0.1084;C:\Windows\System32\TmLWE\TmUmSnsr64\1.0.0.1127;C:\Program Files\Java\jdk-11\bin\server

VM Arguments:
java_command: C:\\Users\\dcsdcr\\AppData\\Roaming\\npm\\node_modules\\markbind-cli\\node_modules\\@markbind\\core\\src\\plugins\\default\\plantuml.jar -nometadata -pipe
java_class_path (initial): C:\\Users\\dcsdcr\\AppData\\Roaming\\npm\\node_modules\\markbind-cli\\node_modules\\@markbind\\core\\src\\plugins\\default\\plantuml.jar
Launcher Type: SUN_STANDARD

[Global flags]
     intx CICompilerCount                          = 4                                         {product} {ergonomic}
     uint ConcGCThreads                            = 3                                         {product} {ergonomic}
     uint G1ConcRefinementThreads                  = 10                                        {product} {ergonomic}
   size_t G1HeapRegionSize                         = 1048576                                   {product} {ergonomic}
    uintx GCDrainStackTargetSize                   = 64                                        {product} {ergonomic}
   size_t InitialHeapSize                          = 264241152                                 {product} {ergonomic}
   size_t MarkStackSize                            = 4194304                                   {product} {ergonomic}
   size_t MaxHeapSize                              = 4221566976                                {product} {ergonomic}
   size_t MinHeapDeltaBytes                        = 1048576                                   {product} {ergonomic}
    uintx NonNMethodCodeHeapSize                   = 5836300                                {pd product} {ergonomic}
    uintx NonProfiledCodeHeapSize                  = 122910970                              {pd product} {ergonomic}
    uintx ProfiledCodeHeapSize                     = 122910970                              {pd product} {ergonomic}
    uintx ReservedCodeCacheSize                    = 251658240                              {pd product} {ergonomic}
     bool SegmentedCodeCache                       = true                                      {product} {ergonomic}
     bool UseCompressedClassPointers               = true                                 {lp64_product} {ergonomic}
     bool UseCompressedOops                        = true                                 {lp64_product} {ergonomic}
     bool UseG1GC                                  = true                                      {product} {ergonomic}
     bool UseLargePagesIndividualAllocation        = false                                  {pd product} {ergonomic}

Logging:
Log output configuration:
 #0: stdout all=warning uptime,level,tags
 #1: stderr all=off uptime,level,tags

Environment Variables:
PATH=C:\Ruby31-x64\bin;C:\Ruby32-x64\bin;C:\Program Files\Common Files\Oracle\Java\javapath;C:\Windows\system32;C:\Windows;C:\Windows\System32\Wbem;C:\Windows\System32\WindowsPowerShell\v1.0\;C:\Windows\System32\OpenSSH\;C:\Program Files\NVIDIA Corporation\NVIDIA NvDLISR;C:\Program Files\Git\cmd;C:\ProgramData\chocolatey\bin;C:\Program Files\nodejs\;C:\Program Files\dotnet\;C:\Program Files (x86)\Google\Cloud SDK\google-cloud-sdk\bin;C:\ffmpeg\bin;C:\Program Files\wkhtmltopdf\bin;\\DC02\NETLOGON;C:\Ruby32-x64\bin;C:\Program Files\Common Files\Oracle\Java\javapath;C:\Windows\system32;C:\Windows;C:\Windows\System32\Wbem;C:\Windows\System32\WindowsPowerShell\v1.0\;C:\Windows\System32\OpenSSH\;C:\Program Files\NVIDIA Corporation\NVIDIA NvDLISR;C:\Program Files\Git\cmd;C:\ProgramData\chocolatey\bin;C:\Program Files\nodejs\;C:\Program Files\dotnet\;C:\Program Files (x86)\Google\Cloud SDK\google-cloud-sdk\bin;C:\ffmpeg\bin;\\STFTLSDC07\NETLOGON;C:\Program Files\Common Files\Oracle\Java\javapath;C:\Windows\system32;C:\Windows;C:\Windows\System32\Wbem;C:\Windows\System32\WindowsPowerShell\v1.0\;C:\Windows\System32\OpenSSH\;C:\Program Files\NVIDIA Corporation\NVIDIA NvDLISR;C:\Program Files\Git\cmd;C:\ProgramData\chocolatey\bin;C:\Program Files\nodejs\;C:\Program Files\dotnet\;C:\Program Files (x86)\Google\Cloud SDK\google-cloud-sdk\bin;C:\ffmpeg\bin;C:\Users\dcsdcr\AppData\Local\Programs\Python\Python310\Scripts\;C:\Users\dcsdcr\AppData\Local\Programs\Python\Python310\;C:\Users\dcsdcr\AppData\Local\Programs\Python\Python312\Scripts\;C:\Users\dcsdcr\AppData\Local\Programs\Python\Python312\;C:\Users\dcsdcr\AppData\Local\Microsoft\WindowsApps;;C:\Program Files\JetBrains\IntelliJ IDEA 2023.3.2\bin;;C:\Program Files\JetBrains\PyCharm 2023.3.2\bin;;C:\Users\dcsdcr\AppData\Roaming\npm;C:\Users\dcsdcr\.dotnet\tools;i:\win\dll;i:\win\bin;i:\orawin95\bin
USERNAME=dcsdcr
OS=Windows_NT
PROCESSOR_IDENTIFIER=Intel64 Family 6 Model 165 Stepping 2, GenuineIntel



---------------  S Y S T E M  ---------------

OS: Windows 11 , 64 bit Build 22621 (10.0.22621.3085)
Hyper-V role detected

CPU:total 12 (initial active 12) (6 cores per cpu, 2 threads per core) family 6 model 165 stepping 2 microcode 0xf8, cmov, cx8, fxsr, mmx, sse, sse2, sse3, ssse3, sse4.1, sse4.2, popcnt, avx, avx2, aes, clmul, erms, 3dnowpref, lzcnt, ht, tsc, tscinvbit, bmi1, bmi2, adx, fma

Memory: 4k page, system-wide physical 16103M (828M free)
TotalPageFile size 31463M (AvailPageFile size 6M)
current process WorkingSet (physical memory assigned to process): 15M, peak: 15M
current process commit charge ("private bytes"): 69M, peak: 321M

vm_info: Java HotSpot(TM) 64-Bit Server VM (11.0.20+9-LTS-256) for windows-amd64 JRE (11.0.20+9-LTS-256), built on Jun 14 2023 10:34:22 by "mach5one" with MS VC++ 17.1 (VS2022)

END.
